[ 2018-08-16T10:07:19+08:00 ] 127.0.0.1 /
INFO: [ app_init ] --START--
INFO: Run Behavior\BuildLiteBehavior [ RunTime:0.000018s ]
INFO: [ app_init ] --END-- [ RunTime:0.004570s ]
INFO: [ app_begin ] --START--
INFO: Run Behavior\ReadHtmlCacheBehavior [ RunTime:0.005463s ]
INFO: [ app_begin ] --END-- [ RunTime:0.005514s ]
NOTIC: [8] Memcache::connect():  D:\UPUPW_NP5.4\htdocs\myjia\ThinkPHP\Library\Think\Cache\Driver\Memcache.class.php 第 43 行.
NOTIC: [2] Memcache::connect():  D:\UPUPW_NP5.4\htdocs\myjia\ThinkPHP\Library\Think\Cache\Driver\Memcache.class.php 第 43 行.
SQL: SHOW COLUMNS FROM `jia_guanyu` [ RunTime:0.0045s ]
SQL: SELECT * FROM `jia_guanyu` ORDER BY addtime desc LIMIT 3   [ RunTime:0.0015s ]
SQL: SHOW COLUMNS FROM `jia_category` [ RunTime:0.0038s ]
SQL: SELECT `id` FROM `jia_category` WHERE `status` = 1 AND `title` = '装修攻略' LIMIT 1   [ RunTime:0.0002s ]
SQL: SHOW COLUMNS FROM `jia_document` [ RunTime:0.0032s ]
SQL: SELECT `id`,`title`,`description`,`cover_id` FROM `jia_document` WHERE `status` = 1 AND `category_id` = 2 ORDER BY create_time desc LIMIT 4   [ RunTime:0.0054s ]
SQL: SHOW COLUMNS FROM `jia_picture` [ RunTime:0.0038s ]
SQL: SELECT `path` FROM `jia_picture` WHERE `id` = 1023 LIMIT 1   [ RunTime:0.0003s ]
SQL: SELECT `path` FROM `jia_picture` WHERE `id` = 1022 LIMIT 1   [ RunTime:0.0002s ]
SQL: SELECT `path` FROM `jia_picture` WHERE `id` = 1020 LIMIT 1   [ RunTime:0.0002s ]
SQL: SELECT `path` FROM `jia_picture` WHERE `id` = 1018 LIMIT 1   [ RunTime:0.0001s ]
SQL: SELECT `id` FROM `jia_category` WHERE `status` = 1 AND `title` = '新闻' LIMIT 1   [ RunTime:0.0002s ]
SQL: SELECT `id`,`title`,`description`,`cover_id`,`create_time` FROM `jia_document` WHERE `status` = 1 AND `category_id` = 40 ORDER BY create_time desc LIMIT 4   [ RunTime:0.0003s ]
SQL: SELECT `path` FROM `jia_picture` WHERE `id` = 1017 LIMIT 1   [ RunTime:0.0001s ]
SQL: SELECT `path` FROM `jia_picture` WHERE `id` = 1010 LIMIT 1   [ RunTime:0.0001s ]
SQL: SELECT `path` FROM `jia_picture` WHERE `id` = 1008 LIMIT 1   [ RunTime:0.0001s ]
SQL: SELECT `path` FROM `jia_picture` WHERE `id` = 1007 LIMIT 1   [ RunTime:0.0001s ]
INFO: [ view_parse ] --START--
INFO: [ template_filter ] --START--
INFO: Run Behavior\ContentReplaceBehavior [ RunTime:0.000867s ]
INFO: [ template_filter ] --END-- [ RunTime:0.000917s ]
SQL: SHOW COLUMNS FROM `jia_furl` [ RunTime:0.0037s ]
SQL: SELECT * FROM `jia_furl` WHERE `status` = 1 ORDER BY id  [ RunTime:0.0008s ]
INFO: [ view_parse ] --START--
INFO: [ template_filter ] --START--
INFO: Run Behavior\ContentReplaceBehavior [ RunTime:0.000027s ]
INFO: [ template_filter ] --END-- [ RunTime:-0.022384s ]
INFO: Run Behavior\ParseTemplateBehavior [ RunTime:0.005115s ]
INFO: [ view_parse ] --END-- [ RunTime:0.005164s ]
INFO: [ view_filter ] --START--
INFO: Run Behavior\WriteHtmlCacheBehavior [ RunTime:0.004514s ]
INFO: [ view_filter ] --END-- [ RunTime:0.004564s ]
INFO: Run Behavior\ParseTemplateBehavior [ RunTime:0.009857s ]
INFO: [ view_parse ] --END-- [ RunTime:0.005164s ]
INFO: [ view_filter ] --START--
INFO: Run Behavior\WriteHtmlCacheBehavior [ RunTime:0.000007s ]
INFO: [ view_filter ] --END-- [ RunTime:-0.000215s ]
INFO: [ app_end ] --START--
INFO: Run Behavior\ShowPageTraceBehavior [ RunTime:0.005640s ]
INFO: [ app_end ] --END-- [ RunTime:0.005681s ]

[ 2018-08-16T10:07:31+08:00 ] 127.0.0.1 /
INFO: [ app_init ] --START--
INFO: Run Behavior\BuildLiteBehavior [ RunTime:0.000016s ]
INFO: [ app_init ] --END-- [ RunTime:0.003408s ]
INFO: [ app_begin ] --START--
INFO: Run Behavior\ReadHtmlCacheBehavior [ RunTime:0.004967s ]
INFO: [ app_begin ] --END-- [ RunTime:0.005016s ]
NOTIC: [8] Memcache::connect():  D:\UPUPW_NP5.4\htdocs\myjia\ThinkPHP\Library\Think\Cache\Driver\Memcache.class.php 第 43 行.
NOTIC: [2] Memcache::connect():  D:\UPUPW_NP5.4\htdocs\myjia\ThinkPHP\Library\Think\Cache\Driver\Memcache.class.php 第 43 行.
SQL: SHOW COLUMNS FROM `jia_guanyu` [ RunTime:0.0023s ]
SQL: SELECT * FROM `jia_guanyu` ORDER BY addtime desc LIMIT 3   [ RunTime:0.0002s ]
SQL: SHOW COLUMNS FROM `jia_category` [ RunTime:0.0022s ]
SQL: SELECT `id` FROM `jia_category` WHERE `status` = 1 AND `title` = '装修攻略' LIMIT 1   [ RunTime:0.0002s ]
SQL: SHOW COLUMNS FROM `jia_document` [ RunTime:0.0022s ]
SQL: SELECT `id`,`title`,`description`,`cover_id` FROM `jia_document` WHERE `status` = 1 AND `category_id` = 2 ORDER BY create_time desc LIMIT 4   [ RunTime:0.0010s ]
SQL: SHOW COLUMNS FROM `jia_picture` [ RunTime:0.0025s ]
SQL: SELECT `path` FROM `jia_picture` WHERE `id` = 1023 LIMIT 1   [ RunTime:0.0002s ]
SQL: SELECT `path` FROM `jia_picture` WHERE `id` = 1022 LIMIT 1   [ RunTime:0.0001s ]
SQL: SELECT `path` FROM `jia_picture` WHERE `id` = 1020 LIMIT 1   [ RunTime:0.0001s ]
SQL: SELECT `path` FROM `jia_picture` WHERE `id` = 1018 LIMIT 1   [ RunTime:0.0001s ]
SQL: SELECT `id` FROM `jia_category` WHERE `status` = 1 AND `title` = '新闻' LIMIT 1   [ RunTime:0.0001s ]
SQL: SELECT `id`,`title`,`description`,`cover_id`,`create_time` FROM `jia_document` WHERE `status` = 1 AND `category_id` = 40 ORDER BY create_time desc LIMIT 4   [ RunTime:0.0003s ]
SQL: SELECT `path` FROM `jia_picture` WHERE `id` = 1017 LIMIT 1   [ RunTime:0.0001s ]
SQL: SELECT `path` FROM `jia_picture` WHERE `id` = 1010 LIMIT 1   [ RunTime:0.0001s ]
SQL: SELECT `path` FROM `jia_picture` WHERE `id` = 1008 LIMIT 1   [ RunTime:0.0001s ]
SQL: SELECT `path` FROM `jia_picture` WHERE `id` = 1007 LIMIT 1   [ RunTime:0.0001s ]
INFO: [ view_parse ] --START--
INFO: [ template_filter ] --START--
INFO: Run Behavior\ContentReplaceBehavior [ RunTime:0.000426s ]
INFO: [ template_filter ] --END-- [ RunTime:0.000474s ]
SQL: SHOW COLUMNS FROM `jia_furl` [ RunTime:0.0024s ]
SQL: SELECT * FROM `jia_furl` WHERE `status` = 1 ORDER BY id  [ RunTime:0.0003s ]
INFO: [ view_parse ] --START--
INFO: [ template_filter ] --START--
INFO: Run Behavior\ContentReplaceBehavior [ RunTime:0.000031s ]
INFO: [ template_filter ] --END-- [ RunTime:-0.019673s ]
INFO: Run Behavior\ParseTemplateBehavior [ RunTime:0.004990s ]
INFO: [ view_parse ] --END-- [ RunTime:0.005041s ]
INFO: [ view_filter ] --START--
INFO: Run Behavior\WriteHtmlCacheBehavior [ RunTime:0.005412s ]
INFO: [ view_filter ] --END-- [ RunTime:0.005453s ]
INFO: Run Behavior\ParseTemplateBehavior [ RunTime:0.010627s ]
INFO: [ view_parse ] --END-- [ RunTime:0.005041s ]
INFO: [ view_filter ] --START--
INFO: Run Behavior\WriteHtmlCacheBehavior [ RunTime:0.000007s ]
INFO: [ view_filter ] --END-- [ RunTime:-0.000169s ]

[ 2018-08-16T10:07:38+08:00 ] 127.0.0.1 /index.php/Home/Member/register.html
INFO: [ app_init ] --START--
INFO: Run Behavior\BuildLiteBehavior [ RunTime:0.000021s ]
INFO: [ app_init ] --END-- [ RunTime:0.003697s ]
INFO: [ app_begin ] --START--
INFO: Run Behavior\ReadHtmlCacheBehavior [ RunTime:0.004794s ]
INFO: [ app_begin ] --END-- [ RunTime:0.004853s ]
INFO: [ view_parse ] --START--
INFO: [ template_filter ] --START--
INFO: Run Behavior\ContentReplaceBehavior [ RunTime:0.000401s ]
INFO: [ template_filter ] --END-- [ RunTime:0.000447s ]
INFO: Run Behavior\ParseTemplateBehavior [ RunTime:0.028940s ]
INFO: [ view_parse ] --END-- [ RunTime:0.028984s ]
INFO: [ view_filter ] --START--
INFO: Run Behavior\WriteHtmlCacheBehavior [ RunTime:0.004792s ]
INFO: [ view_filter ] --END-- [ RunTime:0.004837s ]
INFO: [ app_end ] --START--
INFO: Run Behavior\ShowPageTraceBehavior [ RunTime:0.004638s ]
INFO: [ app_end ] --END-- [ RunTime:0.004675s ]

[ 2018-08-16T10:07:38+08:00 ] 127.0.0.1 /index.php/Home/Member/verify.html
INFO: [ app_init ] --START--
INFO: Run Behavior\BuildLiteBehavior [ RunTime:0.000019s ]
INFO: [ app_init ] --END-- [ RunTime:0.003759s ]
INFO: [ app_begin ] --START--
INFO: Run Behavior\ReadHtmlCacheBehavior [ RunTime:0.005680s ]
INFO: [ app_begin ] --END-- [ RunTime:0.005732s ]
ERR: 非法操作:verify

