[ 2018-07-20T08:29:16+08:00 ] 127.0.0.1 /Public/Upload//2016-10-19/5806ed038166e.jpg
INFO: [ app_init ] --START--
INFO: Run Behavior\BuildLiteBehavior [ RunTime:0.000000s ]
INFO: [ app_init ] --END-- [ RunTime:0.006001s ]
ERR: 无法加载模块:Public

[ 2018-07-20T08:29:16+08:00 ] 127.0.0.1 /Public/Upload//2016-10-20/58086caa0a188.jpg
INFO: [ app_init ] --START--
INFO: Run Behavior\BuildLiteBehavior [ RunTime:0.000000s ]
INFO: [ app_init ] --END-- [ RunTime:0.002000s ]
ERR: 无法加载模块:Public

[ 2018-07-20T08:29:16+08:00 ] 127.0.0.1 /Public/Upload//2016-10-19/5806ed00a92f2.jpg
INFO: [ app_init ] --START--
INFO: Run Behavior\BuildLiteBehavior [ RunTime:0.000000s ]
INFO: [ app_init ] --END-- [ RunTime:0.002000s ]
ERR: 无法加载模块:Public

[ 2018-07-20T08:29:16+08:00 ] 127.0.0.1 /Public/Upload//2016-10-19/5806ed3e4b818.jpg
INFO: [ app_init ] --START--
INFO: Run Behavior\BuildLiteBehavior [ RunTime:0.000000s ]
INFO: [ app_init ] --END-- [ RunTime:0.003000s ]
ERR: 无法加载模块:Public

[ 2018-07-20T08:29:16+08:00 ] 127.0.0.1 /Public/Upload//2016-10-18/5805d7405621e.jpg
INFO: [ app_init ] --START--
INFO: Run Behavior\BuildLiteBehavior [ RunTime:0.000000s ]
INFO: [ app_init ] --END-- [ RunTime:0.002000s ]
ERR: 无法加载模块:Public

[ 2018-07-20T08:29:16+08:00 ] 127.0.0.1 /Public/Upload//2016-10-19/5806ed4cc6a25.jpg
INFO: [ app_init ] --START--
INFO: Run Behavior\BuildLiteBehavior [ RunTime:0.000000s ]
INFO: [ app_init ] --END-- [ RunTime:0.002000s ]
ERR: 无法加载模块:Public

[ 2018-07-20T08:29:16+08:00 ] 127.0.0.1 /Public/Upload//2016-09-05/57cd34e3acbed.png
INFO: [ app_init ] --START--
INFO: Run Behavior\BuildLiteBehavior [ RunTime:0.000000s ]
INFO: [ app_init ] --END-- [ RunTime:0.004001s ]
ERR: 无法加载模块:Public

[ 2018-07-20T08:29:16+08:00 ] 127.0.0.1 /Public/Upload//2016-10-19/5806ed53784ed.jpg
INFO: [ app_init ] --START--
INFO: Run Behavior\BuildLiteBehavior [ RunTime:0.000000s ]
INFO: [ app_init ] --END-- [ RunTime:0.003000s ]
ERR: 无法加载模块:Public

[ 2018-07-20T08:29:16+08:00 ] 127.0.0.1 /Public/Upload//2016-10-19/5806ed0b3c254.png
INFO: [ app_init ] --START--
INFO: Run Behavior\BuildLiteBehavior [ RunTime:0.000000s ]
INFO: [ app_init ] --END-- [ RunTime:0.002000s ]
ERR: 无法加载模块:Public

[ 2018-07-20T08:29:16+08:00 ] 127.0.0.1 /Public/Upload//2016-09-05/57cd3528c9426.png
INFO: [ app_init ] --START--
INFO: Run Behavior\BuildLiteBehavior [ RunTime:0.000000s ]
INFO: [ app_init ] --END-- [ RunTime:0.002000s ]
ERR: 无法加载模块:Public

[ 2018-07-20T08:29:16+08:00 ] 127.0.0.1 /Public/Upload//2016-09-06/57ce36bb60e98.JPG
INFO: [ app_init ] --START--
INFO: Run Behavior\BuildLiteBehavior [ RunTime:0.000000s ]
INFO: [ app_init ] --END-- [ RunTime:0.002000s ]
ERR: 无法加载模块:Public

[ 2018-07-20T11:20:51+08:00 ] 127.0.0.1 /favicon.ico
INFO: [ app_init ] --START--
INFO: Run Behavior\BuildLiteBehavior [ RunTime:0.000000s ]
INFO: [ app_init ] --END-- [ RunTime:0.002000s ]
ERR: 无法加载模块:Favicon

[ 2018-07-20T14:46:30+08:00 ] 127.0.0.1 /Public/Upload//2016-10-19/5806ed038166e.jpg
INFO: [ app_init ] --START--
INFO: Run Behavior\BuildLiteBehavior [ RunTime:0.000000s ]
INFO: [ app_init ] --END-- [ RunTime:0.002000s ]
ERR: 无法加载模块:Public

[ 2018-07-20T14:46:30+08:00 ] 127.0.0.1 /Public/Upload//2016-10-20/58086caa0a188.jpg
INFO: [ app_init ] --START--
INFO: Run Behavior\BuildLiteBehavior [ RunTime:0.000000s ]
INFO: [ app_init ] --END-- [ RunTime:0.002000s ]
ERR: 无法加载模块:Public

[ 2018-07-20T14:46:30+08:00 ] 127.0.0.1 /Public/Upload//2016-10-19/5806ed0b3c254.png
INFO: [ app_init ] --START--
INFO: Run Behavior\BuildLiteBehavior [ RunTime:0.000000s ]
INFO: [ app_init ] --END-- [ RunTime:0.002000s ]
ERR: 无法加载模块:Public

[ 2018-07-20T14:46:30+08:00 ] 127.0.0.1 /Public/Upload//2016-10-19/5806ed00a92f2.jpg
INFO: [ app_init ] --START--
INFO: Run Behavior\BuildLiteBehavior [ RunTime:0.000000s ]
INFO: [ app_init ] --END-- [ RunTime:0.004001s ]
ERR: 无法加载模块:Public

[ 2018-07-20T14:46:30+08:00 ] 127.0.0.1 /Public/Upload//2016-10-19/5806ed3e4b818.jpg
INFO: [ app_init ] --START--
INFO: Run Behavior\BuildLiteBehavior [ RunTime:0.000000s ]
INFO: [ app_init ] --END-- [ RunTime:0.007000s ]
ERR: 无法加载模块:Public

[ 2018-07-20T14:46:30+08:00 ] 127.0.0.1 /Public/Upload//2016-09-06/57ce36bb60e98.JPG
INFO: [ app_init ] --START--
INFO: Run Behavior\BuildLiteBehavior [ RunTime:0.000000s ]
INFO: [ app_init ] --END-- [ RunTime:0.002000s ]
ERR: 无法加载模块:Public

[ 2018-07-20T14:46:30+08:00 ] 127.0.0.1 /Public/Upload//2016-10-19/5806ed53784ed.jpg
INFO: [ app_init ] --START--
INFO: Run Behavior\BuildLiteBehavior [ RunTime:0.000000s ]
INFO: [ app_init ] --END-- [ RunTime:0.002000s ]
ERR: 无法加载模块:Public

[ 2018-07-20T14:46:30+08:00 ] 127.0.0.1 /Public/Upload//2016-10-18/5805d7405621e.jpg
INFO: [ app_init ] --START--
INFO: Run Behavior\BuildLiteBehavior [ RunTime:0.000000s ]
INFO: [ app_init ] --END-- [ RunTime:0.005000s ]
ERR: 无法加载模块:Public

[ 2018-07-20T14:46:30+08:00 ] 127.0.0.1 /Public/Upload//2016-09-05/57cd34e3acbed.png
INFO: [ app_init ] --START--
INFO: Run Behavior\BuildLiteBehavior [ RunTime:0.000000s ]
INFO: [ app_init ] --END-- [ RunTime:0.002000s ]
ERR: 无法加载模块:Public

[ 2018-07-20T14:46:30+08:00 ] 127.0.0.1 /Public/Upload//2016-10-19/5806ed4cc6a25.jpg
INFO: [ app_init ] --START--
INFO: Run Behavior\BuildLiteBehavior [ RunTime:0.000000s ]
INFO: [ app_init ] --END-- [ RunTime:0.002000s ]
ERR: 无法加载模块:Public

[ 2018-07-20T14:46:30+08:00 ] 127.0.0.1 /Public/Upload//2016-09-05/57cd3528c9426.png
INFO: [ app_init ] --START--
INFO: Run Behavior\BuildLiteBehavior [ RunTime:0.000000s ]
INFO: [ app_init ] --END-- [ RunTime:0.003000s ]
ERR: 无法加载模块:Public

[ 2018-07-20T14:47:15+08:00 ] 127.0.0.1 /Public/Upload//2016-10-19/5806edfb9e476.jpg
INFO: [ app_init ] --START--
INFO: Run Behavior\BuildLiteBehavior [ RunTime:0.000000s ]
INFO: [ app_init ] --END-- [ RunTime:0.002000s ]
ERR: 无法加载模块:Public

[ 2018-07-20T14:47:15+08:00 ] 127.0.0.1 /Public/Upload//2016-10-19/5806edf907e05.jpg
INFO: [ app_init ] --START--
INFO: Run Behavior\BuildLiteBehavior [ RunTime:0.000000s ]
INFO: [ app_init ] --END-- [ RunTime:0.006000s ]
ERR: 无法加载模块:Public

[ 2018-07-20T14:47:15+08:00 ] 127.0.0.1 /Public/Upload//2016-09-06/57ce38f86ae96.JPG
INFO: [ app_init ] --START--
INFO: Run Behavior\BuildLiteBehavior [ RunTime:0.000000s ]
INFO: [ app_init ] --END-- [ RunTime:0.003000s ]
ERR: 无法加载模块:Public

[ 2018-07-20T14:47:15+08:00 ] 127.0.0.1 /Public/Upload//2016-09-06/57ce375d3e702.png
INFO: [ app_init ] --START--
INFO: Run Behavior\BuildLiteBehavior [ RunTime:0.000000s ]
INFO: [ app_init ] --END-- [ RunTime:0.002000s ]
ERR: 无法加载模块:Public

[ 2018-07-20T14:47:15+08:00 ] 127.0.0.1 /Public/Upload//2016-09-06/57ce3a7c48016.JPG
INFO: [ app_init ] --START--
INFO: Run Behavior\BuildLiteBehavior [ RunTime:0.000000s ]
INFO: [ app_init ] --END-- [ RunTime:0.004000s ]
ERR: 无法加载模块:Public

[ 2018-07-20T14:47:15+08:00 ] 127.0.0.1 /Public/Upload//2016-09-06/57ce3859e452a.JPG
INFO: [ app_init ] --START--
INFO: Run Behavior\BuildLiteBehavior [ RunTime:0.000000s ]
INFO: [ app_init ] --END-- [ RunTime:0.003000s ]
ERR: 无法加载模块:Public

[ 2018-07-20T14:47:15+08:00 ] 127.0.0.1 /Public/Upload//2016-09-05/57cd36938158d.png
INFO: [ app_init ] --START--
INFO: Run Behavior\BuildLiteBehavior [ RunTime:0.000000s ]
INFO: [ app_init ] --END-- [ RunTime:0.004000s ]
ERR: 无法加载模块:Public

[ 2018-07-20T14:47:15+08:00 ] 127.0.0.1 /Public/Upload//2016-09-06/57ce3970d537e.JPG
INFO: [ app_init ] --START--
INFO: Run Behavior\BuildLiteBehavior [ RunTime:0.000000s ]
INFO: [ app_init ] --END-- [ RunTime:0.002000s ]
ERR: 无法加载模块:Public

[ 2018-07-20T14:47:15+08:00 ] 127.0.0.1 /Public/Upload//2016-09-05/57cd365beefb0.png
INFO: [ app_init ] --START--
INFO: Run Behavior\BuildLiteBehavior [ RunTime:0.000000s ]
INFO: [ app_init ] --END-- [ RunTime:0.002000s ]
ERR: 无法加载模块:Public

[ 2018-07-20T14:47:15+08:00 ] 127.0.0.1 /Public/Upload//2016-09-05/57cd363277644.png
INFO: [ app_init ] --START--
INFO: Run Behavior\BuildLiteBehavior [ RunTime:0.000000s ]
INFO: [ app_init ] --END-- [ RunTime:0.002000s ]
ERR: 无法加载模块:Public

[ 2018-07-20T14:47:15+08:00 ] 127.0.0.1 /Public/Upload//2016-09-07/57cfa032a1c32.jpg
INFO: [ app_init ] --START--
INFO: Run Behavior\BuildLiteBehavior [ RunTime:0.000000s ]
INFO: [ app_init ] --END-- [ RunTime:0.002000s ]
ERR: 无法加载模块:Public

[ 2018-07-20T14:47:17+08:00 ] 127.0.0.1 /Public/Upload//2016-09-07/57cfa4278cfa5.png
INFO: [ app_init ] --START--
INFO: Run Behavior\BuildLiteBehavior [ RunTime:0.000000s ]
INFO: [ app_init ] --END-- [ RunTime:0.002000s ]
ERR: 无法加载模块:Public

[ 2018-07-20T14:47:19+08:00 ] 127.0.0.1 /Public/Upload//2016-10-19/5806edf907e05.jpg
INFO: [ app_init ] --START--
INFO: Run Behavior\BuildLiteBehavior [ RunTime:0.000000s ]
INFO: [ app_init ] --END-- [ RunTime:0.004000s ]
ERR: 无法加载模块:Public

[ 2018-07-20T14:47:19+08:00 ] 127.0.0.1 /Public/Upload//2016-10-19/5806edfb9e476.jpg
INFO: [ app_init ] --START--
INFO: Run Behavior\BuildLiteBehavior [ RunTime:0.000000s ]
INFO: [ app_init ] --END-- [ RunTime:0.006001s ]
ERR: 无法加载模块:Public

[ 2018-07-20T14:47:19+08:00 ] 127.0.0.1 /Public/Upload//2016-09-06/57ce3859e452a.JPG
INFO: [ app_init ] --START--
INFO: Run Behavior\BuildLiteBehavior [ RunTime:0.000000s ]
INFO: [ app_init ] --END-- [ RunTime:0.003000s ]
ERR: 无法加载模块:Public

[ 2018-07-20T14:47:19+08:00 ] 127.0.0.1 /Public/Upload//2016-09-06/57ce38f86ae96.JPG
INFO: [ app_init ] --START--
INFO: Run Behavior\BuildLiteBehavior [ RunTime:0.000000s ]
INFO: [ app_init ] --END-- [ RunTime:0.002000s ]
ERR: 无法加载模块:Public

[ 2018-07-20T14:47:19+08:00 ] 127.0.0.1 /Public/Upload//2016-09-06/57ce375d3e702.png
INFO: [ app_init ] --START--
INFO: Run Behavior\BuildLiteBehavior [ RunTime:0.000000s ]
INFO: [ app_init ] --END-- [ RunTime:0.004000s ]
ERR: 无法加载模块:Public

[ 2018-07-20T14:47:19+08:00 ] 127.0.0.1 /Public/Upload//2016-09-06/57ce3a7c48016.JPG
INFO: [ app_init ] --START--
INFO: Run Behavior\BuildLiteBehavior [ RunTime:0.000000s ]
INFO: [ app_init ] --END-- [ RunTime:0.006001s ]
ERR: 无法加载模块:Public

[ 2018-07-20T14:47:20+08:00 ] 127.0.0.1 /Public/Upload//2016-09-06/57ce3970d537e.JPG
INFO: [ app_init ] --START--
INFO: Run Behavior\BuildLiteBehavior [ RunTime:0.000000s ]
INFO: [ app_init ] --END-- [ RunTime:0.003000s ]
ERR: 无法加载模块:Public

[ 2018-07-20T14:47:20+08:00 ] 127.0.0.1 /Public/Upload//2016-09-05/57cd363277644.png
INFO: [ app_init ] --START--
INFO: Run Behavior\BuildLiteBehavior [ RunTime:0.000000s ]
INFO: [ app_init ] --END-- [ RunTime:0.003001s ]
ERR: 无法加载模块:Public

[ 2018-07-20T14:47:20+08:00 ] 127.0.0.1 /Public/Upload//2016-09-05/57cd36938158d.png
INFO: [ app_init ] --START--
INFO: Run Behavior\BuildLiteBehavior [ RunTime:0.000000s ]
INFO: [ app_init ] --END-- [ RunTime:0.002000s ]
ERR: 无法加载模块:Public

[ 2018-07-20T14:47:20+08:00 ] 127.0.0.1 /Public/Upload//2016-09-05/57cd365beefb0.png
INFO: [ app_init ] --START--
INFO: Run Behavior\BuildLiteBehavior [ RunTime:0.000000s ]
INFO: [ app_init ] --END-- [ RunTime:0.002000s ]
ERR: 无法加载模块:Public

[ 2018-07-20T14:47:20+08:00 ] 127.0.0.1 /Public/Upload//2016-09-07/57cfa032a1c32.jpg
INFO: [ app_init ] --START--
INFO: Run Behavior\BuildLiteBehavior [ RunTime:0.000000s ]
INFO: [ app_init ] --END-- [ RunTime:0.002000s ]
ERR: 无法加载模块:Public

[ 2018-07-20T14:47:50+08:00 ] 127.0.0.1 /Public/Upload//2016-10-19/5806edf907e05.jpg
INFO: [ app_init ] --START--
INFO: Run Behavior\BuildLiteBehavior [ RunTime:0.000000s ]
INFO: [ app_init ] --END-- [ RunTime:0.003001s ]
ERR: 无法加载模块:Public

[ 2018-07-20T14:47:50+08:00 ] 127.0.0.1 /Public/Upload//2016-10-19/5806edfb9e476.jpg
INFO: [ app_init ] --START--
INFO: Run Behavior\BuildLiteBehavior [ RunTime:0.000000s ]
INFO: [ app_init ] --END-- [ RunTime:0.003000s ]
ERR: 无法加载模块:Public

[ 2018-07-20T14:47:50+08:00 ] 127.0.0.1 /Public/Upload//2016-09-06/57ce3859e452a.JPG
INFO: [ app_init ] --START--
INFO: Run Behavior\BuildLiteBehavior [ RunTime:0.000000s ]
INFO: [ app_init ] --END-- [ RunTime:0.003000s ]
ERR: 无法加载模块:Public

[ 2018-07-20T14:47:50+08:00 ] 127.0.0.1 /Public/Upload//2016-09-05/57cd365beefb0.png
INFO: [ app_init ] --START--
INFO: Run Behavior\BuildLiteBehavior [ RunTime:0.000000s ]
INFO: [ app_init ] --END-- [ RunTime:0.002001s ]
ERR: 无法加载模块:Public

[ 2018-07-20T14:47:50+08:00 ] 127.0.0.1 /Public/Upload//2016-09-06/57ce38f86ae96.JPG
INFO: [ app_init ] --START--
INFO: Run Behavior\BuildLiteBehavior [ RunTime:0.001000s ]
INFO: [ app_init ] --END-- [ RunTime:0.004000s ]
ERR: 无法加载模块:Public

[ 2018-07-20T14:47:50+08:00 ] 127.0.0.1 /Public/Upload//2016-09-06/57ce375d3e702.png
INFO: [ app_init ] --START--
INFO: Run Behavior\BuildLiteBehavior [ RunTime:0.000000s ]
INFO: [ app_init ] --END-- [ RunTime:0.003000s ]
ERR: 无法加载模块:Public

[ 2018-07-20T14:47:50+08:00 ] 127.0.0.1 /Public/Upload//2016-09-07/57cfa032a1c32.jpg
INFO: [ app_init ] --START--
INFO: Run Behavior\BuildLiteBehavior [ RunTime:0.000000s ]
INFO: [ app_init ] --END-- [ RunTime:0.002000s ]
ERR: 无法加载模块:Public

[ 2018-07-20T14:47:50+08:00 ] 127.0.0.1 /Public/Upload//2016-09-06/57ce3970d537e.JPG
INFO: [ app_init ] --START--
INFO: Run Behavior\BuildLiteBehavior [ RunTime:0.000000s ]
INFO: [ app_init ] --END-- [ RunTime:0.002000s ]
ERR: 无法加载模块:Public

[ 2018-07-20T14:47:50+08:00 ] 127.0.0.1 /Public/Upload//2016-09-05/57cd363277644.png
INFO: [ app_init ] --START--
INFO: Run Behavior\BuildLiteBehavior [ RunTime:0.000000s ]
INFO: [ app_init ] --END-- [ RunTime:0.003000s ]
ERR: 无法加载模块:Public

[ 2018-07-20T14:47:50+08:00 ] 127.0.0.1 /Public/Upload//2016-09-06/57ce3a7c48016.JPG
INFO: [ app_init ] --START--
INFO: Run Behavior\BuildLiteBehavior [ RunTime:0.000000s ]
INFO: [ app_init ] --END-- [ RunTime:0.002000s ]
ERR: 无法加载模块:Public

[ 2018-07-20T14:47:50+08:00 ] 127.0.0.1 /Public/Upload//2016-09-05/57cd36938158d.png
INFO: [ app_init ] --START--
INFO: Run Behavior\BuildLiteBehavior [ RunTime:0.000000s ]
INFO: [ app_init ] --END-- [ RunTime:0.002001s ]
ERR: 无法加载模块:Public

[ 2018-07-20T14:47:53+08:00 ] 127.0.0.1 /Public/Upload//2016-10-19/5806edfb9e476.jpg
INFO: [ app_init ] --START--
INFO: Run Behavior\BuildLiteBehavior [ RunTime:0.000000s ]
INFO: [ app_init ] --END-- [ RunTime:0.003000s ]
ERR: 无法加载模块:Public

[ 2018-07-20T14:47:53+08:00 ] 127.0.0.1 /Public/Upload//2016-10-19/5806edf907e05.jpg
INFO: [ app_init ] --START--
INFO: Run Behavior\BuildLiteBehavior [ RunTime:0.000000s ]
INFO: [ app_init ] --END-- [ RunTime:0.004000s ]
ERR: 无法加载模块:Public

[ 2018-07-20T14:47:53+08:00 ] 127.0.0.1 /Public/Upload//2016-09-06/57ce375d3e702.png
INFO: [ app_init ] --START--
INFO: Run Behavior\BuildLiteBehavior [ RunTime:0.000000s ]
INFO: [ app_init ] --END-- [ RunTime:0.004001s ]
ERR: 无法加载模块:Public

[ 2018-07-20T14:47:53+08:00 ] 127.0.0.1 /Public/Upload//2016-09-06/57ce38f86ae96.JPG
INFO: [ app_init ] --START--
INFO: Run Behavior\BuildLiteBehavior [ RunTime:0.000000s ]
INFO: [ app_init ] --END-- [ RunTime:0.003001s ]
ERR: 无法加载模块:Public

[ 2018-07-20T14:47:53+08:00 ] 127.0.0.1 /Public/Upload//2016-09-06/57ce3a7c48016.JPG
INFO: [ app_init ] --START--
INFO: Run Behavior\BuildLiteBehavior [ RunTime:0.000000s ]
INFO: [ app_init ] --END-- [ RunTime:0.003000s ]
ERR: 无法加载模块:Public

[ 2018-07-20T14:47:53+08:00 ] 127.0.0.1 /Public/Upload//2016-09-06/57ce3859e452a.JPG
INFO: [ app_init ] --START--
INFO: Run Behavior\BuildLiteBehavior [ RunTime:0.000000s ]
INFO: [ app_init ] --END-- [ RunTime:0.002001s ]
ERR: 无法加载模块:Public

[ 2018-07-20T14:47:53+08:00 ] 127.0.0.1 /Public/Upload//2016-09-05/57cd363277644.png
INFO: [ app_init ] --START--
INFO: Run Behavior\BuildLiteBehavior [ RunTime:0.000000s ]
INFO: [ app_init ] --END-- [ RunTime:0.002000s ]
ERR: 无法加载模块:Public

[ 2018-07-20T14:47:53+08:00 ] 127.0.0.1 /Public/Upload//2016-09-05/57cd36938158d.png
INFO: [ app_init ] --START--
INFO: Run Behavior\BuildLiteBehavior [ RunTime:0.000000s ]
INFO: [ app_init ] --END-- [ RunTime:0.002000s ]
ERR: 无法加载模块:Public

[ 2018-07-20T14:47:53+08:00 ] 127.0.0.1 /Public/Upload//2016-09-06/57ce3970d537e.JPG
INFO: [ app_init ] --START--
INFO: Run Behavior\BuildLiteBehavior [ RunTime:0.000000s ]
INFO: [ app_init ] --END-- [ RunTime:0.002001s ]
ERR: 无法加载模块:Public

[ 2018-07-20T14:47:53+08:00 ] 127.0.0.1 /Public/Upload//2016-09-05/57cd365beefb0.png
INFO: [ app_init ] --START--
INFO: Run Behavior\BuildLiteBehavior [ RunTime:0.000000s ]
INFO: [ app_init ] --END-- [ RunTime:0.002000s ]
ERR: 无法加载模块:Public

[ 2018-07-20T14:47:53+08:00 ] 127.0.0.1 /Public/Upload//2016-09-07/57cfa032a1c32.jpg
INFO: [ app_init ] --START--
INFO: Run Behavior\BuildLiteBehavior [ RunTime:0.000000s ]
INFO: [ app_init ] --END-- [ RunTime:0.002000s ]
ERR: 无法加载模块:Public

[ 2018-07-20T14:48:05+08:00 ] 127.0.0.1 /Public/Upload//2016-09-06/57ce375d3e702.png
INFO: [ app_init ] --START--
INFO: Run Behavior\BuildLiteBehavior [ RunTime:0.000000s ]
INFO: [ app_init ] --END-- [ RunTime:0.004000s ]
ERR: 无法加载模块:Public

[ 2018-07-20T14:48:05+08:00 ] 127.0.0.1 /Public/Upload//2016-09-06/57ce3859e452a.JPG
INFO: [ app_init ] --START--
INFO: Run Behavior\BuildLiteBehavior [ RunTime:0.000000s ]
INFO: [ app_init ] --END-- [ RunTime:0.004000s ]
ERR: 无法加载模块:Public

[ 2018-07-20T14:48:05+08:00 ] 127.0.0.1 /Public/Upload//2016-10-19/5806edf907e05.jpg
INFO: [ app_init ] --START--
INFO: Run Behavior\BuildLiteBehavior [ RunTime:0.001000s ]
INFO: [ app_init ] --END-- [ RunTime:0.003000s ]
ERR: 无法加载模块:Public

[ 2018-07-20T14:48:05+08:00 ] 127.0.0.1 /Public/Upload//2016-09-06/57ce36bb60e98.JPG
INFO: [ app_init ] --START--
INFO: Run Behavior\BuildLiteBehavior [ RunTime:0.000000s ]
INFO: [ app_init ] --END-- [ RunTime:0.004000s ]
ERR: 无法加载模块:Public

[ 2018-07-20T14:48:05+08:00 ] 127.0.0.1 /Public/Upload//2016-10-19/5806edfb9e476.jpg
INFO: [ app_init ] --START--
INFO: Run Behavior\BuildLiteBehavior [ RunTime:0.000000s ]
INFO: [ app_init ] --END-- [ RunTime:0.002000s ]
ERR: 无法加载模块:Public

[ 2018-07-20T14:48:05+08:00 ] 127.0.0.1 /Public/Upload//2016-09-06/57ce38f86ae96.JPG
INFO: [ app_init ] --START--
INFO: Run Behavior\BuildLiteBehavior [ RunTime:0.000000s ]
INFO: [ app_init ] --END-- [ RunTime:0.003000s ]
ERR: 无法加载模块:Public

[ 2018-07-20T14:48:06+08:00 ] 127.0.0.1 /Public/Upload//2016-10-19/5806ed4cc6a25.jpg
INFO: [ app_init ] --START--
INFO: Run Behavior\BuildLiteBehavior [ RunTime:0.000000s ]
INFO: [ app_init ] --END-- [ RunTime:0.002000s ]
ERR: 无法加载模块:Public

[ 2018-07-20T14:48:06+08:00 ] 127.0.0.1 /Public/Upload//2016-10-19/5806ed53784ed.jpg
INFO: [ app_init ] --START--
INFO: Run Behavior\BuildLiteBehavior [ RunTime:0.000000s ]
INFO: [ app_init ] --END-- [ RunTime:0.002000s ]
ERR: 无法加载模块:Public

[ 2018-07-20T14:48:06+08:00 ] 127.0.0.1 /Public/Upload//2016-09-05/57cd34e3acbed.png
INFO: [ app_init ] --START--
INFO: Run Behavior\BuildLiteBehavior [ RunTime:0.000000s ]
INFO: [ app_init ] --END-- [ RunTime:0.002000s ]
ERR: 无法加载模块:Public

[ 2018-07-20T14:48:06+08:00 ] 127.0.0.1 /Public/Upload//2016-10-19/5806ed00a92f2.jpg
INFO: [ app_init ] --START--
INFO: Run Behavior\BuildLiteBehavior [ RunTime:0.000000s ]
INFO: [ app_init ] --END-- [ RunTime:0.003000s ]
ERR: 无法加载模块:Public

[ 2018-07-20T14:48:06+08:00 ] 127.0.0.1 /Public/Upload//2016-10-19/5806ed3e4b818.jpg
INFO: [ app_init ] --START--
INFO: Run Behavior\BuildLiteBehavior [ RunTime:0.000000s ]
INFO: [ app_init ] --END-- [ RunTime:0.002000s ]
ERR: 无法加载模块:Public

[ 2018-07-20T14:48:06+08:00 ] 127.0.0.1 /Public/Upload//2016-09-05/57cd3528c9426.png
INFO: [ app_init ] --START--
INFO: Run Behavior\BuildLiteBehavior [ RunTime:0.000000s ]
INFO: [ app_init ] --END-- [ RunTime:0.002000s ]
ERR: 无法加载模块:Public

[ 2018-07-20T14:48:09+08:00 ] 127.0.0.1 /Public/Upload//2016-09-05/57cd365beefb0.png
INFO: [ app_init ] --START--
INFO: Run Behavior\BuildLiteBehavior [ RunTime:0.000000s ]
INFO: [ app_init ] --END-- [ RunTime:0.002000s ]
ERR: 无法加载模块:Public

[ 2018-07-20T14:48:09+08:00 ] 127.0.0.1 /Public/Upload//2016-09-06/57ce3970d537e.JPG
INFO: [ app_init ] --START--
INFO: Run Behavior\BuildLiteBehavior [ RunTime:0.000000s ]
INFO: [ app_init ] --END-- [ RunTime:0.002000s ]
ERR: 无法加载模块:Public

[ 2018-07-20T14:48:09+08:00 ] 127.0.0.1 /Public/Upload//2016-09-07/57cfa032a1c32.jpg
INFO: [ app_init ] --START--
INFO: Run Behavior\BuildLiteBehavior [ RunTime:0.000000s ]
INFO: [ app_init ] --END-- [ RunTime:0.005000s ]
ERR: 无法加载模块:Public

[ 2018-07-20T14:48:09+08:00 ] 127.0.0.1 /Public/Upload//2016-09-07/57cfa4278cfa5.png
INFO: [ app_init ] --START--
INFO: Run Behavior\BuildLiteBehavior [ RunTime:0.000000s ]
INFO: [ app_init ] --END-- [ RunTime:0.002000s ]
ERR: 无法加载模块:Public

[ 2018-07-20T14:48:09+08:00 ] 127.0.0.1 /Public/Upload//2016-09-05/57cd36938158d.png
INFO: [ app_init ] --START--
INFO: Run Behavior\BuildLiteBehavior [ RunTime:0.000000s ]
INFO: [ app_init ] --END-- [ RunTime:0.002000s ]
ERR: 无法加载模块:Public

[ 2018-07-20T14:48:09+08:00 ] 127.0.0.1 /Public/Upload//2016-09-05/57cd363277644.png
INFO: [ app_init ] --START--
INFO: Run Behavior\BuildLiteBehavior [ RunTime:0.000000s ]
INFO: [ app_init ] --END-- [ RunTime:0.003000s ]
ERR: 无法加载模块:Public

[ 2018-07-20T14:48:09+08:00 ] 127.0.0.1 /Public/Upload//2016-09-06/57ce3a7c48016.JPG
INFO: [ app_init ] --START--
INFO: Run Behavior\BuildLiteBehavior [ RunTime:0.000000s ]
INFO: [ app_init ] --END-- [ RunTime:0.002000s ]
ERR: 无法加载模块:Public

[ 2018-07-20T14:48:46+08:00 ] 127.0.0.1 /Public/Upload//2016-09-05/57cd36938158d.png
INFO: [ app_init ] --START--
INFO: Run Behavior\BuildLiteBehavior [ RunTime:0.001000s ]
INFO: [ app_init ] --END-- [ RunTime:0.005000s ]
ERR: 无法加载模块:Public

[ 2018-07-20T14:48:46+08:00 ] 127.0.0.1 /Public/Upload//2016-09-07/57cfa4278cfa5.png
INFO: [ app_init ] --START--
INFO: Run Behavior\BuildLiteBehavior [ RunTime:0.000000s ]
INFO: [ app_init ] --END-- [ RunTime:0.003000s ]
ERR: 无法加载模块:Public

[ 2018-07-20T14:48:46+08:00 ] 127.0.0.1 /Public/Upload//2016-09-05/57cd365beefb0.png
INFO: [ app_init ] --START--
INFO: Run Behavior\BuildLiteBehavior [ RunTime:0.001001s ]
INFO: [ app_init ] --END-- [ RunTime:0.003001s ]
ERR: 无法加载模块:Public

[ 2018-07-20T14:48:46+08:00 ] 127.0.0.1 /Public/Upload//2016-09-06/57ce3970d537e.JPG
INFO: [ app_init ] --START--
INFO: Run Behavior\BuildLiteBehavior [ RunTime:0.000000s ]
INFO: [ app_init ] --END-- [ RunTime:0.008001s ]
ERR: 无法加载模块:Public

[ 2018-07-20T14:48:46+08:00 ] 127.0.0.1 /Public/Upload//2016-09-05/57cd363277644.png
INFO: [ app_init ] --START--
INFO: Run Behavior\BuildLiteBehavior [ RunTime:0.000000s ]
INFO: [ app_init ] --END-- [ RunTime:0.002000s ]
ERR: 无法加载模块:Public

[ 2018-07-20T14:48:46+08:00 ] 127.0.0.1 /Public/Upload//2016-09-07/57cfa032a1c32.jpg
INFO: [ app_init ] --START--
INFO: Run Behavior\BuildLiteBehavior [ RunTime:0.000000s ]
INFO: [ app_init ] --END-- [ RunTime:0.003000s ]
ERR: 无法加载模块:Public

[ 2018-07-20T14:48:46+08:00 ] 127.0.0.1 /Public/Upload//2016-09-06/57ce3a7c48016.JPG
INFO: [ app_init ] --START--
INFO: Run Behavior\BuildLiteBehavior [ RunTime:0.000000s ]
INFO: [ app_init ] --END-- [ RunTime:0.002000s ]
ERR: 无法加载模块:Public

[ 2018-07-20T15:19:51+08:00 ] 127.0.0.1 /Public/Upload//2016-09-05/57cd365beefb0.png
INFO: [ app_init ] --START--
INFO: Run Behavior\BuildLiteBehavior [ RunTime:0.000000s ]
INFO: [ app_init ] --END-- [ RunTime:0.003000s ]
ERR: 无法加载模块:Public

[ 2018-07-20T15:19:51+08:00 ] 127.0.0.1 /Public/Upload//2016-09-07/57cfa032a1c32.jpg
INFO: [ app_init ] --START--
INFO: Run Behavior\BuildLiteBehavior [ RunTime:0.000000s ]
INFO: [ app_init ] --END-- [ RunTime:0.002000s ]
ERR: 无法加载模块:Public

[ 2018-07-20T15:19:51+08:00 ] 127.0.0.1 /Public/Upload//2016-09-05/57cd36938158d.png
INFO: [ app_init ] --START--
INFO: Run Behavior\BuildLiteBehavior [ RunTime:0.000000s ]
INFO: [ app_init ] --END-- [ RunTime:0.002000s ]
ERR: 无法加载模块:Public

[ 2018-07-20T15:19:51+08:00 ] 127.0.0.1 /Public/Upload//2016-09-06/57ce3970d537e.JPG
INFO: [ app_init ] --START--
INFO: Run Behavior\BuildLiteBehavior [ RunTime:0.000000s ]
INFO: [ app_init ] --END-- [ RunTime:0.002000s ]
ERR: 无法加载模块:Public

[ 2018-07-20T15:19:51+08:00 ] 127.0.0.1 /Public/Upload//2016-09-05/57cd363277644.png
INFO: [ app_init ] --START--
INFO: Run Behavior\BuildLiteBehavior [ RunTime:0.000000s ]
INFO: [ app_init ] --END-- [ RunTime:0.004000s ]
ERR: 无法加载模块:Public

[ 2018-07-20T15:19:51+08:00 ] 127.0.0.1 /Public/Upload//2016-09-06/57ce3a7c48016.JPG
INFO: [ app_init ] --START--
INFO: Run Behavior\BuildLiteBehavior [ RunTime:0.000000s ]
INFO: [ app_init ] --END-- [ RunTime:0.002000s ]
ERR: 无法加载模块:Public

[ 2018-07-20T15:31:57+08:00 ] 127.0.0.1 /Public/Upload//2016-09-07/57cfa4278cfa5.png
INFO: [ app_init ] --START--
INFO: Run Behavior\BuildLiteBehavior [ RunTime:0.000000s ]
INFO: [ app_init ] --END-- [ RunTime:0.003000s ]
ERR: 无法加载模块:Public

[ 2018-07-20T15:31:57+08:00 ] 127.0.0.1 /Public/Upload//2016-09-06/57ce3970d537e.JPG
INFO: [ app_init ] --START--
INFO: Run Behavior\BuildLiteBehavior [ RunTime:0.000000s ]
INFO: [ app_init ] --END-- [ RunTime:0.003000s ]
ERR: 无法加载模块:Public

[ 2018-07-20T15:31:57+08:00 ] 127.0.0.1 /Public/Upload//2016-09-05/57cd365beefb0.png
INFO: [ app_init ] --START--
INFO: Run Behavior\BuildLiteBehavior [ RunTime:0.000000s ]
INFO: [ app_init ] --END-- [ RunTime:0.004001s ]
ERR: 无法加载模块:Public

[ 2018-07-20T15:31:57+08:00 ] 127.0.0.1 /Public/Upload//2016-09-07/57cfa032a1c32.jpg
INFO: [ app_init ] --START--
INFO: Run Behavior\BuildLiteBehavior [ RunTime:0.000000s ]
INFO: [ app_init ] --END-- [ RunTime:0.002000s ]
ERR: 无法加载模块:Public

[ 2018-07-20T15:31:57+08:00 ] 127.0.0.1 /Public/Upload//2016-09-06/57ce3a7c48016.JPG
INFO: [ app_init ] --START--
INFO: Run Behavior\BuildLiteBehavior [ RunTime:0.000000s ]
INFO: [ app_init ] --END-- [ RunTime:0.002000s ]
ERR: 无法加载模块:Public

[ 2018-07-20T15:31:57+08:00 ] 127.0.0.1 /Public/Upload//2016-09-05/57cd36938158d.png
INFO: [ app_init ] --START--
INFO: Run Behavior\BuildLiteBehavior [ RunTime:0.000000s ]
INFO: [ app_init ] --END-- [ RunTime:0.003000s ]
ERR: 无法加载模块:Public

[ 2018-07-20T15:31:57+08:00 ] 127.0.0.1 /Public/Upload//2016-09-05/57cd363277644.png
INFO: [ app_init ] --START--
INFO: Run Behavior\BuildLiteBehavior [ RunTime:0.000000s ]
INFO: [ app_init ] --END-- [ RunTime:0.002000s ]
ERR: 无法加载模块:Public

[ 2018-07-20T15:58:13+08:00 ] 127.0.0.1 /favicon.ico
INFO: [ app_init ] --START--
INFO: Run Behavior\BuildLiteBehavior [ RunTime:0.000000s ]
INFO: [ app_init ] --END-- [ RunTime:0.002000s ]
ERR: 无法加载模块:Favicon

[ 2018-07-20T16:01:53+08:00 ] 127.0.0.1 /Public/Upload//2016-09-06/57ce3970d537e.JPG
INFO: [ app_init ] --START--
INFO: Run Behavior\BuildLiteBehavior [ RunTime:0.000000s ]
INFO: [ app_init ] --END-- [ RunTime:0.003000s ]
ERR: 无法加载模块:Public

[ 2018-07-20T16:01:53+08:00 ] 127.0.0.1 /Public/Upload//2016-09-07/57cfa4278cfa5.png
INFO: [ app_init ] --START--
INFO: Run Behavior\BuildLiteBehavior [ RunTime:0.000000s ]
INFO: [ app_init ] --END-- [ RunTime:0.002000s ]
ERR: 无法加载模块:Public

[ 2018-07-20T16:01:53+08:00 ] 127.0.0.1 /Public/Upload//2016-09-07/57cfa032a1c32.jpg
INFO: [ app_init ] --START--
INFO: Run Behavior\BuildLiteBehavior [ RunTime:0.000000s ]
INFO: [ app_init ] --END-- [ RunTime:0.002000s ]
ERR: 无法加载模块:Public

[ 2018-07-20T16:09:03+08:00 ] 127.0.0.1 /Public/Upload//2016-09-07/57cfa032a1c32.jpg
INFO: [ app_init ] --START--
INFO: Run Behavior\BuildLiteBehavior [ RunTime:0.000000s ]
INFO: [ app_init ] --END-- [ RunTime:0.002000s ]
ERR: 无法加载模块:Public

[ 2018-07-20T16:09:03+08:00 ] 127.0.0.1 /Public/Upload//2016-09-06/57ce3970d537e.JPG
INFO: [ app_init ] --START--
INFO: Run Behavior\BuildLiteBehavior [ RunTime:0.000000s ]
INFO: [ app_init ] --END-- [ RunTime:0.002000s ]
ERR: 无法加载模块:Public

[ 2018-07-20T16:09:03+08:00 ] 127.0.0.1 /Public/Upload//2016-09-07/57cfa4278cfa5.png
INFO: [ app_init ] --START--
INFO: Run Behavior\BuildLiteBehavior [ RunTime:0.000000s ]
INFO: [ app_init ] --END-- [ RunTime:0.002000s ]
ERR: 无法加载模块:Public

[ 2018-07-20T16:09:18+08:00 ] 127.0.0.1 /Public/Upload//2016-09-07/57cfa4278cfa5.png
INFO: [ app_init ] --START--
INFO: Run Behavior\BuildLiteBehavior [ RunTime:0.000000s ]
INFO: [ app_init ] --END-- [ RunTime:0.002000s ]
ERR: 无法加载模块:Public

[ 2018-07-20T16:09:18+08:00 ] 127.0.0.1 /Public/Upload//2016-09-06/57ce3970d537e.JPG
INFO: [ app_init ] --START--
INFO: Run Behavior\BuildLiteBehavior [ RunTime:0.000000s ]
INFO: [ app_init ] --END-- [ RunTime:0.002001s ]
ERR: 无法加载模块:Public

[ 2018-07-20T16:09:18+08:00 ] 127.0.0.1 /Public/Upload//2016-09-07/57cfa032a1c32.jpg
INFO: [ app_init ] --START--
INFO: Run Behavior\BuildLiteBehavior [ RunTime:0.000000s ]
INFO: [ app_init ] --END-- [ RunTime:0.003000s ]
ERR: 无法加载模块:Public

[ 2018-07-20T16:09:44+08:00 ] 127.0.0.1 /Public/Upload//2016-09-07/57cfa4278cfa5.png
INFO: [ app_init ] --START--
INFO: Run Behavior\BuildLiteBehavior [ RunTime:0.000000s ]
INFO: [ app_init ] --END-- [ RunTime:0.002000s ]
ERR: 无法加载模块:Public

[ 2018-07-20T16:09:44+08:00 ] 127.0.0.1 /Public/Upload//2016-09-06/57ce3970d537e.JPG
INFO: [ app_init ] --START--
INFO: Run Behavior\BuildLiteBehavior [ RunTime:0.000000s ]
INFO: [ app_init ] --END-- [ RunTime:0.002001s ]
ERR: 无法加载模块:Public

[ 2018-07-20T16:09:44+08:00 ] 127.0.0.1 /Public/Upload//2016-09-07/57cfa032a1c32.jpg
INFO: [ app_init ] --START--
INFO: Run Behavior\BuildLiteBehavior [ RunTime:0.000000s ]
INFO: [ app_init ] --END-- [ RunTime:0.002000s ]
ERR: 无法加载模块:Public

[ 2018-07-20T16:09:52+08:00 ] 127.0.0.1 /Public/Upload//2016-09-07/57cfa4278cfa5.png
INFO: [ app_init ] --START--
INFO: Run Behavior\BuildLiteBehavior [ RunTime:0.000000s ]
INFO: [ app_init ] --END-- [ RunTime:0.002000s ]
ERR: 无法加载模块:Public

[ 2018-07-20T16:09:52+08:00 ] 127.0.0.1 /Public/Upload//2016-09-07/57cfa032a1c32.jpg
INFO: [ app_init ] --START--
INFO: Run Behavior\BuildLiteBehavior [ RunTime:0.000000s ]
INFO: [ app_init ] --END-- [ RunTime:0.002000s ]
ERR: 无法加载模块:Public

[ 2018-07-20T16:09:52+08:00 ] 127.0.0.1 /Public/Upload//2016-09-06/57ce3970d537e.JPG
INFO: [ app_init ] --START--
INFO: Run Behavior\BuildLiteBehavior [ RunTime:0.000000s ]
INFO: [ app_init ] --END-- [ RunTime:0.003001s ]
ERR: 无法加载模块:Public

[ 2018-07-20T16:34:13+08:00 ] 127.0.0.1 /Public/Upload//2016-09-07/57cfa4278cfa5.png
INFO: [ app_init ] --START--
INFO: Run Behavior\BuildLiteBehavior [ RunTime:0.000000s ]
INFO: [ app_init ] --END-- [ RunTime:0.003000s ]
ERR: 无法加载模块:Public

[ 2018-07-20T16:59:44+08:00 ] 127.0.0.1 /Public/Upload//2016-09-07/57cfa4278cfa5.png
INFO: [ app_init ] --START--
INFO: Run Behavior\BuildLiteBehavior [ RunTime:0.000000s ]
INFO: [ app_init ] --END-- [ RunTime:0.002001s ]
ERR: 无法加载模块:Public

[ 2018-07-20T16:59:44+08:00 ] 127.0.0.1 /Public/Upload//2016-09-07/57cfa032a1c32.jpg
INFO: [ app_init ] --START--
INFO: Run Behavior\BuildLiteBehavior [ RunTime:0.000000s ]
INFO: [ app_init ] --END-- [ RunTime:0.002000s ]
ERR: 无法加载模块:Public

[ 2018-07-20T16:59:44+08:00 ] 127.0.0.1 /Public/Upload//2016-09-06/57ce3970d537e.JPG
INFO: [ app_init ] --START--
INFO: Run Behavior\BuildLiteBehavior [ RunTime:0.000000s ]
INFO: [ app_init ] --END-- [ RunTime:0.002001s ]
ERR: 无法加载模块:Public

[ 2018-07-20T16:59:46+08:00 ] 127.0.0.1 /Public/Upload//2016-09-07/57cfa4278cfa5.png
INFO: [ app_init ] --START--
INFO: Run Behavior\BuildLiteBehavior [ RunTime:0.000000s ]
INFO: [ app_init ] --END-- [ RunTime:0.002000s ]
ERR: 无法加载模块:Public

[ 2018-07-20T16:59:46+08:00 ] 127.0.0.1 /Public/Upload//2016-09-07/57cfa032a1c32.jpg
INFO: [ app_init ] --START--
INFO: Run Behavior\BuildLiteBehavior [ RunTime:0.000000s ]
INFO: [ app_init ] --END-- [ RunTime:0.003000s ]
ERR: 无法加载模块:Public

[ 2018-07-20T16:59:46+08:00 ] 127.0.0.1 /Public/Upload//2016-09-06/57ce3970d537e.JPG
INFO: [ app_init ] --START--
INFO: Run Behavior\BuildLiteBehavior [ RunTime:0.000000s ]
INFO: [ app_init ] --END-- [ RunTime:0.002000s ]
ERR: 无法加载模块:Public

[ 2018-07-20T17:01:47+08:00 ] 127.0.0.1 /Public/Upload//2016-09-07/57cfa4278cfa5.png
INFO: [ app_init ] --START--
INFO: Run Behavior\BuildLiteBehavior [ RunTime:0.000000s ]
INFO: [ app_init ] --END-- [ RunTime:0.002000s ]
ERR: 无法加载模块:Public

[ 2018-07-20T17:01:47+08:00 ] 127.0.0.1 /Public/Upload//2016-09-07/57cfa032a1c32.jpg
INFO: [ app_init ] --START--
INFO: Run Behavior\BuildLiteBehavior [ RunTime:0.000000s ]
INFO: [ app_init ] --END-- [ RunTime:0.002000s ]
ERR: 无法加载模块:Public

[ 2018-07-20T17:01:47+08:00 ] 127.0.0.1 /Public/Upload//2016-09-06/57ce3970d537e.JPG
INFO: [ app_init ] --START--
INFO: Run Behavior\BuildLiteBehavior [ RunTime:0.000000s ]
INFO: [ app_init ] --END-- [ RunTime:0.003000s ]
ERR: 无法加载模块:Public

[ 2018-07-20T17:02:04+08:00 ] 127.0.0.1 /Public/Upload//2016-09-07/57cfa4278cfa5.png
INFO: [ app_init ] --START--
INFO: Run Behavior\BuildLiteBehavior [ RunTime:0.000000s ]
INFO: [ app_init ] --END-- [ RunTime:0.002001s ]
ERR: 无法加载模块:Public

[ 2018-07-20T17:02:04+08:00 ] 127.0.0.1 /Public/Upload//2016-09-07/57cfa032a1c32.jpg
INFO: [ app_init ] --START--
INFO: Run Behavior\BuildLiteBehavior [ RunTime:0.000000s ]
INFO: [ app_init ] --END-- [ RunTime:0.003001s ]
ERR: 无法加载模块:Public

[ 2018-07-20T17:02:04+08:00 ] 127.0.0.1 /Public/Upload//2016-09-06/57ce3970d537e.JPG
INFO: [ app_init ] --START--
INFO: Run Behavior\BuildLiteBehavior [ RunTime:0.000000s ]
INFO: [ app_init ] --END-- [ RunTime:0.002000s ]
ERR: 无法加载模块:Public

[ 2018-07-20T17:03:29+08:00 ] 127.0.0.1 /Public/Upload//2016-09-07/57cfa4278cfa5.png
INFO: [ app_init ] --START--
INFO: Run Behavior\BuildLiteBehavior [ RunTime:0.000000s ]
INFO: [ app_init ] --END-- [ RunTime:0.002000s ]
ERR: 无法加载模块:Public

[ 2018-07-20T17:03:29+08:00 ] 127.0.0.1 /Public/Upload//2016-09-06/57ce3970d537e.JPG
INFO: [ app_init ] --START--
INFO: Run Behavior\BuildLiteBehavior [ RunTime:0.000000s ]
INFO: [ app_init ] --END-- [ RunTime:0.002000s ]
ERR: 无法加载模块:Public

[ 2018-07-20T17:03:29+08:00 ] 127.0.0.1 /Public/Upload//2016-09-07/57cfa032a1c32.jpg
INFO: [ app_init ] --START--
INFO: Run Behavior\BuildLiteBehavior [ RunTime:0.000000s ]
INFO: [ app_init ] --END-- [ RunTime:0.002001s ]
ERR: 无法加载模块:Public

[ 2018-07-20T17:03:39+08:00 ] 127.0.0.1 /Public/Upload//2016-09-07/57cfa032a1c32.jpg
INFO: [ app_init ] --START--
INFO: Run Behavior\BuildLiteBehavior [ RunTime:0.000000s ]
INFO: [ app_init ] --END-- [ RunTime:0.002000s ]
ERR: 无法加载模块:Public

[ 2018-07-20T17:03:39+08:00 ] 127.0.0.1 /Public/Upload//2016-09-07/57cfa4278cfa5.png
INFO: [ app_init ] --START--
INFO: Run Behavior\BuildLiteBehavior [ RunTime:0.000000s ]
INFO: [ app_init ] --END-- [ RunTime:0.002000s ]
ERR: 无法加载模块:Public

[ 2018-07-20T17:03:39+08:00 ] 127.0.0.1 /Public/Upload//2016-09-06/57ce3970d537e.JPG
INFO: [ app_init ] --START--
INFO: Run Behavior\BuildLiteBehavior [ RunTime:0.000000s ]
INFO: [ app_init ] --END-- [ RunTime:0.002000s ]
ERR: 无法加载模块:Public

[ 2018-07-20T17:05:20+08:00 ] 127.0.0.1 /Public/Upload//2016-09-07/57cfa4278cfa5.png
INFO: [ app_init ] --START--
INFO: Run Behavior\BuildLiteBehavior [ RunTime:0.000000s ]
INFO: [ app_init ] --END-- [ RunTime:0.002000s ]
ERR: 无法加载模块:Public

[ 2018-07-20T17:05:20+08:00 ] 127.0.0.1 /Public/Upload//2016-09-07/57cfa032a1c32.jpg
INFO: [ app_init ] --START--
INFO: Run Behavior\BuildLiteBehavior [ RunTime:0.000000s ]
INFO: [ app_init ] --END-- [ RunTime:0.002001s ]
ERR: 无法加载模块:Public

[ 2018-07-20T17:05:20+08:00 ] 127.0.0.1 /Public/Upload//2016-09-06/57ce3970d537e.JPG
INFO: [ app_init ] --START--
INFO: Run Behavior\BuildLiteBehavior [ RunTime:0.000000s ]
INFO: [ app_init ] --END-- [ RunTime:0.002000s ]
ERR: 无法加载模块:Public

[ 2018-07-20T17:05:25+08:00 ] 127.0.0.1 /Public/Upload//2016-09-07/57cfa4278cfa5.png
INFO: [ app_init ] --START--
INFO: Run Behavior\BuildLiteBehavior [ RunTime:0.000000s ]
INFO: [ app_init ] --END-- [ RunTime:0.003001s ]
ERR: 无法加载模块:Public

[ 2018-07-20T17:05:25+08:00 ] 127.0.0.1 /Public/Upload//2016-09-06/57ce3970d537e.JPG
INFO: [ app_init ] --START--
INFO: Run Behavior\BuildLiteBehavior [ RunTime:0.000000s ]
INFO: [ app_init ] --END-- [ RunTime:0.002000s ]
ERR: 无法加载模块:Public

[ 2018-07-20T17:05:25+08:00 ] 127.0.0.1 /Public/Upload//2016-09-07/57cfa032a1c32.jpg
INFO: [ app_init ] --START--
INFO: Run Behavior\BuildLiteBehavior [ RunTime:0.000000s ]
INFO: [ app_init ] --END-- [ RunTime:0.002000s ]
ERR: 无法加载模块:Public

[ 2018-07-20T17:05:33+08:00 ] 127.0.0.1 /Public/Upload//2016-09-07/57cfa4278cfa5.png
INFO: [ app_init ] --START--
INFO: Run Behavior\BuildLiteBehavior [ RunTime:0.000000s ]
INFO: [ app_init ] --END-- [ RunTime:0.002000s ]
ERR: 无法加载模块:Public

[ 2018-07-20T17:05:33+08:00 ] 127.0.0.1 /Public/Upload//2016-09-07/57cfa032a1c32.jpg
INFO: [ app_init ] --START--
INFO: Run Behavior\BuildLiteBehavior [ RunTime:0.000000s ]
INFO: [ app_init ] --END-- [ RunTime:0.003000s ]
ERR: 无法加载模块:Public

[ 2018-07-20T17:05:33+08:00 ] 127.0.0.1 /Public/Upload//2016-09-06/57ce3970d537e.JPG
INFO: [ app_init ] --START--
INFO: Run Behavior\BuildLiteBehavior [ RunTime:0.000000s ]
INFO: [ app_init ] --END-- [ RunTime:0.002000s ]
ERR: 无法加载模块:Public

[ 2018-07-20T17:12:38+08:00 ] 127.0.0.1 /Public/Upload//2016-09-06/57ce3970d537e.JPG
INFO: [ app_init ] --START--
INFO: Run Behavior\BuildLiteBehavior [ RunTime:0.000000s ]
INFO: [ app_init ] --END-- [ RunTime:0.002000s ]
ERR: 无法加载模块:Public

[ 2018-07-20T17:12:38+08:00 ] 127.0.0.1 /Public/Upload//2016-09-07/57cfa032a1c32.jpg
INFO: [ app_init ] --START--
INFO: Run Behavior\BuildLiteBehavior [ RunTime:0.000000s ]
INFO: [ app_init ] --END-- [ RunTime:0.002000s ]
ERR: 无法加载模块:Public

[ 2018-07-20T17:12:38+08:00 ] 127.0.0.1 /Public/Upload//2016-09-07/57cfa4278cfa5.png
INFO: [ app_init ] --START--
INFO: Run Behavior\BuildLiteBehavior [ RunTime:0.000000s ]
INFO: [ app_init ] --END-- [ RunTime:0.002000s ]
ERR: 无法加载模块:Public

[ 2018-07-20T17:15:27+08:00 ] 127.0.0.1 /Public/Upload//2016-09-07/57cfa4278cfa5.png
INFO: [ app_init ] --START--
INFO: Run Behavior\BuildLiteBehavior [ RunTime:0.000000s ]
INFO: [ app_init ] --END-- [ RunTime:0.002000s ]
ERR: 无法加载模块:Public

[ 2018-07-20T17:15:27+08:00 ] 127.0.0.1 /Public/Upload//2016-09-06/57ce3970d537e.JPG
INFO: [ app_init ] --START--
INFO: Run Behavior\BuildLiteBehavior [ RunTime:0.000000s ]
INFO: [ app_init ] --END-- [ RunTime:0.002000s ]
ERR: 无法加载模块:Public

[ 2018-07-20T17:15:27+08:00 ] 127.0.0.1 /Public/Upload//2016-09-07/57cfa032a1c32.jpg
INFO: [ app_init ] --START--
INFO: Run Behavior\BuildLiteBehavior [ RunTime:0.000000s ]
INFO: [ app_init ] --END-- [ RunTime:0.002000s ]
ERR: 无法加载模块:Public

[ 2018-07-20T17:15:32+08:00 ] 127.0.0.1 /Public/Upload//2016-09-07/57cfa4278cfa5.png
INFO: [ app_init ] --START--
INFO: Run Behavior\BuildLiteBehavior [ RunTime:0.000000s ]
INFO: [ app_init ] --END-- [ RunTime:0.002000s ]
ERR: 无法加载模块:Public

[ 2018-07-20T17:15:32+08:00 ] 127.0.0.1 /Public/Upload//2016-09-06/57ce3970d537e.JPG
INFO: [ app_init ] --START--
INFO: Run Behavior\BuildLiteBehavior [ RunTime:0.000000s ]
INFO: [ app_init ] --END-- [ RunTime:0.002000s ]
ERR: 无法加载模块:Public

[ 2018-07-20T17:15:32+08:00 ] 127.0.0.1 /Public/Upload//2016-09-07/57cfa032a1c32.jpg
INFO: [ app_init ] --START--
INFO: Run Behavior\BuildLiteBehavior [ RunTime:0.000000s ]
INFO: [ app_init ] --END-- [ RunTime:0.002000s ]
ERR: 无法加载模块:Public

[ 2018-07-20T17:16:15+08:00 ] 127.0.0.1 /Public/Upload//2016-09-07/57cfa4278cfa5.png
INFO: [ app_init ] --START--
INFO: Run Behavior\BuildLiteBehavior [ RunTime:0.000000s ]
INFO: [ app_init ] --END-- [ RunTime:0.002000s ]
ERR: 无法加载模块:Public

[ 2018-07-20T17:16:15+08:00 ] 127.0.0.1 /Public/Upload//2016-09-07/57cfa032a1c32.jpg
INFO: [ app_init ] --START--
INFO: Run Behavior\BuildLiteBehavior [ RunTime:0.000000s ]
INFO: [ app_init ] --END-- [ RunTime:0.002000s ]
ERR: 无法加载模块:Public

[ 2018-07-20T17:16:15+08:00 ] 127.0.0.1 /Public/Upload//2016-09-06/57ce3970d537e.JPG
INFO: [ app_init ] --START--
INFO: Run Behavior\BuildLiteBehavior [ RunTime:0.000000s ]
INFO: [ app_init ] --END-- [ RunTime:0.002000s ]
ERR: 无法加载模块:Public

[ 2018-07-20T17:16:21+08:00 ] 127.0.0.1 /Public/Upload//2016-09-07/57cfa4278cfa5.png
INFO: [ app_init ] --START--
INFO: Run Behavior\BuildLiteBehavior [ RunTime:0.000000s ]
INFO: [ app_init ] --END-- [ RunTime:0.003000s ]
ERR: 无法加载模块:Public

[ 2018-07-20T17:16:21+08:00 ] 127.0.0.1 /Public/Upload//2016-09-06/57ce3970d537e.JPG
INFO: [ app_init ] --START--
INFO: Run Behavior\BuildLiteBehavior [ RunTime:0.000000s ]
INFO: [ app_init ] --END-- [ RunTime:0.003000s ]
ERR: 无法加载模块:Public

[ 2018-07-20T17:16:21+08:00 ] 127.0.0.1 /Public/Upload//2016-09-07/57cfa032a1c32.jpg
INFO: [ app_init ] --START--
INFO: Run Behavior\BuildLiteBehavior [ RunTime:0.000000s ]
INFO: [ app_init ] --END-- [ RunTime:0.002000s ]
ERR: 无法加载模块:Public

[ 2018-07-20T17:19:09+08:00 ] 127.0.0.1 /Public/Upload//2016-09-07/57cfa4278cfa5.png
INFO: [ app_init ] --START--
INFO: Run Behavior\BuildLiteBehavior [ RunTime:0.000000s ]
INFO: [ app_init ] --END-- [ RunTime:0.002000s ]
ERR: 无法加载模块:Public

[ 2018-07-20T17:19:09+08:00 ] 127.0.0.1 /Public/Upload//2016-09-07/57cfa032a1c32.jpg
INFO: [ app_init ] --START--
INFO: Run Behavior\BuildLiteBehavior [ RunTime:0.000000s ]
INFO: [ app_init ] --END-- [ RunTime:0.002000s ]
ERR: 无法加载模块:Public

[ 2018-07-20T17:24:39+08:00 ] 127.0.0.1 /Public/Upload//2016-09-07/57cfa4278cfa5.png
INFO: [ app_init ] --START--
INFO: Run Behavior\BuildLiteBehavior [ RunTime:0.000000s ]
INFO: [ app_init ] --END-- [ RunTime:0.002000s ]
ERR: 无法加载模块:Public

[ 2018-07-20T17:24:39+08:00 ] 127.0.0.1 /Public/Upload//2016-09-07/57cfa032a1c32.jpg
INFO: [ app_init ] --START--
INFO: Run Behavior\BuildLiteBehavior [ RunTime:0.000000s ]
INFO: [ app_init ] --END-- [ RunTime:0.002000s ]
ERR: 无法加载模块:Public

[ 2018-07-20T17:24:39+08:00 ] 127.0.0.1 /Public/Upload//2016-09-06/57ce3970d537e.JPG
INFO: [ app_init ] --START--
INFO: Run Behavior\BuildLiteBehavior [ RunTime:0.000000s ]
INFO: [ app_init ] --END-- [ RunTime:0.002001s ]
ERR: 无法加载模块:Public

[ 2018-07-20T17:24:44+08:00 ] 127.0.0.1 /Public/Upload//2016-09-07/57cfa4278cfa5.png
INFO: [ app_init ] --START--
INFO: Run Behavior\BuildLiteBehavior [ RunTime:0.000000s ]
INFO: [ app_init ] --END-- [ RunTime:0.002000s ]
ERR: 无法加载模块:Public

[ 2018-07-20T17:24:44+08:00 ] 127.0.0.1 /Public/Upload//2016-09-07/57cfa032a1c32.jpg
INFO: [ app_init ] --START--
INFO: Run Behavior\BuildLiteBehavior [ RunTime:0.000000s ]
INFO: [ app_init ] --END-- [ RunTime:0.002000s ]
ERR: 无法加载模块:Public

[ 2018-07-20T17:24:44+08:00 ] 127.0.0.1 /Public/Upload//2016-09-06/57ce3970d537e.JPG
INFO: [ app_init ] --START--
INFO: Run Behavior\BuildLiteBehavior [ RunTime:0.000000s ]
INFO: [ app_init ] --END-- [ RunTime:0.003000s ]
ERR: 无法加载模块:Public

[ 2018-07-20T17:26:24+08:00 ] 127.0.0.1 /Public/Upload//2016-09-07/57cfa032a1c32.jpg
INFO: [ app_init ] --START--
INFO: Run Behavior\BuildLiteBehavior [ RunTime:0.000000s ]
INFO: [ app_init ] --END-- [ RunTime:0.002000s ]
ERR: 无法加载模块:Public

[ 2018-07-20T17:26:24+08:00 ] 127.0.0.1 /Public/Upload//2016-09-07/57cfa4278cfa5.png
INFO: [ app_init ] --START--
INFO: Run Behavior\BuildLiteBehavior [ RunTime:0.000000s ]
INFO: [ app_init ] --END-- [ RunTime:0.007000s ]
ERR: 无法加载模块:Public

[ 2018-07-20T17:26:24+08:00 ] 127.0.0.1 /Public/Upload//2016-09-06/57ce3970d537e.JPG
INFO: [ app_init ] --START--
INFO: Run Behavior\BuildLiteBehavior [ RunTime:0.000000s ]
INFO: [ app_init ] --END-- [ RunTime:0.002000s ]
ERR: 无法加载模块:Public

[ 2018-07-20T17:27:19+08:00 ] 127.0.0.1 /Public/Upload//2016-09-07/57cfa4278cfa5.png
INFO: [ app_init ] --START--
INFO: Run Behavior\BuildLiteBehavior [ RunTime:0.000000s ]
INFO: [ app_init ] --END-- [ RunTime:0.002000s ]
ERR: 无法加载模块:Public

[ 2018-07-20T17:27:19+08:00 ] 127.0.0.1 /Public/Upload//2016-09-07/57cfa032a1c32.jpg
INFO: [ app_init ] --START--
INFO: Run Behavior\BuildLiteBehavior [ RunTime:0.000000s ]
INFO: [ app_init ] --END-- [ RunTime:0.002000s ]
ERR: 无法加载模块:Public

[ 2018-07-20T17:27:19+08:00 ] 127.0.0.1 /Public/Upload//2016-09-06/57ce3970d537e.JPG
INFO: [ app_init ] --START--
INFO: Run Behavior\BuildLiteBehavior [ RunTime:0.000000s ]
INFO: [ app_init ] --END-- [ RunTime:0.002000s ]
ERR: 无法加载模块:Public

[ 2018-07-20T17:27:28+08:00 ] 127.0.0.1 /Public/Upload//2016-09-07/57cfa4278cfa5.png
INFO: [ app_init ] --START--
INFO: Run Behavior\BuildLiteBehavior [ RunTime:0.000000s ]
INFO: [ app_init ] --END-- [ RunTime:0.002000s ]
ERR: 无法加载模块:Public

[ 2018-07-20T17:27:28+08:00 ] 127.0.0.1 /Public/Upload//2016-09-07/57cfa032a1c32.jpg
INFO: [ app_init ] --START--
INFO: Run Behavior\BuildLiteBehavior [ RunTime:0.000000s ]
INFO: [ app_init ] --END-- [ RunTime:0.003000s ]
ERR: 无法加载模块:Public

[ 2018-07-20T17:27:28+08:00 ] 127.0.0.1 /Public/Upload//2016-09-06/57ce3970d537e.JPG
INFO: [ app_init ] --START--
INFO: Run Behavior\BuildLiteBehavior [ RunTime:0.000000s ]
INFO: [ app_init ] --END-- [ RunTime:0.002000s ]
ERR: 无法加载模块:Public

[ 2018-07-20T17:28:40+08:00 ] 127.0.0.1 /Public/Upload//2016-09-07/57cfa032a1c32.jpg
INFO: [ app_init ] --START--
INFO: Run Behavior\BuildLiteBehavior [ RunTime:0.000000s ]
INFO: [ app_init ] --END-- [ RunTime:0.002000s ]
ERR: 无法加载模块:Public

[ 2018-07-20T17:28:40+08:00 ] 127.0.0.1 /Public/Upload//2016-09-06/57ce3970d537e.JPG
INFO: [ app_init ] --START--
INFO: Run Behavior\BuildLiteBehavior [ RunTime:0.000000s ]
INFO: [ app_init ] --END-- [ RunTime:0.002000s ]
ERR: 无法加载模块:Public

[ 2018-07-20T17:28:40+08:00 ] 127.0.0.1 /Public/Upload//2016-09-07/57cfa4278cfa5.png
INFO: [ app_init ] --START--
INFO: Run Behavior\BuildLiteBehavior [ RunTime:0.000000s ]
INFO: [ app_init ] --END-- [ RunTime:0.003000s ]
ERR: 无法加载模块:Public

[ 2018-07-20T17:28:55+08:00 ] 127.0.0.1 /Public/Upload//2016-09-07/57cfa4278cfa5.png
INFO: [ app_init ] --START--
INFO: Run Behavior\BuildLiteBehavior [ RunTime:0.000000s ]
INFO: [ app_init ] --END-- [ RunTime:0.002001s ]
ERR: 无法加载模块:Public

[ 2018-07-20T17:28:55+08:00 ] 127.0.0.1 /Public/Upload//2016-09-07/57cfa032a1c32.jpg
INFO: [ app_init ] --START--
INFO: Run Behavior\BuildLiteBehavior [ RunTime:0.000000s ]
INFO: [ app_init ] --END-- [ RunTime:0.002000s ]
ERR: 无法加载模块:Public

[ 2018-07-20T17:28:55+08:00 ] 127.0.0.1 /Public/Upload//2016-09-06/57ce3970d537e.JPG
INFO: [ app_init ] --START--
INFO: Run Behavior\BuildLiteBehavior [ RunTime:0.000000s ]
INFO: [ app_init ] --END-- [ RunTime:0.002000s ]
ERR: 无法加载模块:Public

[ 2018-07-20T17:30:01+08:00 ] 127.0.0.1 /Public/Upload//2016-09-07/57cfa4278cfa5.png
INFO: [ app_init ] --START--
INFO: Run Behavior\BuildLiteBehavior [ RunTime:0.000000s ]
INFO: [ app_init ] --END-- [ RunTime:0.002000s ]
ERR: 无法加载模块:Public

[ 2018-07-20T17:30:01+08:00 ] 127.0.0.1 /Public/Upload//2016-09-06/57ce3970d537e.JPG
INFO: [ app_init ] --START--
INFO: Run Behavior\BuildLiteBehavior [ RunTime:0.000000s ]
INFO: [ app_init ] --END-- [ RunTime:0.002000s ]
ERR: 无法加载模块:Public

[ 2018-07-20T17:30:01+08:00 ] 127.0.0.1 /Public/Upload//2016-09-07/57cfa032a1c32.jpg
INFO: [ app_init ] --START--
INFO: Run Behavior\BuildLiteBehavior [ RunTime:0.000000s ]
INFO: [ app_init ] --END-- [ RunTime:0.002000s ]
ERR: 无法加载模块:Public

[ 2018-07-20T17:30:16+08:00 ] 127.0.0.1 /Public/Upload//2016-09-07/57cfa4278cfa5.png
INFO: [ app_init ] --START--
INFO: Run Behavior\BuildLiteBehavior [ RunTime:0.000000s ]
INFO: [ app_init ] --END-- [ RunTime:0.002000s ]
ERR: 无法加载模块:Public

[ 2018-07-20T17:30:16+08:00 ] 127.0.0.1 /Public/Upload//2016-09-06/57ce3970d537e.JPG
INFO: [ app_init ] --START--
INFO: Run Behavior\BuildLiteBehavior [ RunTime:0.000000s ]
INFO: [ app_init ] --END-- [ RunTime:0.002000s ]
ERR: 无法加载模块:Public

[ 2018-07-20T17:30:16+08:00 ] 127.0.0.1 /Public/Upload//2016-09-07/57cfa032a1c32.jpg
INFO: [ app_init ] --START--
INFO: Run Behavior\BuildLiteBehavior [ RunTime:0.000000s ]
INFO: [ app_init ] --END-- [ RunTime:0.002000s ]
ERR: 无法加载模块:Public

[ 2018-07-20T17:30:23+08:00 ] 127.0.0.1 /Public/Upload//2016-09-07/57cfa032a1c32.jpg
INFO: [ app_init ] --START--
INFO: Run Behavior\BuildLiteBehavior [ RunTime:0.000000s ]
INFO: [ app_init ] --END-- [ RunTime:0.002000s ]
ERR: 无法加载模块:Public

[ 2018-07-20T17:30:23+08:00 ] 127.0.0.1 /Public/Upload//2016-09-07/57cfa4278cfa5.png
INFO: [ app_init ] --START--
INFO: Run Behavior\BuildLiteBehavior [ RunTime:0.000000s ]
INFO: [ app_init ] --END-- [ RunTime:0.002000s ]
ERR: 无法加载模块:Public

[ 2018-07-20T17:30:23+08:00 ] 127.0.0.1 /Public/Upload//2016-09-06/57ce3970d537e.JPG
INFO: [ app_init ] --START--
INFO: Run Behavior\BuildLiteBehavior [ RunTime:0.000000s ]
INFO: [ app_init ] --END-- [ RunTime:0.002001s ]
ERR: 无法加载模块:Public

[ 2018-07-20T17:30:29+08:00 ] 127.0.0.1 /Public/Upload//2016-09-07/57cfa032a1c32.jpg
INFO: [ app_init ] --START--
INFO: Run Behavior\BuildLiteBehavior [ RunTime:0.000000s ]
INFO: [ app_init ] --END-- [ RunTime:0.002000s ]
ERR: 无法加载模块:Public

[ 2018-07-20T17:30:29+08:00 ] 127.0.0.1 /Public/Upload//2016-09-07/57cfa4278cfa5.png
INFO: [ app_init ] --START--
INFO: Run Behavior\BuildLiteBehavior [ RunTime:0.000000s ]
INFO: [ app_init ] --END-- [ RunTime:0.002000s ]
ERR: 无法加载模块:Public

[ 2018-07-20T17:30:29+08:00 ] 127.0.0.1 /Public/Upload//2016-09-06/57ce3970d537e.JPG
INFO: [ app_init ] --START--
INFO: Run Behavior\BuildLiteBehavior [ RunTime:0.000000s ]
INFO: [ app_init ] --END-- [ RunTime:0.002000s ]
ERR: 无法加载模块:Public

[ 2018-07-20T17:30:41+08:00 ] 127.0.0.1 /Public/Upload//2016-09-07/57cfa032a1c32.jpg
INFO: [ app_init ] --START--
INFO: Run Behavior\BuildLiteBehavior [ RunTime:0.000000s ]
INFO: [ app_init ] --END-- [ RunTime:0.002000s ]
ERR: 无法加载模块:Public

[ 2018-07-20T17:30:41+08:00 ] 127.0.0.1 /Public/Upload//2016-09-07/57cfa4278cfa5.png
INFO: [ app_init ] --START--
INFO: Run Behavior\BuildLiteBehavior [ RunTime:0.000000s ]
INFO: [ app_init ] --END-- [ RunTime:0.002001s ]
ERR: 无法加载模块:Public

[ 2018-07-20T17:30:41+08:00 ] 127.0.0.1 /Public/Upload//2016-09-06/57ce3970d537e.JPG
INFO: [ app_init ] --START--
INFO: Run Behavior\BuildLiteBehavior [ RunTime:0.000000s ]
INFO: [ app_init ] --END-- [ RunTime:0.002000s ]
ERR: 无法加载模块:Public

