[ 2018-07-10T08:51:42+08:00 ] 127.0.0.1 /favicon.ico
INFO: [ app_init ] --START--
INFO: Run Behavior\BuildLiteBehavior [ RunTime:0.000000s ]
INFO: [ app_init ] --END-- [ RunTime:0.010000s ]
ERR: 无法加载模块:Favicon

[ 2018-07-10T09:50:51+08:00 ] 127.0.0.1 /Public/Upload//2018-06-09/5b1b86ee1268e.jpg
INFO: [ app_init ] --START--
INFO: Run Behavior\BuildLiteBehavior [ RunTime:0.000000s ]
INFO: [ app_init ] --END-- [ RunTime:0.004000s ]
ERR: 无法加载模块:Public

[ 2018-07-10T09:50:51+08:00 ] 127.0.0.1 /Public/Upload//2018-06-09/5b1b86ee21e4d.jpg
INFO: [ app_init ] --START--
INFO: Run Behavior\BuildLiteBehavior [ RunTime:0.000000s ]
INFO: [ app_init ] --END-- [ RunTime:0.002000s ]
ERR: 无法加载模块:Public

[ 2018-07-10T09:50:51+08:00 ] 127.0.0.1 /Public/Upload//2018-06-09/5b1b86ee2655d.jpg
INFO: [ app_init ] --START--
INFO: Run Behavior\BuildLiteBehavior [ RunTime:0.000000s ]
INFO: [ app_init ] --END-- [ RunTime:0.003000s ]
ERR: 无法加载模块:Public

[ 2018-07-10T09:50:51+08:00 ] 127.0.0.1 /Public/Upload//2018-06-09/5b1b86ee4c1ab.jpg
INFO: [ app_init ] --START--
INFO: Run Behavior\BuildLiteBehavior [ RunTime:0.000000s ]
INFO: [ app_init ] --END-- [ RunTime:0.002000s ]
ERR: 无法加载模块:Public

[ 2018-07-10T09:50:51+08:00 ] 127.0.0.1 /Public/Upload//2018-06-09/5b1b86ee63909.jpg
INFO: [ app_init ] --START--
INFO: Run Behavior\BuildLiteBehavior [ RunTime:0.000000s ]
INFO: [ app_init ] --END-- [ RunTime:0.002000s ]
ERR: 无法加载模块:Public

[ 2018-07-10T09:50:51+08:00 ] 127.0.0.1 /Public/Upload//2018-06-09/5b1b86ee35072.jpg
INFO: [ app_init ] --START--
INFO: Run Behavior\BuildLiteBehavior [ RunTime:0.000000s ]
INFO: [ app_init ] --END-- [ RunTime:0.002000s ]
ERR: 无法加载模块:Public

[ 2018-07-10T09:50:52+08:00 ] 127.0.0.1 /Public/Upload//2018-06-09/5b1b86ee90f7a.jpg
INFO: [ app_init ] --START--
INFO: Run Behavior\BuildLiteBehavior [ RunTime:0.000000s ]
INFO: [ app_init ] --END-- [ RunTime:0.003000s ]
ERR: 无法加载模块:Public

[ 2018-07-10T09:50:52+08:00 ] 127.0.0.1 /Public/Upload//2018-06-09/5b1b87382b3a6.jpg
INFO: [ app_init ] --START--
INFO: Run Behavior\BuildLiteBehavior [ RunTime:0.000000s ]
INFO: [ app_init ] --END-- [ RunTime:0.004000s ]
ERR: 无法加载模块:Public

[ 2018-07-10T09:50:52+08:00 ] 127.0.0.1 /Public/Upload//2018-06-09/5b1b8737a937c.jpg
INFO: [ app_init ] --START--
INFO: Run Behavior\BuildLiteBehavior [ RunTime:0.000000s ]
INFO: [ app_init ] --END-- [ RunTime:0.004000s ]
ERR: 无法加载模块:Public

[ 2018-07-10T09:50:52+08:00 ] 127.0.0.1 /Public/Upload//2018-06-09/5b1b8737e1131.jpg
INFO: [ app_init ] --START--
INFO: Run Behavior\BuildLiteBehavior [ RunTime:0.000000s ]
INFO: [ app_init ] --END-- [ RunTime:0.003000s ]
ERR: 无法加载模块:Public

[ 2018-07-10T09:50:52+08:00 ] 127.0.0.1 /Public/Upload//2018-06-09/5b1b86ee792b6.jpg
INFO: [ app_init ] --START--
INFO: Run Behavior\BuildLiteBehavior [ RunTime:0.000000s ]
INFO: [ app_init ] --END-- [ RunTime:0.002000s ]
ERR: 无法加载模块:Public

[ 2018-07-10T09:50:52+08:00 ] 127.0.0.1 /Public/Upload//2018-06-09/5b1b873798ecf.jpg
INFO: [ app_init ] --START--
INFO: Run Behavior\BuildLiteBehavior [ RunTime:0.000000s ]
INFO: [ app_init ] --END-- [ RunTime:0.002000s ]
ERR: 无法加载模块:Public

[ 2018-07-10T09:50:52+08:00 ] 127.0.0.1 /Public/Upload//2018-06-09/5b1b873817dc0.jpg
INFO: [ app_init ] --START--
INFO: Run Behavior\BuildLiteBehavior [ RunTime:0.000000s ]
INFO: [ app_init ] --END-- [ RunTime:0.002000s ]
ERR: 无法加载模块:Public

[ 2018-07-10T09:50:52+08:00 ] 127.0.0.1 /Public/Upload//2018-06-09/5b1b8738041bb.jpg
INFO: [ app_init ] --START--
INFO: Run Behavior\BuildLiteBehavior [ RunTime:0.000000s ]
INFO: [ app_init ] --END-- [ RunTime:0.002000s ]
ERR: 无法加载模块:Public

[ 2018-07-10T09:50:52+08:00 ] 127.0.0.1 /Public/Upload//2018-06-09/5b1b8737cd7db.jpg
INFO: [ app_init ] --START--
INFO: Run Behavior\BuildLiteBehavior [ RunTime:0.000000s ]
INFO: [ app_init ] --END-- [ RunTime:0.003000s ]
ERR: 无法加载模块:Public

[ 2018-07-10T09:50:52+08:00 ] 127.0.0.1 /Public/Upload//2018-06-09/5b1b8737bbda6.jpg
INFO: [ app_init ] --START--
INFO: Run Behavior\BuildLiteBehavior [ RunTime:0.000000s ]
INFO: [ app_init ] --END-- [ RunTime:0.002000s ]
ERR: 无法加载模块:Public

[ 2018-07-10T09:50:52+08:00 ] 127.0.0.1 /Public/Upload//2018-06-09/5b1b873792ab8.jpg
INFO: [ app_init ] --START--
INFO: Run Behavior\BuildLiteBehavior [ RunTime:0.000000s ]
INFO: [ app_init ] --END-- [ RunTime:0.003001s ]
ERR: 无法加载模块:Public

[ 2018-07-10T09:50:52+08:00 ] 127.0.0.1 /Public/Upload//2018-06-09/5b1b86eeb1e37.jpg
INFO: [ app_init ] --START--
INFO: Run Behavior\BuildLiteBehavior [ RunTime:0.000000s ]
INFO: [ app_init ] --END-- [ RunTime:0.002001s ]
ERR: 无法加载模块:Public

[ 2018-07-10T09:50:52+08:00 ] 127.0.0.1 /Public/Upload//2018-06-09/5b1b86eec64c9.jpg
INFO: [ app_init ] --START--
INFO: Run Behavior\BuildLiteBehavior [ RunTime:0.000000s ]
INFO: [ app_init ] --END-- [ RunTime:0.006001s ]
ERR: 无法加载模块:Public

[ 2018-07-10T09:51:10+08:00 ] 127.0.0.1 /favicon.ico
INFO: [ app_init ] --START--
INFO: Run Behavior\BuildLiteBehavior [ RunTime:0.000000s ]
INFO: [ app_init ] --END-- [ RunTime:0.002000s ]
ERR: 无法加载模块:Favicon

[ 2018-07-10T11:50:26+08:00 ] 127.0.0.1 /favicon.ico
INFO: [ app_init ] --START--
INFO: Run Behavior\BuildLiteBehavior [ RunTime:0.000000s ]
INFO: [ app_init ] --END-- [ RunTime:0.002000s ]
ERR: 无法加载模块:Favicon

[ 2018-07-10T11:54:41+08:00 ] 127.0.0.1 /Application/Admin/Public/js/form/skin/default/layer.css?v=3.0.3303
INFO: [ app_init ] --START--
INFO: Run Behavior\BuildLiteBehavior [ RunTime:0.000000s ]
INFO: [ app_init ] --END-- [ RunTime:0.003000s ]
ERR: 无法加载模块:Application

[ 2018-07-10T11:54:43+08:00 ] 127.0.0.1 /Application/Admin/Public/js/form/skin/default/layer.css?v=3.0.3303
INFO: [ app_init ] --START--
INFO: Run Behavior\BuildLiteBehavior [ RunTime:0.000000s ]
INFO: [ app_init ] --END-- [ RunTime:0.002000s ]
ERR: 无法加载模块:Application

[ 2018-07-10T11:54:46+08:00 ] 127.0.0.1 /Application/Admin/Public/js/form/skin/default/layer.css?v=3.0.3303
INFO: [ app_init ] --START--
INFO: Run Behavior\BuildLiteBehavior [ RunTime:0.000000s ]
INFO: [ app_init ] --END-- [ RunTime:0.002000s ]
ERR: 无法加载模块:Application

[ 2018-07-10T11:55:45+08:00 ] 127.0.0.1 /Application/Admin/Public/js/form/skin/default/layer.css?v=3.0.3303
INFO: [ app_init ] --START--
INFO: Run Behavior\BuildLiteBehavior [ RunTime:0.000000s ]
INFO: [ app_init ] --END-- [ RunTime:0.004000s ]
ERR: 无法加载模块:Application

[ 2018-07-10T11:55:47+08:00 ] 127.0.0.1 /Application/Admin/Public/js/form/skin/default/layer.css?v=3.0.3303
INFO: [ app_init ] --START--
INFO: Run Behavior\BuildLiteBehavior [ RunTime:0.000000s ]
INFO: [ app_init ] --END-- [ RunTime:0.002000s ]
ERR: 无法加载模块:Application

[ 2018-07-10T11:56:01+08:00 ] 127.0.0.1 /Application/Admin/Public/js/form/skin/default/layer.css?v=3.0.3303
INFO: [ app_init ] --START--
INFO: Run Behavior\BuildLiteBehavior [ RunTime:0.000000s ]
INFO: [ app_init ] --END-- [ RunTime:0.002001s ]
ERR: 无法加载模块:Application

[ 2018-07-10T11:56:02+08:00 ] 127.0.0.1 /Application/Admin/Public/js/form/skin/default/layer.css?v=3.0.3303
INFO: [ app_init ] --START--
INFO: Run Behavior\BuildLiteBehavior [ RunTime:0.000000s ]
INFO: [ app_init ] --END-- [ RunTime:0.002000s ]
ERR: 无法加载模块:Application

[ 2018-07-10T11:57:19+08:00 ] 127.0.0.1 /Application/Admin/Public/js/form/skin/default/layer.css?v=3.0.3303
INFO: [ app_init ] --START--
INFO: Run Behavior\BuildLiteBehavior [ RunTime:0.000000s ]
INFO: [ app_init ] --END-- [ RunTime:0.002000s ]
ERR: 无法加载模块:Application

[ 2018-07-10T11:57:21+08:00 ] 127.0.0.1 /Application/Admin/Public/js/form/skin/default/layer.css?v=3.0.3303
INFO: [ app_init ] --START--
INFO: Run Behavior\BuildLiteBehavior [ RunTime:0.000000s ]
INFO: [ app_init ] --END-- [ RunTime:0.002000s ]
ERR: 无法加载模块:Application

[ 2018-07-10T11:57:25+08:00 ] 127.0.0.1 /Application/Admin/Public/js/form/skin/default/layer.css?v=3.0.3303
INFO: [ app_init ] --START--
INFO: Run Behavior\BuildLiteBehavior [ RunTime:0.000000s ]
INFO: [ app_init ] --END-- [ RunTime:0.002001s ]
ERR: 无法加载模块:Application

[ 2018-07-10T11:57:27+08:00 ] 127.0.0.1 /Application/Admin/Public/js/form/skin/default/layer.css?v=3.0.3303
INFO: [ app_init ] --START--
INFO: Run Behavior\BuildLiteBehavior [ RunTime:0.000000s ]
INFO: [ app_init ] --END-- [ RunTime:0.002000s ]
ERR: 无法加载模块:Application

[ 2018-07-10T11:58:11+08:00 ] 127.0.0.1 /Application/Admin/Public/js/form/skin/default/layer.css?v=3.0.3303
INFO: [ app_init ] --START--
INFO: Run Behavior\BuildLiteBehavior [ RunTime:0.000000s ]
INFO: [ app_init ] --END-- [ RunTime:0.003000s ]
ERR: 无法加载模块:Application

[ 2018-07-10T11:58:17+08:00 ] 127.0.0.1 /Application/Admin/Public/js/form/skin/default/layer.css?v=3.0.3303
INFO: [ app_init ] --START--
INFO: Run Behavior\BuildLiteBehavior [ RunTime:0.000000s ]
INFO: [ app_init ] --END-- [ RunTime:0.002000s ]
ERR: 无法加载模块:Application

[ 2018-07-10T11:58:19+08:00 ] 127.0.0.1 /Application/Admin/Public/js/form/skin/default/layer.css?v=3.0.3303
INFO: [ app_init ] --START--
INFO: Run Behavior\BuildLiteBehavior [ RunTime:0.000000s ]
INFO: [ app_init ] --END-- [ RunTime:0.002000s ]
ERR: 无法加载模块:Application

[ 2018-07-10T11:58:21+08:00 ] 127.0.0.1 /Application/Admin/Public/js/form/skin/default/layer.css?v=3.0.3303
INFO: [ app_init ] --START--
INFO: Run Behavior\BuildLiteBehavior [ RunTime:0.000000s ]
INFO: [ app_init ] --END-- [ RunTime:0.003000s ]
ERR: 无法加载模块:Application

[ 2018-07-10T11:58:24+08:00 ] 127.0.0.1 /Application/Admin/Public/js/form/skin/default/layer.css?v=3.0.3303
INFO: [ app_init ] --START--
INFO: Run Behavior\BuildLiteBehavior [ RunTime:0.000000s ]
INFO: [ app_init ] --END-- [ RunTime:0.002000s ]
ERR: 无法加载模块:Application

[ 2018-07-10T11:59:01+08:00 ] 127.0.0.1 /Application/Admin/Public/js/form/skin/default/layer.css?v=3.0.3303
INFO: [ app_init ] --START--
INFO: Run Behavior\BuildLiteBehavior [ RunTime:0.000000s ]
INFO: [ app_init ] --END-- [ RunTime:0.002000s ]
ERR: 无法加载模块:Application

[ 2018-07-10T11:59:03+08:00 ] 127.0.0.1 /Application/Admin/Public/js/form/skin/default/layer.css?v=3.0.3303
INFO: [ app_init ] --START--
INFO: Run Behavior\BuildLiteBehavior [ RunTime:0.000000s ]
INFO: [ app_init ] --END-- [ RunTime:0.002000s ]
ERR: 无法加载模块:Application

[ 2018-07-10T11:59:05+08:00 ] 127.0.0.1 /Application/Admin/Public/js/form/skin/default/layer.css?v=3.0.3303
INFO: [ app_init ] --START--
INFO: Run Behavior\BuildLiteBehavior [ RunTime:0.000000s ]
INFO: [ app_init ] --END-- [ RunTime:0.003000s ]
ERR: 无法加载模块:Application

[ 2018-07-10T11:59:08+08:00 ] 127.0.0.1 /Application/Admin/Public/js/form/skin/default/layer.css?v=3.0.3303
INFO: [ app_init ] --START--
INFO: Run Behavior\BuildLiteBehavior [ RunTime:0.000000s ]
INFO: [ app_init ] --END-- [ RunTime:0.002000s ]
ERR: 无法加载模块:Application

[ 2018-07-10T11:59:33+08:00 ] 127.0.0.1 /Application/Admin/Public/js/form/skin/default/layer.css?v=3.0.3303
INFO: [ app_init ] --START--
INFO: Run Behavior\BuildLiteBehavior [ RunTime:0.000000s ]
INFO: [ app_init ] --END-- [ RunTime:0.003000s ]
ERR: 无法加载模块:Application

[ 2018-07-10T12:01:23+08:00 ] 127.0.0.1 /Application/Admin/Public/js/form/skin/default/layer.css?v=3.0.3303
INFO: [ app_init ] --START--
INFO: Run Behavior\BuildLiteBehavior [ RunTime:0.000000s ]
INFO: [ app_init ] --END-- [ RunTime:0.002000s ]
ERR: 无法加载模块:Application

[ 2018-07-10T12:01:24+08:00 ] 127.0.0.1 /Application/Admin/Public/js/form/skin/default/layer.css?v=3.0.3303
INFO: [ app_init ] --START--
INFO: Run Behavior\BuildLiteBehavior [ RunTime:0.000000s ]
INFO: [ app_init ] --END-- [ RunTime:0.002000s ]
ERR: 无法加载模块:Application

[ 2018-07-10T12:01:28+08:00 ] 127.0.0.1 /Application/Admin/Public/js/form/skin/default/layer.css?v=3.0.3303
INFO: [ app_init ] --START--
INFO: Run Behavior\BuildLiteBehavior [ RunTime:0.000000s ]
INFO: [ app_init ] --END-- [ RunTime:0.002000s ]
ERR: 无法加载模块:Application

[ 2018-07-10T12:01:41+08:00 ] 127.0.0.1 /Application/Admin/Public/js/form/skin/default/layer.css?v=3.0.3303
INFO: [ app_init ] --START--
INFO: Run Behavior\BuildLiteBehavior [ RunTime:0.000000s ]
INFO: [ app_init ] --END-- [ RunTime:0.002000s ]
ERR: 无法加载模块:Application

[ 2018-07-10T12:01:43+08:00 ] 127.0.0.1 /Application/Admin/Public/js/form/skin/default/layer.css?v=3.0.3303
INFO: [ app_init ] --START--
INFO: Run Behavior\BuildLiteBehavior [ RunTime:0.000000s ]
INFO: [ app_init ] --END-- [ RunTime:0.002000s ]
ERR: 无法加载模块:Application

[ 2018-07-10T13:26:22+08:00 ] 127.0.0.1 /Application/Admin/Public/js/form/skin/default/layer.css?v=3.0.3303
INFO: [ app_init ] --START--
INFO: Run Behavior\BuildLiteBehavior [ RunTime:0.000000s ]
INFO: [ app_init ] --END-- [ RunTime:0.002000s ]
ERR: 无法加载模块:Application

[ 2018-07-10T13:26:25+08:00 ] 127.0.0.1 /Application/Admin/Public/js/form/skin/default/layer.css?v=3.0.3303
INFO: [ app_init ] --START--
INFO: Run Behavior\BuildLiteBehavior [ RunTime:0.000000s ]
INFO: [ app_init ] --END-- [ RunTime:0.002000s ]
ERR: 无法加载模块:Application

[ 2018-07-10T13:26:28+08:00 ] 127.0.0.1 /Application/Admin/Public/js/form/skin/default/layer.css?v=3.0.3303
INFO: [ app_init ] --START--
INFO: Run Behavior\BuildLiteBehavior [ RunTime:0.000000s ]
INFO: [ app_init ] --END-- [ RunTime:0.002001s ]
ERR: 无法加载模块:Application

[ 2018-07-10T13:26:42+08:00 ] 127.0.0.1 /Application/Admin/Public/js/form/skin/default/layer.css?v=3.0.3303
INFO: [ app_init ] --START--
INFO: Run Behavior\BuildLiteBehavior [ RunTime:0.000000s ]
INFO: [ app_init ] --END-- [ RunTime:0.002000s ]
ERR: 无法加载模块:Application

[ 2018-07-10T13:26:54+08:00 ] 127.0.0.1 /Application/Admin/Public/js/form/skin/default/layer.css?v=3.0.3303
INFO: [ app_init ] --START--
INFO: Run Behavior\BuildLiteBehavior [ RunTime:0.000000s ]
INFO: [ app_init ] --END-- [ RunTime:0.002000s ]
ERR: 无法加载模块:Application

[ 2018-07-10T13:27:17+08:00 ] 127.0.0.1 /Application/Admin/Public/js/form/skin/default/layer.css?v=3.0.3303
INFO: [ app_init ] --START--
INFO: Run Behavior\BuildLiteBehavior [ RunTime:0.000000s ]
INFO: [ app_init ] --END-- [ RunTime:0.002001s ]
ERR: 无法加载模块:Application

[ 2018-07-10T13:27:18+08:00 ] 127.0.0.1 /Application/Admin/Public/js/form/skin/default/layer.css?v=3.0.3303
INFO: [ app_init ] --START--
INFO: Run Behavior\BuildLiteBehavior [ RunTime:0.001000s ]
INFO: [ app_init ] --END-- [ RunTime:0.002000s ]
ERR: 无法加载模块:Application

[ 2018-07-10T13:27:50+08:00 ] 127.0.0.1 /Application/Admin/Public/js/form/skin/default/layer.css?v=3.0.3303
INFO: [ app_init ] --START--
INFO: Run Behavior\BuildLiteBehavior [ RunTime:0.000000s ]
INFO: [ app_init ] --END-- [ RunTime:0.002000s ]
ERR: 无法加载模块:Application

[ 2018-07-10T13:27:52+08:00 ] 127.0.0.1 /Application/Admin/Public/js/form/skin/default/layer.css?v=3.0.3303
INFO: [ app_init ] --START--
INFO: Run Behavior\BuildLiteBehavior [ RunTime:0.000000s ]
INFO: [ app_init ] --END-- [ RunTime:0.002000s ]
ERR: 无法加载模块:Application

[ 2018-07-10T13:28:43+08:00 ] 127.0.0.1 /Application/Admin/Public/js/form/skin/default/layer.css?v=3.0.3303
INFO: [ app_init ] --START--
INFO: Run Behavior\BuildLiteBehavior [ RunTime:0.000000s ]
INFO: [ app_init ] --END-- [ RunTime:0.003000s ]
ERR: 无法加载模块:Application

[ 2018-07-10T13:28:48+08:00 ] 127.0.0.1 /Application/Admin/Public/js/form/skin/default/layer.css?v=3.0.3303
INFO: [ app_init ] --START--
INFO: Run Behavior\BuildLiteBehavior [ RunTime:0.000000s ]
INFO: [ app_init ] --END-- [ RunTime:0.002000s ]
ERR: 无法加载模块:Application

[ 2018-07-10T13:28:52+08:00 ] 127.0.0.1 /Application/Admin/Public/js/form/skin/default/layer.css?v=3.0.3303
INFO: [ app_init ] --START--
INFO: Run Behavior\BuildLiteBehavior [ RunTime:0.000000s ]
INFO: [ app_init ] --END-- [ RunTime:0.002000s ]
ERR: 无法加载模块:Application

[ 2018-07-10T13:29:22+08:00 ] 127.0.0.1 /Application/Admin/Public/js/form/skin/default/layer.css?v=3.0.3303
INFO: [ app_init ] --START--
INFO: Run Behavior\BuildLiteBehavior [ RunTime:0.000000s ]
INFO: [ app_init ] --END-- [ RunTime:0.002000s ]
ERR: 无法加载模块:Application

[ 2018-07-10T13:31:05+08:00 ] 127.0.0.1 /Application/Admin/Public/js/form/skin/default/layer.css?v=3.0.3303
INFO: [ app_init ] --START--
INFO: Run Behavior\BuildLiteBehavior [ RunTime:0.000000s ]
INFO: [ app_init ] --END-- [ RunTime:0.002000s ]
ERR: 无法加载模块:Application

[ 2018-07-10T13:31:08+08:00 ] 127.0.0.1 /Application/Admin/Public/js/form/skin/default/layer.css?v=3.0.3303
INFO: [ app_init ] --START--
INFO: Run Behavior\BuildLiteBehavior [ RunTime:0.000000s ]
INFO: [ app_init ] --END-- [ RunTime:0.001000s ]
ERR: 无法加载模块:Application

[ 2018-07-10T13:35:15+08:00 ] 127.0.0.1 /Application/Admin/Public/js/form/skin/default/layer.css?v=3.0.3303
INFO: [ app_init ] --START--
INFO: Run Behavior\BuildLiteBehavior [ RunTime:0.000000s ]
INFO: [ app_init ] --END-- [ RunTime:0.002000s ]
ERR: 无法加载模块:Application

[ 2018-07-10T13:37:37+08:00 ] 127.0.0.1 /Application/Admin/Public/js/form/skin/default/layer.css?v=3.0.3303
INFO: [ app_init ] --START--
INFO: Run Behavior\BuildLiteBehavior [ RunTime:0.000000s ]
INFO: [ app_init ] --END-- [ RunTime:0.002000s ]
ERR: 无法加载模块:Application

[ 2018-07-10T13:37:39+08:00 ] 127.0.0.1 /Application/Admin/Public/js/form/skin/default/layer.css?v=3.0.3303
INFO: [ app_init ] --START--
INFO: Run Behavior\BuildLiteBehavior [ RunTime:0.000000s ]
INFO: [ app_init ] --END-- [ RunTime:0.002000s ]
ERR: 无法加载模块:Application

[ 2018-07-10T13:37:41+08:00 ] 127.0.0.1 /Application/Admin/Public/js/form/skin/default/layer.css?v=3.0.3303
INFO: [ app_init ] --START--
INFO: Run Behavior\BuildLiteBehavior [ RunTime:0.000000s ]
INFO: [ app_init ] --END-- [ RunTime:0.002000s ]
ERR: 无法加载模块:Application

[ 2018-07-10T13:38:01+08:00 ] 127.0.0.1 /Application/Admin/Public/js/form/skin/default/layer.css?v=3.0.3303
INFO: [ app_init ] --START--
INFO: Run Behavior\BuildLiteBehavior [ RunTime:0.000000s ]
INFO: [ app_init ] --END-- [ RunTime:0.002000s ]
ERR: 无法加载模块:Application

[ 2018-07-10T13:38:05+08:00 ] 127.0.0.1 /Application/Admin/Public/js/form/skin/default/layer.css?v=3.0.3303
INFO: [ app_init ] --START--
INFO: Run Behavior\BuildLiteBehavior [ RunTime:0.000000s ]
INFO: [ app_init ] --END-- [ RunTime:0.002000s ]
ERR: 无法加载模块:Application

[ 2018-07-10T13:38:08+08:00 ] 127.0.0.1 /Application/Admin/Public/js/form/skin/default/layer.css?v=3.0.3303
INFO: [ app_init ] --START--
INFO: Run Behavior\BuildLiteBehavior [ RunTime:0.000000s ]
INFO: [ app_init ] --END-- [ RunTime:0.003000s ]
ERR: 无法加载模块:Application

[ 2018-07-10T13:38:10+08:00 ] 127.0.0.1 /Application/Admin/Public/js/form/skin/default/layer.css?v=3.0.3303
INFO: [ app_init ] --START--
INFO: Run Behavior\BuildLiteBehavior [ RunTime:0.000000s ]
INFO: [ app_init ] --END-- [ RunTime:0.002000s ]
ERR: 无法加载模块:Application

[ 2018-07-10T13:39:04+08:00 ] 127.0.0.1 /Application/Admin/Public/js/form/skin/default/layer.css?v=3.0.3303
INFO: [ app_init ] --START--
INFO: Run Behavior\BuildLiteBehavior [ RunTime:0.000000s ]
INFO: [ app_init ] --END-- [ RunTime:0.002000s ]
ERR: 无法加载模块:Application

[ 2018-07-10T13:41:25+08:00 ] 127.0.0.1 /Application/Admin/Public/js/form/skin/default/layer.css?v=3.0.3303
INFO: [ app_init ] --START--
INFO: Run Behavior\BuildLiteBehavior [ RunTime:0.000000s ]
INFO: [ app_init ] --END-- [ RunTime:0.002000s ]
ERR: 无法加载模块:Application

[ 2018-07-10T13:41:31+08:00 ] 127.0.0.1 /Application/Admin/Public/js/form/skin/default/layer.css?v=3.0.3303
INFO: [ app_init ] --START--
INFO: Run Behavior\BuildLiteBehavior [ RunTime:0.000000s ]
INFO: [ app_init ] --END-- [ RunTime:0.002001s ]
ERR: 无法加载模块:Application

[ 2018-07-10T13:41:58+08:00 ] 127.0.0.1 /Application/Admin/Public/js/form/skin/default/layer.css?v=3.0.3303
INFO: [ app_init ] --START--
INFO: Run Behavior\BuildLiteBehavior [ RunTime:0.000000s ]
INFO: [ app_init ] --END-- [ RunTime:0.002000s ]
ERR: 无法加载模块:Application

[ 2018-07-10T13:42:00+08:00 ] 127.0.0.1 /Application/Admin/Public/js/form/skin/default/layer.css?v=3.0.3303
INFO: [ app_init ] --START--
INFO: Run Behavior\BuildLiteBehavior [ RunTime:0.000000s ]
INFO: [ app_init ] --END-- [ RunTime:0.002000s ]
ERR: 无法加载模块:Application

[ 2018-07-10T15:06:05+08:00 ] 127.0.0.1 /Public/Upload//2018-05-21/5b0290175df2d.jpg
INFO: [ app_init ] --START--
INFO: Run Behavior\BuildLiteBehavior [ RunTime:0.000000s ]
INFO: [ app_init ] --END-- [ RunTime:0.003000s ]
ERR: 无法加载模块:Public

[ 2018-07-10T15:06:05+08:00 ] 127.0.0.1 /Public/Upload//2018-05-21/5b02901775d4d.jpg
INFO: [ app_init ] --START--
INFO: Run Behavior\BuildLiteBehavior [ RunTime:0.000000s ]
INFO: [ app_init ] --END-- [ RunTime:0.002000s ]
ERR: 无法加载模块:Public

[ 2018-07-10T15:06:05+08:00 ] 127.0.0.1 /Public/Upload//2018-05-21/5b028f46e0f37.jpg
INFO: [ app_init ] --START--
INFO: Run Behavior\BuildLiteBehavior [ RunTime:0.000000s ]
INFO: [ app_init ] --END-- [ RunTime:0.002000s ]
ERR: 无法加载模块:Public

[ 2018-07-10T15:06:05+08:00 ] 127.0.0.1 /Public/Upload//2018-05-21/5b02901746758.jpg
INFO: [ app_init ] --START--
INFO: Run Behavior\BuildLiteBehavior [ RunTime:0.000000s ]
INFO: [ app_init ] --END-- [ RunTime:0.002000s ]
ERR: 无法加载模块:Public

[ 2018-07-10T16:04:00+08:00 ] 127.0.0.1 /Public/Upload/draimg/2018-07-10/5b4457e52fcf1.jpg
INFO: [ app_init ] --START--
INFO: Run Behavior\BuildLiteBehavior [ RunTime:0.000000s ]
INFO: [ app_init ] --END-- [ RunTime:0.002000s ]
ERR: 无法加载模块:Public

[ 2018-07-10T16:04:38+08:00 ] 127.0.0.1 /Public/Upload/draimg/2018-07-10/5b4457e52fcf1.jpg
INFO: [ app_init ] --START--
INFO: Run Behavior\BuildLiteBehavior [ RunTime:0.000000s ]
INFO: [ app_init ] --END-- [ RunTime:0.002000s ]
ERR: 无法加载模块:Public

[ 2018-07-10T16:04:40+08:00 ] 127.0.0.1 /Public/Upload/draimg/2018-07-10/5b4457e52fcf1.jpg
INFO: [ app_init ] --START--
INFO: Run Behavior\BuildLiteBehavior [ RunTime:0.000000s ]
INFO: [ app_init ] --END-- [ RunTime:0.003000s ]
ERR: 无法加载模块:Public

[ 2018-07-10T16:06:08+08:00 ] 127.0.0.1 /Public/Upload/draimg/2018-07-10/5b4457e52fcf1.jpg
INFO: [ app_init ] --START--
INFO: Run Behavior\BuildLiteBehavior [ RunTime:0.000000s ]
INFO: [ app_init ] --END-- [ RunTime:0.002000s ]
ERR: 无法加载模块:Public

[ 2018-07-10T16:06:17+08:00 ] 127.0.0.1 /Public/Upload/draimg/2018-07-10/5b4457e52fcf1.jpg
INFO: [ app_init ] --START--
INFO: Run Behavior\BuildLiteBehavior [ RunTime:0.000000s ]
INFO: [ app_init ] --END-- [ RunTime:0.002000s ]
ERR: 无法加载模块:Public

[ 2018-07-10T16:06:19+08:00 ] 127.0.0.1 /Public/Upload/draimg/2018-07-10/5b4457e52fcf1.jpg
INFO: [ app_init ] --START--
INFO: Run Behavior\BuildLiteBehavior [ RunTime:0.000000s ]
INFO: [ app_init ] --END-- [ RunTime:0.003000s ]
ERR: 无法加载模块:Public

[ 2018-07-10T16:06:19+08:00 ] 127.0.0.1 /Public/Upload/draimg/2018-07-10/5b4457e52fcf1.jpg
INFO: [ app_init ] --START--
INFO: Run Behavior\BuildLiteBehavior [ RunTime:0.000000s ]
INFO: [ app_init ] --END-- [ RunTime:0.002000s ]
ERR: 无法加载模块:Public

[ 2018-07-10T16:07:07+08:00 ] 127.0.0.1 /Public/Upload/draimg/2018-07-10/5b4457e52fcf1.jpg
INFO: [ app_init ] --START--
INFO: Run Behavior\BuildLiteBehavior [ RunTime:0.000000s ]
INFO: [ app_init ] --END-- [ RunTime:0.002000s ]
ERR: 无法加载模块:Public

[ 2018-07-10T16:07:59+08:00 ] 127.0.0.1 /Public/Upload/draimg/2018-07-10/5b4457e52fcf1.jpg
INFO: [ app_init ] --START--
INFO: Run Behavior\BuildLiteBehavior [ RunTime:0.000000s ]
INFO: [ app_init ] --END-- [ RunTime:0.002000s ]
ERR: 无法加载模块:Public

[ 2018-07-10T16:08:32+08:00 ] 127.0.0.1 /Public/Upload/draimg/2018-07-10/5b4457e52fcf1.jpg
INFO: [ app_init ] --START--
INFO: Run Behavior\BuildLiteBehavior [ RunTime:0.000000s ]
INFO: [ app_init ] --END-- [ RunTime:0.002000s ]
ERR: 无法加载模块:Public

[ 2018-07-10T16:08:39+08:00 ] 127.0.0.1 /Public/Upload/draimg/2018-07-10/5b4457e52fcf1.jpg
INFO: [ app_init ] --START--
INFO: Run Behavior\BuildLiteBehavior [ RunTime:0.000000s ]
INFO: [ app_init ] --END-- [ RunTime:0.004000s ]
ERR: 无法加载模块:Public

[ 2018-07-10T16:08:39+08:00 ] 127.0.0.1 /Public/Upload/draimg/2018-07-10/5b4457e52fcf1.jpg
INFO: [ app_init ] --START--
INFO: Run Behavior\BuildLiteBehavior [ RunTime:0.000000s ]
INFO: [ app_init ] --END-- [ RunTime:0.003000s ]
ERR: 无法加载模块:Public

[ 2018-07-10T16:10:36+08:00 ] 127.0.0.1 /Public/Upload//2018-06-09/5b1b86ee1268e.jpg
INFO: [ app_init ] --START--
INFO: Run Behavior\BuildLiteBehavior [ RunTime:0.000000s ]
INFO: [ app_init ] --END-- [ RunTime:0.002001s ]
ERR: 无法加载模块:Public

[ 2018-07-10T16:10:36+08:00 ] 127.0.0.1 /Public/Upload//2018-06-09/5b1b86ee21e4d.jpg
INFO: [ app_init ] --START--
INFO: Run Behavior\BuildLiteBehavior [ RunTime:0.000000s ]
INFO: [ app_init ] --END-- [ RunTime:0.003000s ]
ERR: 无法加载模块:Public

[ 2018-07-10T16:10:36+08:00 ] 127.0.0.1 /Public/Upload//2018-06-09/5b1b86ee63909.jpg
INFO: [ app_init ] --START--
INFO: Run Behavior\BuildLiteBehavior [ RunTime:0.000000s ]
INFO: [ app_init ] --END-- [ RunTime:0.005001s ]
ERR: 无法加载模块:Public

[ 2018-07-10T16:10:36+08:00 ] 127.0.0.1 /Public/Upload//2018-06-09/5b1b86ee2655d.jpg
INFO: [ app_init ] --START--
INFO: Run Behavior\BuildLiteBehavior [ RunTime:0.000000s ]
INFO: [ app_init ] --END-- [ RunTime:0.006001s ]
ERR: 无法加载模块:Public

[ 2018-07-10T16:10:36+08:00 ] 127.0.0.1 /Public/Upload//2018-06-09/5b1b86ee4c1ab.jpg
INFO: [ app_init ] --START--
INFO: Run Behavior\BuildLiteBehavior [ RunTime:0.000000s ]
INFO: [ app_init ] --END-- [ RunTime:0.003000s ]
ERR: 无法加载模块:Public

[ 2018-07-10T16:10:36+08:00 ] 127.0.0.1 /Public/Upload//2018-06-09/5b1b86ee35072.jpg
INFO: [ app_init ] --START--
INFO: Run Behavior\BuildLiteBehavior [ RunTime:0.000000s ]
INFO: [ app_init ] --END-- [ RunTime:0.003000s ]
ERR: 无法加载模块:Public

[ 2018-07-10T16:10:36+08:00 ] 127.0.0.1 /Public/Upload//2018-06-09/5b1b86ee792b6.jpg
INFO: [ app_init ] --START--
INFO: Run Behavior\BuildLiteBehavior [ RunTime:0.000000s ]
INFO: [ app_init ] --END-- [ RunTime:0.002000s ]
ERR: 无法加载模块:Public

[ 2018-07-10T16:10:36+08:00 ] 127.0.0.1 /Public/Upload//2018-06-09/5b1b873792ab8.jpg
INFO: [ app_init ] --START--
INFO: Run Behavior\BuildLiteBehavior [ RunTime:0.001000s ]
INFO: [ app_init ] --END-- [ RunTime:0.003001s ]
ERR: 无法加载模块:Public

[ 2018-07-10T16:10:36+08:00 ] 127.0.0.1 /Public/Upload//2018-06-09/5b1b86ee90f7a.jpg
INFO: [ app_init ] --START--
INFO: Run Behavior\BuildLiteBehavior [ RunTime:0.000000s ]
INFO: [ app_init ] --END-- [ RunTime:0.003000s ]
ERR: 无法加载模块:Public

[ 2018-07-10T16:10:36+08:00 ] 127.0.0.1 /Public/Upload//2018-06-09/5b1b86eeb1e37.jpg
INFO: [ app_init ] --START--
INFO: Run Behavior\BuildLiteBehavior [ RunTime:0.000000s ]
INFO: [ app_init ] --END-- [ RunTime:0.004000s ]
ERR: 无法加载模块:Public

[ 2018-07-10T16:10:36+08:00 ] 127.0.0.1 /Public/Upload//2018-06-09/5b1b86eec64c9.jpg
INFO: [ app_init ] --START--
INFO: Run Behavior\BuildLiteBehavior [ RunTime:0.000000s ]
INFO: [ app_init ] --END-- [ RunTime:0.003001s ]
ERR: 无法加载模块:Public

[ 2018-07-10T16:10:36+08:00 ] 127.0.0.1 /Public/Upload//2018-06-09/5b1b873798ecf.jpg
INFO: [ app_init ] --START--
INFO: Run Behavior\BuildLiteBehavior [ RunTime:0.000000s ]
INFO: [ app_init ] --END-- [ RunTime:0.002000s ]
ERR: 无法加载模块:Public

[ 2018-07-10T16:10:36+08:00 ] 127.0.0.1 /Public/Upload//2018-06-09/5b1b8737a937c.jpg
INFO: [ app_init ] --START--
INFO: Run Behavior\BuildLiteBehavior [ RunTime:0.000000s ]
INFO: [ app_init ] --END-- [ RunTime:0.002000s ]
ERR: 无法加载模块:Public

[ 2018-07-10T16:10:36+08:00 ] 127.0.0.1 /Public/Upload//2018-06-09/5b1b8737bbda6.jpg
INFO: [ app_init ] --START--
INFO: Run Behavior\BuildLiteBehavior [ RunTime:0.000000s ]
INFO: [ app_init ] --END-- [ RunTime:0.002000s ]
ERR: 无法加载模块:Public

[ 2018-07-10T16:10:36+08:00 ] 127.0.0.1 /Public/Upload//2018-06-09/5b1b8738041bb.jpg
INFO: [ app_init ] --START--
INFO: Run Behavior\BuildLiteBehavior [ RunTime:0.000000s ]
INFO: [ app_init ] --END-- [ RunTime:0.002000s ]
ERR: 无法加载模块:Public

[ 2018-07-10T16:10:36+08:00 ] 127.0.0.1 /Public/Upload//2018-06-09/5b1b873817dc0.jpg
INFO: [ app_init ] --START--
INFO: Run Behavior\BuildLiteBehavior [ RunTime:0.000000s ]
INFO: [ app_init ] --END-- [ RunTime:0.002000s ]
ERR: 无法加载模块:Public

[ 2018-07-10T16:10:36+08:00 ] 127.0.0.1 /Public/Upload//2018-06-09/5b1b8737e1131.jpg
INFO: [ app_init ] --START--
INFO: Run Behavior\BuildLiteBehavior [ RunTime:0.000000s ]
INFO: [ app_init ] --END-- [ RunTime:0.002000s ]
ERR: 无法加载模块:Public

[ 2018-07-10T16:10:36+08:00 ] 127.0.0.1 /Public/Upload//2018-06-09/5b1b87382b3a6.jpg
INFO: [ app_init ] --START--
INFO: Run Behavior\BuildLiteBehavior [ RunTime:0.000000s ]
INFO: [ app_init ] --END-- [ RunTime:0.002000s ]
ERR: 无法加载模块:Public

[ 2018-07-10T16:10:36+08:00 ] 127.0.0.1 /Public/Upload//2018-06-09/5b1b8737cd7db.jpg
INFO: [ app_init ] --START--
INFO: Run Behavior\BuildLiteBehavior [ RunTime:0.000000s ]
INFO: [ app_init ] --END-- [ RunTime:0.002000s ]
ERR: 无法加载模块:Public

[ 2018-07-10T16:10:50+08:00 ] 127.0.0.1 /favicon.ico
INFO: [ app_init ] --START--
INFO: Run Behavior\BuildLiteBehavior [ RunTime:0.000000s ]
INFO: [ app_init ] --END-- [ RunTime:0.002000s ]
ERR: 无法加载模块:Favicon

[ 2018-07-10T16:10:54+08:00 ] 127.0.0.1 /Public/Upload//2018-06-09/5b1b86ee4c1ab.jpg
INFO: [ app_init ] --START--
INFO: Run Behavior\BuildLiteBehavior [ RunTime:0.000000s ]
INFO: [ app_init ] --END-- [ RunTime:0.003000s ]
ERR: 无法加载模块:Public

[ 2018-07-10T16:10:54+08:00 ] 127.0.0.1 /Public/Upload//2018-06-09/5b1b86ee63909.jpg
INFO: [ app_init ] --START--
INFO: Run Behavior\BuildLiteBehavior [ RunTime:0.000000s ]
INFO: [ app_init ] --END-- [ RunTime:0.002001s ]
ERR: 无法加载模块:Public

[ 2018-07-10T16:10:54+08:00 ] 127.0.0.1 /Public/Upload//2018-06-09/5b1b86ee1268e.jpg
INFO: [ app_init ] --START--
INFO: Run Behavior\BuildLiteBehavior [ RunTime:0.000000s ]
INFO: [ app_init ] --END-- [ RunTime:0.002000s ]
ERR: 无法加载模块:Public

[ 2018-07-10T16:10:54+08:00 ] 127.0.0.1 /Public/Upload//2018-06-09/5b1b86ee21e4d.jpg
INFO: [ app_init ] --START--
INFO: Run Behavior\BuildLiteBehavior [ RunTime:0.000000s ]
INFO: [ app_init ] --END-- [ RunTime:0.005000s ]
ERR: 无法加载模块:Public

[ 2018-07-10T16:10:54+08:00 ] 127.0.0.1 /Public/Upload//2018-06-09/5b1b86ee2655d.jpg
INFO: [ app_init ] --START--
INFO: Run Behavior\BuildLiteBehavior [ RunTime:0.000000s ]
INFO: [ app_init ] --END-- [ RunTime:0.002000s ]
ERR: 无法加载模块:Public

[ 2018-07-10T16:10:54+08:00 ] 127.0.0.1 /Public/Upload//2018-06-09/5b1b86ee35072.jpg
INFO: [ app_init ] --START--
INFO: Run Behavior\BuildLiteBehavior [ RunTime:0.000000s ]
INFO: [ app_init ] --END-- [ RunTime:0.002001s ]
ERR: 无法加载模块:Public

[ 2018-07-10T16:10:54+08:00 ] 127.0.0.1 /Public/Upload//2018-06-09/5b1b873792ab8.jpg
INFO: [ app_init ] --START--
INFO: Run Behavior\BuildLiteBehavior [ RunTime:0.000000s ]
INFO: [ app_init ] --END-- [ RunTime:0.003000s ]
ERR: 无法加载模块:Public

[ 2018-07-10T16:10:54+08:00 ] 127.0.0.1 /Public/Upload//2018-06-09/5b1b8737a937c.jpg
INFO: [ app_init ] --START--
INFO: Run Behavior\BuildLiteBehavior [ RunTime:0.000000s ]
INFO: [ app_init ] --END-- [ RunTime:0.003000s ]
ERR: 无法加载模块:Public

[ 2018-07-10T16:10:54+08:00 ] 127.0.0.1 /Public/Upload//2018-06-09/5b1b8737cd7db.jpg
INFO: [ app_init ] --START--
INFO: Run Behavior\BuildLiteBehavior [ RunTime:0.000000s ]
INFO: [ app_init ] --END-- [ RunTime:0.003000s ]
ERR: 无法加载模块:Public

[ 2018-07-10T16:10:54+08:00 ] 127.0.0.1 /Public/Upload//2018-06-09/5b1b86ee90f7a.jpg
INFO: [ app_init ] --START--
INFO: Run Behavior\BuildLiteBehavior [ RunTime:0.000000s ]
INFO: [ app_init ] --END-- [ RunTime:0.002000s ]
ERR: 无法加载模块:Public

[ 2018-07-10T16:10:54+08:00 ] 127.0.0.1 /Public/Upload//2018-06-09/5b1b86ee792b6.jpg
INFO: [ app_init ] --START--
INFO: Run Behavior\BuildLiteBehavior [ RunTime:0.000000s ]
INFO: [ app_init ] --END-- [ RunTime:0.003000s ]
ERR: 无法加载模块:Public

[ 2018-07-10T16:10:54+08:00 ] 127.0.0.1 /Public/Upload//2018-06-09/5b1b87382b3a6.jpg
INFO: [ app_init ] --START--
INFO: Run Behavior\BuildLiteBehavior [ RunTime:0.000000s ]
INFO: [ app_init ] --END-- [ RunTime:0.003000s ]
ERR: 无法加载模块:Public

[ 2018-07-10T16:10:54+08:00 ] 127.0.0.1 /Public/Upload//2018-06-09/5b1b86eeb1e37.jpg
INFO: [ app_init ] --START--
INFO: Run Behavior\BuildLiteBehavior [ RunTime:0.000000s ]
INFO: [ app_init ] --END-- [ RunTime:0.004001s ]
ERR: 无法加载模块:Public

[ 2018-07-10T16:10:54+08:00 ] 127.0.0.1 /Public/Upload//2018-06-09/5b1b8737bbda6.jpg
INFO: [ app_init ] --START--
INFO: Run Behavior\BuildLiteBehavior [ RunTime:0.000000s ]
INFO: [ app_init ] --END-- [ RunTime:0.002000s ]
ERR: 无法加载模块:Public

[ 2018-07-10T16:10:54+08:00 ] 127.0.0.1 /Public/Upload//2018-06-09/5b1b8737e1131.jpg
INFO: [ app_init ] --START--
INFO: Run Behavior\BuildLiteBehavior [ RunTime:0.000000s ]
INFO: [ app_init ] --END-- [ RunTime:0.005000s ]
ERR: 无法加载模块:Public

[ 2018-07-10T16:10:54+08:00 ] 127.0.0.1 /Public/Upload//2018-06-09/5b1b86eec64c9.jpg
INFO: [ app_init ] --START--
INFO: Run Behavior\BuildLiteBehavior [ RunTime:0.000000s ]
INFO: [ app_init ] --END-- [ RunTime:0.002000s ]
ERR: 无法加载模块:Public

[ 2018-07-10T16:10:54+08:00 ] 127.0.0.1 /Public/Upload//2018-06-09/5b1b873817dc0.jpg
INFO: [ app_init ] --START--
INFO: Run Behavior\BuildLiteBehavior [ RunTime:0.000000s ]
INFO: [ app_init ] --END-- [ RunTime:0.002000s ]
ERR: 无法加载模块:Public

[ 2018-07-10T16:10:54+08:00 ] 127.0.0.1 /Public/Upload//2018-06-09/5b1b8738041bb.jpg
INFO: [ app_init ] --START--
INFO: Run Behavior\BuildLiteBehavior [ RunTime:0.000000s ]
INFO: [ app_init ] --END-- [ RunTime:0.002000s ]
ERR: 无法加载模块:Public

[ 2018-07-10T16:10:54+08:00 ] 127.0.0.1 /Public/Upload//2018-06-09/5b1b873798ecf.jpg
INFO: [ app_init ] --START--
INFO: Run Behavior\BuildLiteBehavior [ RunTime:0.000000s ]
INFO: [ app_init ] --END-- [ RunTime:0.002000s ]
ERR: 无法加载模块:Public

[ 2018-07-10T16:11:03+08:00 ] 127.0.0.1 /Public/Upload//2018-06-09/5b1b86ee21e4d.jpg
INFO: [ app_init ] --START--
INFO: Run Behavior\BuildLiteBehavior [ RunTime:0.000000s ]
INFO: [ app_init ] --END-- [ RunTime:0.003000s ]
ERR: 无法加载模块:Public

[ 2018-07-10T16:11:03+08:00 ] 127.0.0.1 /Public/Upload//2018-06-09/5b1b86ee1268e.jpg
INFO: [ app_init ] --START--
INFO: Run Behavior\BuildLiteBehavior [ RunTime:0.000000s ]
INFO: [ app_init ] --END-- [ RunTime:0.005000s ]
ERR: 无法加载模块:Public

[ 2018-07-10T16:11:03+08:00 ] 127.0.0.1 /Public/Upload//2018-06-09/5b1b86ee63909.jpg
INFO: [ app_init ] --START--
INFO: Run Behavior\BuildLiteBehavior [ RunTime:0.000000s ]
INFO: [ app_init ] --END-- [ RunTime:0.002000s ]
ERR: 无法加载模块:Public

[ 2018-07-10T16:11:03+08:00 ] 127.0.0.1 /Public/Upload//2018-06-09/5b1b86ee4c1ab.jpg
INFO: [ app_init ] --START--
INFO: Run Behavior\BuildLiteBehavior [ RunTime:0.000000s ]
INFO: [ app_init ] --END-- [ RunTime:0.002000s ]
ERR: 无法加载模块:Public

[ 2018-07-10T16:11:03+08:00 ] 127.0.0.1 /Public/Upload//2018-06-09/5b1b86ee35072.jpg
INFO: [ app_init ] --START--
INFO: Run Behavior\BuildLiteBehavior [ RunTime:0.000000s ]
INFO: [ app_init ] --END-- [ RunTime:0.003000s ]
ERR: 无法加载模块:Public

[ 2018-07-10T16:11:03+08:00 ] 127.0.0.1 /Public/Upload//2018-06-09/5b1b86ee2655d.jpg
INFO: [ app_init ] --START--
INFO: Run Behavior\BuildLiteBehavior [ RunTime:0.000000s ]
INFO: [ app_init ] --END-- [ RunTime:0.003000s ]
ERR: 无法加载模块:Public

[ 2018-07-10T16:11:04+08:00 ] 127.0.0.1 /Public/Upload//2018-06-09/5b1b86ee792b6.jpg
INFO: [ app_init ] --START--
INFO: Run Behavior\BuildLiteBehavior [ RunTime:0.000000s ]
INFO: [ app_init ] --END-- [ RunTime:0.002000s ]
ERR: 无法加载模块:Public

[ 2018-07-10T16:11:04+08:00 ] 127.0.0.1 /Public/Upload//2018-06-09/5b1b8737bbda6.jpg
INFO: [ app_init ] --START--
INFO: Run Behavior\BuildLiteBehavior [ RunTime:0.000000s ]
INFO: [ app_init ] --END-- [ RunTime:0.004000s ]
ERR: 无法加载模块:Public

[ 2018-07-10T16:11:04+08:00 ] 127.0.0.1 /Public/Upload//2018-06-09/5b1b8737cd7db.jpg
INFO: [ app_init ] --START--
INFO: Run Behavior\BuildLiteBehavior [ RunTime:0.000000s ]
INFO: [ app_init ] --END-- [ RunTime:0.002000s ]
ERR: 无法加载模块:Public

[ 2018-07-10T16:11:04+08:00 ] 127.0.0.1 /Public/Upload//2018-06-09/5b1b87382b3a6.jpg
INFO: [ app_init ] --START--
INFO: Run Behavior\BuildLiteBehavior [ RunTime:0.000000s ]
INFO: [ app_init ] --END-- [ RunTime:0.002000s ]
ERR: 无法加载模块:Public

[ 2018-07-10T16:11:04+08:00 ] 127.0.0.1 /Public/Upload//2018-06-09/5b1b86ee90f7a.jpg
INFO: [ app_init ] --START--
INFO: Run Behavior\BuildLiteBehavior [ RunTime:0.000000s ]
INFO: [ app_init ] --END-- [ RunTime:0.003000s ]
ERR: 无法加载模块:Public

[ 2018-07-10T16:11:04+08:00 ] 127.0.0.1 /Public/Upload//2018-06-09/5b1b873792ab8.jpg
INFO: [ app_init ] --START--
INFO: Run Behavior\BuildLiteBehavior [ RunTime:0.000000s ]
INFO: [ app_init ] --END-- [ RunTime:0.003001s ]
ERR: 无法加载模块:Public

[ 2018-07-10T16:11:04+08:00 ] 127.0.0.1 /Public/Upload//2018-06-09/5b1b8737a937c.jpg
INFO: [ app_init ] --START--
INFO: Run Behavior\BuildLiteBehavior [ RunTime:0.000000s ]
INFO: [ app_init ] --END-- [ RunTime:0.004000s ]
ERR: 无法加载模块:Public

[ 2018-07-10T16:11:04+08:00 ] 127.0.0.1 /Public/Upload//2018-06-09/5b1b86eeb1e37.jpg
INFO: [ app_init ] --START--
INFO: Run Behavior\BuildLiteBehavior [ RunTime:0.000000s ]
INFO: [ app_init ] --END-- [ RunTime:0.002001s ]
ERR: 无法加载模块:Public

[ 2018-07-10T16:11:04+08:00 ] 127.0.0.1 /Public/Upload//2018-06-09/5b1b8737e1131.jpg
INFO: [ app_init ] --START--
INFO: Run Behavior\BuildLiteBehavior [ RunTime:0.000000s ]
INFO: [ app_init ] --END-- [ RunTime:0.004000s ]
ERR: 无法加载模块:Public

[ 2018-07-10T16:11:04+08:00 ] 127.0.0.1 /Public/Upload//2018-06-09/5b1b873798ecf.jpg
INFO: [ app_init ] --START--
INFO: Run Behavior\BuildLiteBehavior [ RunTime:0.000000s ]
INFO: [ app_init ] --END-- [ RunTime:0.004000s ]
ERR: 无法加载模块:Public

[ 2018-07-10T16:11:04+08:00 ] 127.0.0.1 /Public/Upload//2018-06-09/5b1b8738041bb.jpg
INFO: [ app_init ] --START--
INFO: Run Behavior\BuildLiteBehavior [ RunTime:0.000000s ]
INFO: [ app_init ] --END-- [ RunTime:0.002001s ]
ERR: 无法加载模块:Public

[ 2018-07-10T16:11:04+08:00 ] 127.0.0.1 /Public/Upload//2018-06-09/5b1b873817dc0.jpg
INFO: [ app_init ] --START--
INFO: Run Behavior\BuildLiteBehavior [ RunTime:0.000000s ]
INFO: [ app_init ] --END-- [ RunTime:0.002000s ]
ERR: 无法加载模块:Public

[ 2018-07-10T16:11:04+08:00 ] 127.0.0.1 /Public/Upload//2018-06-09/5b1b86eec64c9.jpg
INFO: [ app_init ] --START--
INFO: Run Behavior\BuildLiteBehavior [ RunTime:0.000000s ]
INFO: [ app_init ] --END-- [ RunTime:0.002000s ]
ERR: 无法加载模块:Public

[ 2018-07-10T16:11:37+08:00 ] 127.0.0.1 /Public/Upload//2018-06-09/5b1b86ee35072.jpg
INFO: [ app_init ] --START--
INFO: Run Behavior\BuildLiteBehavior [ RunTime:0.000000s ]
INFO: [ app_init ] --END-- [ RunTime:0.002000s ]
ERR: 无法加载模块:Public

[ 2018-07-10T16:11:37+08:00 ] 127.0.0.1 /Public/Upload//2018-06-09/5b1b86ee1268e.jpg
INFO: [ app_init ] --START--
INFO: Run Behavior\BuildLiteBehavior [ RunTime:0.000000s ]
INFO: [ app_init ] --END-- [ RunTime:0.004000s ]
ERR: 无法加载模块:Public

[ 2018-07-10T16:11:37+08:00 ] 127.0.0.1 /Public/Upload//2018-06-09/5b1b86ee21e4d.jpg
INFO: [ app_init ] --START--
INFO: Run Behavior\BuildLiteBehavior [ RunTime:0.000000s ]
INFO: [ app_init ] --END-- [ RunTime:0.005000s ]
ERR: 无法加载模块:Public

[ 2018-07-10T16:11:37+08:00 ] 127.0.0.1 /Public/Upload//2018-06-09/5b1b86ee2655d.jpg
INFO: [ app_init ] --START--
INFO: Run Behavior\BuildLiteBehavior [ RunTime:0.000000s ]
INFO: [ app_init ] --END-- [ RunTime:0.003000s ]
ERR: 无法加载模块:Public

[ 2018-07-10T16:11:37+08:00 ] 127.0.0.1 /Public/Upload//2018-06-09/5b1b86ee4c1ab.jpg
INFO: [ app_init ] --START--
INFO: Run Behavior\BuildLiteBehavior [ RunTime:0.000000s ]
INFO: [ app_init ] --END-- [ RunTime:0.005000s ]
ERR: 无法加载模块:Public

[ 2018-07-10T16:11:37+08:00 ] 127.0.0.1 /Public/Upload//2018-06-09/5b1b86ee63909.jpg
INFO: [ app_init ] --START--
INFO: Run Behavior\BuildLiteBehavior [ RunTime:0.000000s ]
INFO: [ app_init ] --END-- [ RunTime:0.006001s ]
ERR: 无法加载模块:Public

[ 2018-07-10T16:11:37+08:00 ] 127.0.0.1 /Public/Upload//2018-06-09/5b1b86eec64c9.jpg
INFO: [ app_init ] --START--
INFO: Run Behavior\BuildLiteBehavior [ RunTime:0.000000s ]
INFO: [ app_init ] --END-- [ RunTime:0.003000s ]
ERR: 无法加载模块:Public

[ 2018-07-10T16:11:37+08:00 ] 127.0.0.1 /Public/Upload//2018-06-09/5b1b86ee90f7a.jpg
INFO: [ app_init ] --START--
INFO: Run Behavior\BuildLiteBehavior [ RunTime:0.000000s ]
INFO: [ app_init ] --END-- [ RunTime:0.004000s ]
ERR: 无法加载模块:Public

[ 2018-07-10T16:11:37+08:00 ] 127.0.0.1 /Public/Upload//2018-06-09/5b1b86ee792b6.jpg
INFO: [ app_init ] --START--
INFO: Run Behavior\BuildLiteBehavior [ RunTime:0.000000s ]
INFO: [ app_init ] --END-- [ RunTime:0.003000s ]
ERR: 无法加载模块:Public

[ 2018-07-10T16:11:37+08:00 ] 127.0.0.1 /Public/Upload//2018-06-09/5b1b86eeb1e37.jpg
INFO: [ app_init ] --START--
INFO: Run Behavior\BuildLiteBehavior [ RunTime:0.000000s ]
INFO: [ app_init ] --END-- [ RunTime:0.007000s ]
ERR: 无法加载模块:Public

[ 2018-07-10T16:11:37+08:00 ] 127.0.0.1 /Public/Upload//2018-06-09/5b1b873792ab8.jpg
INFO: [ app_init ] --START--
INFO: Run Behavior\BuildLiteBehavior [ RunTime:0.000000s ]
INFO: [ app_init ] --END-- [ RunTime:0.004000s ]
ERR: 无法加载模块:Public

[ 2018-07-10T16:11:37+08:00 ] 127.0.0.1 /Public/Upload//2018-06-09/5b1b8737a937c.jpg
INFO: [ app_init ] --START--
INFO: Run Behavior\BuildLiteBehavior [ RunTime:0.000000s ]
INFO: [ app_init ] --END-- [ RunTime:0.003001s ]
ERR: 无法加载模块:Public

[ 2018-07-10T16:11:37+08:00 ] 127.0.0.1 /Public/Upload//2018-06-09/5b1b8737bbda6.jpg
INFO: [ app_init ] --START--
INFO: Run Behavior\BuildLiteBehavior [ RunTime:0.000000s ]
INFO: [ app_init ] --END-- [ RunTime:0.005001s ]
ERR: 无法加载模块:Public

[ 2018-07-10T16:11:37+08:00 ] 127.0.0.1 /Public/Upload//2018-06-09/5b1b873798ecf.jpg
INFO: [ app_init ] --START--
INFO: Run Behavior\BuildLiteBehavior [ RunTime:0.000000s ]
INFO: [ app_init ] --END-- [ RunTime:0.003001s ]
ERR: 无法加载模块:Public

[ 2018-07-10T16:11:37+08:00 ] 127.0.0.1 /Public/Upload//2018-06-09/5b1b8737cd7db.jpg
INFO: [ app_init ] --START--
INFO: Run Behavior\BuildLiteBehavior [ RunTime:0.000000s ]
INFO: [ app_init ] --END-- [ RunTime:0.002000s ]
ERR: 无法加载模块:Public

[ 2018-07-10T16:11:37+08:00 ] 127.0.0.1 /Public/Upload//2018-06-09/5b1b8737e1131.jpg
INFO: [ app_init ] --START--
INFO: Run Behavior\BuildLiteBehavior [ RunTime:0.000000s ]
INFO: [ app_init ] --END-- [ RunTime:0.003000s ]
ERR: 无法加载模块:Public

[ 2018-07-10T16:11:37+08:00 ] 127.0.0.1 /Public/Upload//2018-06-09/5b1b8738041bb.jpg
INFO: [ app_init ] --START--
INFO: Run Behavior\BuildLiteBehavior [ RunTime:0.000000s ]
INFO: [ app_init ] --END-- [ RunTime:0.003000s ]
ERR: 无法加载模块:Public

[ 2018-07-10T16:11:37+08:00 ] 127.0.0.1 /Public/Upload//2018-06-09/5b1b87382b3a6.jpg
INFO: [ app_init ] --START--
INFO: Run Behavior\BuildLiteBehavior [ RunTime:0.000000s ]
INFO: [ app_init ] --END-- [ RunTime:0.003000s ]
ERR: 无法加载模块:Public

[ 2018-07-10T16:11:37+08:00 ] 127.0.0.1 /Public/Upload//2018-06-09/5b1b873817dc0.jpg
INFO: [ app_init ] --START--
INFO: Run Behavior\BuildLiteBehavior [ RunTime:0.000000s ]
INFO: [ app_init ] --END-- [ RunTime:0.003001s ]
ERR: 无法加载模块:Public

[ 2018-07-10T16:11:42+08:00 ] 127.0.0.1 /Public/Upload//2018-06-09/5b1b86ee1268e.jpg
INFO: [ app_init ] --START--
INFO: Run Behavior\BuildLiteBehavior [ RunTime:0.000000s ]
INFO: [ app_init ] --END-- [ RunTime:0.005000s ]
ERR: 无法加载模块:Public

[ 2018-07-10T16:11:42+08:00 ] 127.0.0.1 /Public/Upload//2018-06-09/5b1b86ee21e4d.jpg
INFO: [ app_init ] --START--
INFO: Run Behavior\BuildLiteBehavior [ RunTime:0.000000s ]
INFO: [ app_init ] --END-- [ RunTime:0.003000s ]
ERR: 无法加载模块:Public

[ 2018-07-10T16:11:42+08:00 ] 127.0.0.1 /Public/Upload//2018-06-09/5b1b86ee63909.jpg
INFO: [ app_init ] --START--
INFO: Run Behavior\BuildLiteBehavior [ RunTime:0.000000s ]
INFO: [ app_init ] --END-- [ RunTime:0.004001s ]
ERR: 无法加载模块:Public

[ 2018-07-10T16:11:42+08:00 ] 127.0.0.1 /Public/Upload//2018-06-09/5b1b86ee35072.jpg
INFO: [ app_init ] --START--
INFO: Run Behavior\BuildLiteBehavior [ RunTime:0.000000s ]
INFO: [ app_init ] --END-- [ RunTime:0.003000s ]
ERR: 无法加载模块:Public

[ 2018-07-10T16:11:42+08:00 ] 127.0.0.1 /Public/Upload//2018-06-09/5b1b86ee2655d.jpg
INFO: [ app_init ] --START--
INFO: Run Behavior\BuildLiteBehavior [ RunTime:0.000000s ]
INFO: [ app_init ] --END-- [ RunTime:0.004001s ]
ERR: 无法加载模块:Public

[ 2018-07-10T16:11:42+08:00 ] 127.0.0.1 /Public/Upload//2018-06-09/5b1b86ee4c1ab.jpg
INFO: [ app_init ] --START--
INFO: Run Behavior\BuildLiteBehavior [ RunTime:0.000000s ]
INFO: [ app_init ] --END-- [ RunTime:0.003000s ]
ERR: 无法加载模块:Public

[ 2018-07-10T16:11:42+08:00 ] 127.0.0.1 /Public/Upload//2018-06-09/5b1b8737a937c.jpg
INFO: [ app_init ] --START--
INFO: Run Behavior\BuildLiteBehavior [ RunTime:0.000000s ]
INFO: [ app_init ] --END-- [ RunTime:0.003000s ]
ERR: 无法加载模块:Public

[ 2018-07-10T16:11:43+08:00 ] 127.0.0.1 /Public/Upload//2018-06-09/5b1b8737cd7db.jpg
INFO: [ app_init ] --START--
INFO: Run Behavior\BuildLiteBehavior [ RunTime:0.000000s ]
INFO: [ app_init ] --END-- [ RunTime:0.003000s ]
ERR: 无法加载模块:Public

[ 2018-07-10T16:11:43+08:00 ] 127.0.0.1 /Public/Upload//2018-06-09/5b1b86ee90f7a.jpg
INFO: [ app_init ] --START--
INFO: Run Behavior\BuildLiteBehavior [ RunTime:0.000000s ]
INFO: [ app_init ] --END-- [ RunTime:0.003000s ]
ERR: 无法加载模块:Public

[ 2018-07-10T16:11:43+08:00 ] 127.0.0.1 /Public/Upload//2018-06-09/5b1b87382b3a6.jpg
INFO: [ app_init ] --START--
INFO: Run Behavior\BuildLiteBehavior [ RunTime:0.000000s ]
INFO: [ app_init ] --END-- [ RunTime:0.002000s ]
ERR: 无法加载模块:Public

[ 2018-07-10T16:11:43+08:00 ] 127.0.0.1 /Public/Upload//2018-06-09/5b1b8737bbda6.jpg
INFO: [ app_init ] --START--
INFO: Run Behavior\BuildLiteBehavior [ RunTime:0.000000s ]
INFO: [ app_init ] --END-- [ RunTime:0.003000s ]
ERR: 无法加载模块:Public

[ 2018-07-10T16:11:43+08:00 ] 127.0.0.1 /Public/Upload//2018-06-09/5b1b86eec64c9.jpg
INFO: [ app_init ] --START--
INFO: Run Behavior\BuildLiteBehavior [ RunTime:0.000000s ]
INFO: [ app_init ] --END-- [ RunTime:0.004000s ]
ERR: 无法加载模块:Public

[ 2018-07-10T16:11:43+08:00 ] 127.0.0.1 /Public/Upload//2018-06-09/5b1b873798ecf.jpg
INFO: [ app_init ] --START--
INFO: Run Behavior\BuildLiteBehavior [ RunTime:0.000000s ]
INFO: [ app_init ] --END-- [ RunTime:0.004001s ]
ERR: 无法加载模块:Public

[ 2018-07-10T16:11:43+08:00 ] 127.0.0.1 /Public/Upload//2018-06-09/5b1b873792ab8.jpg
INFO: [ app_init ] --START--
INFO: Run Behavior\BuildLiteBehavior [ RunTime:0.000000s ]
INFO: [ app_init ] --END-- [ RunTime:0.002000s ]
ERR: 无法加载模块:Public

[ 2018-07-10T16:11:43+08:00 ] 127.0.0.1 /Public/Upload//2018-06-09/5b1b86ee792b6.jpg
INFO: [ app_init ] --START--
INFO: Run Behavior\BuildLiteBehavior [ RunTime:0.000000s ]
INFO: [ app_init ] --END-- [ RunTime:0.006001s ]
ERR: 无法加载模块:Public

[ 2018-07-10T16:11:43+08:00 ] 127.0.0.1 /Public/Upload//2018-06-09/5b1b8738041bb.jpg
INFO: [ app_init ] --START--
INFO: Run Behavior\BuildLiteBehavior [ RunTime:0.000000s ]
INFO: [ app_init ] --END-- [ RunTime:0.002000s ]
ERR: 无法加载模块:Public

[ 2018-07-10T16:11:43+08:00 ] 127.0.0.1 /Public/Upload//2018-06-09/5b1b8737e1131.jpg
INFO: [ app_init ] --START--
INFO: Run Behavior\BuildLiteBehavior [ RunTime:0.000000s ]
INFO: [ app_init ] --END-- [ RunTime:0.002001s ]
ERR: 无法加载模块:Public

[ 2018-07-10T16:11:43+08:00 ] 127.0.0.1 /Public/Upload//2018-06-09/5b1b86eeb1e37.jpg
INFO: [ app_init ] --START--
INFO: Run Behavior\BuildLiteBehavior [ RunTime:0.000000s ]
INFO: [ app_init ] --END-- [ RunTime:0.003000s ]
ERR: 无法加载模块:Public

[ 2018-07-10T16:11:43+08:00 ] 127.0.0.1 /Public/Upload//2018-06-09/5b1b873817dc0.jpg
INFO: [ app_init ] --START--
INFO: Run Behavior\BuildLiteBehavior [ RunTime:0.000000s ]
INFO: [ app_init ] --END-- [ RunTime:0.002000s ]
ERR: 无法加载模块:Public

[ 2018-07-10T16:11:54+08:00 ] 127.0.0.1 /Public/Upload/draimg/2018-07-10/5b4457e54e158.jpg
INFO: [ app_init ] --START--
INFO: Run Behavior\BuildLiteBehavior [ RunTime:0.000000s ]
INFO: [ app_init ] --END-- [ RunTime:0.002000s ]
ERR: 无法加载模块:Public

[ 2018-07-10T16:11:54+08:00 ] 127.0.0.1 /Public/Upload/draimg/2018-07-10/5b4457e52fcf1.jpg
INFO: [ app_init ] --START--
INFO: Run Behavior\BuildLiteBehavior [ RunTime:0.000000s ]
INFO: [ app_init ] --END-- [ RunTime:0.002000s ]
ERR: 无法加载模块:Public

[ 2018-07-10T16:13:15+08:00 ] 127.0.0.1 /Public/Upload/draimg/2018-07-10/5b4457e52fcf1.jpg
INFO: [ app_init ] --START--
INFO: Run Behavior\BuildLiteBehavior [ RunTime:0.000000s ]
INFO: [ app_init ] --END-- [ RunTime:0.003000s ]
ERR: 无法加载模块:Public

[ 2018-07-10T16:13:15+08:00 ] 127.0.0.1 /Public/Upload/draimg/2018-07-10/5b4457e54e158.jpg
INFO: [ app_init ] --START--
INFO: Run Behavior\BuildLiteBehavior [ RunTime:0.000000s ]
INFO: [ app_init ] --END-- [ RunTime:0.002000s ]
ERR: 无法加载模块:Public

[ 2018-07-10T16:13:17+08:00 ] 127.0.0.1 /Public/Upload/draimg/2018-07-10/5b4457e54e158.jpg
INFO: [ app_init ] --START--
INFO: Run Behavior\BuildLiteBehavior [ RunTime:0.000000s ]
INFO: [ app_init ] --END-- [ RunTime:0.002000s ]
ERR: 无法加载模块:Public

[ 2018-07-10T16:13:17+08:00 ] 127.0.0.1 /Public/Upload/draimg/2018-07-10/5b4457e52fcf1.jpg
INFO: [ app_init ] --START--
INFO: Run Behavior\BuildLiteBehavior [ RunTime:0.000000s ]
INFO: [ app_init ] --END-- [ RunTime:0.002001s ]
ERR: 无法加载模块:Public

[ 2018-07-10T16:13:18+08:00 ] 127.0.0.1 /Public/Upload/draimg/2018-07-10/5b4457e52fcf1.jpg
INFO: [ app_init ] --START--
INFO: Run Behavior\BuildLiteBehavior [ RunTime:0.000000s ]
INFO: [ app_init ] --END-- [ RunTime:0.002000s ]
ERR: 无法加载模块:Public

[ 2018-07-10T16:13:18+08:00 ] 127.0.0.1 /Public/Upload/draimg/2018-07-10/5b4457e54e158.jpg
INFO: [ app_init ] --START--
INFO: Run Behavior\BuildLiteBehavior [ RunTime:0.000000s ]
INFO: [ app_init ] --END-- [ RunTime:0.002000s ]
ERR: 无法加载模块:Public

[ 2018-07-10T16:13:47+08:00 ] 127.0.0.1 /Public/Upload/draimg/2018-07-10/5b4457e54e158.jpg
INFO: [ app_init ] --START--
INFO: Run Behavior\BuildLiteBehavior [ RunTime:0.000000s ]
INFO: [ app_init ] --END-- [ RunTime:0.003001s ]
ERR: 无法加载模块:Public

[ 2018-07-10T16:13:47+08:00 ] 127.0.0.1 /Public/Upload/draimg/2018-07-10/5b4457e52fcf1.jpg
INFO: [ app_init ] --START--
INFO: Run Behavior\BuildLiteBehavior [ RunTime:0.000000s ]
INFO: [ app_init ] --END-- [ RunTime:0.002001s ]
ERR: 无法加载模块:Public

[ 2018-07-10T16:15:28+08:00 ] 127.0.0.1 /Public/Upload/draimg/2018-07-10/5b4457e54e158.jpg
INFO: [ app_init ] --START--
INFO: Run Behavior\BuildLiteBehavior [ RunTime:0.000000s ]
INFO: [ app_init ] --END-- [ RunTime:0.002000s ]
ERR: 无法加载模块:Public

[ 2018-07-10T16:15:28+08:00 ] 127.0.0.1 /Public/Upload/draimg/2018-07-10/5b4457e52fcf1.jpg
INFO: [ app_init ] --START--
INFO: Run Behavior\BuildLiteBehavior [ RunTime:0.000000s ]
INFO: [ app_init ] --END-- [ RunTime:0.002000s ]
ERR: 无法加载模块:Public

[ 2018-07-10T16:15:38+08:00 ] 127.0.0.1 /Public/Upload/draimg/2018-07-10/5b4457e52fcf1.jpg
INFO: [ app_init ] --START--
INFO: Run Behavior\BuildLiteBehavior [ RunTime:0.000000s ]
INFO: [ app_init ] --END-- [ RunTime:0.002000s ]
ERR: 无法加载模块:Public

[ 2018-07-10T16:15:38+08:00 ] 127.0.0.1 /Public/Upload/draimg/2018-07-10/5b4457e54e158.jpg
INFO: [ app_init ] --START--
INFO: Run Behavior\BuildLiteBehavior [ RunTime:0.000000s ]
INFO: [ app_init ] --END-- [ RunTime:0.002000s ]
ERR: 无法加载模块:Public

