[ 2018-08-07T14:04:16+08:00 ] 127.0.0.1 /Public/Upload//2016-09-05/57cd34e3acbed.png
INFO: [ app_init ] --START--
INFO: Run Behavior\BuildLiteBehavior [ RunTime:0.000000s ]
INFO: [ app_init ] --END-- [ RunTime:0.002000s ]
ERR: 无法加载模块:Public

[ 2018-08-07T14:04:27+08:00 ] 127.0.0.1 /Public/Upload//2017-01-19/58806e0208f46.png
INFO: [ app_init ] --START--
INFO: Run Behavior\BuildLiteBehavior [ RunTime:0.000000s ]
INFO: [ app_init ] --END-- [ RunTime:0.002000s ]
ERR: 无法加载模块:Public

[ 2018-08-07T14:04:27+08:00 ] 127.0.0.1 /Public/Upload//2017-01-05/586de68cd2ecd.png
INFO: [ app_init ] --START--
INFO: Run Behavior\BuildLiteBehavior [ RunTime:0.000000s ]
INFO: [ app_init ] --END-- [ RunTime:0.002000s ]
ERR: 无法加载模块:Public

[ 2018-08-07T14:04:27+08:00 ] 127.0.0.1 /Public/Upload//2017-01-05/586de715d7862.jpg
INFO: [ app_init ] --START--
INFO: Run Behavior\BuildLiteBehavior [ RunTime:0.000000s ]
INFO: [ app_init ] --END-- [ RunTime:0.003001s ]
ERR: 无法加载模块:Public

[ 2018-08-07T14:04:30+08:00 ] 127.0.0.1 /Public/Upload//2017-01-05/586de68cd2ecd.png
INFO: [ app_init ] --START--
INFO: Run Behavior\BuildLiteBehavior [ RunTime:0.000000s ]
INFO: [ app_init ] --END-- [ RunTime:0.002000s ]
ERR: 无法加载模块:Public

[ 2018-08-07T14:04:30+08:00 ] 127.0.0.1 /Public/Upload//2017-01-19/58806e0208f46.png
INFO: [ app_init ] --START--
INFO: Run Behavior\BuildLiteBehavior [ RunTime:0.000000s ]
INFO: [ app_init ] --END-- [ RunTime:0.003000s ]
ERR: 无法加载模块:Public

[ 2018-08-07T14:04:30+08:00 ] 127.0.0.1 /Public/Upload//2017-01-05/586de715d7862.jpg
INFO: [ app_init ] --START--
INFO: Run Behavior\BuildLiteBehavior [ RunTime:0.000000s ]
INFO: [ app_init ] --END-- [ RunTime:0.003000s ]
ERR: 无法加载模块:Public

[ 2018-08-07T14:04:33+08:00 ] 127.0.0.1 /Public/Upload//2017-01-19/58806e0208f46.png
INFO: [ app_init ] --START--
INFO: Run Behavior\BuildLiteBehavior [ RunTime:0.000000s ]
INFO: [ app_init ] --END-- [ RunTime:0.002000s ]
ERR: 无法加载模块:Public

[ 2018-08-07T14:04:33+08:00 ] 127.0.0.1 /Public/Upload//2017-01-05/586de68cd2ecd.png
INFO: [ app_init ] --START--
INFO: Run Behavior\BuildLiteBehavior [ RunTime:0.000000s ]
INFO: [ app_init ] --END-- [ RunTime:0.002001s ]
ERR: 无法加载模块:Public

[ 2018-08-07T14:04:33+08:00 ] 127.0.0.1 /Public/Upload//2017-01-05/586de715d7862.jpg
INFO: [ app_init ] --START--
INFO: Run Behavior\BuildLiteBehavior [ RunTime:0.000000s ]
INFO: [ app_init ] --END-- [ RunTime:0.003000s ]
ERR: 无法加载模块:Public

[ 2018-08-07T14:21:18+08:00 ] 127.0.0.1 /favicon.ico
INFO: [ app_init ] --START--
INFO: Run Behavior\BuildLiteBehavior [ RunTime:0.000000s ]
INFO: [ app_init ] --END-- [ RunTime:0.002000s ]
ERR: 无法加载模块:Favicon

[ 2018-08-07T14:36:54+08:00 ] 127.0.0.1 /Public/Upload//2018-06-09/5b1b86ee63909.jpg
INFO: [ app_init ] --START--
INFO: Run Behavior\BuildLiteBehavior [ RunTime:0.000000s ]
INFO: [ app_init ] --END-- [ RunTime:0.002000s ]
ERR: 无法加载模块:Public

[ 2018-08-07T14:36:54+08:00 ] 127.0.0.1 /Public/Upload//2018-06-09/5b1b86ee1268e.jpg
INFO: [ app_init ] --START--
INFO: Run Behavior\BuildLiteBehavior [ RunTime:0.000000s ]
INFO: [ app_init ] --END-- [ RunTime:0.003001s ]
ERR: 无法加载模块:Public

[ 2018-08-07T14:36:54+08:00 ] 127.0.0.1 /Public/Upload//2018-06-09/5b1b86ee21e4d.jpg
INFO: [ app_init ] --START--
INFO: Run Behavior\BuildLiteBehavior [ RunTime:0.000000s ]
INFO: [ app_init ] --END-- [ RunTime:0.004000s ]
ERR: 无法加载模块:Public

[ 2018-08-07T14:36:54+08:00 ] 127.0.0.1 /Public/Upload//2018-06-09/5b1b86ee2655d.jpg
INFO: [ app_init ] --START--
INFO: Run Behavior\BuildLiteBehavior [ RunTime:0.000000s ]
INFO: [ app_init ] --END-- [ RunTime:0.004001s ]
ERR: 无法加载模块:Public

[ 2018-08-07T14:36:54+08:00 ] 127.0.0.1 /Public/Upload//2018-06-09/5b1b86ee4c1ab.jpg
INFO: [ app_init ] --START--
INFO: Run Behavior\BuildLiteBehavior [ RunTime:0.000000s ]
INFO: [ app_init ] --END-- [ RunTime:0.006000s ]
ERR: 无法加载模块:Public

[ 2018-08-07T14:36:54+08:00 ] 127.0.0.1 /Public/Upload//2018-06-09/5b1b86ee35072.jpg
INFO: [ app_init ] --START--
INFO: Run Behavior\BuildLiteBehavior [ RunTime:0.000000s ]
INFO: [ app_init ] --END-- [ RunTime:0.003001s ]
ERR: 无法加载模块:Public

[ 2018-08-07T14:36:54+08:00 ] 127.0.0.1 /Public/Upload//2018-06-09/5b1b86ee90f7a.jpg
INFO: [ app_init ] --START--
INFO: Run Behavior\BuildLiteBehavior [ RunTime:0.000000s ]
INFO: [ app_init ] --END-- [ RunTime:0.003000s ]
ERR: 无法加载模块:Public

[ 2018-08-07T14:36:54+08:00 ] 127.0.0.1 /Public/Upload//2018-06-09/5b1b873798ecf.jpg
INFO: [ app_init ] --START--
INFO: Run Behavior\BuildLiteBehavior [ RunTime:0.000000s ]
INFO: [ app_init ] --END-- [ RunTime:0.002000s ]
ERR: 无法加载模块:Public

[ 2018-08-07T14:36:54+08:00 ] 127.0.0.1 /Public/Upload//2018-06-09/5b1b86ee792b6.jpg
INFO: [ app_init ] --START--
INFO: Run Behavior\BuildLiteBehavior [ RunTime:0.000000s ]
INFO: [ app_init ] --END-- [ RunTime:0.003000s ]
ERR: 无法加载模块:Public

[ 2018-08-07T14:36:55+08:00 ] 127.0.0.1 /Public/Upload//2018-06-09/5b1b86eeb1e37.jpg
INFO: [ app_init ] --START--
INFO: Run Behavior\BuildLiteBehavior [ RunTime:0.000000s ]
INFO: [ app_init ] --END-- [ RunTime:0.002001s ]
ERR: 无法加载模块:Public

[ 2018-08-07T14:36:55+08:00 ] 127.0.0.1 /Public/Upload//2018-06-09/5b1b86eec64c9.jpg
INFO: [ app_init ] --START--
INFO: Run Behavior\BuildLiteBehavior [ RunTime:0.000000s ]
INFO: [ app_init ] --END-- [ RunTime:0.003000s ]
ERR: 无法加载模块:Public

[ 2018-08-07T14:36:55+08:00 ] 127.0.0.1 /Public/Upload//2018-06-09/5b1b873792ab8.jpg
INFO: [ app_init ] --START--
INFO: Run Behavior\BuildLiteBehavior [ RunTime:0.000000s ]
INFO: [ app_init ] --END-- [ RunTime:0.003000s ]
ERR: 无法加载模块:Public

[ 2018-08-07T14:36:55+08:00 ] 127.0.0.1 /Public/Upload//2018-06-09/5b1b8737e1131.jpg
INFO: [ app_init ] --START--
INFO: Run Behavior\BuildLiteBehavior [ RunTime:0.000000s ]
INFO: [ app_init ] --END-- [ RunTime:0.004000s ]
ERR: 无法加载模块:Public

[ 2018-08-07T14:36:55+08:00 ] 127.0.0.1 /Public/Upload//2018-06-09/5b1b87382b3a6.jpg
INFO: [ app_init ] --START--
INFO: Run Behavior\BuildLiteBehavior [ RunTime:0.000000s ]
INFO: [ app_init ] --END-- [ RunTime:0.003001s ]
ERR: 无法加载模块:Public

[ 2018-08-07T14:36:55+08:00 ] 127.0.0.1 /Public/Upload//2018-06-09/5b1b8737bbda6.jpg
INFO: [ app_init ] --START--
INFO: Run Behavior\BuildLiteBehavior [ RunTime:0.000000s ]
INFO: [ app_init ] --END-- [ RunTime:0.002000s ]
ERR: 无法加载模块:Public

[ 2018-08-07T14:36:55+08:00 ] 127.0.0.1 /Public/Upload//2018-06-09/5b1b8737a937c.jpg
INFO: [ app_init ] --START--
INFO: Run Behavior\BuildLiteBehavior [ RunTime:0.000000s ]
INFO: [ app_init ] --END-- [ RunTime:0.003000s ]
ERR: 无法加载模块:Public

[ 2018-08-07T14:36:55+08:00 ] 127.0.0.1 /Public/Upload//2018-06-09/5b1b8738041bb.jpg
INFO: [ app_init ] --START--
INFO: Run Behavior\BuildLiteBehavior [ RunTime:0.000000s ]
INFO: [ app_init ] --END-- [ RunTime:0.003000s ]
ERR: 无法加载模块:Public

[ 2018-08-07T14:36:55+08:00 ] 127.0.0.1 /Public/Upload//2018-06-09/5b1b873817dc0.jpg
INFO: [ app_init ] --START--
INFO: Run Behavior\BuildLiteBehavior [ RunTime:0.000000s ]
INFO: [ app_init ] --END-- [ RunTime:0.003001s ]
ERR: 无法加载模块:Public

[ 2018-08-07T14:36:55+08:00 ] 127.0.0.1 /Public/Upload//2018-06-09/5b1b8737cd7db.jpg
INFO: [ app_init ] --START--
INFO: Run Behavior\BuildLiteBehavior [ RunTime:0.000000s ]
INFO: [ app_init ] --END-- [ RunTime:0.002000s ]
ERR: 无法加载模块:Public

[ 2018-08-07T14:37:03+08:00 ] 127.0.0.1 /Public/Upload//2018-06-09/5b1b7c1ab205d.jpg
INFO: [ app_init ] --START--
INFO: Run Behavior\BuildLiteBehavior [ RunTime:0.000000s ]
INFO: [ app_init ] --END-- [ RunTime:0.003000s ]
ERR: 无法加载模块:Public

[ 2018-08-07T14:37:03+08:00 ] 127.0.0.1 /Public/Upload//2018-06-09/5b1b7c1ac2667.jpg
INFO: [ app_init ] --START--
INFO: Run Behavior\BuildLiteBehavior [ RunTime:0.000000s ]
INFO: [ app_init ] --END-- [ RunTime:0.003000s ]
ERR: 无法加载模块:Public

[ 2018-08-07T14:37:03+08:00 ] 127.0.0.1 /Public/Upload//2018-06-09/5b1b7c1a93d2c.jpg
INFO: [ app_init ] --START--
INFO: Run Behavior\BuildLiteBehavior [ RunTime:0.000000s ]
INFO: [ app_init ] --END-- [ RunTime:0.004000s ]
ERR: 无法加载模块:Public

[ 2018-08-07T14:37:03+08:00 ] 127.0.0.1 /Public/Upload//2018-06-09/5b1b7c1a8772a.jpg
INFO: [ app_init ] --START--
INFO: Run Behavior\BuildLiteBehavior [ RunTime:0.000000s ]
INFO: [ app_init ] --END-- [ RunTime:0.003000s ]
ERR: 无法加载模块:Public

[ 2018-08-07T14:37:03+08:00 ] 127.0.0.1 /Public/Upload//2018-06-09/5b1b7c1a788bd.jpg
INFO: [ app_init ] --START--
INFO: Run Behavior\BuildLiteBehavior [ RunTime:0.000000s ]
INFO: [ app_init ] --END-- [ RunTime:0.003000s ]
ERR: 无法加载模块:Public

[ 2018-08-07T14:37:03+08:00 ] 127.0.0.1 /Public/Upload//2018-06-09/5b1b7c1aa0eaf.jpg
INFO: [ app_init ] --START--
INFO: Run Behavior\BuildLiteBehavior [ RunTime:0.000000s ]
INFO: [ app_init ] --END-- [ RunTime:0.011001s ]
ERR: 无法加载模块:Public

[ 2018-08-07T14:37:03+08:00 ] 127.0.0.1 /Public/Upload//2018-06-09/5b1b7c2978f01.jpg
INFO: [ app_init ] --START--
INFO: Run Behavior\BuildLiteBehavior [ RunTime:0.000000s ]
INFO: [ app_init ] --END-- [ RunTime:0.003000s ]
ERR: 无法加载模块:Public

[ 2018-08-07T14:37:03+08:00 ] 127.0.0.1 /Public/Upload//2018-06-09/5b1b7c1ae46fb.jpg
INFO: [ app_init ] --START--
INFO: Run Behavior\BuildLiteBehavior [ RunTime:0.000000s ]
INFO: [ app_init ] --END-- [ RunTime:0.002000s ]
ERR: 无法加载模块:Public

[ 2018-08-07T14:37:03+08:00 ] 127.0.0.1 /Public/Upload//2018-06-09/5b1b7c29664d2.jpg
INFO: [ app_init ] --START--
INFO: Run Behavior\BuildLiteBehavior [ RunTime:0.000000s ]
INFO: [ app_init ] --END-- [ RunTime:0.002000s ]
ERR: 无法加载模块:Public

[ 2018-08-07T14:37:04+08:00 ] 127.0.0.1 /Public/Upload//2018-06-09/5b1b7c29885cb.jpg
INFO: [ app_init ] --START--
INFO: Run Behavior\BuildLiteBehavior [ RunTime:0.000000s ]
INFO: [ app_init ] --END-- [ RunTime:0.003000s ]
ERR: 无法加载模块:Public

[ 2018-08-07T14:37:04+08:00 ] 127.0.0.1 /Public/Upload//2018-06-09/5b1b7c294557f.jpg
INFO: [ app_init ] --START--
INFO: Run Behavior\BuildLiteBehavior [ RunTime:0.000000s ]
INFO: [ app_init ] --END-- [ RunTime:0.002000s ]
ERR: 无法加载模块:Public

[ 2018-08-07T14:37:04+08:00 ] 127.0.0.1 /Public/Upload//2018-06-09/5b1b7c2922e04.jpg
INFO: [ app_init ] --START--
INFO: Run Behavior\BuildLiteBehavior [ RunTime:0.000000s ]
INFO: [ app_init ] --END-- [ RunTime:0.002000s ]
ERR: 无法加载模块:Public

[ 2018-08-07T14:37:04+08:00 ] 127.0.0.1 /Public/Upload//2018-06-09/5b1b7c1ad45d9.jpg
INFO: [ app_init ] --START--
INFO: Run Behavior\BuildLiteBehavior [ RunTime:0.000000s ]
INFO: [ app_init ] --END-- [ RunTime:0.003000s ]
ERR: 无法加载模块:Public

[ 2018-08-07T14:37:04+08:00 ] 127.0.0.1 /Public/Upload//2018-06-09/5b1b7c1af4161.jpg
INFO: [ app_init ] --START--
INFO: Run Behavior\BuildLiteBehavior [ RunTime:0.000000s ]
INFO: [ app_init ] --END-- [ RunTime:0.004000s ]
ERR: 无法加载模块:Public

[ 2018-08-07T14:37:04+08:00 ] 127.0.0.1 /Public/Upload//2018-06-09/5b1b7c299b54a.jpg
INFO: [ app_init ] --START--
INFO: Run Behavior\BuildLiteBehavior [ RunTime:0.000000s ]
INFO: [ app_init ] --END-- [ RunTime:0.002000s ]
ERR: 无法加载模块:Public

[ 2018-08-07T14:37:04+08:00 ] 127.0.0.1 /Public/Upload//2018-06-09/5b1b7c29553d6.jpg
INFO: [ app_init ] --START--
INFO: Run Behavior\BuildLiteBehavior [ RunTime:0.000000s ]
INFO: [ app_init ] --END-- [ RunTime:0.002000s ]
ERR: 无法加载模块:Public

[ 2018-08-07T14:37:04+08:00 ] 127.0.0.1 /Public/Upload//2018-06-09/5b1b7c290e332.jpg
INFO: [ app_init ] --START--
INFO: Run Behavior\BuildLiteBehavior [ RunTime:0.000000s ]
INFO: [ app_init ] --END-- [ RunTime:0.002000s ]
ERR: 无法加载模块:Public

[ 2018-08-07T14:46:09+08:00 ] 127.0.0.1 /Public/Upload//2018-06-09/5b1b86ee1268e.jpg
INFO: [ app_init ] --START--
INFO: Run Behavior\BuildLiteBehavior [ RunTime:0.000000s ]
INFO: [ app_init ] --END-- [ RunTime:0.002000s ]
ERR: 无法加载模块:Public

[ 2018-08-07T14:46:09+08:00 ] 127.0.0.1 /Public/Upload//2018-06-09/5b1b86ee21e4d.jpg
INFO: [ app_init ] --START--
INFO: Run Behavior\BuildLiteBehavior [ RunTime:0.000000s ]
INFO: [ app_init ] --END-- [ RunTime:0.005000s ]
ERR: 无法加载模块:Public

[ 2018-08-07T14:46:09+08:00 ] 127.0.0.1 /Public/Upload//2018-06-09/5b1b86ee4c1ab.jpg
INFO: [ app_init ] --START--
INFO: Run Behavior\BuildLiteBehavior [ RunTime:0.000000s ]
INFO: [ app_init ] --END-- [ RunTime:0.003000s ]
ERR: 无法加载模块:Public

[ 2018-08-07T14:46:09+08:00 ] 127.0.0.1 /Public/Upload//2018-06-09/5b1b86ee35072.jpg
INFO: [ app_init ] --START--
INFO: Run Behavior\BuildLiteBehavior [ RunTime:0.000000s ]
INFO: [ app_init ] --END-- [ RunTime:0.003000s ]
ERR: 无法加载模块:Public

[ 2018-08-07T14:46:09+08:00 ] 127.0.0.1 /Public/Upload//2018-06-09/5b1b86ee63909.jpg
INFO: [ app_init ] --START--
INFO: Run Behavior\BuildLiteBehavior [ RunTime:0.000000s ]
INFO: [ app_init ] --END-- [ RunTime:0.003000s ]
ERR: 无法加载模块:Public

[ 2018-08-07T14:46:09+08:00 ] 127.0.0.1 /Public/Upload//2018-06-09/5b1b86ee2655d.jpg
INFO: [ app_init ] --START--
INFO: Run Behavior\BuildLiteBehavior [ RunTime:0.000000s ]
INFO: [ app_init ] --END-- [ RunTime:0.006000s ]
ERR: 无法加载模块:Public

[ 2018-08-07T14:46:09+08:00 ] 127.0.0.1 /Public/Upload//2018-06-09/5b1b873817dc0.jpg
INFO: [ app_init ] --START--
INFO: Run Behavior\BuildLiteBehavior [ RunTime:0.000000s ]
INFO: [ app_init ] --END-- [ RunTime:0.002000s ]
ERR: 无法加载模块:Public

[ 2018-08-07T14:46:09+08:00 ] 127.0.0.1 /Public/Upload//2018-06-09/5b1b8737cd7db.jpg
INFO: [ app_init ] --START--
INFO: Run Behavior\BuildLiteBehavior [ RunTime:0.000000s ]
INFO: [ app_init ] --END-- [ RunTime:0.003000s ]
ERR: 无法加载模块:Public

[ 2018-08-07T14:46:10+08:00 ] 127.0.0.1 /Public/Upload//2018-06-09/5b1b873798ecf.jpg
INFO: [ app_init ] --START--
INFO: Run Behavior\BuildLiteBehavior [ RunTime:0.000000s ]
INFO: [ app_init ] --END-- [ RunTime:0.002000s ]
ERR: 无法加载模块:Public

[ 2018-08-07T14:46:10+08:00 ] 127.0.0.1 /Public/Upload//2018-06-09/5b1b8737bbda6.jpg
INFO: [ app_init ] --START--
INFO: Run Behavior\BuildLiteBehavior [ RunTime:0.000000s ]
INFO: [ app_init ] --END-- [ RunTime:0.004000s ]
ERR: 无法加载模块:Public

[ 2018-08-07T14:46:10+08:00 ] 127.0.0.1 /Public/Upload//2018-06-09/5b1b86eec64c9.jpg
INFO: [ app_init ] --START--
INFO: Run Behavior\BuildLiteBehavior [ RunTime:0.000000s ]
INFO: [ app_init ] --END-- [ RunTime:0.002000s ]
ERR: 无法加载模块:Public

[ 2018-08-07T14:46:10+08:00 ] 127.0.0.1 /Public/Upload//2018-06-09/5b1b8737a937c.jpg
INFO: [ app_init ] --START--
INFO: Run Behavior\BuildLiteBehavior [ RunTime:0.000000s ]
INFO: [ app_init ] --END-- [ RunTime:0.002000s ]
ERR: 无法加载模块:Public

[ 2018-08-07T14:46:10+08:00 ] 127.0.0.1 /Public/Upload//2018-06-09/5b1b8738041bb.jpg
INFO: [ app_init ] --START--
INFO: Run Behavior\BuildLiteBehavior [ RunTime:0.000000s ]
INFO: [ app_init ] --END-- [ RunTime:0.002000s ]
ERR: 无法加载模块:Public

[ 2018-08-07T14:46:10+08:00 ] 127.0.0.1 /Public/Upload//2018-06-09/5b1b86ee792b6.jpg
INFO: [ app_init ] --START--
INFO: Run Behavior\BuildLiteBehavior [ RunTime:0.000000s ]
INFO: [ app_init ] --END-- [ RunTime:0.005001s ]
ERR: 无法加载模块:Public

[ 2018-08-07T14:46:10+08:00 ] 127.0.0.1 /Public/Upload//2018-06-09/5b1b8737e1131.jpg
INFO: [ app_init ] --START--
INFO: Run Behavior\BuildLiteBehavior [ RunTime:0.000000s ]
INFO: [ app_init ] --END-- [ RunTime:0.007001s ]
ERR: 无法加载模块:Public

[ 2018-08-07T14:46:10+08:00 ] 127.0.0.1 /Public/Upload//2018-06-09/5b1b87382b3a6.jpg
INFO: [ app_init ] --START--
INFO: Run Behavior\BuildLiteBehavior [ RunTime:0.000000s ]
INFO: [ app_init ] --END-- [ RunTime:0.003000s ]
ERR: 无法加载模块:Public

[ 2018-08-07T14:46:10+08:00 ] 127.0.0.1 /Public/Upload//2018-06-09/5b1b86ee90f7a.jpg
INFO: [ app_init ] --START--
INFO: Run Behavior\BuildLiteBehavior [ RunTime:0.000000s ]
INFO: [ app_init ] --END-- [ RunTime:0.003000s ]
ERR: 无法加载模块:Public

[ 2018-08-07T14:46:10+08:00 ] 127.0.0.1 /Public/Upload//2018-06-09/5b1b86eeb1e37.jpg
INFO: [ app_init ] --START--
INFO: Run Behavior\BuildLiteBehavior [ RunTime:0.000000s ]
INFO: [ app_init ] --END-- [ RunTime:0.002000s ]
ERR: 无法加载模块:Public

[ 2018-08-07T14:46:10+08:00 ] 127.0.0.1 /Public/Upload//2018-06-09/5b1b873792ab8.jpg
INFO: [ app_init ] --START--
INFO: Run Behavior\BuildLiteBehavior [ RunTime:0.000000s ]
INFO: [ app_init ] --END-- [ RunTime:0.002000s ]
ERR: 无法加载模块:Public

[ 2018-08-07T14:51:23+08:00 ] 127.0.0.1 /Public/Upload/%7Bvo.img%7D
INFO: [ app_init ] --START--
INFO: Run Behavior\BuildLiteBehavior [ RunTime:0.000000s ]
INFO: [ app_init ] --END-- [ RunTime:0.003000s ]
ERR: 无法加载模块:Public

[ 2018-08-07T16:18:56+08:00 ] 127.0.0.1 /Public/Upload//2017-01-19/58806e0208f46.png
INFO: [ app_init ] --START--
INFO: Run Behavior\BuildLiteBehavior [ RunTime:0.000000s ]
INFO: [ app_init ] --END-- [ RunTime:0.002000s ]
ERR: 无法加载模块:Public

[ 2018-08-07T16:18:56+08:00 ] 127.0.0.1 /Public/Upload//2017-01-05/586de715d7862.jpg
INFO: [ app_init ] --START--
INFO: Run Behavior\BuildLiteBehavior [ RunTime:0.000000s ]
INFO: [ app_init ] --END-- [ RunTime:0.002000s ]
ERR: 无法加载模块:Public

[ 2018-08-07T16:18:56+08:00 ] 127.0.0.1 /Public/Upload//2017-01-05/586de68cd2ecd.png
INFO: [ app_init ] --START--
INFO: Run Behavior\BuildLiteBehavior [ RunTime:0.000000s ]
INFO: [ app_init ] --END-- [ RunTime:0.002000s ]
ERR: 无法加载模块:Public

[ 2018-08-07T16:19:02+08:00 ] 127.0.0.1 /Public/Upload//2017-01-05/586deb26ee5ce.jpg
INFO: [ app_init ] --START--
INFO: Run Behavior\BuildLiteBehavior [ RunTime:0.000000s ]
INFO: [ app_init ] --END-- [ RunTime:0.003000s ]
ERR: 无法加载模块:Public

[ 2018-08-07T16:19:03+08:00 ] 127.0.0.1 /Public/Upload//2017-01-05/586de68cd2ecd.png
INFO: [ app_init ] --START--
INFO: Run Behavior\BuildLiteBehavior [ RunTime:0.000000s ]
INFO: [ app_init ] --END-- [ RunTime:0.002000s ]
ERR: 无法加载模块:Public

[ 2018-08-07T16:19:03+08:00 ] 127.0.0.1 /Public/Upload//2017-01-05/586deb2e78cac.jpg
INFO: [ app_init ] --START--
INFO: Run Behavior\BuildLiteBehavior [ RunTime:0.000000s ]
INFO: [ app_init ] --END-- [ RunTime:0.002000s ]
ERR: 无法加载模块:Public

[ 2018-08-07T16:30:27+08:00 ] 127.0.0.1 /Public/Upload//2017-01-05/586deb26ee5ce.jpg
INFO: [ app_init ] --START--
INFO: Run Behavior\BuildLiteBehavior [ RunTime:0.000000s ]
INFO: [ app_init ] --END-- [ RunTime:0.001000s ]
ERR: 无法加载模块:Public

[ 2018-08-07T16:30:27+08:00 ] 127.0.0.1 /Public/Upload//2017-01-05/586deb2e78cac.jpg
INFO: [ app_init ] --START--
INFO: Run Behavior\BuildLiteBehavior [ RunTime:0.000000s ]
INFO: [ app_init ] --END-- [ RunTime:0.002000s ]
ERR: 无法加载模块:Public

[ 2018-08-07T16:30:27+08:00 ] 127.0.0.1 /Public/Upload//2017-01-05/586de68cd2ecd.png
INFO: [ app_init ] --START--
INFO: Run Behavior\BuildLiteBehavior [ RunTime:0.000000s ]
INFO: [ app_init ] --END-- [ RunTime:0.002000s ]
ERR: 无法加载模块:Public

[ 2018-08-07T16:30:33+08:00 ] 127.0.0.1 /Public/Upload//2017-01-05/586deb26ee5ce.jpg
INFO: [ app_init ] --START--
INFO: Run Behavior\BuildLiteBehavior [ RunTime:0.000000s ]
INFO: [ app_init ] --END-- [ RunTime:0.002000s ]
ERR: 无法加载模块:Public

[ 2018-08-07T16:30:33+08:00 ] 127.0.0.1 /Public/Upload//2017-01-05/586de68cd2ecd.png
INFO: [ app_init ] --START--
INFO: Run Behavior\BuildLiteBehavior [ RunTime:0.000000s ]
INFO: [ app_init ] --END-- [ RunTime:0.003000s ]
ERR: 无法加载模块:Public

[ 2018-08-07T16:30:33+08:00 ] 127.0.0.1 /Public/Upload//2017-01-05/586deb2e78cac.jpg
INFO: [ app_init ] --START--
INFO: Run Behavior\BuildLiteBehavior [ RunTime:0.000000s ]
INFO: [ app_init ] --END-- [ RunTime:0.002000s ]
ERR: 无法加载模块:Public

[ 2018-08-07T16:31:03+08:00 ] 127.0.0.1 /Public/Upload//2017-01-05/586de68cd2ecd.png
INFO: [ app_init ] --START--
INFO: Run Behavior\BuildLiteBehavior [ RunTime:0.000000s ]
INFO: [ app_init ] --END-- [ RunTime:0.002000s ]
ERR: 无法加载模块:Public

[ 2018-08-07T16:31:03+08:00 ] 127.0.0.1 /Public/Upload//2017-01-05/586deb2e78cac.jpg
INFO: [ app_init ] --START--
INFO: Run Behavior\BuildLiteBehavior [ RunTime:0.000000s ]
INFO: [ app_init ] --END-- [ RunTime:0.003000s ]
ERR: 无法加载模块:Public

[ 2018-08-07T16:31:03+08:00 ] 127.0.0.1 /Public/Upload//2017-01-05/586deb26ee5ce.jpg
INFO: [ app_init ] --START--
INFO: Run Behavior\BuildLiteBehavior [ RunTime:0.000000s ]
INFO: [ app_init ] --END-- [ RunTime:0.002000s ]
ERR: 无法加载模块:Public

[ 2018-08-07T16:31:34+08:00 ] 127.0.0.1 /favicon.ico
INFO: [ app_init ] --START--
INFO: Run Behavior\BuildLiteBehavior [ RunTime:0.000000s ]
INFO: [ app_init ] --END-- [ RunTime:0.002000s ]
ERR: 无法加载模块:Favicon

[ 2018-08-07T17:21:18+08:00 ] 127.0.0.1 /Public/Upload//2017-04-11/58ec72acbda9d.png
INFO: [ app_init ] --START--
INFO: Run Behavior\BuildLiteBehavior [ RunTime:0.000000s ]
INFO: [ app_init ] --END-- [ RunTime:0.003000s ]
ERR: 无法加载模块:Public

[ 2018-08-07T17:21:18+08:00 ] 127.0.0.1 /Public/Upload//2017-04-12/58edc1ffb65cf.jpg
INFO: [ app_init ] --START--
INFO: Run Behavior\BuildLiteBehavior [ RunTime:0.000000s ]
INFO: [ app_init ] --END-- [ RunTime:0.002000s ]
ERR: 无法加载模块:Public

[ 2018-08-07T17:21:18+08:00 ] 127.0.0.1 /Public/Upload//2016-09-07/57cf8f723c2bd.png
INFO: [ app_init ] --START--
INFO: Run Behavior\BuildLiteBehavior [ RunTime:0.001000s ]
INFO: [ app_init ] --END-- [ RunTime:0.002000s ]
ERR: 无法加载模块:Public

[ 2018-08-07T17:21:18+08:00 ] 127.0.0.1 /Public/Upload//2016-09-07/57cf8f2d996e5.png
INFO: [ app_init ] --START--
INFO: Run Behavior\BuildLiteBehavior [ RunTime:0.000000s ]
INFO: [ app_init ] --END-- [ RunTime:0.004000s ]
ERR: 无法加载模块:Public

[ 2018-08-07T17:21:18+08:00 ] 127.0.0.1 /Public/Upload//2016-09-07/57cf8f0ac8f51.png
INFO: [ app_init ] --START--
INFO: Run Behavior\BuildLiteBehavior [ RunTime:0.000000s ]
INFO: [ app_init ] --END-- [ RunTime:0.002001s ]
ERR: 无法加载模块:Public

[ 2018-08-07T17:21:18+08:00 ] 127.0.0.1 /Public/Upload//2016-09-07/57cf8ee8898f1.png
INFO: [ app_init ] --START--
INFO: Run Behavior\BuildLiteBehavior [ RunTime:0.000000s ]
INFO: [ app_init ] --END-- [ RunTime:0.001000s ]
ERR: 无法加载模块:Public

[ 2018-08-07T17:21:18+08:00 ] 127.0.0.1 /Public/Upload//2016-09-07/57cf8f4d2f986.png
INFO: [ app_init ] --START--
INFO: Run Behavior\BuildLiteBehavior [ RunTime:0.000000s ]
INFO: [ app_init ] --END-- [ RunTime:0.004000s ]
ERR: 无法加载模块:Public

[ 2018-08-07T17:21:18+08:00 ] 127.0.0.1 /Public/Upload//2016-09-07/57cf8d350a093.png
INFO: [ app_init ] --START--
INFO: Run Behavior\BuildLiteBehavior [ RunTime:0.000000s ]
INFO: [ app_init ] --END-- [ RunTime:0.002000s ]
ERR: 无法加载模块:Public

[ 2018-08-07T17:21:18+08:00 ] 127.0.0.1 /Public/Upload//2016-09-07/57cf8d6522ce0.png
INFO: [ app_init ] --START--
INFO: Run Behavior\BuildLiteBehavior [ RunTime:0.000000s ]
INFO: [ app_init ] --END-- [ RunTime:0.001000s ]
ERR: 无法加载模块:Public

[ 2018-08-07T17:21:18+08:00 ] 127.0.0.1 /Public/Upload//2016-09-07/57cf8d8bb4ea9.png
INFO: [ app_init ] --START--
INFO: Run Behavior\BuildLiteBehavior [ RunTime:0.000000s ]
INFO: [ app_init ] --END-- [ RunTime:0.002000s ]
ERR: 无法加载模块:Public

[ 2018-08-07T17:21:22+08:00 ] 127.0.0.1 /Public/Upload//2016-09-07/57cfa4278cfa5.png
INFO: [ app_init ] --START--
INFO: Run Behavior\BuildLiteBehavior [ RunTime:0.000000s ]
INFO: [ app_init ] --END-- [ RunTime:0.002000s ]
ERR: 无法加载模块:Public

[ 2018-08-07T17:21:22+08:00 ] 127.0.0.1 /Public/Upload//2016-09-07/57cfa032a1c32.jpg
INFO: [ app_init ] --START--
INFO: Run Behavior\BuildLiteBehavior [ RunTime:0.000000s ]
INFO: [ app_init ] --END-- [ RunTime:0.003000s ]
ERR: 无法加载模块:Public

[ 2018-08-07T17:21:22+08:00 ] 127.0.0.1 /Public/Upload//2016-09-05/57cd363277644.png
INFO: [ app_init ] --START--
INFO: Run Behavior\BuildLiteBehavior [ RunTime:0.000000s ]
INFO: [ app_init ] --END-- [ RunTime:0.001000s ]
ERR: 无法加载模块:Public

[ 2018-08-07T17:21:22+08:00 ] 127.0.0.1 /Public/Upload//2016-09-06/57ce3a7c48016.JPG
INFO: [ app_init ] --START--
INFO: Run Behavior\BuildLiteBehavior [ RunTime:0.000000s ]
INFO: [ app_init ] --END-- [ RunTime:0.003000s ]
ERR: 无法加载模块:Public

[ 2018-08-07T17:21:22+08:00 ] 127.0.0.1 /Public/Upload//2016-09-05/57cd365beefb0.png
INFO: [ app_init ] --START--
INFO: Run Behavior\BuildLiteBehavior [ RunTime:0.000000s ]
INFO: [ app_init ] --END-- [ RunTime:0.002001s ]
ERR: 无法加载模块:Public

[ 2018-08-07T17:21:22+08:00 ] 127.0.0.1 /Public/Upload//2016-09-06/57ce3970d537e.JPG
INFO: [ app_init ] --START--
INFO: Run Behavior\BuildLiteBehavior [ RunTime:0.000000s ]
INFO: [ app_init ] --END-- [ RunTime:0.002000s ]
ERR: 无法加载模块:Public

[ 2018-08-07T17:21:22+08:00 ] 127.0.0.1 /Public/Upload//2016-09-05/57cd36938158d.png
INFO: [ app_init ] --START--
INFO: Run Behavior\BuildLiteBehavior [ RunTime:0.000000s ]
INFO: [ app_init ] --END-- [ RunTime:0.003000s ]
ERR: 无法加载模块:Public

