[ 2018-07-21T10:24:23+08:00 ] 127.0.0.1 /Public/Upload//2016-09-06/57ce3970d537e.JPG
INFO: [ app_init ] --START--
INFO: Run Behavior\BuildLiteBehavior [ RunTime:0.000000s ]
INFO: [ app_init ] --END-- [ RunTime:0.002000s ]
ERR: 无法加载模块:Public

[ 2018-07-21T10:24:23+08:00 ] 127.0.0.1 /Public/Upload//2016-09-07/57cfa4278cfa5.png
INFO: [ app_init ] --START--
INFO: Run Behavior\BuildLiteBehavior [ RunTime:0.000000s ]
INFO: [ app_init ] --END-- [ RunTime:0.002000s ]
ERR: 无法加载模块:Public

[ 2018-07-21T10:24:23+08:00 ] 127.0.0.1 /Public/Upload//2016-09-07/57cfa032a1c32.jpg
INFO: [ app_init ] --START--
INFO: Run Behavior\BuildLiteBehavior [ RunTime:0.000000s ]
INFO: [ app_init ] --END-- [ RunTime:0.003001s ]
ERR: 无法加载模块:Public

[ 2018-07-21T10:24:30+08:00 ] 127.0.0.1 /Public/Upload//2016-09-07/57cfa4278cfa5.png
INFO: [ app_init ] --START--
INFO: Run Behavior\BuildLiteBehavior [ RunTime:0.000000s ]
INFO: [ app_init ] --END-- [ RunTime:0.002000s ]
ERR: 无法加载模块:Public

[ 2018-07-21T10:24:30+08:00 ] 127.0.0.1 /Public/Upload//2016-09-07/57cfa032a1c32.jpg
INFO: [ app_init ] --START--
INFO: Run Behavior\BuildLiteBehavior [ RunTime:0.000000s ]
INFO: [ app_init ] --END-- [ RunTime:0.002000s ]
ERR: 无法加载模块:Public

[ 2018-07-21T10:24:30+08:00 ] 127.0.0.1 /Public/Upload//2016-09-06/57ce3970d537e.JPG
INFO: [ app_init ] --START--
INFO: Run Behavior\BuildLiteBehavior [ RunTime:0.000000s ]
INFO: [ app_init ] --END-- [ RunTime:0.002000s ]
ERR: 无法加载模块:Public

[ 2018-07-21T10:47:54+08:00 ] 127.0.0.1 /Public/Upload//2016-09-07/57cfa032a1c32.jpg
INFO: [ app_init ] --START--
INFO: Run Behavior\BuildLiteBehavior [ RunTime:0.000000s ]
INFO: [ app_init ] --END-- [ RunTime:0.002000s ]
ERR: 无法加载模块:Public

[ 2018-07-21T10:47:54+08:00 ] 127.0.0.1 /Public/Upload//2016-09-07/57cfa4278cfa5.png
INFO: [ app_init ] --START--
INFO: Run Behavior\BuildLiteBehavior [ RunTime:0.000000s ]
INFO: [ app_init ] --END-- [ RunTime:0.003000s ]
ERR: 无法加载模块:Public

[ 2018-07-21T10:56:32+08:00 ] 127.0.0.1 /Public/Upload//2016-09-07/57cfa4278cfa5.png
INFO: [ app_init ] --START--
INFO: Run Behavior\BuildLiteBehavior [ RunTime:0.000000s ]
INFO: [ app_init ] --END-- [ RunTime:0.002000s ]
ERR: 无法加载模块:Public

[ 2018-07-21T10:56:32+08:00 ] 127.0.0.1 /Public/Upload//2016-09-07/57cfa032a1c32.jpg
INFO: [ app_init ] --START--
INFO: Run Behavior\BuildLiteBehavior [ RunTime:0.000000s ]
INFO: [ app_init ] --END-- [ RunTime:0.003000s ]
ERR: 无法加载模块:Public

[ 2018-07-21T10:56:32+08:00 ] 127.0.0.1 /Public/Upload//2016-09-06/57ce3970d537e.JPG
INFO: [ app_init ] --START--
INFO: Run Behavior\BuildLiteBehavior [ RunTime:0.000000s ]
INFO: [ app_init ] --END-- [ RunTime:0.002000s ]
ERR: 无法加载模块:Public

[ 2018-07-21T10:58:08+08:00 ] 127.0.0.1 /Public/Upload//2016-09-07/57cfa4278cfa5.png
INFO: [ app_init ] --START--
INFO: Run Behavior\BuildLiteBehavior [ RunTime:0.000000s ]
INFO: [ app_init ] --END-- [ RunTime:0.003001s ]
ERR: 无法加载模块:Public

[ 2018-07-21T10:58:08+08:00 ] 127.0.0.1 /Public/Upload//2016-09-07/57cfa032a1c32.jpg
INFO: [ app_init ] --START--
INFO: Run Behavior\BuildLiteBehavior [ RunTime:0.000000s ]
INFO: [ app_init ] --END-- [ RunTime:0.002000s ]
ERR: 无法加载模块:Public

[ 2018-07-21T10:58:08+08:00 ] 127.0.0.1 /Public/Upload//2016-09-06/57ce3970d537e.JPG
INFO: [ app_init ] --START--
INFO: Run Behavior\BuildLiteBehavior [ RunTime:0.000000s ]
INFO: [ app_init ] --END-- [ RunTime:0.002000s ]
ERR: 无法加载模块:Public

[ 2018-07-21T11:02:39+08:00 ] 127.0.0.1 /Public/Upload//2016-09-07/57cfa4278cfa5.png
INFO: [ app_init ] --START--
INFO: Run Behavior\BuildLiteBehavior [ RunTime:0.000000s ]
INFO: [ app_init ] --END-- [ RunTime:0.002000s ]
ERR: 无法加载模块:Public

[ 2018-07-21T11:02:39+08:00 ] 127.0.0.1 /Public/Upload//2016-09-06/57ce3970d537e.JPG
INFO: [ app_init ] --START--
INFO: Run Behavior\BuildLiteBehavior [ RunTime:0.000000s ]
INFO: [ app_init ] --END-- [ RunTime:0.002000s ]
ERR: 无法加载模块:Public

[ 2018-07-21T11:02:39+08:00 ] 127.0.0.1 /Public/Upload//2016-09-07/57cfa032a1c32.jpg
INFO: [ app_init ] --START--
INFO: Run Behavior\BuildLiteBehavior [ RunTime:0.000000s ]
INFO: [ app_init ] --END-- [ RunTime:0.003000s ]
ERR: 无法加载模块:Public

[ 2018-07-21T11:04:07+08:00 ] 127.0.0.1 /Public/Upload//2016-09-07/57cfa4278cfa5.png
INFO: [ app_init ] --START--
INFO: Run Behavior\BuildLiteBehavior [ RunTime:0.000000s ]
INFO: [ app_init ] --END-- [ RunTime:0.002000s ]
ERR: 无法加载模块:Public

[ 2018-07-21T11:04:07+08:00 ] 127.0.0.1 /Public/Upload//2016-09-06/57ce3970d537e.JPG
INFO: [ app_init ] --START--
INFO: Run Behavior\BuildLiteBehavior [ RunTime:0.000000s ]
INFO: [ app_init ] --END-- [ RunTime:0.003000s ]
ERR: 无法加载模块:Public

[ 2018-07-21T11:04:07+08:00 ] 127.0.0.1 /Public/Upload//2016-09-07/57cfa032a1c32.jpg
INFO: [ app_init ] --START--
INFO: Run Behavior\BuildLiteBehavior [ RunTime:0.000000s ]
INFO: [ app_init ] --END-- [ RunTime:0.002001s ]
ERR: 无法加载模块:Public

[ 2018-07-21T11:15:13+08:00 ] 127.0.0.1 /Public/Upload//2016-09-06/57ce3970d537e.JPG
INFO: [ app_init ] --START--
INFO: Run Behavior\BuildLiteBehavior [ RunTime:0.000000s ]
INFO: [ app_init ] --END-- [ RunTime:0.002000s ]
ERR: 无法加载模块:Public

[ 2018-07-21T11:15:13+08:00 ] 127.0.0.1 /Public/Upload//2016-09-07/57cfa032a1c32.jpg
INFO: [ app_init ] --START--
INFO: Run Behavior\BuildLiteBehavior [ RunTime:0.000000s ]
INFO: [ app_init ] --END-- [ RunTime:0.002000s ]
ERR: 无法加载模块:Public

[ 2018-07-21T11:15:13+08:00 ] 127.0.0.1 /Public/Upload//2016-09-07/57cfa4278cfa5.png
INFO: [ app_init ] --START--
INFO: Run Behavior\BuildLiteBehavior [ RunTime:0.000000s ]
INFO: [ app_init ] --END-- [ RunTime:0.002000s ]
ERR: 无法加载模块:Public

