[ 2018-05-18T08:25:25+08:00 ] 127.0.0.1 /favicon.ico
INFO: [ app_init ] --START--
INFO: Run Behavior\BuildLiteBehavior [ RunTime:0.000000s ]
INFO: [ app_init ] --END-- [ RunTime:0.000000s ]
ERR: 无法加载模块:Favicon

[ 2018-05-18T15:07:17+08:00 ] 127.0.0.1 /Public/Upload//Uploads/Editor/2018-01-06/5a5069a21c476.jpg
INFO: [ app_init ] --START--
INFO: Run Behavior\BuildLiteBehavior [ RunTime:0.000000s ]
INFO: [ app_init ] --END-- [ RunTime:0.000000s ]
ERR: 无法加载模块:Public

[ 2018-05-18T15:07:21+08:00 ] 127.0.0.1 /Public/Upload//Uploads/Editor/2018-01-06/5a5069a21c476.jpg
INFO: [ app_init ] --START--
INFO: Run Behavior\BuildLiteBehavior [ RunTime:0.000000s ]
INFO: [ app_init ] --END-- [ RunTime:0.001000s ]
ERR: 无法加载模块:Public

[ 2018-05-18T15:07:38+08:00 ] 127.0.0.1 /Public/Upload//Uploads/Editor/2018-01-06/5a5069a21c476.jpg
INFO: [ app_init ] --START--
INFO: Run Behavior\BuildLiteBehavior [ RunTime:0.000000s ]
INFO: [ app_init ] --END-- [ RunTime:0.000000s ]
ERR: 无法加载模块:Public

[ 2018-05-18T15:07:42+08:00 ] 127.0.0.1 /Public/Upload//Uploads/Editor/2018-01-06/5a5069a21c476.jpg
INFO: [ app_init ] --START--
INFO: Run Behavior\BuildLiteBehavior [ RunTime:0.000000s ]
INFO: [ app_init ] --END-- [ RunTime:0.001000s ]
ERR: 无法加载模块:Public

[ 2018-05-18T15:07:45+08:00 ] 127.0.0.1 /Public/Upload//Uploads/Editor/2018-01-06/5a5069a21c476.jpg
INFO: [ app_init ] --START--
INFO: Run Behavior\BuildLiteBehavior [ RunTime:0.000000s ]
INFO: [ app_init ] --END-- [ RunTime:0.001000s ]
ERR: 无法加载模块:Public

[ 2018-05-18T15:08:19+08:00 ] 127.0.0.1 /Public/Upload//Uploads/Editor/2018-01-06/5a5069a21c476.jpg
INFO: [ app_init ] --START--
INFO: Run Behavior\BuildLiteBehavior [ RunTime:0.000000s ]
INFO: [ app_init ] --END-- [ RunTime:0.000000s ]
ERR: 无法加载模块:Public

[ 2018-05-18T15:09:01+08:00 ] 127.0.0.1 /Public/Upload//Uploads/Editor/2018-01-06/5a5069a21c476.jpg
INFO: [ app_init ] --START--
INFO: Run Behavior\BuildLiteBehavior [ RunTime:0.000000s ]
INFO: [ app_init ] --END-- [ RunTime:0.001000s ]
ERR: 无法加载模块:Public

[ 2018-05-18T15:10:06+08:00 ] 127.0.0.1 /Public/Upload//Uploads/Editor/2018-01-06/5a5069a21c476.jpg
INFO: [ app_init ] --START--
INFO: Run Behavior\BuildLiteBehavior [ RunTime:0.000000s ]
INFO: [ app_init ] --END-- [ RunTime:0.001000s ]
ERR: 无法加载模块:Public

[ 2018-05-18T15:14:11+08:00 ] 127.0.0.1 /Uploads/Editor/2017-10-08/59d9cfbdc4408.jpg
INFO: [ app_init ] --START--
INFO: Run Behavior\BuildLiteBehavior [ RunTime:0.000000s ]
INFO: [ app_init ] --END-- [ RunTime:0.001000s ]
ERR: 无法加载模块:Uploads

[ 2018-05-18T15:14:11+08:00 ] 127.0.0.1 /Uploads/Editor/2017-10-08/59d9cfcccb191.jpg
INFO: [ app_init ] --START--
INFO: Run Behavior\BuildLiteBehavior [ RunTime:0.000000s ]
INFO: [ app_init ] --END-- [ RunTime:0.000000s ]
ERR: 无法加载模块:Uploads

[ 2018-05-18T15:14:11+08:00 ] 127.0.0.1 /Uploads/Editor/2017-10-08/59d9cfb122523.jpg
INFO: [ app_init ] --START--
INFO: Run Behavior\BuildLiteBehavior [ RunTime:0.000000s ]
INFO: [ app_init ] --END-- [ RunTime:0.000000s ]
ERR: 无法加载模块:Uploads

[ 2018-05-18T15:14:50+08:00 ] 127.0.0.1 /Uploads/Editor/2017-08-24/599e72f399a38.jpg
INFO: [ app_init ] --START--
INFO: Run Behavior\BuildLiteBehavior [ RunTime:0.000000s ]
INFO: [ app_init ] --END-- [ RunTime:0.001001s ]
ERR: 无法加载模块:Uploads

[ 2018-05-18T15:14:50+08:00 ] 127.0.0.1 /Uploads/Editor/2017-08-24/599e7309c2888.jpg
INFO: [ app_init ] --START--
INFO: Run Behavior\BuildLiteBehavior [ RunTime:0.000000s ]
INFO: [ app_init ] --END-- [ RunTime:0.000000s ]
ERR: 无法加载模块:Uploads

[ 2018-05-18T15:14:50+08:00 ] 127.0.0.1 /Uploads/Editor/2017-08-24/599e72fe99986.jpg
INFO: [ app_init ] --START--
INFO: Run Behavior\BuildLiteBehavior [ RunTime:0.000000s ]
INFO: [ app_init ] --END-- [ RunTime:0.000000s ]
ERR: 无法加载模块:Uploads

[ 2018-05-18T15:15:48+08:00 ] 127.0.0.1 /Uploads/Editor/2017-08-24/599e72f399a38.jpg
INFO: [ app_init ] --START--
INFO: Run Behavior\BuildLiteBehavior [ RunTime:0.000000s ]
INFO: [ app_init ] --END-- [ RunTime:0.001000s ]
ERR: 无法加载模块:Uploads

[ 2018-05-18T15:15:48+08:00 ] 127.0.0.1 /Uploads/Editor/2017-08-24/599e7309c2888.jpg
INFO: [ app_init ] --START--
INFO: Run Behavior\BuildLiteBehavior [ RunTime:0.000000s ]
INFO: [ app_init ] --END-- [ RunTime:0.000000s ]
ERR: 无法加载模块:Uploads

[ 2018-05-18T15:15:48+08:00 ] 127.0.0.1 /Uploads/Editor/2017-08-24/599e72fe99986.jpg
INFO: [ app_init ] --START--
INFO: Run Behavior\BuildLiteBehavior [ RunTime:0.000000s ]
INFO: [ app_init ] --END-- [ RunTime:0.001000s ]
ERR: 无法加载模块:Uploads

[ 2018-05-18T15:16:21+08:00 ] 127.0.0.1 /Uploads/Editor/2017-08-24/599e72fe99986.jpg
INFO: [ app_init ] --START--
INFO: Run Behavior\BuildLiteBehavior [ RunTime:0.000000s ]
INFO: [ app_init ] --END-- [ RunTime:0.001000s ]
ERR: 无法加载模块:Uploads

[ 2018-05-18T15:16:21+08:00 ] 127.0.0.1 /Uploads/Editor/2017-08-24/599e72f399a38.jpg
INFO: [ app_init ] --START--
INFO: Run Behavior\BuildLiteBehavior [ RunTime:0.000000s ]
INFO: [ app_init ] --END-- [ RunTime:0.000000s ]
ERR: 无法加载模块:Uploads

[ 2018-05-18T15:16:21+08:00 ] 127.0.0.1 /Uploads/Editor/2017-08-24/599e7309c2888.jpg
INFO: [ app_init ] --START--
INFO: Run Behavior\BuildLiteBehavior [ RunTime:0.000000s ]
INFO: [ app_init ] --END-- [ RunTime:0.000000s ]
ERR: 无法加载模块:Uploads

[ 2018-05-18T15:17:16+08:00 ] 127.0.0.1 /Uploads/Editor/2017-08-24/599e7309c2888.jpg
INFO: [ app_init ] --START--
INFO: Run Behavior\BuildLiteBehavior [ RunTime:0.000000s ]
INFO: [ app_init ] --END-- [ RunTime:0.000000s ]
ERR: 无法加载模块:Uploads

[ 2018-05-18T15:17:16+08:00 ] 127.0.0.1 /Uploads/Editor/2017-08-24/599e72fe99986.jpg
INFO: [ app_init ] --START--
INFO: Run Behavior\BuildLiteBehavior [ RunTime:0.000000s ]
INFO: [ app_init ] --END-- [ RunTime:0.000000s ]
ERR: 无法加载模块:Uploads

[ 2018-05-18T15:17:16+08:00 ] 127.0.0.1 /Uploads/Editor/2017-08-24/599e72f399a38.jpg
INFO: [ app_init ] --START--
INFO: Run Behavior\BuildLiteBehavior [ RunTime:0.000000s ]
INFO: [ app_init ] --END-- [ RunTime:0.000000s ]
ERR: 无法加载模块:Uploads

[ 2018-05-18T15:17:54+08:00 ] 127.0.0.1 /Uploads/Editor/2017-08-24/599e72f399a38.jpg
INFO: [ app_init ] --START--
INFO: Run Behavior\BuildLiteBehavior [ RunTime:0.000000s ]
INFO: [ app_init ] --END-- [ RunTime:0.001000s ]
ERR: 无法加载模块:Uploads

[ 2018-05-18T15:17:54+08:00 ] 127.0.0.1 /Uploads/Editor/2017-08-24/599e7309c2888.jpg
INFO: [ app_init ] --START--
INFO: Run Behavior\BuildLiteBehavior [ RunTime:0.000000s ]
INFO: [ app_init ] --END-- [ RunTime:0.000000s ]
ERR: 无法加载模块:Uploads

[ 2018-05-18T15:17:54+08:00 ] 127.0.0.1 /Uploads/Editor/2017-08-24/599e72fe99986.jpg
INFO: [ app_init ] --START--
INFO: Run Behavior\BuildLiteBehavior [ RunTime:0.000000s ]
INFO: [ app_init ] --END-- [ RunTime:0.000000s ]
ERR: 无法加载模块:Uploads

[ 2018-05-18T15:18:27+08:00 ] 127.0.0.1 /Uploads/Editor/2017-09-21/59c356514fec5.jpg
INFO: [ app_init ] --START--
INFO: Run Behavior\BuildLiteBehavior [ RunTime:0.000000s ]
INFO: [ app_init ] --END-- [ RunTime:0.001000s ]
ERR: 无法加载模块:Uploads

[ 2018-05-18T15:18:27+08:00 ] 127.0.0.1 /Uploads/Editor/2017-09-21/59c35646a4054.jpg
INFO: [ app_init ] --START--
INFO: Run Behavior\BuildLiteBehavior [ RunTime:0.000000s ]
INFO: [ app_init ] --END-- [ RunTime:0.001000s ]
ERR: 无法加载模块:Uploads

[ 2018-05-18T15:18:27+08:00 ] 127.0.0.1 /Uploads/Editor/2017-09-21/59c3565abe60f.jpg
INFO: [ app_init ] --START--
INFO: Run Behavior\BuildLiteBehavior [ RunTime:0.000000s ]
INFO: [ app_init ] --END-- [ RunTime:0.000000s ]
ERR: 无法加载模块:Uploads

[ 2018-05-18T15:18:46+08:00 ] 127.0.0.1 /Uploads/Editor/2017-09-21/59c356514fec5.jpg
INFO: [ app_init ] --START--
INFO: Run Behavior\BuildLiteBehavior [ RunTime:0.000000s ]
INFO: [ app_init ] --END-- [ RunTime:0.001000s ]
ERR: 无法加载模块:Uploads

[ 2018-05-18T15:18:46+08:00 ] 127.0.0.1 /Uploads/Editor/2017-09-21/59c3565abe60f.jpg
INFO: [ app_init ] --START--
INFO: Run Behavior\BuildLiteBehavior [ RunTime:0.000000s ]
INFO: [ app_init ] --END-- [ RunTime:0.002000s ]
ERR: 无法加载模块:Uploads

[ 2018-05-18T15:18:46+08:00 ] 127.0.0.1 /Uploads/Editor/2017-09-21/59c35646a4054.jpg
INFO: [ app_init ] --START--
INFO: Run Behavior\BuildLiteBehavior [ RunTime:0.000000s ]
INFO: [ app_init ] --END-- [ RunTime:0.000000s ]
ERR: 无法加载模块:Uploads

[ 2018-05-18T15:18:56+08:00 ] 127.0.0.1 /Uploads/Editor/2017-07-24/597586c07c7d0.jpg
INFO: [ app_init ] --START--
INFO: Run Behavior\BuildLiteBehavior [ RunTime:0.000000s ]
INFO: [ app_init ] --END-- [ RunTime:0.000000s ]
ERR: 无法加载模块:Uploads

[ 2018-05-18T15:18:56+08:00 ] 127.0.0.1 /Uploads/Editor/2017-07-24/597586d9f2715.jpg
INFO: [ app_init ] --START--
INFO: Run Behavior\BuildLiteBehavior [ RunTime:0.000000s ]
INFO: [ app_init ] --END-- [ RunTime:0.000000s ]
ERR: 无法加载模块:Uploads

[ 2018-05-18T15:18:56+08:00 ] 127.0.0.1 /Uploads/Editor/2017-07-24/597586b1269c9.jpg
INFO: [ app_init ] --START--
INFO: Run Behavior\BuildLiteBehavior [ RunTime:0.000000s ]
INFO: [ app_init ] --END-- [ RunTime:0.000000s ]
ERR: 无法加载模块:Uploads

[ 2018-05-18T15:19:27+08:00 ] 127.0.0.1 /Uploads/Editor/2017-07-24/597586c07c7d0.jpg
INFO: [ app_init ] --START--
INFO: Run Behavior\BuildLiteBehavior [ RunTime:0.000000s ]
INFO: [ app_init ] --END-- [ RunTime:0.000000s ]
ERR: 无法加载模块:Uploads

[ 2018-05-18T15:19:27+08:00 ] 127.0.0.1 /Uploads/Editor/2017-07-24/597586b1269c9.jpg
INFO: [ app_init ] --START--
INFO: Run Behavior\BuildLiteBehavior [ RunTime:0.000000s ]
INFO: [ app_init ] --END-- [ RunTime:0.000000s ]
ERR: 无法加载模块:Uploads

[ 2018-05-18T15:19:27+08:00 ] 127.0.0.1 /Uploads/Editor/2017-07-24/597586d9f2715.jpg
INFO: [ app_init ] --START--
INFO: Run Behavior\BuildLiteBehavior [ RunTime:0.000000s ]
INFO: [ app_init ] --END-- [ RunTime:0.001000s ]
ERR: 无法加载模块:Uploads

[ 2018-05-18T15:20:27+08:00 ] 127.0.0.1 /Public/Upload//Uploads/Editor/2018-01-11/5a570078054a4.jpg
INFO: [ app_init ] --START--
INFO: Run Behavior\BuildLiteBehavior [ RunTime:0.000000s ]
INFO: [ app_init ] --END-- [ RunTime:0.000000s ]
ERR: 无法加载模块:Public

[ 2018-05-18T15:20:27+08:00 ] 127.0.0.1 /Uploads/Editor/2016-06-28/57721b54295e9.png
INFO: [ app_init ] --START--
INFO: Run Behavior\BuildLiteBehavior [ RunTime:0.000000s ]
INFO: [ app_init ] --END-- [ RunTime:0.000000s ]
ERR: 无法加载模块:Uploads

[ 2018-05-18T15:20:52+08:00 ] 127.0.0.1 /Public/Upload//Uploads/Editor/2018-01-11/5a570078054a4.jpg
INFO: [ app_init ] --START--
INFO: Run Behavior\BuildLiteBehavior [ RunTime:0.000000s ]
INFO: [ app_init ] --END-- [ RunTime:0.000000s ]
ERR: 无法加载模块:Public

[ 2018-05-18T15:20:52+08:00 ] 127.0.0.1 /Uploads/Editor/2016-06-28/57721b54295e9.png
INFO: [ app_init ] --START--
INFO: Run Behavior\BuildLiteBehavior [ RunTime:0.000000s ]
INFO: [ app_init ] --END-- [ RunTime:0.001000s ]
ERR: 无法加载模块:Uploads

