[ 2018-08-15T09:53:24+08:00 ] 127.0.0.1 /__JS__/raphael-min.js
INFO: [ app_init ] --START--
INFO: Run Behavior\BuildLiteBehavior [ RunTime:0.000014s ]
INFO: [ app_init ] --END-- [ RunTime:0.000348s ]
ERR: 无法加载模块:__JS__

[ 2018-08-15T09:53:24+08:00 ] 127.0.0.1 /__JS__/map.js
INFO: [ app_init ] --START--
INFO: Run Behavior\BuildLiteBehavior [ RunTime:0.000012s ]
INFO: [ app_init ] --END-- [ RunTime:0.000264s ]
ERR: 无法加载模块:__JS__

[ 2018-08-15T09:53:24+08:00 ] 127.0.0.1 /Public/Home/img/index/client/201708060/head-5445621.jpg
INFO: [ app_init ] --START--
INFO: Run Behavior\BuildLiteBehavior [ RunTime:0.000012s ]
INFO: [ app_init ] --END-- [ RunTime:0.000361s ]
ERR: 无法加载模块:Public

[ 2018-08-15T09:53:24+08:00 ] 127.0.0.1 /Public/Home/img/index/client/2017651241/head-8262332.jpg
INFO: [ app_init ] --START--
INFO: Run Behavior\BuildLiteBehavior [ RunTime:0.000031s ]
INFO: [ app_init ] --END-- [ RunTime:0.000340s ]
ERR: 无法加载模块:Public

[ 2018-08-15T09:53:24+08:00 ] 127.0.0.1 /__JS__/zhongshanMap.js?v=8
INFO: [ app_init ] --START--
INFO: Run Behavior\BuildLiteBehavior [ RunTime:0.000013s ]
INFO: [ app_init ] --END-- [ RunTime:0.000329s ]
ERR: 无法加载模块:__JS__

[ 2018-08-15T09:53:24+08:00 ] 127.0.0.1 /Public/Home/img/index/client/2017092133/head-87231486.jpg
INFO: [ app_init ] --START--
INFO: Run Behavior\BuildLiteBehavior [ RunTime:0.000012s ]
INFO: [ app_init ] --END-- [ RunTime:0.000248s ]
ERR: 无法加载模块:Public

[ 2018-08-15T09:53:24+08:00 ] 127.0.0.1 /Public/Home/img/index/client/201709078/head-987123213.jpg
INFO: [ app_init ] --START--
INFO: Run Behavior\BuildLiteBehavior [ RunTime:0.000012s ]
INFO: [ app_init ] --END-- [ RunTime:0.000275s ]
ERR: 无法加载模块:Public

[ 2018-08-15T09:53:24+08:00 ] 127.0.0.1 /__JS__/map.js
INFO: [ app_init ] --START--
INFO: Run Behavior\BuildLiteBehavior [ RunTime:0.000012s ]
INFO: [ app_init ] --END-- [ RunTime:0.000238s ]
ERR: 无法加载模块:__JS__

[ 2018-08-15T09:53:24+08:00 ] 127.0.0.1 /Public/Home/img/index/client/20170907165/head-212156.jpg
INFO: [ app_init ] --START--
INFO: Run Behavior\BuildLiteBehavior [ RunTime:0.000011s ]
INFO: [ app_init ] --END-- [ RunTime:0.000285s ]
ERR: 无法加载模块:Public

[ 2018-08-15T09:53:24+08:00 ] 127.0.0.1 /Public/Home/img/index/client/2017090712/head-87932213.jpg
INFO: [ app_init ] --START--
INFO: Run Behavior\BuildLiteBehavior [ RunTime:0.000012s ]
INFO: [ app_init ] --END-- [ RunTime:0.000317s ]
ERR: 无法加载模块:Public

[ 2018-08-15T09:53:24+08:00 ] 127.0.0.1 /Public/Home/img/index/client/2017090714/head-54623189.jpg
INFO: [ app_init ] --START--
INFO: Run Behavior\BuildLiteBehavior [ RunTime:0.000012s ]
INFO: [ app_init ] --END-- [ RunTime:0.000259s ]
ERR: 无法加载模块:Public

[ 2018-08-15T09:53:25+08:00 ] 127.0.0.1 /Public/Home/img/index/client/2017090791/head-65456123.jpg
INFO: [ app_init ] --START--
INFO: Run Behavior\BuildLiteBehavior [ RunTime:0.000018s ]
INFO: [ app_init ] --END-- [ RunTime:0.002138s ]
ERR: 无法加载模块:Public

[ 2018-08-15T09:53:25+08:00 ] 127.0.0.1 /Public/Home/img/index/client/2017098512/head-546542138.jpg
INFO: [ app_init ] --START--
INFO: Run Behavior\BuildLiteBehavior [ RunTime:0.000013s ]
INFO: [ app_init ] --END-- [ RunTime:0.000282s ]
ERR: 无法加载模块:Public

[ 2018-08-15T09:53:25+08:00 ] 127.0.0.1 /Public/Home/img/index/client/20170907213/head-3255645.jpg
INFO: [ app_init ] --START--
INFO: Run Behavior\BuildLiteBehavior [ RunTime:0.000012s ]
INFO: [ app_init ] --END-- [ RunTime:0.000266s ]
ERR: 无法加载模块:Public

[ 2018-08-15T09:53:25+08:00 ] 127.0.0.1 /Public/Home/img/index/client/2017091239/head-5454124.jpg
INFO: [ app_init ] --START--
INFO: Run Behavior\BuildLiteBehavior [ RunTime:0.000012s ]
INFO: [ app_init ] --END-- [ RunTime:0.000257s ]
ERR: 无法加载模块:Public

[ 2018-08-15T09:53:25+08:00 ] 127.0.0.1 /Public/Home/img/index/client/20171023012/head-23545468.jpg
INFO: [ app_init ] --START--
INFO: Run Behavior\BuildLiteBehavior [ RunTime:0.000013s ]
INFO: [ app_init ] --END-- [ RunTime:0.000449s ]
ERR: 无法加载模块:Public

[ 2018-08-15T09:53:25+08:00 ] 127.0.0.1 /__IMG__/index/banner/banner-4.jpg?723
INFO: [ app_init ] --START--
INFO: Run Behavior\BuildLiteBehavior [ RunTime:0.000012s ]
INFO: [ app_init ] --END-- [ RunTime:0.000419s ]
ERR: 无法加载模块:__IMG__

[ 2018-08-15T09:53:25+08:00 ] 127.0.0.1 /__IMG__/index/banner/banner-5.jpg?22
INFO: [ app_init ] --START--
INFO: Run Behavior\BuildLiteBehavior [ RunTime:0.000012s ]
INFO: [ app_init ] --END-- [ RunTime:0.000482s ]
ERR: 无法加载模块:__IMG__

[ 2018-08-15T09:53:25+08:00 ] 127.0.0.1 /__IMG__/index/banner/banner-1.jpg?13236
INFO: [ app_init ] --START--
INFO: Run Behavior\BuildLiteBehavior [ RunTime:0.000012s ]
INFO: [ app_init ] --END-- [ RunTime:0.000301s ]
ERR: 无法加载模块:__IMG__

[ 2018-08-15T09:53:25+08:00 ] 127.0.0.1 /__IMG__/index/banner/banner-6.jpg
INFO: [ app_init ] --START--
INFO: Run Behavior\BuildLiteBehavior [ RunTime:0.000014s ]
INFO: [ app_init ] --END-- [ RunTime:0.000254s ]
ERR: 无法加载模块:__IMG__



[ 2018-08-15T09:53:25+08:00 ] 127.0.0.1 /__IMG__/index/banner/banner-8.jpg?1230
INFO: [ app_init ] --START--
INFO: Run Behavior\BuildLiteBehavior [ RunTime:0.000012s ]
INFO: [ app_init ] --END-- [ RunTime:0.000293s ]
ERR: 无法加载模块:__IMG__

[ 2018-08-15T09:53:25+08:00 ] 127.0.0.1 /__IMG__/index/banner/banner-3.jpg?1223
INFO: [ app_init ] --START--
INFO: Run Behavior\BuildLiteBehavior [ RunTime:0.000012s ]
INFO: [ app_init ] --END-- [ RunTime:0.000289s ]
ERR: 无法加载模块:__IMG__

[ 2018-08-15T10:11:27+08:00 ] 127.0.0.1 /__JS__/map.js
INFO: [ app_init ] --START--
INFO: Run Behavior\BuildLiteBehavior [ RunTime:0.000012s ]
INFO: [ app_init ] --END-- [ RunTime:0.000402s ]
ERR: 无法加载模块:__JS__

[ 2018-08-15T10:11:27+08:00 ] 127.0.0.1 /__JS__/zhongshanMap.js?v=8
INFO: [ app_init ] --START--
INFO: Run Behavior\BuildLiteBehavior [ RunTime:0.000013s ]
INFO: [ app_init ] --END-- [ RunTime:0.000354s ]
ERR: 无法加载模块:__JS__

[ 2018-08-15T10:11:27+08:00 ] 127.0.0.1 /__JS__/raphael-min.js
INFO: [ app_init ] --START--
INFO: Run Behavior\BuildLiteBehavior [ RunTime:0.000013s ]
INFO: [ app_init ] --END-- [ RunTime:0.000284s ]
ERR: 无法加载模块:__JS__

[ 2018-08-15T10:11:27+08:00 ] 127.0.0.1 /Public/Home/img/index/client/201708060/head-5445621.jpg
INFO: [ app_init ] --START--
INFO: Run Behavior\BuildLiteBehavior [ RunTime:0.000012s ]
INFO: [ app_init ] --END-- [ RunTime:0.000271s ]
ERR: 无法加载模块:Public

[ 2018-08-15T10:11:27+08:00 ] 127.0.0.1 /Public/Home/img/index/client/2017651241/head-8262332.jpg
INFO: [ app_init ] --START--
INFO: Run Behavior\BuildLiteBehavior [ RunTime:0.000012s ]
INFO: [ app_init ] --END-- [ RunTime:0.000255s ]
ERR: 无法加载模块:Public

[ 2018-08-15T10:11:27+08:00 ] 127.0.0.1 /Public/Home/img/index/client/201709078/head-987123213.jpg
INFO: [ app_init ] --START--
INFO: Run Behavior\BuildLiteBehavior [ RunTime:0.000012s ]
INFO: [ app_init ] --END-- [ RunTime:0.000320s ]
ERR: 无法加载模块:Public

[ 2018-08-15T10:11:27+08:00 ] 127.0.0.1 /__JS__/zhongshanMap.js?v=8
INFO: [ app_init ] --START--
INFO: Run Behavior\BuildLiteBehavior [ RunTime:0.000249s ]
INFO: [ app_init ] --END-- [ RunTime:0.001345s ]
ERR: 无法加载模块:__JS__

[ 2018-08-15T10:11:27+08:00 ] 127.0.0.1 /Public/Home/img/index/client/2017092133/head-87231486.jpg
INFO: [ app_init ] --START--
INFO: Run Behavior\BuildLiteBehavior [ RunTime:0.000012s ]
INFO: [ app_init ] --END-- [ RunTime:0.000415s ]
ERR: 无法加载模块:Public

[ 2018-08-15T10:11:27+08:00 ] 127.0.0.1 /Public/Home/img/index/client/2017090712/head-87932213.jpg
INFO: [ app_init ] --START--
INFO: Run Behavior\BuildLiteBehavior [ RunTime:0.000013s ]
INFO: [ app_init ] --END-- [ RunTime:0.000326s ]
ERR: 无法加载模块:Public

[ 2018-08-15T10:11:27+08:00 ] 127.0.0.1 /__JS__/map.js
INFO: [ app_init ] --START--
INFO: Run Behavior\BuildLiteBehavior [ RunTime:0.000013s ]
INFO: [ app_init ] --END-- [ RunTime:0.000454s ]
ERR: 无法加载模块:__JS__

[ 2018-08-15T10:11:27+08:00 ] 127.0.0.1 /Public/Home/img/index/client/2017090714/head-54623189.jpg
INFO: [ app_init ] --START--
INFO: Run Behavior\BuildLiteBehavior [ RunTime:0.000025s ]
INFO: [ app_init ] --END-- [ RunTime:0.000428s ]
ERR: 无法加载模块:Public

[ 2018-08-15T10:11:27+08:00 ] 127.0.0.1 /Public/Home/img/index/client/20170907213/head-3255645.jpg
INFO: [ app_init ] --START--
INFO: Run Behavior\BuildLiteBehavior [ RunTime:0.000012s ]
INFO: [ app_init ] --END-- [ RunTime:0.000377s ]
ERR: 无法加载模块:Public

[ 2018-08-15T10:11:27+08:00 ] 127.0.0.1 /Public/Home/img/index/client/2017098512/head-546542138.jpg
INFO: [ app_init ] --START--
INFO: Run Behavior\BuildLiteBehavior [ RunTime:0.000013s ]
INFO: [ app_init ] --END-- [ RunTime:0.000319s ]
ERR: 无法加载模块:Public

[ 2018-08-15T10:11:27+08:00 ] 127.0.0.1 /Public/Home/img/index/client/2017090791/head-65456123.jpg
INFO: [ app_init ] --START--
INFO: Run Behavior\BuildLiteBehavior [ RunTime:0.000012s ]
INFO: [ app_init ] --END-- [ RunTime:0.000311s ]
ERR: 无法加载模块:Public

[ 2018-08-15T10:11:27+08:00 ] 127.0.0.1 /Public/Home/img/index/client/20171023012/head-23545468.jpg
INFO: [ app_init ] --START--
INFO: Run Behavior\BuildLiteBehavior [ RunTime:0.000011s ]
INFO: [ app_init ] --END-- [ RunTime:0.000246s ]
ERR: 无法加载模块:Public

[ 2018-08-15T10:11:27+08:00 ] 127.0.0.1 /Public/Home/img/index/client/2017091239/head-5454124.jpg
INFO: [ app_init ] --START--
INFO: Run Behavior\BuildLiteBehavior [ RunTime:0.000013s ]
INFO: [ app_init ] --END-- [ RunTime:0.000299s ]
ERR: 无法加载模块:Public

[ 2018-08-15T10:11:27+08:00 ] 127.0.0.1 /Public/Home/img/index/client/20170907165/head-212156.jpg
INFO: [ app_init ] --START--
INFO: Run Behavior\BuildLiteBehavior [ RunTime:0.000013s ]
INFO: [ app_init ] --END-- [ RunTime:0.000446s ]
ERR: 无法加载模块:Public

[ 2018-08-15T10:11:27+08:00 ] 127.0.0.1 /__IMG__/index/banner/banner-4.jpg?723
INFO: [ app_init ] --START--
INFO: Run Behavior\BuildLiteBehavior [ RunTime:0.000010s ]
INFO: [ app_init ] --END-- [ RunTime:0.000253s ]
ERR: 无法加载模块:__IMG__

[ 2018-08-15T10:11:27+08:00 ] 127.0.0.1 /__IMG__/index/banner/banner-1.jpg?13236
INFO: [ app_init ] --START--
INFO: Run Behavior\BuildLiteBehavior [ RunTime:0.000015s ]
INFO: [ app_init ] --END-- [ RunTime:0.000399s ]
ERR: 无法加载模块:__IMG__

018-08-15T10:11:27+08:00 ] 127.0.0.1 /__IMG__/index/banner/banner-3.jpg?1223
INFO: [ app_init ] --START--
INFO: Run Behavior\BuildLiteBehavior [ RunTime:0.000011s ]
INFO: [ app_init ] --END-- [ RunTime:0.000264s ]
ERR: 无法加载模块:__IMG__

[ 2018-08-15T10:11:27+08:00 ] 127.0.0.1 /__IMG__/index/banner/banner-2.jpg?123
INFO: [ app_init ] --START--
INFO: Run Behavior\BuildLiteBehavior [ RunTime:0.000019s ]
INFO: [ app_init ] --END-- [ RunTime:0.000395s ]
ERR: 无法加载模块:__IMG__

[ 2018-08-15T10:11:27+08:00 ] 127.0.0.1 /__IMG__/index/banner/banner-8.jpg?1230
INFO: [ app_init ] --START--
INFO: Run Behavior\BuildLiteBehavior [ RunTime:0.000013s ]
INFO: [ app_init ] --END-- [ RunTime:0.000368s ]
ERR: 无法加载模块:__IMG__

[ 2018-08-15T10:11:27+08:00 ] 127.0.0.1 /__IMG__/index/banner/banner-6.jpg
INFO: [ app_init ] --START--
INFO: Run Behavior\BuildLiteBehavior [ RunTime:0.000011s ]
INFO: [ app_init ] --END-- [ RunTime:0.000256s ]
ERR: 无法加载模块:__IMG__

[ 2018-08-15T10:18:46+08:00 ] 127.0.0.1 /Public/Home/img/index/client/201708060/head-5445621.jpg
INFO: [ app_init ] --START--
INFO: Run Behavior\BuildLiteBehavior [ RunTime:0.000014s ]
INFO: [ app_init ] --END-- [ RunTime:0.000294s ]
ERR: 无法加载模块:Public

[ 2018-08-15T10:18:46+08:00 ] 127.0.0.1 /__JS__/map.js
INFO: [ app_init ] --START--
INFO: Run Behavior\BuildLiteBehavior [ RunTime:0.000017s ]
INFO: [ app_init ] --END-- [ RunTime:0.000584s ]
ERR: 无法加载模块:__JS__

[ 2018-08-15T10:18:46+08:00 ] 127.0.0.1 /__JS__/raphael-min.js
INFO: [ app_init ] --START--
INFO: Run Behavior\BuildLiteBehavior [ RunTime:0.000012s ]
INFO: [ app_init ] --END-- [ RunTime:0.000456s ]
ERR: 无法加载模块:__JS__

[ 2018-08-15T10:18:46+08:00 ] 127.0.0.1 /__JS__/zhongshanMap.js?v=8
INFO: [ app_init ] --START--
INFO: Run Behavior\BuildLiteBehavior [ RunTime:0.000012s ]
INFO: [ app_init ] --END-- [ RunTime:0.000432s ]
ERR: 无法加载模块:__JS__

[ 2018-08-15T10:18:46+08:00 ] 127.0.0.1 /Public/Home/img/index/client/2017651241/head-8262332.jpg
INFO: [ app_init ] --START--
INFO: Run Behavior\BuildLiteBehavior [ RunTime:0.000014s ]
INFO: [ app_init ] --END-- [ RunTime:0.000307s ]
ERR: 无法加载模块:Public

[ 2018-08-15T10:18:46+08:00 ] 127.0.0.1 /Public/Home/img/index/client/2017092133/head-87231486.jpg
INFO: [ app_init ] --START--
INFO: Run Behavior\BuildLiteBehavior [ RunTime:0.000013s ]
INFO: [ app_init ] --END-- [ RunTime:0.000252s ]
ERR: 无法加载模块:Public

[ 2018-08-15T10:18:46+08:00 ] 127.0.0.1 /__JS__/map.js
INFO: [ app_init ] --START--
INFO: Run Behavior\BuildLiteBehavior [ RunTime:0.000011s ]
INFO: [ app_init ] --END-- [ RunTime:0.000256s ]
ERR: 无法加载模块:__JS__

[ 2018-08-15T10:18:46+08:00 ] 127.0.0.1 /Public/Home/img/index/client/201709078/head-987123213.jpg
INFO: [ app_init ] --START--
INFO: Run Behavior\BuildLiteBehavior [ RunTime:0.000012s ]
INFO: [ app_init ] --END-- [ RunTime:0.000302s ]
ERR: 无法加载模块:Public

[ 2018-08-15T10:18:46+08:00 ] 127.0.0.1 /Public/Home/img/index/client/2017090712/head-87932213.jpg
INFO: [ app_init ] --START--
INFO: Run Behavior\BuildLiteBehavior [ RunTime:0.000014s ]
INFO: [ app_init ] --END-- [ RunTime:0.000284s ]
ERR: 无法加载模块:Public

[ 2018-08-15T10:18:46+08:00 ] 127.0.0.1 /Public/Home/img/index/client/2017090791/head-65456123.jpg
INFO: [ app_init ] --START--
INFO: Run Behavior\BuildLiteBehavior [ RunTime:0.000013s ]
INFO: [ app_init ] --END-- [ RunTime:0.000313s ]
ERR: 无法加载模块:Public

[ 2018-08-15T10:18:46+08:00 ] 127.0.0.1 /Public/Home/img/index/client/2017090714/head-54623189.jpg
INFO: [ app_init ] --START--
INFO: Run Behavior\BuildLiteBehavior [ RunTime:0.000012s ]
INFO: [ app_init ] --END-- [ RunTime:0.000396s ]
ERR: 无法加载模块:Public

[ 2018-08-15T10:18:46+08:00 ] 127.0.0.1 /Public/Home/img/index/client/2017091239/head-5454124.jpg
INFO: [ app_init ] --START--
INFO: Run Behavior\BuildLiteBehavior [ RunTime:0.000028s ]
INFO: [ app_init ] --END-- [ RunTime:0.001278s ]
ERR: 无法加载模块:Public

[ 2018-08-15T10:18:46+08:00 ] 127.0.0.1 /Public/Home/img/index/client/2017098512/head-546542138.jpg
INFO: [ app_init ] --START--
INFO: Run Behavior\BuildLiteBehavior [ RunTime:0.000013s ]
INFO: [ app_init ] --END-- [ RunTime:0.000278s ]
ERR: 无法加载模块:Public

[ 2018-08-15T10:18:46+08:00 ] 127.0.0.1 /Public/Home/img/index/client/20170907165/head-212156.jpg
INFO: [ app_init ] --START--
INFO: Run Behavior\BuildLiteBehavior [ RunTime:0.000014s ]
INFO: [ app_init ] --END-- [ RunTime:0.000290s ]
ERR: 无法加载模块:Public

[ 2018-08-15T10:18:46+08:00 ] 127.0.0.1 /Public/Home/img/index/client/20171023012/head-23545468.jpg
INFO: [ app_init ] --START--
INFO: Run Behavior\BuildLiteBehavior [ RunTime:0.000014s ]
INFO: [ app_init ] --END-- [ RunTime:0.000430s ]
ERR: 无法加载模块:Public

[ 2018-08-15T10:18:46+08:00 ] 127.0.0.1 /Public/Home/img/index/client/20170907213/head-3255645.jpg
INFO: [ app_init ] --START--
INFO: Run Behavior\BuildLiteBehavior [ RunTime:0.000014s ]
INFO: [ app_init ] --END-- [ RunTime:0.000522s ]
ERR: 无法加载模块:Public

[ 2018-08-15T10:18:46+08:00 ] 127.0.0.1 /__IMG__/index/banner/banner-5.jpg?22
INFO: [ app_init ] --START--
INFO: Run Behavior\BuildLiteBehavior [ RunTime:0.000013s ]
INFO: [ app_init ] --END-- [ RunTime:0.000336s ]
ERR: 无法加载模块:__IMG__

[ 2018-08-15T10:18:46+08:00 ] 127.0.0.1 /__IMG__/index/banner/banner-4.jpg?723
INFO: [ app_init ] --START--
INFO: Run Behavior\BuildLiteBehavior [ RunTime:0.000011s ]
INFO: [ app_init ] --END-- [ RunTime:0.000255s ]
ERR: 无法加载模块:__IMG__

[ 2018-08-15T10:18:46+08:00 ] 127.0.0.1 /__IMG__/index/banner/banner-1.jpg?13236
INFO: [ app_init ] --START--
INFO: Run Behavior\BuildLiteBehavior [ RunTime:0.000014s ]
INFO: [ app_init ] --END-- [ RunTime:0.000337s ]
ERR: 无法加载模块:__IMG__

[ 2018-08-15T10:18:46+08:00 ] 127.0.0.1 /__IMG__/index/banner/banner-3.jpg?1223
INFO: [ app_init ] --START--
INFO: Run Behavior\BuildLiteBehavior [ RunTime:0.000034s ]
INFO: [ app_init ] --END-- [ RunTime:0.001628s ]
ERR: 无法加载模块:__IMG__

[ 2018-08-15T10:18:46+08:00 ] 127.0.0.1 /__IMG__/index/banner/banner-2.jpg?123
INFO: [ app_init ] --START--
INFO: Run Behavior\BuildLiteBehavior [ RunTime:0.000015s ]
INFO: [ app_init ] --END-- [ RunTime:0.000287s ]
ERR: 无法加载模块:__IMG__

[ 2018-08-15T10:18:46+08:00 ] 127.0.0.1 /__IMG__/index/banner/banner-6.jpg
INFO: [ app_init ] --START--
INFO: Run Behavior\BuildLiteBehavior [ RunTime:0.000012s ]
INFO: [ app_init ] --END-- [ RunTime:0.000263s ]
ERR: 无法加载模块:__IMG__

[ 2018-08-15T10:18:46+08:00 ] 127.0.0.1 /__IMG__/index/banner/banner-8.jpg?1230
INFO: [ app_init ] --START--
INFO: Run Behavior\BuildLiteBehavior [ RunTime:0.000012s ]
INFO: [ app_init ] --END-- [ RunTime:0.000252s ]
ERR: 无法加载模块:__IMG__

[ 2018-08-15T10:20:46+08:00 ] 127.0.0.1 /__CSS__/stywor.css?v=1.0.1
INFO: [ app_init ] --START--
INFO: Run Behavior\BuildLiteBehavior [ RunTime:0.000012s ]
INFO: [ app_init ] --END-- [ RunTime:0.000270s ]
ERR: 无法加载模块:__CSS__

[ 2018-08-15T10:20:46+08:00 ] 127.0.0.1 /__CSS__/index.css?v=1.0.8
INFO: [ app_init ] --START--
INFO: Run Behavior\BuildLiteBehavior [ RunTime:0.000013s ]
INFO: [ app_init ] --END-- [ RunTime:0.000285s ]
ERR: 无法加载模块:__CSS__

[ 2018-08-15T10:20:46+08:00 ] 127.0.0.1 /__CSS__/style.css?v=1.0.7
INFO: [ app_init ] --START--
INFO: Run Behavior\BuildLiteBehavior [ RunTime:0.000014s ]
INFO: [ app_init ] --END-- [ RunTime:0.000435s ]
ERR: 无法加载模块:__CSS__

[ 2018-08-15T10:20:46+08:00 ] 127.0.0.1 /__CSS__/news.css?v=1.0.3
INFO: [ app_init ] --START--
INFO: Run Behavior\BuildLiteBehavior [ RunTime:0.000011s ]
INFO: [ app_init ] --END-- [ RunTime:0.000281s ]
ERR: 无法加载模块:__CSS__

[ 2018-08-15T10:20:46+08:00 ] 127.0.0.1 /__CSS__/college.css?v=1.0.1
INFO: [ app_init ] --START--
INFO: Run Behavior\BuildLiteBehavior [ RunTime:0.000012s ]
INFO: [ app_init ] --END-- [ RunTime:0.000258s ]
ERR: 无法加载模块:__CSS__

[ 2018-08-15T10:20:46+08:00 ] 127.0.0.1 /__CSS__/stytea.css?v=1.0.1
INFO: [ app_init ] --START--
INFO: Run Behavior\BuildLiteBehavior [ RunTime:0.000013s ]
INFO: [ app_init ] --END-- [ RunTime:0.000294s ]
ERR: 无法加载模块:__CSS__

[ 2018-08-15T10:20:46+08:00 ] 127.0.0.1 /__CSS__/effect_sub.css?v=1.1.9
INFO: [ app_init ] --START--
INFO: Run Behavior\BuildLiteBehavior [ RunTime:0.000012s ]
INFO: [ app_init ] --END-- [ RunTime:0.000530s ]
ERR: 无法加载模块:__CSS__

[ 2018-08-15T10:20:46+08:00 ] 127.0.0.1 /__CSS__/brand.css?v=1.0.4
INFO: [ app_init ] --START--
INFO: Run Behavior\BuildLiteBehavior [ RunTime:0.000013s ]
INFO: [ app_init ] --END-- [ RunTime:0.000277s ]
ERR: 无法加载模块:__CSS__

[ 2018-08-15T10:20:46+08:00 ] 127.0.0.1 /__CSS__/special.css?v=1.1.4
INFO: [ app_init ] --START--
INFO: Run Behavior\BuildLiteBehavior [ RunTime:0.000012s ]
INFO: [ app_init ] --END-- [ RunTime:0.000268s ]
ERR: 无法加载模块:__CSS__

[ 2018-08-15T10:20:46+08:00 ] 127.0.0.1 /__CSS__/build.css?v=1.0.1
INFO: [ app_init ] --START--
INFO: Run Behavior\BuildLiteBehavior [ RunTime:0.000013s ]
INFO: [ app_init ] --END-- [ RunTime:0.000320s ]
ERR: 无法加载模块:__CSS__

[ 2018-08-15T10:20:46+08:00 ] 127.0.0.1 /__JS__/banner.js?1.0.2
INFO: [ app_init ] --START--
INFO: Run Behavior\BuildLiteBehavior [ RunTime:0.000012s ]
INFO: [ app_init ] --END-- [ RunTime:0.000280s ]
ERR: 无法加载模块:__JS__

[ 2018-08-15T10:20:46+08:00 ] 127.0.0.1 /__JS__/jquery.lazyload.min.js?v=1.0.0
INFO: [ app_init ] --START--
INFO: Run Behavior\BuildLiteBehavior [ RunTime:0.000011s ]
INFO: [ app_init ] --END-- [ RunTime:0.000263s ]
ERR: 无法加载模块:__JS__

[ 2018-08-15T10:20:46+08:00 ] 127.0.0.1 /__JS__/jquery.min.js?v=1.0.0
INFO: [ app_init ] --START--
INFO: Run Behavior\BuildLiteBehavior [ RunTime:0.000014s ]
INFO: [ app_init ] --END-- [ RunTime:0.000291s ]
ERR: 无法加载模块:__JS__

[ 2018-08-15T10:20:46+08:00 ] 127.0.0.1 /__JS__/jquery.SuperSlide.2.1.1.js
INFO: [ app_init ] --START--
INFO: Run Behavior\BuildLiteBehavior [ RunTime:0.000013s ]
INFO: [ app_init ] --END-- [ RunTime:0.000341s ]
ERR: 无法加载模块:__JS__

[ 2018-08-15T10:20:46+08:00 ] 127.0.0.1 /__JS__/scroll.js?v=1.0.2
INFO: [ app_init ] --START--
INFO: Run Behavior\BuildLiteBehavior [ RunTime:0.000012s ]
INFO: [ app_init ] --END-- [ RunTime:0.000261s ]
ERR: 无法加载模块:__JS__

[ 2018-08-15T10:20:46+08:00 ] 127.0.0.1 /__IMG__/icon/adr_wx.jpg
INFO: [ app_init ] --START--
INFO: Run Behavior\BuildLiteBehavior [ RunTime:0.000012s ]
INFO: [ app_init ] --END-- [ RunTime:0.000271s ]
ERR: 无法加载模块:__IMG__

[ 2018-08-15T10:20:46+08:00 ] 127.0.0.1 /__IMG__/icon/logo.jpg
INFO: [ app_init ] --START--
INFO: Run Behavior\BuildLiteBehavior [ RunTime:0.000012s ]
INFO: [ app_init ] --END-- [ RunTime:0.000272s ]
ERR: 无法加载模块:__IMG__

[ 2018-08-15T10:20:46+08:00 ] 127.0.0.1 /__JS__/banner.js?1.0.2
INFO: [ app_init ] --START--
INFO: Run Behavior\BuildLiteBehavior [ RunTime:0.000012s ]
INFO: [ app_init ] --END-- [ RunTime:0.000287s ]
ERR: 无法加载模块:__JS__

[ 2018-08-15T10:20:46+08:00 ] 127.0.0.1 /__JS__/raphael-min.js
INFO: [ app_init ] --START--
INFO: Run Behavior\BuildLiteBehavior [ RunTime:0.000012s ]
INFO: [ app_init ] --END-- [ RunTime:0.000257s ]
ERR: 无法加载模块:__JS__

[ 2018-08-15T10:20:46+08:00 ] 127.0.0.1 /__JS__/zhongshanMap.js?v=8
INFO: [ app_init ] --START--
INFO: Run Behavior\BuildLiteBehavior [ RunTime:0.000011s ]
INFO: [ app_init ] --END-- [ RunTime:0.000284s ]
ERR: 无法加载模块:__JS__

[ 2018-08-15T10:20:46+08:00 ] 127.0.0.1 /__JS__/jquery.SuperSlide.2.1.1.js
INFO: [ app_init ] --START--
INFO: Run Behavior\BuildLiteBehavior [ RunTime:0.000012s ]
INFO: [ app_init ] --END-- [ RunTime:0.000240s ]
ERR: 无法加载模块:__JS__

[ 2018-08-15T10:20:46+08:00 ] 127.0.0.1 /__JS__/map.js
INFO: [ app_init ] --START--
INFO: Run Behavior\BuildLiteBehavior [ RunTime:0.000012s ]
INFO: [ app_init ] --END-- [ RunTime:0.000255s ]
ERR: 无法加载模块:__JS__

[ 2018-08-15T10:20:46+08:00 ] 127.0.0.1 /__JS__/jquery.lazyload.min.js?v=1.0.0
INFO: [ app_init ] --START--
INFO: Run Behavior\BuildLiteBehavior [ RunTime:0.000010s ]
INFO: [ app_init ] --END-- [ RunTime:0.000235s ]
ERR: 无法加载模块:__JS__

[ 2018-08-15T10:20:46+08:00 ] 127.0.0.1 /__JS__/style.js?v=1.0.2
INFO: [ app_init ] --START--
INFO: Run Behavior\BuildLiteBehavior [ RunTime:0.000012s ]
INFO: [ app_init ] --END-- [ RunTime:0.000292s ]
ERR: 无法加载模块:__JS__

[ 2018-08-15T10:20:46+08:00 ] 127.0.0.1 /__JS__/scroll.js?v=1.0.2
INFO: [ app_init ] --START--
INFO: Run Behavior\BuildLiteBehavior [ RunTime:0.000011s ]
INFO: [ app_init ] --END-- [ RunTime:0.000255s ]
ERR: 无法加载模块:__JS__

[ 2018-08-15T10:20:46+08:00 ] 127.0.0.1 /__JS__/index.js?v=1.0.2
INFO: [ app_init ] --START--
INFO: Run Behavior\BuildLiteBehavior [ RunTime:0.000011s ]
INFO: [ app_init ] --END-- [ RunTime:0.000238s ]
ERR: 无法加载模块:__JS__

[ 2018-08-15T10:20:46+08:00 ] 127.0.0.1 /__JS__/scrollBar.js?v=1.0.0
INFO: [ app_init ] --START--
INFO: Run Behavior\BuildLiteBehavior [ RunTime:0.000011s ]
INFO: [ app_init ] --END-- [ RunTime:0.000245s ]
ERR: 无法加载模块:__JS__

[ 2018-08-15T10:20:46+08:00 ] 127.0.0.1 /__IMG__/icon/aw_01.png?123
INFO: [ app_init ] --START--
INFO: Run Behavior\BuildLiteBehavior [ RunTime:0.000024s ]
INFO: [ app_init ] --END-- [ RunTime:0.000699s ]
ERR: 无法加载模块:__IMG__

[ 2018-08-15T10:20:46+08:00 ] 127.0.0.1 /__IMG__/head_por/new-cm.gif
INFO: [ app_init ] --START--
INFO: Run Behavior\BuildLiteBehavior [ RunTime:0.000012s ]
INFO: [ app_init ] --END-- [ RunTime:0.000333s ]
ERR: 无法加载模块:__IMG__

[ 2018-08-15T10:20:46+08:00 ] 127.0.0.1 /__IMG__/head_por/new-sm.gif
INFO: [ app_init ] --START--
INFO: Run Behavior\BuildLiteBehavior [ RunTime:0.000013s ]
INFO: [ app_init ] --END-- [ RunTime:0.000514s ]
ERR: 无法加载模块:__IMG__

[ 2018-08-15T10:20:46+08:00 ] 127.0.0.1 /__IMG__/icon/aw_02.png?123
INFO: [ app_init ] --START--
INFO: Run Behavior\BuildLiteBehavior [ RunTime:0.000031s ]
INFO: [ app_init ] --END-- [ RunTime:0.003702s ]
ERR: 无法加载模块:__IMG__

[ 2018-08-15T10:20:46+08:00 ] 127.0.0.1 /__JS__/raphael-min.js
INFO: [ app_init ] --START--
INFO: Run Behavior\BuildLiteBehavior [ RunTime:0.000012s ]
INFO: [ app_init ] --END-- [ RunTime:0.000362s ]
ERR: 无法加载模块:__JS__

[ 2018-08-15T10:20:46+08:00 ] 127.0.0.1 /__IMG__/icon/aw_03.gif?122
INFO: [ app_init ] --START--
INFO: Run Behavior\BuildLiteBehavior [ RunTime:0.000013s ]
INFO: [ app_init ] --END-- [ RunTime:0.000267s ]
ERR: 无法加载模块:__IMG__

[ 2018-08-15T10:20:46+08:00 ] 127.0.0.1 /Public/Home/img/index/client/2017092133/head-87231486.jpg
INFO: [ app_init ] --START--
INFO: Run Behavior\BuildLiteBehavior [ RunTime:0.000014s ]
INFO: [ app_init ] --END-- [ RunTime:0.000333s ]
ERR: 无法加载模块:Public

[ 2018-08-15T10:20:46+08:00 ] 127.0.0.1 /Public/Home/img/index/client/201709078/head-987123213.jpg
INFO: [ app_init ] --START--
INFO: Run Behavior\BuildLiteBehavior [ RunTime:0.000013s ]
INFO: [ app_init ] --END-- [ RunTime:0.000682s ]
ERR: 无法加载模块:Public

[ 2018-08-15T10:20:46+08:00 ] 127.0.0.1 /Public/Home/img/index/client/201708060/head-5445621.jpg
INFO: [ app_init ] --START--
INFO: Run Behavior\BuildLiteBehavior [ RunTime:0.000012s ]
INFO: [ app_init ] --END-- [ RunTime:0.000276s ]
ERR: 无法加载模块:Public

[ 2018-08-15T10:20:46+08:00 ] 127.0.0.1 /__JS__/zhongshanMap.js?v=8
INFO: [ app_init ] --START--
INFO: Run Behavior\BuildLiteBehavior [ RunTime:0.000012s ]
INFO: [ app_init ] --END-- [ RunTime:0.002456s ]
ERR: 无法加载模块:__JS__

[ 2018-08-15T10:20:46+08:00 ] 127.0.0.1 /Public/Home/img/index/client/2017090712/head-87932213.jpg
INFO: [ app_init ] --START--
INFO: Run Behavior\BuildLiteBehavior [ RunTime:0.000012s ]
INFO: [ app_init ] --END-- [ RunTime:0.000274s ]
ERR: 无法加载模块:Public

[ 2018-08-15T10:20:46+08:00 ] 127.0.0.1 /Public/Home/img/index/client/2017651241/head-8262332.jpg
INFO: [ app_init ] --START--
INFO: Run Behavior\BuildLiteBehavior [ RunTime:0.000720s ]
INFO: [ app_init ] --END-- [ RunTime:0.001114s ]
ERR: 无法加载模块:Public

[ 2018-08-15T10:20:46+08:00 ] 127.0.0.1 /Public/Home/img/index/client/2017090791/head-65456123.jpg
INFO: [ app_init ] --START--
INFO: Run Behavior\BuildLiteBehavior [ RunTime:0.000013s ]
INFO: [ app_init ] --END-- [ RunTime:0.000280s ]
ERR: 无法加载模块:Public

[ 2018-08-15T10:20:46+08:00 ] 127.0.0.1 /Public/Home/img/index/client/2017098512/head-546542138.jpg
INFO: [ app_init ] --START--
INFO: Run Behavior\BuildLiteBehavior [ RunTime:0.000012s ]
INFO: [ app_init ] --END-- [ RunTime:0.000260s ]
ERR: 无法加载模块:Public

[ 2018-08-15T10:20:46+08:00 ] 127.0.0.1 /Public/Home/img/index/client/2017090714/head-54623189.jpg
INFO: [ app_init ] --START--
INFO: Run Behavior\BuildLiteBehavior [ RunTime:0.000013s ]
INFO: [ app_init ] --END-- [ RunTime:0.000332s ]
ERR: 无法加载模块:Public

[ 2018-08-15T10:20:46+08:00 ] 127.0.0.1 /Public/Home/img/index/client/2017091239/head-5454124.jpg
INFO: [ app_init ] --START--
INFO: Run Behavior\BuildLiteBehavior [ RunTime:0.000011s ]
INFO: [ app_init ] --END-- [ RunTime:0.000772s ]
ERR: 无法加载模块:Public

[ 2018-08-15T10:20:46+08:00 ] 127.0.0.1 /__JS__/map.js
INFO: [ app_init ] --START--
INFO: Run Behavior\BuildLiteBehavior [ RunTime:0.000014s ]
INFO: [ app_init ] --END-- [ RunTime:0.000271s ]
ERR: 无法加载模块:__JS__

[ 2018-08-15T10:20:46+08:00 ] 127.0.0.1 /Public/Home/img/index/client/20171023012/head-23545468.jpg
INFO: [ app_init ] --START--
INFO: Run Behavior\BuildLiteBehavior [ RunTime:0.000013s ]
INFO: [ app_init ] --END-- [ RunTime:0.000299s ]
ERR: 无法加载模块:Public

[ 2018-08-15T10:20:46+08:00 ] 127.0.0.1 /Public/Home/img/index/client/20170907213/head-3255645.jpg
INFO: [ app_init ] --START--
INFO: Run Behavior\BuildLiteBehavior [ RunTime:0.000014s ]
INFO: [ app_init ] --END-- [ RunTime:0.000284s ]
ERR: 无法加载模块:Public

[ 2018-08-15T10:20:46+08:00 ] 127.0.0.1 /__IMG__/icon/adr_weibo.jpg
INFO: [ app_init ] --START--
INFO: Run Behavior\BuildLiteBehavior [ RunTime:0.000015s ]
INFO: [ app_init ] --END-- [ RunTime:0.000317s ]
ERR: 无法加载模块:__IMG__

[ 2018-08-15T10:20:46+08:00 ] 127.0.0.1 /__IMG__/icon/jdsc.jpg
INFO: [ app_init ] --START--
INFO: Run Behavior\BuildLiteBehavior [ RunTime:0.000035s ]
INFO: [ app_init ] --END-- [ RunTime:0.000399s ]
ERR: 无法加载模块:__IMG__

[ 2018-08-15T10:20:46+08:00 ] 127.0.0.1 /__IMG__/icon/adr_wx.jpg
INFO: [ app_init ] --START--
INFO: Run Behavior\BuildLiteBehavior [ RunTime:0.000012s ]
INFO: [ app_init ] --END-- [ RunTime:0.000289s ]
ERR: 无法加载模块:__IMG__

[ 2018-08-15T10:20:46+08:00 ] 127.0.0.1 /Public/Home/img/index/client/20170907165/head-212156.jpg
INFO: [ app_init ] --START--
INFO: Run Behavior\BuildLiteBehavior [ RunTime:0.000012s ]
INFO: [ app_init ] --END-- [ RunTime:0.000254s ]
ERR: 无法加载模块:Public

[ 2018-08-15T10:20:46+08:00 ] 127.0.0.1 /__IMG__/index/banner/banner-5.jpg?22
INFO: [ app_init ] --START--
INFO: Run Behavior\BuildLiteBehavior [ RunTime:0.000013s ]
INFO: [ app_init ] --END-- [ RunTime:0.000279s ]
ERR: 无法加载模块:__IMG__

[ 2018-08-15T10:20:46+08:00 ] 127.0.0.1 /__IMG__/index/banner/banner-1.jpg?13236
INFO: [ app_init ] --START--
INFO: Run Behavior\BuildLiteBehavior [ RunTime:0.000012s ]
INFO: [ app_init ] --END-- [ RunTime:0.000298s ]
ERR: 无法加载模块:__IMG__

[ 2018-08-15T10:20:46+08:00 ] 127.0.0.1 /__JS__/style.js?v=1.0.2
INFO: [ app_init ] --START--
INFO: Run Behavior\BuildLiteBehavior [ RunTime:0.000027s ]
INFO: [ app_init ] --END-- [ RunTime:0.000296s ]
ERR: 无法加载模块:__JS__

[ 2018-08-15T10:20:46+08:00 ] 127.0.0.1 /__IMG__/index/banner/banner-3.jpg?1223
INFO: [ app_init ] --START--
INFO: Run Behavior\BuildLiteBehavior [ RunTime:0.000013s ]
INFO: [ app_init ] --END-- [ RunTime:0.000304s ]
ERR: 无法加载模块:__IMG__

[ 2018-08-15T10:20:46+08:00 ] 127.0.0.1 /__IMG__/index/banner/banner-2.jpg?123
INFO: [ app_init ] --START--
INFO: Run Behavior\BuildLiteBehavior [ RunTime:0.000013s ]
INFO: [ app_init ] --END-- [ RunTime:0.000276s ]
ERR: 无法加载模块:__IMG__

[ 2018-08-15T10:20:46+08:00 ] 127.0.0.1 /__IMG__/index/banner/banner-8.jpg?1230
INFO: [ app_init ] --START--
INFO: Run Behavior\BuildLiteBehavior [ RunTime:0.000013s ]
INFO: [ app_init ] --END-- [ RunTime:0.000463s ]
ERR: 无法加载模块:__IMG__

[ 2018-08-15T10:20:46+08:00 ] 127.0.0.1 /__IMG__/index/banner/banner-6.jpg
INFO: [ app_init ] --START--
INFO: Run Behavior\BuildLiteBehavior [ RunTime:0.000010s ]
INFO: [ app_init ] --END-- [ RunTime:0.000300s ]
ERR: 无法加载模块:__IMG__

[ 2018-08-15T10:20:46+08:00 ] 127.0.0.1 /__IMG__/index/banner/banner-4.jpg?723
INFO: [ app_init ] --START--
INFO: Run Behavior\BuildLiteBehavior [ RunTime:0.000011s ]
INFO: [ app_init ] --END-- [ RunTime:0.000249s ]
ERR: 无法加载模块:__IMG__

[ 2018-08-15T10:20:47+08:00 ] 127.0.0.1 /__JS__/index.js?v=1.0.2
INFO: [ app_init ] --START--
INFO: Run Behavior\BuildLiteBehavior [ RunTime:0.000013s ]
INFO: [ app_init ] --END-- [ RunTime:0.000244s ]
ERR: 无法加载模块:__JS__

[ 2018-08-15T10:20:47+08:00 ] 127.0.0.1 /__JS__/scrollBar.js?v=1.0.0
INFO: [ app_init ] --START--
INFO: Run Behavior\BuildLiteBehavior [ RunTime:0.000012s ]
INFO: [ app_init ] --END-- [ RunTime:0.000249s ]
ERR: 无法加载模块:__JS__

[ 2018-08-15T10:20:47+08:00 ] 127.0.0.1 /__IMG__/icon/favicon.ico
INFO: [ app_init ] --START--
INFO: Run Behavior\BuildLiteBehavior [ RunTime:0.000012s ]
INFO: [ app_init ] --END-- [ RunTime:0.000257s ]
ERR: 无法加载模块:__IMG__

[ 2018-08-15T11:07:44+08:00 ] 127.0.0.1 /Uploads/Editor/2018-05-26/5b08dbdb2eeca.jpg
INFO: [ app_init ] --START--
INFO: Run Behavior\BuildLiteBehavior [ RunTime:0.000012s ]
INFO: [ app_init ] --END-- [ RunTime:0.000341s ]
ERR: 无法加载模块:Uploads

[ 2018-08-15T11:07:44+08:00 ] 127.0.0.1 /Uploads/Editor/2018-05-26/5b08dbea17e51.jpg
INFO: [ app_init ] --START--
INFO: Run Behavior\BuildLiteBehavior [ RunTime:0.000014s ]
INFO: [ app_init ] --END-- [ RunTime:0.000289s ]
ERR: 无法加载模块:Uploads

[ 2018-08-15T11:07:44+08:00 ] 127.0.0.1 /Uploads/Editor/2018-05-26/5b08dbfc19f3e.jpg
INFO: [ app_init ] --START--
INFO: Run Behavior\BuildLiteBehavior [ RunTime:0.000015s ]
INFO: [ app_init ] --END-- [ RunTime:0.000281s ]
ERR: 无法加载模块:Uploads

[ 2018-08-15T11:14:40+08:00 ] 127.0.0.1 /Uploads/Editor/2018-05-26/5b08dbdb2eeca.jpg
INFO: [ app_init ] --START--
INFO: Run Behavior\BuildLiteBehavior [ RunTime:0.000014s ]
INFO: [ app_init ] --END-- [ RunTime:0.000398s ]
ERR: 无法加载模块:Uploads

[ 2018-08-15T11:14:40+08:00 ] 127.0.0.1 /Uploads/Editor/2018-05-26/5b08dbea17e51.jpg
INFO: [ app_init ] --START--
INFO: Run Behavior\BuildLiteBehavior [ RunTime:0.000014s ]
INFO: [ app_init ] --END-- [ RunTime:0.000371s ]
ERR: 无法加载模块:Uploads

[ 2018-08-15T11:14:40+08:00 ] 127.0.0.1 /Uploads/Editor/2018-05-26/5b08dbfc19f3e.jpg
INFO: [ app_init ] --START--
INFO: Run Behavior\BuildLiteBehavior [ RunTime:0.000017s ]
INFO: [ app_init ] --END-- [ RunTime:0.000418s ]
ERR: 无法加载模块:Uploads

[ 2018-08-15T11:19:16+08:00 ] 127.0.0.1 /__PIC__/2018-05-26/5b08dbfc19f3e.jpg
INFO: [ app_init ] --START--
INFO: Run Behavior\BuildLiteBehavior [ RunTime:0.000013s ]
INFO: [ app_init ] --END-- [ RunTime:0.000263s ]
ERR: 无法加载模块:__PIC__

[ 2018-08-15T11:19:16+08:00 ] 127.0.0.1 /__PIC__/2018-05-26/5b08dbea17e51.jpg
INFO: [ app_init ] --START--
INFO: Run Behavior\BuildLiteBehavior [ RunTime:0.000013s ]
INFO: [ app_init ] --END-- [ RunTime:0.000346s ]
ERR: 无法加载模块:__PIC__

[ 2018-08-15T11:19:16+08:00 ] 127.0.0.1 /__PIC__/2018-05-26/5b08dbdb2eeca.jpg
INFO: [ app_init ] --START--
INFO: Run Behavior\BuildLiteBehavior [ RunTime:0.000013s ]
INFO: [ app_init ] --END-- [ RunTime:0.000313s ]
ERR: 无法加载模块:__PIC__

[ 2018-08-15T11:19:36+08:00 ] 127.0.0.1 /__PIC__/guanyu/2018-05-26/5b08dbdb2eeca.jpg
INFO: [ app_init ] --START--
INFO: Run Behavior\BuildLiteBehavior [ RunTime:0.000014s ]
INFO: [ app_init ] --END-- [ RunTime:0.000340s ]
ERR: 无法加载模块:__PIC__

[ 2018-08-15T11:19:36+08:00 ] 127.0.0.1 /__PIC__/guanyu/2018-05-26/5b08dbfc19f3e.jpg
INFO: [ app_init ] --START--
INFO: Run Behavior\BuildLiteBehavior [ RunTime:0.000012s ]
INFO: [ app_init ] --END-- [ RunTime:0.000269s ]
ERR: 无法加载模块:__PIC__

[ 2018-08-15T11:19:36+08:00 ] 127.0.0.1 /__PIC__/guanyu/2018-05-26/5b08dbea17e51.jpg
INFO: [ app_init ] --START--
INFO: Run Behavior\BuildLiteBehavior [ RunTime:0.000015s ]
INFO: [ app_init ] --END-- [ RunTime:0.000288s ]
ERR: 无法加载模块:__PIC__

[ 2018-08-15T11:19:40+08:00 ] 127.0.0.1 /__PIC__/guanyu/2018-05-26/5b08dbea17e51.jpg
INFO: [ app_init ] --START--
INFO: Run Behavior\BuildLiteBehavior [ RunTime:0.000122s ]
INFO: [ app_init ] --END-- [ RunTime:0.000498s ]
ERR: 无法加载模块:__PIC__

[ 2018-08-15T11:19:40+08:00 ] 127.0.0.1 /__PIC__/guanyu/2018-05-26/5b08dbfc19f3e.jpg
INFO: [ app_init ] --START--
INFO: Run Behavior\BuildLiteBehavior [ RunTime:0.000012s ]
INFO: [ app_init ] --END-- [ RunTime:0.000266s ]
ERR: 无法加载模块:__PIC__

[ 2018-08-15T11:19:40+08:00 ] 127.0.0.1 /__PIC__/guanyu/2018-05-26/5b08dbdb2eeca.jpg
INFO: [ app_init ] --START--
INFO: Run Behavior\BuildLiteBehavior [ RunTime:0.000017s ]
INFO: [ app_init ] --END-- [ RunTime:0.000346s ]
ERR: 无法加载模块:__PIC__

[ 2018-08-15T11:24:08+08:00 ] 127.0.0.1 /Public/Upload/2018-05-26/5b08dbea17e51.jpg
INFO: [ app_init ] --START--
INFO: Run Behavior\BuildLiteBehavior [ RunTime:0.000016s ]
INFO: [ app_init ] --END-- [ RunTime:0.000286s ]
ERR: 无法加载模块:Public

[ 2018-08-15T11:24:08+08:00 ] 127.0.0.1 /Public/Upload/2018-05-26/5b08dbfc19f3e.jpg
INFO: [ app_init ] --START--
INFO: Run Behavior\BuildLiteBehavior [ RunTime:0.000017s ]
INFO: [ app_init ] --END-- [ RunTime:0.000369s ]
ERR: 无法加载模块:Public

[ 2018-08-15T11:24:08+08:00 ] 127.0.0.1 /Public/Upload/2018-05-26/5b08dbdb2eeca.jpg
INFO: [ app_init ] --START--
INFO: Run Behavior\BuildLiteBehavior [ RunTime:0.000014s ]
INFO: [ app_init ] --END-- [ RunTime:0.000359s ]
ERR: 无法加载模块:Public

[ 2018-08-15T11:24:39+08:00 ] 127.0.0.1 /Public/Upload/2018-05-26/5b08dbdb2eeca.jpg
INFO: [ app_init ] --START--
INFO: Run Behavior\BuildLiteBehavior [ RunTime:0.000014s ]
INFO: [ app_init ] --END-- [ RunTime:0.000303s ]
ERR: 无法加载模块:Public

[ 2018-08-15T11:24:40+08:00 ] 127.0.0.1 /Public/Upload/2018-05-26/5b08dbea17e51.jpg
INFO: [ app_init ] --START--
INFO: Run Behavior\BuildLiteBehavior [ RunTime:0.000015s ]
INFO: [ app_init ] --END-- [ RunTime:0.000299s ]
ERR: 无法加载模块:Public

[ 2018-08-15T11:24:40+08:00 ] 127.0.0.1 /Public/Upload/2018-05-26/5b08dbfc19f3e.jpg
INFO: [ app_init ] --START--
INFO: Run Behavior\BuildLiteBehavior [ RunTime:0.000015s ]
INFO: [ app_init ] --END-- [ RunTime:0.000326s ]
ERR: 无法加载模块:Public

[ 2018-08-15T12:07:44+08:00 ] 127.0.0.1 /Uploads/Picture/2018-08-03/5b63b22f47498.jpg
INFO: [ app_init ] --START--
INFO: Run Behavior\BuildLiteBehavior [ RunTime:0.000013s ]
INFO: [ app_init ] --END-- [ RunTime:0.000250s ]
ERR: 无法加载模块:Uploads

[ 2018-08-15T12:07:44+08:00 ] 127.0.0.1 /Uploads/Picture/2018-07-19/5b5030d282f3c.jpg
INFO: [ app_init ] --START--
INFO: Run Behavior\BuildLiteBehavior [ RunTime:0.000011s ]
INFO: [ app_init ] --END-- [ RunTime:0.000269s ]
ERR: 无法加载模块:Uploads

[ 2018-08-15T12:07:44+08:00 ] 127.0.0.1 /Uploads/Picture/2018-07-13/5b4805ebc5900.jpg
INFO: [ app_init ] --START--
INFO: Run Behavior\BuildLiteBehavior [ RunTime:0.000011s ]
INFO: [ app_init ] --END-- [ RunTime:0.000326s ]
ERR: 无法加载模块:Uploads

[ 2018-08-15T12:07:44+08:00 ] 127.0.0.1 /Uploads/Picture/2018-07-05/5b3d88082f561.jpg
INFO: [ app_init ] --START--
INFO: Run Behavior\BuildLiteBehavior [ RunTime:0.000015s ]
INFO: [ app_init ] --END-- [ RunTime:0.000529s ]
ERR: 无法加载模块:Uploads

[ 2018-08-15T12:10:11+08:00 ] 127.0.0.1 /Uploads/Picture/2018-08-03/5b63b22f47498.jpg
INFO: [ app_init ] --START--
INFO: Run Behavior\BuildLiteBehavior [ RunTime:0.000013s ]
INFO: [ app_init ] --END-- [ RunTime:0.000291s ]
ERR: 无法加载模块:Uploads

[ 2018-08-15T12:10:11+08:00 ] 127.0.0.1 /Uploads/Picture/2018-07-19/5b5030d282f3c.jpg
INFO: [ app_init ] --START--
INFO: Run Behavior\BuildLiteBehavior [ RunTime:0.000011s ]
INFO: [ app_init ] --END-- [ RunTime:0.000253s ]
ERR: 无法加载模块:Uploads

[ 2018-08-15T12:10:11+08:00 ] 127.0.0.1 /Uploads/Picture/2018-07-13/5b4805ebc5900.jpg
INFO: [ app_init ] --START--
INFO: Run Behavior\BuildLiteBehavior [ RunTime:0.000011s ]
INFO: [ app_init ] --END-- [ RunTime:0.000266s ]
ERR: 无法加载模块:Uploads

[ 2018-08-15T12:10:11+08:00 ] 127.0.0.1 /Uploads/Picture/2018-07-05/5b3d88082f561.jpg
INFO: [ app_init ] --START--
INFO: Run Behavior\BuildLiteBehavior [ RunTime:0.000020s ]
INFO: [ app_init ] --END-- [ RunTime:0.000964s ]
ERR: 无法加载模块:Uploads

[ 2018-08-15T13:53:50+08:00 ] 127.0.0.1 /Uploads/Picture/2018-07-05/5b3d88082f561.jpg
INFO: [ app_init ] --START--
INFO: Run Behavior\BuildLiteBehavior [ RunTime:0.000014s ]
INFO: [ app_init ] --END-- [ RunTime:0.000286s ]
ERR: 无法加载模块:Uploads

[ 2018-08-15T13:53:50+08:00 ] 127.0.0.1 /Document/Picture/2018-07-13/5b4805ebc5900.jpg
INFO: [ app_init ] --START--
INFO: Run Behavior\BuildLiteBehavior [ RunTime:0.000015s ]
INFO: [ app_init ] --END-- [ RunTime:0.000305s ]
ERR: 无法加载模块:Document

[ 2018-08-15T13:53:50+08:00 ] 127.0.0.1 /Document/2018-08-03/5b63b22f47498.jpg
INFO: [ app_init ] --START--
INFO: Run Behavior\BuildLiteBehavior [ RunTime:0.000012s ]
INFO: [ app_init ] --END-- [ RunTime:0.000267s ]
ERR: 无法加载模块:Document

[ 2018-08-15T13:53:50+08:00 ] 127.0.0.1 /Document/2018-07-19/5b5030d282f3c.jpg
INFO: [ app_init ] --START--
INFO: Run Behavior\BuildLiteBehavior [ RunTime:0.000017s ]
INFO: [ app_init ] --END-- [ RunTime:0.000436s ]
ERR: 无法加载模块:Document

[ 2018-08-15T13:54:28+08:00 ] 127.0.0.1 /Document/Picture/2018-07-13/5b4805ebc5900.jpg
INFO: [ app_init ] --START--
INFO: Run Behavior\BuildLiteBehavior [ RunTime:0.000013s ]
INFO: [ app_init ] --END-- [ RunTime:0.000310s ]
ERR: 无法加载模块:Document

[ 2018-08-15T13:54:28+08:00 ] 127.0.0.1 /Uploads/Picture/2018-07-05/5b3d88082f561.jpg
INFO: [ app_init ] --START--
INFO: Run Behavior\BuildLiteBehavior [ RunTime:0.000011s ]
INFO: [ app_init ] --END-- [ RunTime:0.000242s ]
ERR: 无法加载模块:Uploads

[ 2018-08-15T13:54:28+08:00 ] 127.0.0.1 /Document/2018-08-03/5b63b22f47498.jpg
INFO: [ app_init ] --START--
INFO: Run Behavior\BuildLiteBehavior [ RunTime:0.000013s ]
INFO: [ app_init ] --END-- [ RunTime:0.000552s ]
ERR: 无法加载模块:Document

[ 2018-08-15T13:54:28+08:00 ] 127.0.0.1 /Document/2018-07-19/5b5030d282f3c.jpg
INFO: [ app_init ] --START--
INFO: Run Behavior\BuildLiteBehavior [ RunTime:0.000016s ]
INFO: [ app_init ] --END-- [ RunTime:0.000291s ]
ERR: 无法加载模块:Document

[ 2018-08-15T13:55:29+08:00 ] 127.0.0.1 /Public/Upload//Uploads/Picture/2018-07-05/5b3d88082f561.jpg
INFO: [ app_init ] --START--
INFO: Run Behavior\BuildLiteBehavior [ RunTime:0.000014s ]
INFO: [ app_init ] --END-- [ RunTime:0.000316s ]
ERR: 无法加载模块:Public

[ 2018-08-15T13:55:29+08:00 ] 127.0.0.1 /Public/Upload/Document/Picture/2018-07-13/5b4805ebc5900.jpg
INFO: [ app_init ] --START--
INFO: Run Behavior\BuildLiteBehavior [ RunTime:0.000014s ]
INFO: [ app_init ] --END-- [ RunTime:0.000292s ]
ERR: 无法加载模块:Public

[ 2018-08-15T13:56:57+08:00 ] 127.0.0.1 /Public/Upload//Uploads/Picture/2018-07-05/5b3d88082f561.jpg
INFO: [ app_init ] --START--
INFO: Run Behavior\BuildLiteBehavior [ RunTime:0.000012s ]
INFO: [ app_init ] --END-- [ RunTime:0.000255s ]
ERR: 无法加载模块:Public

[ 2018-08-15T13:56:57+08:00 ] 127.0.0.1 /Public/Upload/Document/Picture/2018-07-13/5b4805ebc5900.jpg
INFO: [ app_init ] --START--
INFO: Run Behavior\BuildLiteBehavior [ RunTime:0.000032s ]
INFO: [ app_init ] --END-- [ RunTime:0.000446s ]
ERR: 无法加载模块:Public

[ 2018-08-15T13:56:59+08:00 ] 127.0.0.1 /Public/Upload//Uploads/Picture/2018-07-05/5b3d88082f561.jpg
INFO: [ app_init ] --START--
INFO: Run Behavior\BuildLiteBehavior [ RunTime:0.000012s ]
INFO: [ app_init ] --END-- [ RunTime:0.000242s ]
ERR: 无法加载模块:Public

[ 2018-08-15T13:56:59+08:00 ] 127.0.0.1 /Public/Upload/Document/Picture/2018-07-13/5b4805ebc5900.jpg
INFO: [ app_init ] --START--
INFO: Run Behavior\BuildLiteBehavior [ RunTime:0.000012s ]
INFO: [ app_init ] --END-- [ RunTime:0.000242s ]
ERR: 无法加载模块:Public

[ 2018-08-15T13:58:39+08:00 ] 127.0.0.1 /Public/Upload//Uploads/Picture/2018-07-05/5b3d88082f561.jpg
INFO: [ app_init ] --START--
INFO: Run Behavior\BuildLiteBehavior [ RunTime:0.000016s ]
INFO: [ app_init ] --END-- [ RunTime:0.000406s ]
ERR: 无法加载模块:Public

[ 2018-08-15T13:58:39+08:00 ] 127.0.0.1 /Public/Upload/Document/Picture/2018-07-13/5b4805ebc5900.jpg
INFO: [ app_init ] --START--
INFO: Run Behavior\BuildLiteBehavior [ RunTime:0.000016s ]
INFO: [ app_init ] --END-- [ RunTime:0.000299s ]
ERR: 无法加载模块:Public

[ 2018-08-15T14:06:01+08:00 ] 127.0.0.1 /Public/Upload//Uploads/Picture/2018-07-05/5b3d88082f561.jpg
INFO: [ app_init ] --START--
INFO: Run Behavior\BuildLiteBehavior [ RunTime:0.000014s ]
INFO: [ app_init ] --END-- [ RunTime:0.000287s ]
ERR: 无法加载模块:Public

[ 2018-08-15T14:06:02+08:00 ] 127.0.0.1 /Public/Upload/Document/Picture/2018-07-13/5b4805ebc5900.jpg
INFO: [ app_init ] --START--
INFO: Run Behavior\BuildLiteBehavior [ RunTime:0.000018s ]
INFO: [ app_init ] --END-- [ RunTime:0.000431s ]
ERR: 无法加载模块:Public

[ 2018-08-15T14:33:52+08:00 ] 127.0.0.1 /Public/Upload/Document/Picture/2018-07-13/5b4805ebc5900.jpg
INFO: [ app_init ] --START--
INFO: Run Behavior\BuildLiteBehavior [ RunTime:0.000014s ]
INFO: [ app_init ] --END-- [ RunTime:0.000256s ]
ERR: 无法加载模块:Public

[ 2018-08-15T14:33:55+08:00 ] 127.0.0.1 /Public/Upload//Uploads/Picture/2018-07-05/5b3d88082f561.jpg
INFO: [ app_init ] --START--
INFO: Run Behavior\BuildLiteBehavior [ RunTime:0.000012s ]
INFO: [ app_init ] --END-- [ RunTime:0.000236s ]
ERR: 无法加载模块:Public

[ 2018-08-15T14:34:34+08:00 ] 127.0.0.1 /Public/Upload//Uploads/Picture/2018-07-05/5b3d88082f561.jpg
INFO: [ app_init ] --START--
INFO: Run Behavior\BuildLiteBehavior [ RunTime:0.000012s ]
INFO: [ app_init ] --END-- [ RunTime:0.000247s ]
ERR: 无法加载模块:Public

[ 2018-08-15T14:34:34+08:00 ] 127.0.0.1 /Public/Upload/Document/Picture/2018-07-13/5b4805ebc5900.jpg
INFO: [ app_init ] --START--
INFO: Run Behavior\BuildLiteBehavior [ RunTime:0.000013s ]
INFO: [ app_init ] --END-- [ RunTime:0.000251s ]
ERR: 无法加载模块:Public

[ 2018-08-15T14:35:03+08:00 ] 127.0.0.1 /Public/Upload//Uploads/Picture/2018-07-05/5b3d88082f561.jpg
INFO: [ app_init ] --START--
INFO: Run Behavior\BuildLiteBehavior [ RunTime:0.000012s ]
INFO: [ app_init ] --END-- [ RunTime:0.000265s ]
ERR: 无法加载模块:Public

[ 2018-08-15T14:35:03+08:00 ] 127.0.0.1 /Public/Upload/Document/Picture/2018-07-13/5b4805ebc5900.jpg
INFO: [ app_init ] --START--
INFO: Run Behavior\BuildLiteBehavior [ RunTime:0.000012s ]
INFO: [ app_init ] --END-- [ RunTime:0.000232s ]
ERR: 无法加载模块:Public

[ 2018-08-15T14:38:14+08:00 ] 127.0.0.1 /Public/Upload/Document/Picture/2018-07-13/5b4805ebc5900.jpg
INFO: [ app_init ] --START--
INFO: Run Behavior\BuildLiteBehavior [ RunTime:0.000012s ]
INFO: [ app_init ] --END-- [ RunTime:0.000254s ]
ERR: 无法加载模块:Public

[ 2018-08-15T14:38:14+08:00 ] 127.0.0.1 /Public/Upload//Uploads/Picture/2018-07-05/5b3d88082f561.jpg
INFO: [ app_init ] --START--
INFO: Run Behavior\BuildLiteBehavior [ RunTime:0.000014s ]
INFO: [ app_init ] --END-- [ RunTime:0.000272s ]
ERR: 无法加载模块:Public

[ 2018-08-15T14:39:08+08:00 ] 127.0.0.1 /Public/Upload//Uploads/Picture/2018-07-05/5b3d88082f561.jpg
INFO: [ app_init ] --START--
INFO: Run Behavior\BuildLiteBehavior [ RunTime:0.000015s ]
INFO: [ app_init ] --END-- [ RunTime:0.000306s ]
ERR: 无法加载模块:Public

[ 2018-08-15T14:39:08+08:00 ] 127.0.0.1 /Public/Upload/Document/Picture/2018-07-13/5b4805ebc5900.jpg
INFO: [ app_init ] --START--
INFO: Run Behavior\BuildLiteBehavior [ RunTime:0.000013s ]
INFO: [ app_init ] --END-- [ RunTime:0.000286s ]
ERR: 无法加载模块:Public

[ 2018-08-15T14:39:28+08:00 ] 127.0.0.1 /Public/Upload//Uploads/Picture/2018-07-05/5b3d88082f561.jpg
INFO: [ app_init ] --START--
INFO: Run Behavior\BuildLiteBehavior [ RunTime:0.000013s ]
INFO: [ app_init ] --END-- [ RunTime:0.000261s ]
ERR: 无法加载模块:Public

[ 2018-08-15T14:39:28+08:00 ] 127.0.0.1 /Public/Upload/Document/Picture/2018-07-13/5b4805ebc5900.jpg
INFO: [ app_init ] --START--
INFO: Run Behavior\BuildLiteBehavior [ RunTime:0.000013s ]
INFO: [ app_init ] --END-- [ RunTime:0.000253s ]
ERR: 无法加载模块:Public

[ 2018-08-15T16:02:13+08:00 ] 127.0.0.1 /favicon.ico
INFO: [ app_init ] --START--
INFO: Run Behavior\BuildLiteBehavior [ RunTime:0.000018s ]
INFO: [ app_init ] --END-- [ RunTime:0.004566s ]
ERR: 无法加载模块:Favicon

[ 2018-08-15T16:03:32+08:00 ] 127.0.0.1 /Public/Upload/Document/Picture/2018-07-13/5b4805ebc5900.jpg
INFO: [ app_init ] --START--
INFO: Run Behavior\BuildLiteBehavior [ RunTime:0.000020s ]
INFO: [ app_init ] --END-- [ RunTime:0.004452s ]
ERR: 无法加载模块:Public

[ 2018-08-15T16:03:32+08:00 ] 127.0.0.1 /Public/Upload/Document/2018-07-05/5b3d88082f561.jpg
INFO: [ app_init ] --START--
INFO: Run Behavior\BuildLiteBehavior [ RunTime:0.000016s ]
INFO: [ app_init ] --END-- [ RunTime:0.003800s ]
ERR: 无法加载模块:Public

[ 2018-08-15T16:18:08+08:00 ] 127.0.0.1 /favicon.ico
INFO: [ app_init ] --START--
INFO: Run Behavior\BuildLiteBehavior [ RunTime:0.000025s ]
INFO: [ app_init ] --END-- [ RunTime:0.000320s ]
ERR: 无法加载模块:Favicon

