[ 2018-07-11T14:35:26+08:00 ] 127.0.0.1 /favicon.ico
INFO: [ app_init ] --START--
INFO: Run Behavior\BuildLiteBehavior [ RunTime:0.000000s ]
INFO: [ app_init ] --END-- [ RunTime:0.002000s ]
ERR: 无法加载模块:Favicon

[ 2018-07-11T15:44:19+08:00 ] 127.0.0.1 /Public/Upload//2016-08-22/57ba773a6d0a0.jpg
INFO: [ app_init ] --START--
INFO: Run Behavior\BuildLiteBehavior [ RunTime:0.000000s ]
INFO: [ app_init ] --END-- [ RunTime:0.002000s ]
ERR: 无法加载模块:Public

[ 2018-07-11T15:44:19+08:00 ] 127.0.0.1 /Public/Upload//2016-08-22/57ba773a52718.jpg
INFO: [ app_init ] --START--
INFO: Run Behavior\BuildLiteBehavior [ RunTime:0.000000s ]
INFO: [ app_init ] --END-- [ RunTime:0.002000s ]
ERR: 无法加载模块:Public

[ 2018-07-11T15:44:19+08:00 ] 127.0.0.1 /Public/Upload//2016-08-22/57ba773a5eb85.jpg
INFO: [ app_init ] --START--
INFO: Run Behavior\BuildLiteBehavior [ RunTime:0.000000s ]
INFO: [ app_init ] --END-- [ RunTime:0.003000s ]
ERR: 无法加载模块:Public

[ 2018-07-11T15:44:19+08:00 ] 127.0.0.1 /Public/Upload//2016-08-22/57ba773a89066.jpg
INFO: [ app_init ] --START--
INFO: Run Behavior\BuildLiteBehavior [ RunTime:0.000000s ]
INFO: [ app_init ] --END-- [ RunTime:0.003000s ]
ERR: 无法加载模块:Public

[ 2018-07-11T15:44:19+08:00 ] 127.0.0.1 /Public/Upload//2016-08-22/57ba773a8183e.jpg
INFO: [ app_init ] --START--
INFO: Run Behavior\BuildLiteBehavior [ RunTime:0.000000s ]
INFO: [ app_init ] --END-- [ RunTime:0.004000s ]
ERR: 无法加载模块:Public

[ 2018-07-11T15:44:19+08:00 ] 127.0.0.1 /Public/Upload//2016-08-22/57ba773a8f6b2.jpg
INFO: [ app_init ] --START--
INFO: Run Behavior\BuildLiteBehavior [ RunTime:0.000000s ]
INFO: [ app_init ] --END-- [ RunTime:0.004001s ]
ERR: 无法加载模块:Public

[ 2018-07-11T15:44:19+08:00 ] 127.0.0.1 /Public/Upload//2016-08-22/57ba773ab4456.jpg
INFO: [ app_init ] --START--
INFO: Run Behavior\BuildLiteBehavior [ RunTime:0.000000s ]
INFO: [ app_init ] --END-- [ RunTime:0.003000s ]
ERR: 无法加载模块:Public

[ 2018-07-11T15:57:00+08:00 ] 127.0.0.1 /Public/Upload//2018-06-09/5b1b86ee1268e.jpg
INFO: [ app_init ] --START--
INFO: Run Behavior\BuildLiteBehavior [ RunTime:0.000000s ]
INFO: [ app_init ] --END-- [ RunTime:0.002000s ]
ERR: 无法加载模块:Public

[ 2018-07-11T15:57:00+08:00 ] 127.0.0.1 /Public/Upload//2018-06-09/5b1b86ee2655d.jpg
INFO: [ app_init ] --START--
INFO: Run Behavior\BuildLiteBehavior [ RunTime:0.000000s ]
INFO: [ app_init ] --END-- [ RunTime:0.003000s ]
ERR: 无法加载模块:Public

[ 2018-07-11T15:57:00+08:00 ] 127.0.0.1 /Public/Upload//2018-06-09/5b1b86ee21e4d.jpg
INFO: [ app_init ] --START--
INFO: Run Behavior\BuildLiteBehavior [ RunTime:0.000000s ]
INFO: [ app_init ] --END-- [ RunTime:0.004001s ]
ERR: 无法加载模块:Public

[ 2018-07-11T15:57:00+08:00 ] 127.0.0.1 /Public/Upload//2018-06-09/5b1b86ee35072.jpg
INFO: [ app_init ] --START--
INFO: Run Behavior\BuildLiteBehavior [ RunTime:0.000000s ]
INFO: [ app_init ] --END-- [ RunTime:0.002000s ]
ERR: 无法加载模块:Public

[ 2018-07-11T15:57:00+08:00 ] 127.0.0.1 /Public/Upload//2018-06-09/5b1b86ee4c1ab.jpg
INFO: [ app_init ] --START--
INFO: Run Behavior\BuildLiteBehavior [ RunTime:0.000000s ]
INFO: [ app_init ] --END-- [ RunTime:0.002000s ]
ERR: 无法加载模块:Public

[ 2018-07-11T15:57:00+08:00 ] 127.0.0.1 /Public/Upload//2018-06-09/5b1b86ee63909.jpg
INFO: [ app_init ] --START--
INFO: Run Behavior\BuildLiteBehavior [ RunTime:0.000000s ]
INFO: [ app_init ] --END-- [ RunTime:0.005000s ]
ERR: 无法加载模块:Public

[ 2018-07-11T15:57:00+08:00 ] 127.0.0.1 /Public/Upload//2018-06-09/5b1b86ee792b6.jpg
INFO: [ app_init ] --START--
INFO: Run Behavior\BuildLiteBehavior [ RunTime:0.000000s ]
INFO: [ app_init ] --END-- [ RunTime:0.003000s ]
ERR: 无法加载模块:Public

[ 2018-07-11T15:57:00+08:00 ] 127.0.0.1 /Public/Upload//2018-06-09/5b1b86eec64c9.jpg
INFO: [ app_init ] --START--
INFO: Run Behavior\BuildLiteBehavior [ RunTime:0.000000s ]
INFO: [ app_init ] --END-- [ RunTime:0.003000s ]
ERR: 无法加载模块:Public

[ 2018-07-11T15:57:00+08:00 ] 127.0.0.1 /Public/Upload//2018-06-09/5b1b86ee90f7a.jpg
INFO: [ app_init ] --START--
INFO: Run Behavior\BuildLiteBehavior [ RunTime:0.000000s ]
INFO: [ app_init ] --END-- [ RunTime:0.004001s ]
ERR: 无法加载模块:Public

[ 2018-07-11T15:57:00+08:00 ] 127.0.0.1 /Public/Upload//2018-06-09/5b1b86eeb1e37.jpg
INFO: [ app_init ] --START--
INFO: Run Behavior\BuildLiteBehavior [ RunTime:0.000000s ]
INFO: [ app_init ] --END-- [ RunTime:0.005001s ]
ERR: 无法加载模块:Public

[ 2018-07-11T15:57:00+08:00 ] 127.0.0.1 /Public/Upload//2018-06-09/5b1b873798ecf.jpg
INFO: [ app_init ] --START--
INFO: Run Behavior\BuildLiteBehavior [ RunTime:0.000000s ]
INFO: [ app_init ] --END-- [ RunTime:0.005000s ]
ERR: 无法加载模块:Public

[ 2018-07-11T15:57:00+08:00 ] 127.0.0.1 /Public/Upload//2018-06-09/5b1b873792ab8.jpg
INFO: [ app_init ] --START--
INFO: Run Behavior\BuildLiteBehavior [ RunTime:0.000000s ]
INFO: [ app_init ] --END-- [ RunTime:0.003000s ]
ERR: 无法加载模块:Public

[ 2018-07-11T15:57:00+08:00 ] 127.0.0.1 /Public/Upload//2018-06-09/5b1b8737a937c.jpg
INFO: [ app_init ] --START--
INFO: Run Behavior\BuildLiteBehavior [ RunTime:0.000000s ]
INFO: [ app_init ] --END-- [ RunTime:0.018001s ]
ERR: 无法加载模块:Public

[ 2018-07-11T15:57:00+08:00 ] 127.0.0.1 /Public/Upload//2018-06-09/5b1b8737cd7db.jpg
INFO: [ app_init ] --START--
INFO: Run Behavior\BuildLiteBehavior [ RunTime:0.000000s ]
INFO: [ app_init ] --END-- [ RunTime:0.002000s ]
ERR: 无法加载模块:Public

[ 2018-07-11T15:57:00+08:00 ] 127.0.0.1 /Public/Upload//2018-06-09/5b1b87382b3a6.jpg
INFO: [ app_init ] --START--
INFO: Run Behavior\BuildLiteBehavior [ RunTime:0.000000s ]
INFO: [ app_init ] --END-- [ RunTime:0.003000s ]
ERR: 无法加载模块:Public

[ 2018-07-11T15:57:00+08:00 ] 127.0.0.1 /Public/Upload//2018-06-09/5b1b8738041bb.jpg
INFO: [ app_init ] --START--
INFO: Run Behavior\BuildLiteBehavior [ RunTime:0.000000s ]
INFO: [ app_init ] --END-- [ RunTime:0.003000s ]
ERR: 无法加载模块:Public

[ 2018-07-11T15:57:00+08:00 ] 127.0.0.1 /Public/Upload//2018-06-09/5b1b8737bbda6.jpg
INFO: [ app_init ] --START--
INFO: Run Behavior\BuildLiteBehavior [ RunTime:0.000000s ]
INFO: [ app_init ] --END-- [ RunTime:0.002000s ]
ERR: 无法加载模块:Public

[ 2018-07-11T15:57:01+08:00 ] 127.0.0.1 /Public/Upload//2018-06-09/5b1b873817dc0.jpg
INFO: [ app_init ] --START--
INFO: Run Behavior\BuildLiteBehavior [ RunTime:0.000000s ]
INFO: [ app_init ] --END-- [ RunTime:0.002000s ]
ERR: 无法加载模块:Public

[ 2018-07-11T15:57:01+08:00 ] 127.0.0.1 /Public/Upload//2018-06-09/5b1b8737e1131.jpg
INFO: [ app_init ] --START--
INFO: Run Behavior\BuildLiteBehavior [ RunTime:0.000000s ]
INFO: [ app_init ] --END-- [ RunTime:0.002000s ]
ERR: 无法加载模块:Public

