[ 2018-07-08T10:16:40+08:00 ] 127.0.0.1 /index.php/Admin
INFO: [ app_init ] --START--
INFO: Run Behavior\BuildLiteBehavior [ RunTime:0.000056s ]
INFO: [ app_init ] --END-- [ RunTime:0.000406s ]
INFO: [ app_begin ] --START--
INFO: Run Behavior\ReadHtmlCacheBehavior [ RunTime:0.001513s ]
INFO: [ app_begin ] --END-- [ RunTime:0.001585s ]

[ 2018-07-08T10:16:41+08:00 ] 127.0.0.1 /index.php/Admin/Login/login.html
INFO: [ app_init ] --START--
INFO: Run Behavior\BuildLiteBehavior [ RunTime:0.000008s ]
INFO: [ app_init ] --END-- [ RunTime:0.000274s ]
INFO: [ app_begin ] --START--
INFO: Run Behavior\ReadHtmlCacheBehavior [ RunTime:0.000432s ]
INFO: [ app_begin ] --END-- [ RunTime:0.000463s ]
INFO: [ view_parse ] --START--
INFO: [ template_filter ] --START--
INFO: Run Behavior\ContentReplaceBehavior [ RunTime:0.000077s ]
INFO: [ template_filter ] --END-- [ RunTime:0.000148s ]
INFO: Run Behavior\ParseTemplateBehavior [ RunTime:0.244211s ]
INFO: [ view_parse ] --END-- [ RunTime:0.244277s ]
INFO: [ view_filter ] --START--
INFO: Run Behavior\WriteHtmlCacheBehavior [ RunTime:0.000574s ]
INFO: [ view_filter ] --END-- [ RunTime:0.000604s ]
INFO: [ app_end ] --START--
INFO: Run Behavior\ShowPageTraceBehavior [ RunTime:0.001434s ]
INFO: [ app_end ] --END-- [ RunTime:0.001476s ]

[ 2018-07-08T10:16:41+08:00 ] 127.0.0.1 /index.php/Admin/Login/code.html
INFO: [ app_init ] --START--
INFO: Run Behavior\BuildLiteBehavior [ RunTime:0.000010s ]
INFO: [ app_init ] --END-- [ RunTime:0.000445s ]
INFO: [ app_begin ] --START--
INFO: Run Behavior\ReadHtmlCacheBehavior [ RunTime:0.000683s ]
INFO: [ app_begin ] --END-- [ RunTime:0.000723s ]
INFO: [ app_end ] --START--
INFO: Run Behavior\ShowPageTraceBehavior [ RunTime:0.001726s ]
INFO: [ app_end ] --END-- [ RunTime:0.001833s ]

[ 2018-07-08T10:16:42+08:00 ] 127.0.0.1 /index.php/Admin/Login/login.html
INFO: [ app_init ] --START--
INFO: Run Behavior\BuildLiteBehavior [ RunTime:0.000012s ]
INFO: [ app_init ] --END-- [ RunTime:0.000507s ]
INFO: [ app_begin ] --START--
INFO: Run Behavior\ReadHtmlCacheBehavior [ RunTime:0.000465s ]
INFO: [ app_begin ] --END-- [ RunTime:0.000496s ]
INFO: [ view_parse ] --START--
INFO: [ template_filter ] --START--
INFO: Run Behavior\ContentReplaceBehavior [ RunTime:0.000061s ]
INFO: [ template_filter ] --END-- [ RunTime:0.000149s ]
INFO: Run Behavior\ParseTemplateBehavior [ RunTime:0.008274s ]
INFO: [ view_parse ] --END-- [ RunTime:0.008323s ]
INFO: [ view_filter ] --START--
INFO: Run Behavior\WriteHtmlCacheBehavior [ RunTime:0.000587s ]
INFO: [ view_filter ] --END-- [ RunTime:0.000646s ]
INFO: [ app_end ] --START--
INFO: Run Behavior\ShowPageTraceBehavior [ RunTime:0.000718s ]
INFO: [ app_end ] --END-- [ RunTime:0.000759s ]

[ 2018-07-08T10:16:49+08:00 ] 127.0.0.1 /index.php/Admin/Login/code/0.7713615328644874
INFO: [ app_init ] --START--
INFO: Run Behavior\BuildLiteBehavior [ RunTime:0.000044s ]
INFO: [ app_init ] --END-- [ RunTime:0.000370s ]
INFO: [ app_begin ] --START--
INFO: Run Behavior\ReadHtmlCacheBehavior [ RunTime:0.000762s ]
INFO: [ app_begin ] --END-- [ RunTime:0.000787s ]
INFO: [ app_end ] --START--
INFO: Run Behavior\ShowPageTraceBehavior [ RunTime:0.002093s ]
INFO: [ app_end ] --END-- [ RunTime:0.002170s ]

[ 2018-07-08T10:16:58+08:00 ] 127.0.0.1 /index.php/Admin/Login/ajaxLogin.html
INFO: [ app_init ] --START--
INFO: Run Behavior\BuildLiteBehavior [ RunTime:0.000006s ]
INFO: [ app_init ] --END-- [ RunTime:0.000309s ]
INFO: [ app_begin ] --START--
INFO: Run Behavior\ReadHtmlCacheBehavior [ RunTime:0.000409s ]
INFO: [ app_begin ] --END-- [ RunTime:0.000429s ]
SQL: SHOW COLUMNS FROM `jia_admin` [ RunTime:0.0257s ]
NOTIC: [8] Undefined index: auto D:\server\Web\jia\ThinkPHP\Library\Think\Model.class.php 第 1128 行.
SQL: SELECT * FROM `jia_admin` WHERE `username` = 'root' LIMIT 1   [ RunTime:0.0127s ]
SQL: UPDATE `jia_admin` SET `lastdate`='1531016218',`lastip`='127.0.0.1' WHERE `username` = 'root' [ RunTime:0.0073s ]
SQL: UPDATE `jia_admin` SET `count`=count+1 WHERE `username` = 'root' [ RunTime:0.0006s ]

[ 2018-07-08T10:16:58+08:00 ] 127.0.0.1 /index.php/Admin/Index/index.html
INFO: [ app_init ] --START--
INFO: Run Behavior\BuildLiteBehavior [ RunTime:0.000007s ]
INFO: [ app_init ] --END-- [ RunTime:0.000325s ]
INFO: [ app_begin ] --START--
INFO: Run Behavior\ReadHtmlCacheBehavior [ RunTime:0.000410s ]
INFO: [ app_begin ] --END-- [ RunTime:0.000432s ]
SQL: SHOW COLUMNS FROM `jia_admin` [ RunTime:0.0018s ]
SQL: SELECT * FROM `jia_admin` WHERE `id` = 31 LIMIT 1   [ RunTime:0.0007s ]
SQL: SHOW COLUMNS FROM `jia_auth` [ RunTime:0.0904s ]
SQL: SELECT * FROM `jia_auth` WHERE ( auth_level=0 ) ORDER BY sorting  [ RunTime:0.0018s ]
SQL: SELECT * FROM `jia_auth` WHERE ( auth_level=1 ) ORDER BY sorting  [ RunTime:0.0019s ]
INFO: [ view_parse ] --START--
INFO: [ template_filter ] --START--
INFO: Run Behavior\ContentReplaceBehavior [ RunTime:0.000436s ]
INFO: [ template_filter ] --END-- [ RunTime:0.000523s ]
INFO: Run Behavior\ParseTemplateBehavior [ RunTime:0.186032s ]
INFO: [ view_parse ] --END-- [ RunTime:0.186127s ]
INFO: [ view_filter ] --START--
INFO: Run Behavior\WriteHtmlCacheBehavior [ RunTime:0.000971s ]
INFO: [ view_filter ] --END-- [ RunTime:0.001023s ]
INFO: [ app_end ] --START--
INFO: Run Behavior\ShowPageTraceBehavior [ RunTime:0.001176s ]
INFO: [ app_end ] --END-- [ RunTime:0.001237s ]

[ 2018-07-08T10:22:17+08:00 ] 127.0.0.1 /index.php/Admin/Index/index.html
INFO: [ app_init ] --START--
INFO: Run Behavior\BuildLiteBehavior [ RunTime:0.000010s ]
INFO: [ app_init ] --END-- [ RunTime:0.000427s ]
INFO: [ app_begin ] --START--
INFO: Run Behavior\ReadHtmlCacheBehavior [ RunTime:0.001078s ]
INFO: [ app_begin ] --END-- [ RunTime:0.001124s ]
SQL: SHOW COLUMNS FROM `jia_admin` [ RunTime:0.0013s ]
SQL: SELECT * FROM `jia_admin` WHERE `id` = 31 LIMIT 1   [ RunTime:0.0003s ]
SQL: SHOW COLUMNS FROM `jia_auth` [ RunTime:0.0016s ]
SQL: SELECT * FROM `jia_auth` WHERE ( auth_level=0 ) ORDER BY sorting  [ RunTime:0.0004s ]
SQL: SELECT * FROM `jia_auth` WHERE ( auth_level=1 ) ORDER BY sorting  [ RunTime:0.0004s ]
INFO: [ view_parse ] --START--
INFO: [ template_filter ] --START--
INFO: Run Behavior\ContentReplaceBehavior [ RunTime:0.000118s ]
INFO: [ template_filter ] --END-- [ RunTime:0.000150s ]
INFO: Run Behavior\ParseTemplateBehavior [ RunTime:0.024952s ]
INFO: [ view_parse ] --END-- [ RunTime:0.024987s ]
INFO: [ view_filter ] --START--
INFO: Run Behavior\WriteHtmlCacheBehavior [ RunTime:0.000367s ]
INFO: [ view_filter ] --END-- [ RunTime:0.000388s ]
INFO: [ app_end ] --START--
INFO: Run Behavior\ShowPageTraceBehavior [ RunTime:0.000648s ]
INFO: [ app_end ] --END-- [ RunTime:0.000686s ]

[ 2018-07-08T10:22:17+08:00 ] 127.0.0.1 /index.php/Admin/Index/index.html
INFO: [ app_init ] --START--
INFO: Run Behavior\BuildLiteBehavior [ RunTime:0.000008s ]
INFO: [ app_init ] --END-- [ RunTime:0.000296s ]
INFO: [ app_begin ] --START--
INFO: Run Behavior\ReadHtmlCacheBehavior [ RunTime:0.000419s ]
INFO: [ app_begin ] --END-- [ RunTime:0.000443s ]
SQL: SHOW COLUMNS FROM `jia_admin` [ RunTime:0.0012s ]
SQL: SELECT * FROM `jia_admin` WHERE `id` = 31 LIMIT 1   [ RunTime:0.0003s ]
SQL: SHOW COLUMNS FROM `jia_auth` [ RunTime:0.0016s ]
SQL: SELECT * FROM `jia_auth` WHERE ( auth_level=0 ) ORDER BY sorting  [ RunTime:0.0004s ]
SQL: SELECT * FROM `jia_auth` WHERE ( auth_level=1 ) ORDER BY sorting  [ RunTime:0.0004s ]
INFO: [ view_parse ] --START--
INFO: [ template_filter ] --START--
INFO: Run Behavior\ContentReplaceBehavior [ RunTime:0.000115s ]
INFO: [ template_filter ] --END-- [ RunTime:0.000145s ]
INFO: Run Behavior\ParseTemplateBehavior [ RunTime:0.007880s ]
INFO: [ view_parse ] --END-- [ RunTime:0.007910s ]
INFO: [ view_filter ] --START--
INFO: Run Behavior\WriteHtmlCacheBehavior [ RunTime:0.000232s ]
INFO: [ view_filter ] --END-- [ RunTime:0.000251s ]
INFO: [ app_end ] --START--
INFO: Run Behavior\ShowPageTraceBehavior [ RunTime:0.000596s ]
INFO: [ app_end ] --END-- [ RunTime:0.000642s ]

[ 2018-07-08T14:32:41+08:00 ] 127.0.0.1 /index.php/Admin/Article/myDocumentLst
INFO: [ app_init ] --START--
INFO: Run Behavior\BuildLiteBehavior [ RunTime:0.000068s ]
INFO: [ app_init ] --END-- [ RunTime:0.044393s ]
INFO: [ app_begin ] --START--
INFO: Run Behavior\ReadHtmlCacheBehavior [ RunTime:0.002001s ]
INFO: [ app_begin ] --END-- [ RunTime:0.002105s ]
SQL: SHOW COLUMNS FROM `jia_admin` [ RunTime:0.5918s ]
SQL: SELECT `role_id` FROM `jia_admin` WHERE `id` = 31 LIMIT 1   [ RunTime:0.0848s ]
SQL: SELECT * FROM `jia_admin` WHERE `id` = 31 LIMIT 1   [ RunTime:0.0009s ]
SQL: SHOW COLUMNS FROM `jia_auth` [ RunTime:0.0601s ]
SQL: SELECT * FROM `jia_auth` WHERE ( auth_level=0 ) ORDER BY sorting  [ RunTime:0.0479s ]
SQL: SELECT * FROM `jia_auth` WHERE ( auth_level=1 ) ORDER BY sorting  [ RunTime:0.0010s ]
SQL: SHOW COLUMNS FROM `jia_document` [ RunTime:0.0033s ]
SQL: SELECT COUNT(*) AS tp_count FROM `jia_document` LIMIT 1   [ RunTime:0.0655s ]
SQL: SELECT a.*,b.title as act_title FROM jia_document a LEFT JOIN jia_category as b on a.category_id=b.id  ORDER BY a.create_time desc LIMIT 0,10   [ RunTime:0.1038s ]
INFO: [ view_parse ] --START--
INFO: [ template_filter ] --START--
INFO: Run Behavior\ContentReplaceBehavior [ RunTime:0.062969s ]
INFO: [ template_filter ] --END-- [ RunTime:0.063048s ]
INFO: Run Behavior\ParseTemplateBehavior [ RunTime:0.198140s ]
INFO: [ view_parse ] --END-- [ RunTime:0.198229s ]
INFO: [ view_filter ] --START--
INFO: Run Behavior\WriteHtmlCacheBehavior [ RunTime:0.000986s ]
INFO: [ view_filter ] --END-- [ RunTime:0.001045s ]
INFO: [ app_end ] --START--
INFO: Run Behavior\ShowPageTraceBehavior [ RunTime:0.002319s ]
INFO: [ app_end ] --END-- [ RunTime:0.002443s ]

[ 2018-07-08T14:32:45+08:00 ] 127.0.0.1 /index.php/Admin/Personnel/styleIndex
INFO: [ app_init ] --START--
INFO: Run Behavior\BuildLiteBehavior [ RunTime:0.000008s ]
INFO: [ app_init ] --END-- [ RunTime:0.000358s ]
INFO: [ app_begin ] --START--
INFO: Run Behavior\ReadHtmlCacheBehavior [ RunTime:0.000496s ]
INFO: [ app_begin ] --END-- [ RunTime:0.000523s ]
SQL: SHOW COLUMNS FROM `jia_admin` [ RunTime:0.0210s ]
SQL: SELECT `role_id` FROM `jia_admin` WHERE `id` = 31 LIMIT 1   [ RunTime:0.0003s ]
SQL: SELECT * FROM `jia_admin` WHERE `id` = 31 LIMIT 1   [ RunTime:0.0003s ]
SQL: SHOW COLUMNS FROM `jia_auth` [ RunTime:0.0017s ]
SQL: SELECT * FROM `jia_auth` WHERE ( auth_level=0 ) ORDER BY sorting  [ RunTime:0.0004s ]
SQL: SELECT * FROM `jia_auth` WHERE ( auth_level=1 ) ORDER BY sorting  [ RunTime:0.0004s ]
SQL: SHOW COLUMNS FROM `jia_worktype` [ RunTime:0.0011s ]
SQL: SELECT COUNT(*) AS tp_count FROM `jia_worktype` WHERE `status` >= 0 LIMIT 1   [ RunTime:0.0230s ]
SQL: SELECT * FROM `jia_worktype` WHERE `status` >= 0 ORDER BY id desc LIMIT 0,10   [ RunTime:0.0009s ]
SQL: SELECT `name` FROM `jia_worktype` WHERE `id` = 2 LIMIT 1   [ RunTime:0.0007s ]
SQL: SELECT `name` FROM `jia_worktype` WHERE `id` = 2 LIMIT 1   [ RunTime:0.0005s ]
SQL: SELECT `name` FROM `jia_worktype` WHERE `id` = 2 LIMIT 1   [ RunTime:0.0005s ]
SQL: SELECT `name` FROM `jia_worktype` WHERE `id` = 2 LIMIT 1   [ RunTime:0.0005s ]
SQL: SELECT `name` FROM `jia_worktype` WHERE `id` = 2 LIMIT 1   [ RunTime:0.0004s ]
SQL: SELECT `name` FROM `jia_worktype` WHERE `id` = 2 LIMIT 1   [ RunTime:0.0004s ]
SQL: SELECT `name` FROM `jia_worktype` WHERE `id` = 1 LIMIT 1   [ RunTime:0.0004s ]
SQL: SELECT `name` FROM `jia_worktype` WHERE `id` = 1 LIMIT 1   [ RunTime:0.0004s ]
SQL: SELECT `name` FROM `jia_worktype` WHERE `id` = 1 LIMIT 1   [ RunTime:0.0004s ]
SQL: SELECT `name` FROM `jia_worktype` WHERE `id` = 2 LIMIT 1   [ RunTime:0.0005s ]
INFO: [ view_parse ] --START--
INFO: [ template_filter ] --START--
INFO: Run Behavior\ContentReplaceBehavior [ RunTime:0.000194s ]
INFO: [ template_filter ] --END-- [ RunTime:0.000310s ]
INFO: Run Behavior\ParseTemplateBehavior [ RunTime:0.020626s ]
INFO: [ view_parse ] --END-- [ RunTime:0.020677s ]
INFO: [ view_filter ] --START--
INFO: Run Behavior\WriteHtmlCacheBehavior [ RunTime:0.000337s ]
INFO: [ view_filter ] --END-- [ RunTime:0.000365s ]
INFO: [ app_end ] --START--
INFO: Run Behavior\ShowPageTraceBehavior [ RunTime:0.000796s ]
INFO: [ app_end ] --END-- [ RunTime:0.000849s ]

[ 2018-07-08T14:32:59+08:00 ] 127.0.0.1 /index.php/Admin/Article/index/cat_id/40
INFO: [ app_init ] --START--
INFO: Run Behavior\BuildLiteBehavior [ RunTime:0.000019s ]
INFO: [ app_init ] --END-- [ RunTime:0.000833s ]
INFO: [ app_begin ] --START--
INFO: Run Behavior\ReadHtmlCacheBehavior [ RunTime:0.001160s ]
INFO: [ app_begin ] --END-- [ RunTime:0.001227s ]
SQL: SHOW COLUMNS FROM `jia_admin` [ RunTime:0.0025s ]
SQL: SELECT `role_id` FROM `jia_admin` WHERE `id` = 31 LIMIT 1   [ RunTime:0.0006s ]
SQL: SELECT * FROM `jia_admin` WHERE `id` = 31 LIMIT 1   [ RunTime:0.0006s ]
SQL: SHOW COLUMNS FROM `jia_auth` [ RunTime:0.0039s ]
SQL: SELECT * FROM `jia_auth` WHERE ( auth_level=0 ) ORDER BY sorting  [ RunTime:0.0011s ]
SQL: SELECT * FROM `jia_auth` WHERE ( auth_level=1 ) ORDER BY sorting  [ RunTime:0.0010s ]
SQL: SELECT `auth_name` FROM `jia_auth` WHERE `auth_a` = 'index/cat_id/40' LIMIT 1   [ RunTime:0.0006s ]
SQL: SHOW COLUMNS FROM `jia_document` [ RunTime:0.0169s ]
SQL: SELECT * FROM `jia_document` WHERE `category_id` = '40'  [ RunTime:0.0427s ]
SQL: SELECT * FROM `jia_document` WHERE `category_id` = '40' ORDER BY create_time desc LIMIT 0,10   [ RunTime:0.0021s ]
INFO: [ view_parse ] --START--
INFO: [ template_filter ] --START--
INFO: Run Behavior\ContentReplaceBehavior [ RunTime:0.000268s ]
INFO: [ template_filter ] --END-- [ RunTime:0.000350s ]
INFO: Run Behavior\ParseTemplateBehavior [ RunTime:0.019451s ]
INFO: [ view_parse ] --END-- [ RunTime:0.019525s ]
INFO: [ view_filter ] --START--
INFO: Run Behavior\WriteHtmlCacheBehavior [ RunTime:0.000538s ]
INFO: [ view_filter ] --END-- [ RunTime:0.000586s ]
INFO: [ app_end ] --START--
INFO: Run Behavior\ShowPageTraceBehavior [ RunTime:0.001873s ]
INFO: [ app_end ] --END-- [ RunTime:0.001971s ]

[ 2018-07-08T14:33:09+08:00 ] 127.0.0.1 /index.php/Admin/Article/index/cat_id/40
INFO: [ app_init ] --START--
INFO: Run Behavior\BuildLiteBehavior [ RunTime:0.000010s ]
INFO: [ app_init ] --END-- [ RunTime:0.000480s ]
INFO: [ app_begin ] --START--
INFO: Run Behavior\ReadHtmlCacheBehavior [ RunTime:0.000546s ]
INFO: [ app_begin ] --END-- [ RunTime:0.000596s ]
SQL: SHOW COLUMNS FROM `jia_admin` [ RunTime:0.0012s ]
SQL: SELECT `role_id` FROM `jia_admin` WHERE `id` = 31 LIMIT 1   [ RunTime:0.0003s ]
SQL: SELECT * FROM `jia_admin` WHERE `id` = 31 LIMIT 1   [ RunTime:0.0002s ]
SQL: SHOW COLUMNS FROM `jia_auth` [ RunTime:0.0014s ]
SQL: SELECT * FROM `jia_auth` WHERE ( auth_level=0 ) ORDER BY sorting  [ RunTime:0.0004s ]
SQL: SELECT * FROM `jia_auth` WHERE ( auth_level=1 ) ORDER BY sorting  [ RunTime:0.0004s ]
SQL: SELECT `auth_name` FROM `jia_auth` WHERE `auth_a` = 'index/cat_id/40' LIMIT 1   [ RunTime:0.0002s ]
SQL: SHOW COLUMNS FROM `jia_document` [ RunTime:0.0010s ]
SQL: SELECT * FROM `jia_document` WHERE `category_id` = '40'  [ RunTime:0.0009s ]
SQL: SELECT * FROM `jia_document` WHERE `category_id` = '40' ORDER BY create_time desc LIMIT 0,10   [ RunTime:0.0009s ]
INFO: [ view_parse ] --START--
INFO: [ template_filter ] --START--
INFO: Run Behavior\ContentReplaceBehavior [ RunTime:0.000116s ]
INFO: [ template_filter ] --END-- [ RunTime:0.000149s ]
INFO: Run Behavior\ParseTemplateBehavior [ RunTime:0.008509s ]
INFO: [ view_parse ] --END-- [ RunTime:0.008541s ]
INFO: [ view_filter ] --START--
INFO: Run Behavior\WriteHtmlCacheBehavior [ RunTime:0.000258s ]
INFO: [ view_filter ] --END-- [ RunTime:0.000284s ]
INFO: [ app_end ] --START--
INFO: Run Behavior\ShowPageTraceBehavior [ RunTime:0.000519s ]
INFO: [ app_end ] --END-- [ RunTime:0.000595s ]

[ 2018-07-08T14:33:11+08:00 ] 127.0.0.1 /index.php/Admin/Article/index/cat_id/43
INFO: [ app_init ] --START--
INFO: Run Behavior\BuildLiteBehavior [ RunTime:0.000010s ]
INFO: [ app_init ] --END-- [ RunTime:0.000466s ]
INFO: [ app_begin ] --START--
INFO: Run Behavior\ReadHtmlCacheBehavior [ RunTime:0.000501s ]
INFO: [ app_begin ] --END-- [ RunTime:0.000530s ]
SQL: SHOW COLUMNS FROM `jia_admin` [ RunTime:0.0012s ]
SQL: SELECT `role_id` FROM `jia_admin` WHERE `id` = 31 LIMIT 1   [ RunTime:0.0003s ]
SQL: SELECT * FROM `jia_admin` WHERE `id` = 31 LIMIT 1   [ RunTime:0.0003s ]
SQL: SHOW COLUMNS FROM `jia_auth` [ RunTime:0.0022s ]
SQL: SELECT * FROM `jia_auth` WHERE ( auth_level=0 ) ORDER BY sorting  [ RunTime:0.0005s ]
SQL: SELECT * FROM `jia_auth` WHERE ( auth_level=1 ) ORDER BY sorting  [ RunTime:0.0004s ]
SQL: SELECT `auth_name` FROM `jia_auth` WHERE `auth_a` = 'index/cat_id/43' LIMIT 1   [ RunTime:0.0002s ]
SQL: SHOW COLUMNS FROM `jia_document` [ RunTime:0.0012s ]
SQL: SELECT * FROM `jia_document` WHERE `category_id` = '43'  [ RunTime:0.0005s ]
SQL: SELECT * FROM `jia_document` WHERE `category_id` = '43' ORDER BY create_time desc LIMIT 0,10   [ RunTime:0.0005s ]
INFO: [ view_parse ] --START--
INFO: [ template_filter ] --START--
INFO: Run Behavior\ContentReplaceBehavior [ RunTime:0.000131s ]
INFO: [ template_filter ] --END-- [ RunTime:0.000165s ]
INFO: Run Behavior\ParseTemplateBehavior [ RunTime:0.009590s ]
INFO: [ view_parse ] --END-- [ RunTime:0.009622s ]
INFO: [ view_filter ] --START--
INFO: Run Behavior\WriteHtmlCacheBehavior [ RunTime:0.000256s ]
INFO: [ view_filter ] --END-- [ RunTime:0.000279s ]
INFO: [ app_end ] --START--
INFO: Run Behavior\ShowPageTraceBehavior [ RunTime:0.000603s ]
INFO: [ app_end ] --END-- [ RunTime:0.000636s ]

[ 2018-07-08T14:33:12+08:00 ] 127.0.0.1 /index.php/Admin/Category/cateList
INFO: [ app_init ] --START--
INFO: Run Behavior\BuildLiteBehavior [ RunTime:0.000009s ]
INFO: [ app_init ] --END-- [ RunTime:0.000402s ]
INFO: [ app_begin ] --START--
INFO: Run Behavior\ReadHtmlCacheBehavior [ RunTime:0.000562s ]
INFO: [ app_begin ] --END-- [ RunTime:0.000593s ]
SQL: SHOW COLUMNS FROM `jia_admin` [ RunTime:0.0014s ]
SQL: SELECT `role_id` FROM `jia_admin` WHERE `id` = 31 LIMIT 1   [ RunTime:0.0004s ]
SQL: SELECT * FROM `jia_admin` WHERE `id` = 31 LIMIT 1   [ RunTime:0.0003s ]
SQL: SHOW COLUMNS FROM `jia_auth` [ RunTime:0.0023s ]
SQL: SELECT * FROM `jia_auth` WHERE ( auth_level=0 ) ORDER BY sorting  [ RunTime:0.0006s ]
SQL: SELECT * FROM `jia_auth` WHERE ( auth_level=1 ) ORDER BY sorting  [ RunTime:0.0006s ]
SQL: SHOW COLUMNS FROM `jia_category` [ RunTime:0.0016s ]
SQL: SELECT COUNT(*) AS tp_count FROM `jia_category` LIMIT 1   [ RunTime:0.0002s ]
NOTIC: [8] Undefined variable: cat_title D:\server\Web\jia\Application\Admin\Controller\CategoryController.class.php 第 20 行.
SQL: SELECT * FROM `jia_category`  [ RunTime:0.0005s ]
INFO: [ view_parse ] --START--
INFO: [ template_filter ] --START--
INFO: Run Behavior\ContentReplaceBehavior [ RunTime:0.000158s ]
INFO: [ template_filter ] --END-- [ RunTime:0.000212s ]
NOTIC: [8] Undefined variable: page D:\server\Web\jia\Application\Runtime\Cache\Admin\2fd35acb806049b5e181282c611b8c37.php 第 360 行.
INFO: Run Behavior\ParseTemplateBehavior [ RunTime:0.020670s ]
INFO: [ view_parse ] --END-- [ RunTime:0.020708s ]
INFO: [ view_filter ] --START--
INFO: Run Behavior\WriteHtmlCacheBehavior [ RunTime:0.000375s ]
INFO: [ view_filter ] --END-- [ RunTime:0.000407s ]
INFO: [ app_end ] --START--
INFO: Run Behavior\ShowPageTraceBehavior [ RunTime:0.000815s ]
INFO: [ app_end ] --END-- [ RunTime:0.000878s ]

