[ 2018-05-19T10:43:44+08:00 ] 127.0.0.1 /admin
INFO: [ app_init ] --START--
INFO: Run Behavior\BuildLiteBehavior [ RunTime:0.000000s ]
INFO: [ app_init ] --END-- [ RunTime:0.004000s ]
INFO: [ app_begin ] --START--
INFO: Run Behavior\ReadHtmlCacheBehavior [ RunTime:0.005000s ]
INFO: [ app_begin ] --END-- [ RunTime:0.005000s ]

[ 2018-05-19T10:43:45+08:00 ] 127.0.0.1 /index.php/Admin/Login/login.html
INFO: [ app_init ] --START--
INFO: Run Behavior\BuildLiteBehavior [ RunTime:0.000000s ]
INFO: [ app_init ] --END-- [ RunTime:0.004001s ]
INFO: [ app_begin ] --START--
INFO: Run Behavior\ReadHtmlCacheBehavior [ RunTime:0.005000s ]
INFO: [ app_begin ] --END-- [ RunTime:0.005000s ]
INFO: [ view_parse ] --START--
INFO: [ template_filter ] --START--
INFO: Run Behavior\ContentReplaceBehavior [ RunTime:0.000000s ]
INFO: [ template_filter ] --END-- [ RunTime:0.000000s ]
INFO: Run Behavior\ParseTemplateBehavior [ RunTime:0.073005s ]
INFO: [ view_parse ] --END-- [ RunTime:0.073005s ]
INFO: [ view_filter ] --START--
INFO: Run Behavior\WriteHtmlCacheBehavior [ RunTime:0.004000s ]
INFO: [ view_filter ] --END-- [ RunTime:0.004000s ]
INFO: [ app_end ] --START--
INFO: Run Behavior\ShowPageTraceBehavior [ RunTime:0.006000s ]
INFO: [ app_end ] --END-- [ RunTime:0.006000s ]

[ 2018-05-19T10:43:45+08:00 ] 127.0.0.1 /index.php/Admin/Login/code.html
INFO: [ app_init ] --START--
INFO: Run Behavior\BuildLiteBehavior [ RunTime:0.000000s ]
INFO: [ app_init ] --END-- [ RunTime:0.004000s ]
INFO: [ app_begin ] --START--
INFO: Run Behavior\ReadHtmlCacheBehavior [ RunTime:0.005001s ]
INFO: [ app_begin ] --END-- [ RunTime:0.005001s ]
INFO: [ app_end ] --START--
INFO: Run Behavior\ShowPageTraceBehavior [ RunTime:0.007001s ]
INFO: [ app_end ] --END-- [ RunTime:0.007001s ]

[ 2018-05-19T10:43:45+08:00 ] 127.0.0.1 /index.php/Admin/Login/login.html
INFO: [ app_init ] --START--
INFO: Run Behavior\BuildLiteBehavior [ RunTime:0.000000s ]
INFO: [ app_init ] --END-- [ RunTime:0.003000s ]
INFO: [ app_begin ] --START--
INFO: Run Behavior\ReadHtmlCacheBehavior [ RunTime:0.005000s ]
INFO: [ app_begin ] --END-- [ RunTime:0.005000s ]
INFO: [ view_parse ] --START--
INFO: [ template_filter ] --START--
INFO: Run Behavior\ContentReplaceBehavior [ RunTime:0.000000s ]
INFO: [ template_filter ] --END-- [ RunTime:0.000000s ]
INFO: Run Behavior\ParseTemplateBehavior [ RunTime:0.024002s ]
INFO: [ view_parse ] --END-- [ RunTime:0.024002s ]
INFO: [ view_filter ] --START--
INFO: Run Behavior\WriteHtmlCacheBehavior [ RunTime:0.005000s ]
INFO: [ view_filter ] --END-- [ RunTime:0.005000s ]
INFO: [ app_end ] --START--
INFO: Run Behavior\ShowPageTraceBehavior [ RunTime:0.005000s ]
INFO: [ app_end ] --END-- [ RunTime:0.005000s ]

[ 2018-05-19T10:43:52+08:00 ] 127.0.0.1 /index.php/Admin/Login/code/0.6496779956200187
INFO: [ app_init ] --START--
INFO: Run Behavior\BuildLiteBehavior [ RunTime:0.000000s ]
INFO: [ app_init ] --END-- [ RunTime:0.003001s ]
INFO: [ app_begin ] --START--
INFO: Run Behavior\ReadHtmlCacheBehavior [ RunTime:0.005001s ]
INFO: [ app_begin ] --END-- [ RunTime:0.006001s ]
INFO: [ app_end ] --START--
INFO: Run Behavior\ShowPageTraceBehavior [ RunTime:0.005000s ]
INFO: [ app_end ] --END-- [ RunTime:0.005000s ]

[ 2018-05-19T10:43:59+08:00 ] 127.0.0.1 /index.php/Admin/Login/ajaxLogin.html
INFO: [ app_init ] --START--
INFO: Run Behavior\BuildLiteBehavior [ RunTime:0.000000s ]
INFO: [ app_init ] --END-- [ RunTime:0.003000s ]
INFO: [ app_begin ] --START--
INFO: Run Behavior\ReadHtmlCacheBehavior [ RunTime:0.005000s ]
INFO: [ app_begin ] --END-- [ RunTime:0.005000s ]
SQL: SHOW COLUMNS FROM `jia_admin` [ RunTime:0.1270s ]
NOTIC: [8] Undefined index: auto D:\UPUPW_NP5.4\htdocs\test\ThinkPHP\Library\Think\Model.class.php 第 1128 行.
SQL: SELECT * FROM `jia_admin` WHERE `username` = 'root' LIMIT 1   [ RunTime:0.0070s ]
SQL: UPDATE `jia_admin` SET `lastdate`='1526697839',`lastip`='127.0.0.1' WHERE `username` = 'root' [ RunTime:0.0010s ]
SQL: UPDATE `jia_admin` SET `count`=count+1 WHERE `username` = 'root' [ RunTime:0.0000s ]

[ 2018-05-19T10:44:00+08:00 ] 127.0.0.1 /index.php/Admin/Index/index.html
INFO: [ app_init ] --START--
INFO: Run Behavior\BuildLiteBehavior [ RunTime:0.000000s ]
INFO: [ app_init ] --END-- [ RunTime:0.001000s ]
INFO: [ app_begin ] --START--
INFO: Run Behavior\ReadHtmlCacheBehavior [ RunTime:0.002000s ]
INFO: [ app_begin ] --END-- [ RunTime:0.002000s ]
SQL: SHOW COLUMNS FROM `jia_admin` [ RunTime:0.0030s ]
SQL: SELECT * FROM `jia_admin` WHERE `id` = 31 LIMIT 1   [ RunTime:0.0000s ]
SQL: SHOW COLUMNS FROM `jia_auth` [ RunTime:0.0660s ]
SQL: SELECT * FROM `jia_auth` WHERE ( auth_level=0 )  [ RunTime:0.0000s ]
SQL: SELECT * FROM `jia_auth` WHERE ( auth_level=1 )  [ RunTime:0.0010s ]
INFO: [ view_parse ] --START--
INFO: [ template_filter ] --START--
INFO: Run Behavior\ContentReplaceBehavior [ RunTime:0.000000s ]
INFO: [ template_filter ] --END-- [ RunTime:0.000000s ]
INFO: Run Behavior\ParseTemplateBehavior [ RunTime:0.077004s ]
INFO: [ view_parse ] --END-- [ RunTime:0.077004s ]
INFO: [ view_filter ] --START--
INFO: Run Behavior\WriteHtmlCacheBehavior [ RunTime:0.002000s ]
INFO: [ view_filter ] --END-- [ RunTime:0.002000s ]
INFO: [ app_end ] --START--
INFO: Run Behavior\ShowPageTraceBehavior [ RunTime:0.002000s ]
INFO: [ app_end ] --END-- [ RunTime:0.003000s ]

[ 2018-05-19T10:44:01+08:00 ] 127.0.0.1 /index.php/Admin/Index/index.html
INFO: [ app_init ] --START--
INFO: Run Behavior\BuildLiteBehavior [ RunTime:0.000000s ]
INFO: [ app_init ] --END-- [ RunTime:0.001000s ]
INFO: [ app_begin ] --START--
INFO: Run Behavior\ReadHtmlCacheBehavior [ RunTime:0.006001s ]
INFO: [ app_begin ] --END-- [ RunTime:0.006001s ]
SQL: SHOW COLUMNS FROM `jia_admin` [ RunTime:0.0040s ]
SQL: SELECT * FROM `jia_admin` WHERE `id` = 31 LIMIT 1   [ RunTime:0.0010s ]
SQL: SHOW COLUMNS FROM `jia_auth` [ RunTime:0.0020s ]
SQL: SELECT * FROM `jia_auth` WHERE ( auth_level=0 )  [ RunTime:0.0010s ]
SQL: SELECT * FROM `jia_auth` WHERE ( auth_level=1 )  [ RunTime:0.0000s ]
INFO: [ view_parse ] --START--
INFO: [ template_filter ] --START--
INFO: Run Behavior\ContentReplaceBehavior [ RunTime:0.000000s ]
INFO: [ template_filter ] --END-- [ RunTime:0.000000s ]
INFO: Run Behavior\ParseTemplateBehavior [ RunTime:0.031002s ]
INFO: [ view_parse ] --END-- [ RunTime:0.031002s ]
INFO: [ view_filter ] --START--
INFO: Run Behavior\WriteHtmlCacheBehavior [ RunTime:0.005000s ]
INFO: [ view_filter ] --END-- [ RunTime:0.005000s ]
INFO: [ app_end ] --START--
INFO: Run Behavior\ShowPageTraceBehavior [ RunTime:0.005000s ]
INFO: [ app_end ] --END-- [ RunTime:0.005000s ]

[ 2018-05-19T10:44:05+08:00 ] 127.0.0.1 /index.php/Admin/Article/index/cat_id/42
INFO: [ app_init ] --START--
INFO: Run Behavior\BuildLiteBehavior [ RunTime:0.000000s ]
INFO: [ app_init ] --END-- [ RunTime:0.000000s ]
INFO: [ app_begin ] --START--
INFO: Run Behavior\ReadHtmlCacheBehavior [ RunTime:0.002000s ]
INFO: [ app_begin ] --END-- [ RunTime:0.002000s ]
SQL: SHOW COLUMNS FROM `jia_admin` [ RunTime:0.0030s ]
SQL: SELECT `role_id` FROM `jia_admin` WHERE `id` = 31 LIMIT 1   [ RunTime:0.0070s ]
SQL: SELECT * FROM `jia_admin` WHERE `id` = 31 LIMIT 1   [ RunTime:0.0000s ]
SQL: SHOW COLUMNS FROM `jia_auth` [ RunTime:0.0020s ]
SQL: SELECT * FROM `jia_auth` WHERE ( auth_level=0 )  [ RunTime:0.0000s ]
SQL: SELECT * FROM `jia_auth` WHERE ( auth_level=1 )  [ RunTime:0.0000s ]
SQL: SHOW COLUMNS FROM `jia_document` [ RunTime:0.0030s ]
SQL: SELECT * FROM `jia_document` WHERE `category_id` = '42'  [ RunTime:0.0420s ]
SQL: SELECT * FROM `jia_document` WHERE `category_id` = '42' ORDER BY create_time desc LIMIT 0,10   [ RunTime:0.0180s ]
INFO: [ view_parse ] --START--
INFO: [ template_filter ] --START--
INFO: Run Behavior\ContentReplaceBehavior [ RunTime:0.000000s ]
INFO: [ template_filter ] --END-- [ RunTime:0.000000s ]
INFO: Run Behavior\ParseTemplateBehavior [ RunTime:0.043003s ]
INFO: [ view_parse ] --END-- [ RunTime:0.043003s ]
INFO: [ view_filter ] --START--
INFO: Run Behavior\WriteHtmlCacheBehavior [ RunTime:0.006000s ]
INFO: [ view_filter ] --END-- [ RunTime:0.006000s ]
INFO: [ app_end ] --START--
INFO: Run Behavior\ShowPageTraceBehavior [ RunTime:0.005001s ]
INFO: [ app_end ] --END-- [ RunTime:0.005001s ]

[ 2018-05-19T10:44:05+08:00 ] 127.0.0.1 /index.php/Admin/Article/index/cat_id/42
INFO: [ app_init ] --START--
INFO: Run Behavior\BuildLiteBehavior [ RunTime:0.000000s ]
INFO: [ app_init ] --END-- [ RunTime:0.000000s ]
INFO: [ app_begin ] --START--
INFO: Run Behavior\ReadHtmlCacheBehavior [ RunTime:0.002000s ]
INFO: [ app_begin ] --END-- [ RunTime:0.002000s ]
SQL: SHOW COLUMNS FROM `jia_admin` [ RunTime:0.0030s ]
SQL: SELECT `role_id` FROM `jia_admin` WHERE `id` = 31 LIMIT 1   [ RunTime:0.0000s ]
SQL: SELECT * FROM `jia_admin` WHERE `id` = 31 LIMIT 1   [ RunTime:0.0000s ]
SQL: SHOW COLUMNS FROM `jia_auth` [ RunTime:0.0030s ]
SQL: SELECT * FROM `jia_auth` WHERE ( auth_level=0 )  [ RunTime:0.0000s ]
SQL: SELECT * FROM `jia_auth` WHERE ( auth_level=1 )  [ RunTime:0.0010s ]
SQL: SHOW COLUMNS FROM `jia_document` [ RunTime:0.0030s ]
SQL: SELECT * FROM `jia_document` WHERE `category_id` = '42'  [ RunTime:0.0010s ]
SQL: SELECT * FROM `jia_document` WHERE `category_id` = '42' ORDER BY create_time desc LIMIT 0,10   [ RunTime:0.0010s ]
INFO: [ view_parse ] --START--
INFO: [ template_filter ] --START--
INFO: Run Behavior\ContentReplaceBehavior [ RunTime:0.000000s ]
INFO: [ template_filter ] --END-- [ RunTime:0.000000s ]
INFO: Run Behavior\ParseTemplateBehavior [ RunTime:0.019001s ]
INFO: [ view_parse ] --END-- [ RunTime:0.019001s ]
INFO: [ view_filter ] --START--
INFO: Run Behavior\WriteHtmlCacheBehavior [ RunTime:0.002000s ]
INFO: [ view_filter ] --END-- [ RunTime:0.002000s ]
INFO: [ app_end ] --START--
INFO: Run Behavior\ShowPageTraceBehavior [ RunTime:0.002000s ]
INFO: [ app_end ] --END-- [ RunTime:0.002000s ]

[ 2018-05-19T10:44:11+08:00 ] 127.0.0.1 /index.php/Admin/User/userlis
INFO: [ app_init ] --START--
INFO: Run Behavior\BuildLiteBehavior [ RunTime:0.000000s ]
INFO: [ app_init ] --END-- [ RunTime:0.000000s ]
INFO: [ app_begin ] --START--
INFO: Run Behavior\ReadHtmlCacheBehavior [ RunTime:0.002001s ]
INFO: [ app_begin ] --END-- [ RunTime:0.002001s ]
SQL: SHOW COLUMNS FROM `jia_admin` [ RunTime:0.0030s ]
SQL: SELECT `role_id` FROM `jia_admin` WHERE `id` = 31 LIMIT 1   [ RunTime:0.0000s ]
SQL: SELECT * FROM `jia_admin` WHERE `id` = 31 LIMIT 1   [ RunTime:0.0010s ]
SQL: SHOW COLUMNS FROM `jia_auth` [ RunTime:0.0020s ]
SQL: SELECT * FROM `jia_auth` WHERE ( auth_level=0 )  [ RunTime:0.0000s ]
SQL: SELECT * FROM `jia_auth` WHERE ( auth_level=1 )  [ RunTime:0.0000s ]
SQL: SELECT * FROM jia_admin a left join jia_role as b on a.role_id=b.role_id   [ RunTime:0.0630s ]
INFO: [ view_parse ] --START--
INFO: [ template_filter ] --START--
INFO: Run Behavior\ContentReplaceBehavior [ RunTime:0.000000s ]
INFO: [ template_filter ] --END-- [ RunTime:0.000000s ]
NOTIC: [8] Undefined variable: title D:\UPUPW_NP5.4\htdocs\test\Application\Runtime\Cache\Admin\52952749df1bd700dca83d20b0030d5b.php 第 11 行.
INFO: Run Behavior\ParseTemplateBehavior [ RunTime:0.036002s ]
INFO: [ view_parse ] --END-- [ RunTime:0.036002s ]
INFO: [ view_filter ] --START--
INFO: Run Behavior\WriteHtmlCacheBehavior [ RunTime:0.005000s ]
INFO: [ view_filter ] --END-- [ RunTime:0.005000s ]
INFO: [ app_end ] --START--
INFO: Run Behavior\ShowPageTraceBehavior [ RunTime:0.002001s ]
INFO: [ app_end ] --END-- [ RunTime:0.002001s ]

[ 2018-05-19T10:44:11+08:00 ] 127.0.0.1 /index.php/Admin/User/userlis
INFO: [ app_init ] --START--
INFO: Run Behavior\BuildLiteBehavior [ RunTime:0.000000s ]
INFO: [ app_init ] --END-- [ RunTime:0.000000s ]
INFO: [ app_begin ] --START--
INFO: Run Behavior\ReadHtmlCacheBehavior [ RunTime:0.002000s ]
INFO: [ app_begin ] --END-- [ RunTime:0.002000s ]
SQL: SHOW COLUMNS FROM `jia_admin` [ RunTime:0.0050s ]
SQL: SELECT `role_id` FROM `jia_admin` WHERE `id` = 31 LIMIT 1   [ RunTime:0.0000s ]
SQL: SELECT * FROM `jia_admin` WHERE `id` = 31 LIMIT 1   [ RunTime:0.0010s ]
SQL: SHOW COLUMNS FROM `jia_auth` [ RunTime:0.0020s ]
SQL: SELECT * FROM `jia_auth` WHERE ( auth_level=0 )  [ RunTime:0.0010s ]
SQL: SELECT * FROM `jia_auth` WHERE ( auth_level=1 )  [ RunTime:0.0000s ]
SQL: SELECT * FROM jia_admin a left join jia_role as b on a.role_id=b.role_id   [ RunTime:0.0010s ]
INFO: [ view_parse ] --START--
INFO: [ template_filter ] --START--
INFO: Run Behavior\ContentReplaceBehavior [ RunTime:0.000000s ]
INFO: [ template_filter ] --END-- [ RunTime:0.000000s ]
NOTIC: [8] Undefined variable: title D:\UPUPW_NP5.4\htdocs\test\Application\Runtime\Cache\Admin\52952749df1bd700dca83d20b0030d5b.php 第 11 行.
INFO: Run Behavior\ParseTemplateBehavior [ RunTime:0.018001s ]
INFO: [ view_parse ] --END-- [ RunTime:0.018001s ]
INFO: [ view_filter ] --START--
INFO: Run Behavior\WriteHtmlCacheBehavior [ RunTime:0.002000s ]
INFO: [ view_filter ] --END-- [ RunTime:0.002000s ]
INFO: [ app_end ] --START--
INFO: Run Behavior\ShowPageTraceBehavior [ RunTime:0.002000s ]
INFO: [ app_end ] --END-- [ RunTime:0.002000s ]

[ 2018-05-19T10:44:13+08:00 ] 127.0.0.1 /index.php/Admin/Authority/authList
INFO: [ app_init ] --START--
INFO: Run Behavior\BuildLiteBehavior [ RunTime:0.000000s ]
INFO: [ app_init ] --END-- [ RunTime:0.000000s ]
INFO: [ app_begin ] --START--
INFO: Run Behavior\ReadHtmlCacheBehavior [ RunTime:0.002000s ]
INFO: [ app_begin ] --END-- [ RunTime:0.002000s ]
SQL: SHOW COLUMNS FROM `jia_admin` [ RunTime:0.0030s ]
SQL: SELECT `role_id` FROM `jia_admin` WHERE `id` = 31 LIMIT 1   [ RunTime:0.0000s ]
SQL: SELECT * FROM `jia_admin` WHERE `id` = 31 LIMIT 1   [ RunTime:0.0000s ]
SQL: SHOW COLUMNS FROM `jia_auth` [ RunTime:0.0030s ]
SQL: SELECT * FROM `jia_auth` WHERE ( auth_level=0 )  [ RunTime:0.0000s ]
SQL: SELECT * FROM `jia_auth` WHERE ( auth_level=1 )  [ RunTime:0.0000s ]
SQL: SELECT COUNT(*) AS tp_count FROM `jia_auth` LIMIT 1   [ RunTime:0.0160s ]
SQL: SELECT * FROM `jia_auth` LIMIT 0,10   [ RunTime:0.0000s ]
INFO: [ view_parse ] --START--
INFO: [ template_filter ] --START--
INFO: Run Behavior\ContentReplaceBehavior [ RunTime:0.000000s ]
INFO: [ template_filter ] --END-- [ RunTime:0.000000s ]
NOTIC: [8] Undefined variable: title D:\UPUPW_NP5.4\htdocs\test\Application\Runtime\Cache\Admin\079d70c2ede59558cb33fac189e75253.php 第 11 行.
INFO: Run Behavior\ParseTemplateBehavior [ RunTime:0.038002s ]
INFO: [ view_parse ] --END-- [ RunTime:0.038002s ]
INFO: [ view_filter ] --START--
INFO: Run Behavior\WriteHtmlCacheBehavior [ RunTime:0.005001s ]
INFO: [ view_filter ] --END-- [ RunTime:0.005001s ]
INFO: [ app_end ] --START--
INFO: Run Behavior\ShowPageTraceBehavior [ RunTime:0.002000s ]
INFO: [ app_end ] --END-- [ RunTime:0.002000s ]

[ 2018-05-19T10:44:13+08:00 ] 127.0.0.1 /index.php/Admin/Authority/authList
INFO: [ app_init ] --START--
INFO: Run Behavior\BuildLiteBehavior [ RunTime:0.000000s ]
INFO: [ app_init ] --END-- [ RunTime:0.001000s ]
INFO: [ app_begin ] --START--
INFO: Run Behavior\ReadHtmlCacheBehavior [ RunTime:0.002000s ]
INFO: [ app_begin ] --END-- [ RunTime:0.002000s ]
SQL: SHOW COLUMNS FROM `jia_admin` [ RunTime:0.0030s ]
SQL: SELECT `role_id` FROM `jia_admin` WHERE `id` = 31 LIMIT 1   [ RunTime:0.0000s ]
SQL: SELECT * FROM `jia_admin` WHERE `id` = 31 LIMIT 1   [ RunTime:0.0010s ]
SQL: SHOW COLUMNS FROM `jia_auth` [ RunTime:0.0020s ]
SQL: SELECT * FROM `jia_auth` WHERE ( auth_level=0 )  [ RunTime:0.0010s ]
SQL: SELECT * FROM `jia_auth` WHERE ( auth_level=1 )  [ RunTime:0.0000s ]
SQL: SELECT COUNT(*) AS tp_count FROM `jia_auth` LIMIT 1   [ RunTime:0.0000s ]
SQL: SELECT * FROM `jia_auth` LIMIT 0,10   [ RunTime:0.0000s ]
INFO: [ view_parse ] --START--
INFO: [ template_filter ] --START--
INFO: Run Behavior\ContentReplaceBehavior [ RunTime:0.000000s ]
INFO: [ template_filter ] --END-- [ RunTime:0.000000s ]
NOTIC: [8] Undefined variable: title D:\UPUPW_NP5.4\htdocs\test\Application\Runtime\Cache\Admin\079d70c2ede59558cb33fac189e75253.php 第 11 行.
INFO: Run Behavior\ParseTemplateBehavior [ RunTime:0.030002s ]
INFO: [ view_parse ] --END-- [ RunTime:0.030002s ]
INFO: [ view_filter ] --START--
INFO: Run Behavior\WriteHtmlCacheBehavior [ RunTime:0.005000s ]
INFO: [ view_filter ] --END-- [ RunTime:0.005000s ]
INFO: [ app_end ] --START--
INFO: Run Behavior\ShowPageTraceBehavior [ RunTime:0.006001s ]
INFO: [ app_end ] --END-- [ RunTime:0.006001s ]

[ 2018-05-19T11:07:49+08:00 ] 127.0.0.1 /index.php/Admin/Authority/authList
INFO: [ app_init ] --START--
INFO: Run Behavior\BuildLiteBehavior [ RunTime:0.000000s ]
INFO: [ app_init ] --END-- [ RunTime:0.001000s ]
INFO: [ app_begin ] --START--
INFO: Run Behavior\ReadHtmlCacheBehavior [ RunTime:0.002000s ]
INFO: [ app_begin ] --END-- [ RunTime:0.002000s ]
SQL: SHOW COLUMNS FROM `jia_admin` [ RunTime:0.0040s ]
SQL: SELECT `role_id` FROM `jia_admin` WHERE `id` = 31 LIMIT 1   [ RunTime:0.0000s ]
SQL: SELECT * FROM `jia_admin` WHERE `id` = 31 LIMIT 1   [ RunTime:0.0000s ]
SQL: SHOW COLUMNS FROM `jia_auth` [ RunTime:0.0030s ]
SQL: SELECT * FROM `jia_auth` WHERE ( auth_level=0 )  [ RunTime:0.0010s ]
SQL: SELECT * FROM `jia_auth` WHERE ( auth_level=1 )  [ RunTime:0.0000s ]
SQL: SELECT COUNT(*) AS tp_count FROM `jia_auth` LIMIT 1   [ RunTime:0.0000s ]
SQL: SELECT * FROM `jia_auth` LIMIT 0,10   [ RunTime:0.0010s ]
INFO: [ view_parse ] --START--
INFO: [ template_filter ] --START--
INFO: Run Behavior\ContentReplaceBehavior [ RunTime:0.000000s ]
INFO: [ template_filter ] --END-- [ RunTime:0.000000s ]
NOTIC: [8] Undefined variable: title D:\UPUPW_NP5.4\htdocs\test\Application\Runtime\Cache\Admin\079d70c2ede59558cb33fac189e75253.php 第 11 行.
INFO: Run Behavior\ParseTemplateBehavior [ RunTime:0.044002s ]
INFO: [ view_parse ] --END-- [ RunTime:0.044002s ]
INFO: [ view_filter ] --START--
INFO: Run Behavior\WriteHtmlCacheBehavior [ RunTime:0.002000s ]
INFO: [ view_filter ] --END-- [ RunTime:0.002000s ]
INFO: [ app_end ] --START--
INFO: Run Behavior\ShowPageTraceBehavior [ RunTime:0.002000s ]
INFO: [ app_end ] --END-- [ RunTime:0.002000s ]

