[ 2018-07-30T08:45:48+08:00 ] 127.0.0.1 /admin
INFO: [ app_init ] --START--
INFO: Run Behavior\BuildLiteBehavior [ RunTime:0.000000s ]
INFO: [ app_init ] --END-- [ RunTime:0.016001s ]
INFO: [ app_begin ] --START--
INFO: Run Behavior\ReadHtmlCacheBehavior [ RunTime:0.026001s ]
INFO: [ app_begin ] --END-- [ RunTime:0.026001s ]

[ 2018-07-30T08:45:48+08:00 ] 127.0.0.1 /index.php/Admin/Login/login.html
INFO: [ app_init ] --START--
INFO: Run Behavior\BuildLiteBehavior [ RunTime:0.000000s ]
INFO: [ app_init ] --END-- [ RunTime:0.002001s ]
INFO: [ app_begin ] --START--
INFO: Run Behavior\ReadHtmlCacheBehavior [ RunTime:0.006000s ]
INFO: [ app_begin ] --END-- [ RunTime:0.006000s ]
INFO: [ view_parse ] --START--
INFO: [ template_filter ] --START--
INFO: Run Behavior\ContentReplaceBehavior [ RunTime:0.001000s ]
INFO: [ template_filter ] --END-- [ RunTime:0.001000s ]
INFO: Run Behavior\ParseTemplateBehavior [ RunTime:0.065004s ]
INFO: [ view_parse ] --END-- [ RunTime:0.065004s ]
INFO: [ view_filter ] --START--
INFO: Run Behavior\WriteHtmlCacheBehavior [ RunTime:0.013001s ]
INFO: [ view_filter ] --END-- [ RunTime:0.014001s ]
INFO: [ app_end ] --START--
INFO: Run Behavior\ShowPageTraceBehavior [ RunTime:0.006000s ]
INFO: [ app_end ] --END-- [ RunTime:0.006000s ]

[ 2018-07-30T08:45:48+08:00 ] 127.0.0.1 /index.php/Admin/Login/code.html
INFO: [ app_init ] --START--
INFO: Run Behavior\BuildLiteBehavior [ RunTime:0.000000s ]
INFO: [ app_init ] --END-- [ RunTime:0.002000s ]
INFO: [ app_begin ] --START--
INFO: Run Behavior\ReadHtmlCacheBehavior [ RunTime:0.005000s ]
INFO: [ app_begin ] --END-- [ RunTime:0.006001s ]
INFO: [ app_end ] --START--
INFO: Run Behavior\ShowPageTraceBehavior [ RunTime:0.006001s ]
INFO: [ app_end ] --END-- [ RunTime:0.006001s ]

[ 2018-07-30T08:45:49+08:00 ] 127.0.0.1 /index.php/Admin/Login/login.html
INFO: [ app_init ] --START--
INFO: Run Behavior\BuildLiteBehavior [ RunTime:0.000000s ]
INFO: [ app_init ] --END-- [ RunTime:0.001000s ]
INFO: [ app_begin ] --START--
INFO: Run Behavior\ReadHtmlCacheBehavior [ RunTime:0.006001s ]
INFO: [ app_begin ] --END-- [ RunTime:0.006001s ]
INFO: [ view_parse ] --START--
INFO: [ template_filter ] --START--
INFO: Run Behavior\ContentReplaceBehavior [ RunTime:0.000000s ]
INFO: [ template_filter ] --END-- [ RunTime:0.001000s ]
INFO: Run Behavior\ParseTemplateBehavior [ RunTime:0.036002s ]
INFO: [ view_parse ] --END-- [ RunTime:0.036002s ]
INFO: [ view_filter ] --START--
INFO: Run Behavior\WriteHtmlCacheBehavior [ RunTime:0.006000s ]
INFO: [ view_filter ] --END-- [ RunTime:0.006000s ]
INFO: [ app_end ] --START--
INFO: Run Behavior\ShowPageTraceBehavior [ RunTime:0.005000s ]
INFO: [ app_end ] --END-- [ RunTime:0.005000s ]

[ 2018-07-30T08:46:00+08:00 ] 127.0.0.1 /index.php/Admin/Login/code/0.9867675153275759
INFO: [ app_init ] --START--
INFO: Run Behavior\BuildLiteBehavior [ RunTime:0.000000s ]
INFO: [ app_init ] --END-- [ RunTime:0.001000s ]
INFO: [ app_begin ] --START--
INFO: Run Behavior\ReadHtmlCacheBehavior [ RunTime:0.005000s ]
INFO: [ app_begin ] --END-- [ RunTime:0.005000s ]
INFO: [ app_end ] --START--
INFO: Run Behavior\ShowPageTraceBehavior [ RunTime:0.006000s ]
INFO: [ app_end ] --END-- [ RunTime:0.006000s ]

[ 2018-07-30T08:46:01+08:00 ] 127.0.0.1 /index.php/Admin/Login/code/0.11898414511926925
INFO: [ app_init ] --START--
INFO: Run Behavior\BuildLiteBehavior [ RunTime:0.000000s ]
INFO: [ app_init ] --END-- [ RunTime:0.002000s ]
INFO: [ app_begin ] --START--
INFO: Run Behavior\ReadHtmlCacheBehavior [ RunTime:0.005001s ]
INFO: [ app_begin ] --END-- [ RunTime:0.005001s ]
INFO: [ app_end ] --START--
INFO: Run Behavior\ShowPageTraceBehavior [ RunTime:0.006001s ]
INFO: [ app_end ] --END-- [ RunTime:0.006001s ]

[ 2018-07-30T08:46:02+08:00 ] 127.0.0.1 /index.php/Admin/Login/code/0.8018953920415457
INFO: [ app_init ] --START--
INFO: Run Behavior\BuildLiteBehavior [ RunTime:0.000000s ]
INFO: [ app_init ] --END-- [ RunTime:0.002001s ]
INFO: [ app_begin ] --START--
INFO: Run Behavior\ReadHtmlCacheBehavior [ RunTime:0.005000s ]
INFO: [ app_begin ] --END-- [ RunTime:0.005000s ]
INFO: [ app_end ] --START--
INFO: Run Behavior\ShowPageTraceBehavior [ RunTime:0.006000s ]
INFO: [ app_end ] --END-- [ RunTime:0.006000s ]

[ 2018-07-30T08:46:03+08:00 ] 127.0.0.1 /index.php/Admin/Login/code/0.921359080417075
INFO: [ app_init ] --START--
INFO: Run Behavior\BuildLiteBehavior [ RunTime:0.000000s ]
INFO: [ app_init ] --END-- [ RunTime:0.002001s ]
INFO: [ app_begin ] --START--
INFO: Run Behavior\ReadHtmlCacheBehavior [ RunTime:0.003001s ]
INFO: [ app_begin ] --END-- [ RunTime:0.004001s ]
INFO: [ app_end ] --START--
INFO: Run Behavior\ShowPageTraceBehavior [ RunTime:0.004000s ]
INFO: [ app_end ] --END-- [ RunTime:0.004000s ]

[ 2018-07-30T08:46:03+08:00 ] 127.0.0.1 /index.php/Admin/Login/code/0.40431996253777025
INFO: [ app_init ] --START--
INFO: Run Behavior\BuildLiteBehavior [ RunTime:0.000000s ]
INFO: [ app_init ] --END-- [ RunTime:0.002000s ]
INFO: [ app_begin ] --START--
INFO: Run Behavior\ReadHtmlCacheBehavior [ RunTime:0.006001s ]
INFO: [ app_begin ] --END-- [ RunTime:0.006001s ]
INFO: [ app_end ] --START--
INFO: Run Behavior\ShowPageTraceBehavior [ RunTime:0.005001s ]
INFO: [ app_end ] --END-- [ RunTime:0.005001s ]

[ 2018-07-30T08:46:09+08:00 ] 127.0.0.1 /index.php/Admin/Login/ajaxLogin.html
INFO: [ app_init ] --START--
INFO: Run Behavior\BuildLiteBehavior [ RunTime:0.000000s ]
INFO: [ app_init ] --END-- [ RunTime:0.002000s ]
INFO: [ app_begin ] --START--
INFO: Run Behavior\ReadHtmlCacheBehavior [ RunTime:0.005000s ]
INFO: [ app_begin ] --END-- [ RunTime:0.005000s ]
SQL: SHOW COLUMNS FROM `jia_admin` [ RunTime:0.0270s ]
NOTIC: [8] Undefined index: auto D:\UPUPW_NP5.4\htdocs\test\ThinkPHP\Library\Think\Model.class.php 第 1128 行.
SQL: SELECT * FROM `jia_admin` WHERE `username` = 'root' LIMIT 1   [ RunTime:0.0000s ]
SQL: UPDATE `jia_admin` SET `lastdate`='1532911569',`lastip`='127.0.0.1' WHERE `username` = 'root' [ RunTime:0.0000s ]
SQL: UPDATE `jia_admin` SET `count`=count+1 WHERE `username` = 'root' [ RunTime:0.0010s ]

[ 2018-07-30T08:46:10+08:00 ] 127.0.0.1 /index.php/Admin/Index/index.html
INFO: [ app_init ] --START--
INFO: Run Behavior\BuildLiteBehavior [ RunTime:0.000000s ]
INFO: [ app_init ] --END-- [ RunTime:0.003000s ]
INFO: [ app_begin ] --START--
INFO: Run Behavior\ReadHtmlCacheBehavior [ RunTime:0.005000s ]
INFO: [ app_begin ] --END-- [ RunTime:0.006000s ]
SQL: SHOW COLUMNS FROM `jia_admin` [ RunTime:0.0030s ]
SQL: SELECT * FROM `jia_admin` WHERE `id` = 31 LIMIT 1   [ RunTime:0.0000s ]
SQL: SHOW COLUMNS FROM `jia_auth` [ RunTime:0.0120s ]
SQL: SELECT * FROM `jia_auth` WHERE ( auth_level=0 ) ORDER BY sorting  [ RunTime:0.0010s ]
SQL: SELECT * FROM `jia_auth` WHERE ( auth_level=1 ) ORDER BY sorting  [ RunTime:0.0010s ]
INFO: [ view_parse ] --START--
INFO: [ template_filter ] --START--
INFO: Run Behavior\ContentReplaceBehavior [ RunTime:0.001000s ]
INFO: [ template_filter ] --END-- [ RunTime:0.001000s ]
INFO: Run Behavior\ParseTemplateBehavior [ RunTime:0.095006s ]
INFO: [ view_parse ] --END-- [ RunTime:0.095006s ]
INFO: [ view_filter ] --START--
INFO: Run Behavior\WriteHtmlCacheBehavior [ RunTime:0.006000s ]
INFO: [ view_filter ] --END-- [ RunTime:0.006000s ]
INFO: [ app_end ] --START--
INFO: Run Behavior\ShowPageTraceBehavior [ RunTime:0.006000s ]
INFO: [ app_end ] --END-- [ RunTime:0.006000s ]

[ 2018-07-30T08:46:10+08:00 ] 127.0.0.1 /index.php/Admin/Index/index.html
INFO: [ app_init ] --START--
INFO: Run Behavior\BuildLiteBehavior [ RunTime:0.000000s ]
INFO: [ app_init ] --END-- [ RunTime:0.002000s ]
INFO: [ app_begin ] --START--
INFO: Run Behavior\ReadHtmlCacheBehavior [ RunTime:0.006000s ]
INFO: [ app_begin ] --END-- [ RunTime:0.006000s ]
SQL: SHOW COLUMNS FROM `jia_admin` [ RunTime:0.0030s ]
SQL: SELECT * FROM `jia_admin` WHERE `id` = 31 LIMIT 1   [ RunTime:0.0000s ]
SQL: SHOW COLUMNS FROM `jia_auth` [ RunTime:0.0030s ]
SQL: SELECT * FROM `jia_auth` WHERE ( auth_level=0 ) ORDER BY sorting  [ RunTime:0.0000s ]
SQL: SELECT * FROM `jia_auth` WHERE ( auth_level=1 ) ORDER BY sorting  [ RunTime:0.0010s ]
INFO: [ view_parse ] --START--
INFO: [ template_filter ] --START--
INFO: Run Behavior\ContentReplaceBehavior [ RunTime:0.000000s ]
INFO: [ template_filter ] --END-- [ RunTime:0.000000s ]
INFO: Run Behavior\ParseTemplateBehavior [ RunTime:0.045002s ]
INFO: [ view_parse ] --END-- [ RunTime:0.045002s ]
INFO: [ view_filter ] --START--
INFO: Run Behavior\WriteHtmlCacheBehavior [ RunTime:0.005000s ]
INFO: [ view_filter ] --END-- [ RunTime:0.005000s ]
INFO: [ app_end ] --START--
INFO: Run Behavior\ShowPageTraceBehavior [ RunTime:0.006001s ]
INFO: [ app_end ] --END-- [ RunTime:0.006001s ]

[ 2018-07-30T08:46:19+08:00 ] 127.0.0.1 /index.php/Admin/Material/hdIndex
INFO: [ app_init ] --START--
INFO: Run Behavior\BuildLiteBehavior [ RunTime:0.000000s ]
INFO: [ app_init ] --END-- [ RunTime:0.002000s ]
INFO: [ app_begin ] --START--
INFO: Run Behavior\ReadHtmlCacheBehavior [ RunTime:0.005000s ]
INFO: [ app_begin ] --END-- [ RunTime:0.005000s ]
SQL: SHOW COLUMNS FROM `jia_admin` [ RunTime:0.0030s ]
SQL: SELECT `role_id` FROM `jia_admin` WHERE `id` = 31 LIMIT 1   [ RunTime:0.0010s ]
SQL: SELECT * FROM `jia_admin` WHERE `id` = 31 LIMIT 1   [ RunTime:0.0000s ]
SQL: SHOW COLUMNS FROM `jia_auth` [ RunTime:0.0030s ]
SQL: SELECT * FROM `jia_auth` WHERE ( auth_level=0 ) ORDER BY sorting  [ RunTime:0.0010s ]
SQL: SELECT * FROM `jia_auth` WHERE ( auth_level=1 ) ORDER BY sorting  [ RunTime:0.0000s ]
SQL: SHOW COLUMNS FROM `jia_jcgoods` [ RunTime:0.0780s ]
SQL: SELECT COUNT(*) AS tp_count FROM `jia_jcgoods` WHERE `status` >= 0 LIMIT 1   [ RunTime:0.0010s ]
SQL: SELECT * FROM `jia_jcgoods` WHERE `status` >= 0 ORDER BY time desc LIMIT 0,10   [ RunTime:0.0010s ]
INFO: [ view_parse ] --START--
INFO: [ template_filter ] --START--
INFO: Run Behavior\ContentReplaceBehavior [ RunTime:0.001000s ]
INFO: [ template_filter ] --END-- [ RunTime:0.001000s ]
NOTIC: [8] A non well formed numeric value encountered D:\UPUPW_NP5.4\htdocs\test\Application\Runtime\Cache\Admin\be0bca436823fa92c8b290dd122c8f53.php 第 351 行.
NOTIC: [8] A non well formed numeric value encountered D:\UPUPW_NP5.4\htdocs\test\Application\Runtime\Cache\Admin\be0bca436823fa92c8b290dd122c8f53.php 第 351 行.
NOTIC: [8] A non well formed numeric value encountered D:\UPUPW_NP5.4\htdocs\test\Application\Runtime\Cache\Admin\be0bca436823fa92c8b290dd122c8f53.php 第 351 行.
NOTIC: [8] A non well formed numeric value encountered D:\UPUPW_NP5.4\htdocs\test\Application\Runtime\Cache\Admin\be0bca436823fa92c8b290dd122c8f53.php 第 351 行.
NOTIC: [8] A non well formed numeric value encountered D:\UPUPW_NP5.4\htdocs\test\Application\Runtime\Cache\Admin\be0bca436823fa92c8b290dd122c8f53.php 第 351 行.
NOTIC: [8] A non well formed numeric value encountered D:\UPUPW_NP5.4\htdocs\test\Application\Runtime\Cache\Admin\be0bca436823fa92c8b290dd122c8f53.php 第 351 行.
INFO: Run Behavior\ParseTemplateBehavior [ RunTime:0.078005s ]
INFO: [ view_parse ] --END-- [ RunTime:0.078005s ]
INFO: [ view_filter ] --START--
INFO: Run Behavior\WriteHtmlCacheBehavior [ RunTime:0.005000s ]
INFO: [ view_filter ] --END-- [ RunTime:0.006000s ]
INFO: [ app_end ] --START--
INFO: Run Behavior\ShowPageTraceBehavior [ RunTime:0.006000s ]
INFO: [ app_end ] --END-- [ RunTime:0.006000s ]

[ 2018-07-30T08:46:21+08:00 ] 127.0.0.1 /index.php/Admin/Material/hdAdd.html
INFO: [ app_init ] --START--
INFO: Run Behavior\BuildLiteBehavior [ RunTime:0.001000s ]
INFO: [ app_init ] --END-- [ RunTime:0.003000s ]
INFO: [ app_begin ] --START--
INFO: Run Behavior\ReadHtmlCacheBehavior [ RunTime:0.006001s ]
INFO: [ app_begin ] --END-- [ RunTime:0.006001s ]
SQL: SHOW COLUMNS FROM `jia_admin` [ RunTime:0.0040s ]
SQL: SELECT `role_id` FROM `jia_admin` WHERE `id` = 31 LIMIT 1   [ RunTime:0.0010s ]
SQL: SELECT * FROM `jia_admin` WHERE `id` = 31 LIMIT 1   [ RunTime:0.0000s ]
SQL: SHOW COLUMNS FROM `jia_auth` [ RunTime:0.0030s ]
SQL: SELECT * FROM `jia_auth` WHERE ( auth_level=0 ) ORDER BY sorting  [ RunTime:0.0010s ]
SQL: SELECT * FROM `jia_auth` WHERE ( auth_level=1 ) ORDER BY sorting  [ RunTime:0.0010s ]
SQL: SHOW COLUMNS FROM `jia_jcgoods` [ RunTime:0.0030s ]
INFO: [ view_parse ] --START--
INFO: [ template_filter ] --START--
INFO: Run Behavior\ContentReplaceBehavior [ RunTime:0.001000s ]
INFO: [ template_filter ] --END-- [ RunTime:0.001000s ]
INFO: Run Behavior\ParseTemplateBehavior [ RunTime:0.052003s ]
INFO: [ view_parse ] --END-- [ RunTime:0.052003s ]
INFO: [ view_filter ] --START--
INFO: Run Behavior\WriteHtmlCacheBehavior [ RunTime:0.008001s ]
INFO: [ view_filter ] --END-- [ RunTime:0.008001s ]
INFO: [ app_end ] --START--
INFO: Run Behavior\ShowPageTraceBehavior [ RunTime:0.007000s ]
INFO: [ app_end ] --END-- [ RunTime:0.007000s ]

[ 2018-07-30T08:46:21+08:00 ] 127.0.0.1 /index.php/Admin/Material/undefinedthemes/default/css/ueditor.css
INFO: [ app_init ] --START--
INFO: Run Behavior\BuildLiteBehavior [ RunTime:0.000000s ]
INFO: [ app_init ] --END-- [ RunTime:0.003001s ]
INFO: [ app_begin ] --START--
INFO: Run Behavior\ReadHtmlCacheBehavior [ RunTime:0.006000s ]
INFO: [ app_begin ] --END-- [ RunTime:0.006000s ]
SQL: SHOW COLUMNS FROM `jia_admin` [ RunTime:0.0040s ]
SQL: SELECT `role_id` FROM `jia_admin` WHERE `id` = 31 LIMIT 1   [ RunTime:0.0010s ]
SQL: SELECT * FROM `jia_admin` WHERE `id` = 31 LIMIT 1   [ RunTime:0.0000s ]
SQL: SHOW COLUMNS FROM `jia_auth` [ RunTime:0.0030s ]
SQL: SELECT * FROM `jia_auth` WHERE ( auth_level=0 ) ORDER BY sorting  [ RunTime:0.0010s ]
SQL: SELECT * FROM `jia_auth` WHERE ( auth_level=1 ) ORDER BY sorting  [ RunTime:0.0010s ]
ERR: 非法操作:undefinedthemes

[ 2018-07-30T08:46:21+08:00 ] 127.0.0.1 /index.php/Admin/Material/undefinedthemes/iframe.css
INFO: [ app_init ] --START--
INFO: Run Behavior\BuildLiteBehavior [ RunTime:0.000000s ]
INFO: [ app_init ] --END-- [ RunTime:0.004000s ]
INFO: [ app_begin ] --START--
INFO: Run Behavior\ReadHtmlCacheBehavior [ RunTime:0.007000s ]
INFO: [ app_begin ] --END-- [ RunTime:0.007000s ]
SQL: SHOW COLUMNS FROM `jia_admin` [ RunTime:0.0030s ]
SQL: SELECT `role_id` FROM `jia_admin` WHERE `id` = 31 LIMIT 1   [ RunTime:0.0000s ]
SQL: SELECT * FROM `jia_admin` WHERE `id` = 31 LIMIT 1   [ RunTime:0.0010s ]
SQL: SHOW COLUMNS FROM `jia_auth` [ RunTime:0.0030s ]
SQL: SELECT * FROM `jia_auth` WHERE ( auth_level=0 ) ORDER BY sorting  [ RunTime:0.0010s ]
SQL: SELECT * FROM `jia_auth` WHERE ( auth_level=1 ) ORDER BY sorting  [ RunTime:0.0000s ]
ERR: 非法操作:undefinedthemes

[ 2018-07-30T08:46:21+08:00 ] 127.0.0.1 /index.php/Admin/Material/undefinedthird-party/codemirror/codemirror.js
INFO: [ app_init ] --START--
INFO: Run Behavior\BuildLiteBehavior [ RunTime:0.000000s ]
INFO: [ app_init ] --END-- [ RunTime:0.002000s ]
INFO: [ app_begin ] --START--
INFO: Run Behavior\ReadHtmlCacheBehavior [ RunTime:0.005001s ]
INFO: [ app_begin ] --END-- [ RunTime:0.006001s ]
SQL: SHOW COLUMNS FROM `jia_admin` [ RunTime:0.0030s ]
SQL: SELECT `role_id` FROM `jia_admin` WHERE `id` = 31 LIMIT 1   [ RunTime:0.0000s ]
SQL: SELECT * FROM `jia_admin` WHERE `id` = 31 LIMIT 1   [ RunTime:0.0000s ]
SQL: SHOW COLUMNS FROM `jia_auth` [ RunTime:0.0030s ]
SQL: SELECT * FROM `jia_auth` WHERE ( auth_level=0 ) ORDER BY sorting  [ RunTime:0.0000s ]
SQL: SELECT * FROM `jia_auth` WHERE ( auth_level=1 ) ORDER BY sorting  [ RunTime:0.0000s ]
ERR: 非法操作:undefinedthird-party

[ 2018-07-30T08:46:21+08:00 ] 127.0.0.1 /index.php/Admin/Material/undefinedthird-party/codemirror/codemirror.css
INFO: [ app_init ] --START--
INFO: Run Behavior\BuildLiteBehavior [ RunTime:0.000000s ]
INFO: [ app_init ] --END-- [ RunTime:0.002000s ]
INFO: [ app_begin ] --START--
INFO: Run Behavior\ReadHtmlCacheBehavior [ RunTime:0.006001s ]
INFO: [ app_begin ] --END-- [ RunTime:0.006001s ]
SQL: SHOW COLUMNS FROM `jia_admin` [ RunTime:0.0030s ]
SQL: SELECT `role_id` FROM `jia_admin` WHERE `id` = 31 LIMIT 1   [ RunTime:0.0000s ]
SQL: SELECT * FROM `jia_admin` WHERE `id` = 31 LIMIT 1   [ RunTime:0.0000s ]
SQL: SHOW COLUMNS FROM `jia_auth` [ RunTime:0.0040s ]
SQL: SELECT * FROM `jia_auth` WHERE ( auth_level=0 ) ORDER BY sorting  [ RunTime:0.0010s ]
SQL: SELECT * FROM `jia_auth` WHERE ( auth_level=1 ) ORDER BY sorting  [ RunTime:0.0010s ]
ERR: 非法操作:undefinedthird-party

[ 2018-07-30T08:46:37+08:00 ] 127.0.0.1 /index.php/Admin/Material/hdAdd.html
INFO: [ app_init ] --START--
INFO: Run Behavior\BuildLiteBehavior [ RunTime:0.000000s ]
INFO: [ app_init ] --END-- [ RunTime:0.002000s ]
INFO: [ app_begin ] --START--
INFO: Run Behavior\ReadHtmlCacheBehavior [ RunTime:0.004000s ]
INFO: [ app_begin ] --END-- [ RunTime:0.004000s ]
SQL: SHOW COLUMNS FROM `jia_admin` [ RunTime:0.0030s ]
SQL: SELECT `role_id` FROM `jia_admin` WHERE `id` = 31 LIMIT 1   [ RunTime:0.0000s ]
SQL: SELECT * FROM `jia_admin` WHERE `id` = 31 LIMIT 1   [ RunTime:0.0000s ]
SQL: SHOW COLUMNS FROM `jia_auth` [ RunTime:0.0040s ]
SQL: SELECT * FROM `jia_auth` WHERE ( auth_level=0 ) ORDER BY sorting  [ RunTime:0.0010s ]
SQL: SELECT * FROM `jia_auth` WHERE ( auth_level=1 ) ORDER BY sorting  [ RunTime:0.0010s ]
SQL: SHOW COLUMNS FROM `jia_jcgoods` [ RunTime:0.0040s ]
INFO: [ view_parse ] --START--
INFO: [ template_filter ] --START--
INFO: Run Behavior\ContentReplaceBehavior [ RunTime:0.001000s ]
INFO: [ template_filter ] --END-- [ RunTime:0.001000s ]
INFO: Run Behavior\ParseTemplateBehavior [ RunTime:0.041003s ]
INFO: [ view_parse ] --END-- [ RunTime:0.041003s ]
INFO: [ view_filter ] --START--
INFO: Run Behavior\WriteHtmlCacheBehavior [ RunTime:0.004000s ]
INFO: [ view_filter ] --END-- [ RunTime:0.004000s ]
INFO: [ app_end ] --START--
INFO: Run Behavior\ShowPageTraceBehavior [ RunTime:0.004000s ]
INFO: [ app_end ] --END-- [ RunTime:0.005000s ]

[ 2018-07-30T08:46:38+08:00 ] 127.0.0.1 /index.php/Admin/Material/undefinedthemes/default/css/ueditor.css
INFO: [ app_init ] --START--
INFO: Run Behavior\BuildLiteBehavior [ RunTime:0.000000s ]
INFO: [ app_init ] --END-- [ RunTime:0.002000s ]
INFO: [ app_begin ] --START--
INFO: Run Behavior\ReadHtmlCacheBehavior [ RunTime:0.006000s ]
INFO: [ app_begin ] --END-- [ RunTime:0.006000s ]
SQL: SHOW COLUMNS FROM `jia_admin` [ RunTime:0.0030s ]
SQL: SELECT `role_id` FROM `jia_admin` WHERE `id` = 31 LIMIT 1   [ RunTime:0.0000s ]
SQL: SELECT * FROM `jia_admin` WHERE `id` = 31 LIMIT 1   [ RunTime:0.0000s ]
SQL: SHOW COLUMNS FROM `jia_auth` [ RunTime:0.0030s ]
SQL: SELECT * FROM `jia_auth` WHERE ( auth_level=0 ) ORDER BY sorting  [ RunTime:0.0000s ]
SQL: SELECT * FROM `jia_auth` WHERE ( auth_level=1 ) ORDER BY sorting  [ RunTime:0.0010s ]
ERR: 非法操作:undefinedthemes

[ 2018-07-30T08:46:38+08:00 ] 127.0.0.1 /index.php/Admin/Material/undefinedthemes/iframe.css
INFO: [ app_init ] --START--
INFO: Run Behavior\BuildLiteBehavior [ RunTime:0.000000s ]
INFO: [ app_init ] --END-- [ RunTime:0.002000s ]
INFO: [ app_begin ] --START--
INFO: Run Behavior\ReadHtmlCacheBehavior [ RunTime:0.006001s ]
INFO: [ app_begin ] --END-- [ RunTime:0.006001s ]
SQL: SHOW COLUMNS FROM `jia_admin` [ RunTime:0.0040s ]
SQL: SELECT `role_id` FROM `jia_admin` WHERE `id` = 31 LIMIT 1   [ RunTime:0.0010s ]
SQL: SELECT * FROM `jia_admin` WHERE `id` = 31 LIMIT 1   [ RunTime:0.0000s ]
SQL: SHOW COLUMNS FROM `jia_auth` [ RunTime:0.0020s ]
SQL: SELECT * FROM `jia_auth` WHERE ( auth_level=0 ) ORDER BY sorting  [ RunTime:0.0000s ]
SQL: SELECT * FROM `jia_auth` WHERE ( auth_level=1 ) ORDER BY sorting  [ RunTime:0.0000s ]
ERR: 非法操作:undefinedthemes

[ 2018-07-30T08:46:38+08:00 ] 127.0.0.1 /index.php/Admin/Material/undefinedthird-party/codemirror/codemirror.js
INFO: [ app_init ] --START--
INFO: Run Behavior\BuildLiteBehavior [ RunTime:0.000000s ]
INFO: [ app_init ] --END-- [ RunTime:0.002001s ]
INFO: [ app_begin ] --START--
INFO: Run Behavior\ReadHtmlCacheBehavior [ RunTime:0.006000s ]
INFO: [ app_begin ] --END-- [ RunTime:0.006000s ]
SQL: SHOW COLUMNS FROM `jia_admin` [ RunTime:0.0040s ]
SQL: SELECT `role_id` FROM `jia_admin` WHERE `id` = 31 LIMIT 1   [ RunTime:0.0010s ]
SQL: SELECT * FROM `jia_admin` WHERE `id` = 31 LIMIT 1   [ RunTime:0.0000s ]
SQL: SHOW COLUMNS FROM `jia_auth` [ RunTime:0.0020s ]
SQL: SELECT * FROM `jia_auth` WHERE ( auth_level=0 ) ORDER BY sorting  [ RunTime:0.0000s ]
SQL: SELECT * FROM `jia_auth` WHERE ( auth_level=1 ) ORDER BY sorting  [ RunTime:0.0000s ]
ERR: 非法操作:undefinedthird-party

[ 2018-07-30T08:46:38+08:00 ] 127.0.0.1 /index.php/Admin/Material/undefinedthird-party/codemirror/codemirror.css
INFO: [ app_init ] --START--
INFO: Run Behavior\BuildLiteBehavior [ RunTime:0.000000s ]
INFO: [ app_init ] --END-- [ RunTime:0.002001s ]
INFO: [ app_begin ] --START--
INFO: Run Behavior\ReadHtmlCacheBehavior [ RunTime:0.006000s ]
INFO: [ app_begin ] --END-- [ RunTime:0.006000s ]
SQL: SHOW COLUMNS FROM `jia_admin` [ RunTime:0.0030s ]
SQL: SELECT `role_id` FROM `jia_admin` WHERE `id` = 31 LIMIT 1   [ RunTime:0.0000s ]
SQL: SELECT * FROM `jia_admin` WHERE `id` = 31 LIMIT 1   [ RunTime:0.0010s ]
SQL: SHOW COLUMNS FROM `jia_auth` [ RunTime:0.0040s ]
SQL: SELECT * FROM `jia_auth` WHERE ( auth_level=0 ) ORDER BY sorting  [ RunTime:0.0010s ]
SQL: SELECT * FROM `jia_auth` WHERE ( auth_level=1 ) ORDER BY sorting  [ RunTime:0.0010s ]
ERR: 非法操作:undefinedthird-party

[ 2018-07-30T08:46:38+08:00 ] 127.0.0.1 /index.php/Admin/Material/hdAdd.html
INFO: [ app_init ] --START--
INFO: Run Behavior\BuildLiteBehavior [ RunTime:0.000000s ]
INFO: [ app_init ] --END-- [ RunTime:0.002000s ]
INFO: [ app_begin ] --START--
INFO: Run Behavior\ReadHtmlCacheBehavior [ RunTime:0.006000s ]
INFO: [ app_begin ] --END-- [ RunTime:0.006000s ]
SQL: SHOW COLUMNS FROM `jia_admin` [ RunTime:0.0030s ]
SQL: SELECT `role_id` FROM `jia_admin` WHERE `id` = 31 LIMIT 1   [ RunTime:0.0000s ]
SQL: SELECT * FROM `jia_admin` WHERE `id` = 31 LIMIT 1   [ RunTime:0.0000s ]
SQL: SHOW COLUMNS FROM `jia_auth` [ RunTime:0.0040s ]
SQL: SELECT * FROM `jia_auth` WHERE ( auth_level=0 ) ORDER BY sorting  [ RunTime:0.0010s ]
SQL: SELECT * FROM `jia_auth` WHERE ( auth_level=1 ) ORDER BY sorting  [ RunTime:0.0010s ]
SQL: SHOW COLUMNS FROM `jia_jcgoods` [ RunTime:0.0030s ]
INFO: [ view_parse ] --START--
INFO: [ template_filter ] --START--
INFO: Run Behavior\ContentReplaceBehavior [ RunTime:0.000000s ]
INFO: [ template_filter ] --END-- [ RunTime:0.000000s ]
INFO: Run Behavior\ParseTemplateBehavior [ RunTime:0.039002s ]
INFO: [ view_parse ] --END-- [ RunTime:0.039002s ]
INFO: [ view_filter ] --START--
INFO: Run Behavior\WriteHtmlCacheBehavior [ RunTime:0.005000s ]
INFO: [ view_filter ] --END-- [ RunTime:0.006000s ]
INFO: [ app_end ] --START--
INFO: Run Behavior\ShowPageTraceBehavior [ RunTime:0.006001s ]
INFO: [ app_end ] --END-- [ RunTime:0.006001s ]

[ 2018-07-30T08:59:49+08:00 ] 127.0.0.1 /admin
INFO: [ app_init ] --START--
INFO: Run Behavior\BuildLiteBehavior [ RunTime:0.000000s ]
INFO: [ app_init ] --END-- [ RunTime:0.013001s ]
INFO: [ app_begin ] --START--
INFO: Run Behavior\ReadHtmlCacheBehavior [ RunTime:0.006000s ]
INFO: [ app_begin ] --END-- [ RunTime:0.006000s ]
SQL: SHOW COLUMNS FROM `jia_admin` [ RunTime:0.0030s ]
SQL: SELECT * FROM `jia_admin` WHERE `id` = 31 LIMIT 1   [ RunTime:0.0010s ]
SQL: SHOW COLUMNS FROM `jia_auth` [ RunTime:0.0030s ]
SQL: SELECT * FROM `jia_auth` WHERE ( auth_level=0 ) ORDER BY sorting  [ RunTime:0.0010s ]
SQL: SELECT * FROM `jia_auth` WHERE ( auth_level=1 ) ORDER BY sorting  [ RunTime:0.0000s ]
INFO: [ view_parse ] --START--
INFO: [ template_filter ] --START--
INFO: Run Behavior\ContentReplaceBehavior [ RunTime:0.000000s ]
INFO: [ template_filter ] --END-- [ RunTime:0.001000s ]
INFO: Run Behavior\ParseTemplateBehavior [ RunTime:0.090006s ]
INFO: [ view_parse ] --END-- [ RunTime:0.091006s ]
INFO: [ view_filter ] --START--
INFO: Run Behavior\WriteHtmlCacheBehavior [ RunTime:0.013000s ]
INFO: [ view_filter ] --END-- [ RunTime:0.013000s ]
INFO: [ app_end ] --START--
INFO: Run Behavior\ShowPageTraceBehavior [ RunTime:0.015001s ]
INFO: [ app_end ] --END-- [ RunTime:0.016001s ]

[ 2018-07-30T08:59:53+08:00 ] 127.0.0.1 /index.php/Admin/Material/hdIndex
INFO: [ app_init ] --START--
INFO: Run Behavior\BuildLiteBehavior [ RunTime:0.000000s ]
INFO: [ app_init ] --END-- [ RunTime:0.002000s ]
INFO: [ app_begin ] --START--
INFO: Run Behavior\ReadHtmlCacheBehavior [ RunTime:0.005000s ]
INFO: [ app_begin ] --END-- [ RunTime:0.006000s ]
SQL: SHOW COLUMNS FROM `jia_admin` [ RunTime:0.0030s ]
SQL: SELECT `role_id` FROM `jia_admin` WHERE `id` = 31 LIMIT 1   [ RunTime:0.0000s ]
SQL: SELECT * FROM `jia_admin` WHERE `id` = 31 LIMIT 1   [ RunTime:0.0000s ]
SQL: SHOW COLUMNS FROM `jia_auth` [ RunTime:0.0030s ]
SQL: SELECT * FROM `jia_auth` WHERE ( auth_level=0 ) ORDER BY sorting  [ RunTime:0.0000s ]
SQL: SELECT * FROM `jia_auth` WHERE ( auth_level=1 ) ORDER BY sorting  [ RunTime:0.0000s ]
SQL: SHOW COLUMNS FROM `jia_jcgoods` [ RunTime:0.0030s ]
SQL: SELECT COUNT(*) AS tp_count FROM `jia_jcgoods` WHERE `status` >= 0 LIMIT 1   [ RunTime:0.0000s ]
SQL: SELECT * FROM `jia_jcgoods` WHERE `status` >= 0 ORDER BY time desc LIMIT 0,10   [ RunTime:0.0010s ]
INFO: [ view_parse ] --START--
INFO: [ template_filter ] --START--
INFO: Run Behavior\ContentReplaceBehavior [ RunTime:0.000000s ]
INFO: [ template_filter ] --END-- [ RunTime:0.000000s ]
NOTIC: [8] A non well formed numeric value encountered D:\UPUPW_NP5.4\htdocs\test\Application\Runtime\Cache\Admin\be0bca436823fa92c8b290dd122c8f53.php 第 351 行.
NOTIC: [8] A non well formed numeric value encountered D:\UPUPW_NP5.4\htdocs\test\Application\Runtime\Cache\Admin\be0bca436823fa92c8b290dd122c8f53.php 第 351 行.
NOTIC: [8] A non well formed numeric value encountered D:\UPUPW_NP5.4\htdocs\test\Application\Runtime\Cache\Admin\be0bca436823fa92c8b290dd122c8f53.php 第 351 行.
NOTIC: [8] A non well formed numeric value encountered D:\UPUPW_NP5.4\htdocs\test\Application\Runtime\Cache\Admin\be0bca436823fa92c8b290dd122c8f53.php 第 351 行.
NOTIC: [8] A non well formed numeric value encountered D:\UPUPW_NP5.4\htdocs\test\Application\Runtime\Cache\Admin\be0bca436823fa92c8b290dd122c8f53.php 第 351 行.
NOTIC: [8] A non well formed numeric value encountered D:\UPUPW_NP5.4\htdocs\test\Application\Runtime\Cache\Admin\be0bca436823fa92c8b290dd122c8f53.php 第 351 行.
INFO: Run Behavior\ParseTemplateBehavior [ RunTime:0.056004s ]
INFO: [ view_parse ] --END-- [ RunTime:0.056004s ]
INFO: [ view_filter ] --START--
INFO: Run Behavior\WriteHtmlCacheBehavior [ RunTime:0.006000s ]
INFO: [ view_filter ] --END-- [ RunTime:0.006000s ]
INFO: [ app_end ] --START--
INFO: Run Behavior\ShowPageTraceBehavior [ RunTime:0.006000s ]
INFO: [ app_end ] --END-- [ RunTime:0.006000s ]

[ 2018-07-30T08:59:54+08:00 ] 127.0.0.1 /index.php/Admin/Material/hdAdd.html
INFO: [ app_init ] --START--
INFO: Run Behavior\BuildLiteBehavior [ RunTime:0.000000s ]
INFO: [ app_init ] --END-- [ RunTime:0.002001s ]
INFO: [ app_begin ] --START--
INFO: Run Behavior\ReadHtmlCacheBehavior [ RunTime:0.006000s ]
INFO: [ app_begin ] --END-- [ RunTime:0.006000s ]
SQL: SHOW COLUMNS FROM `jia_admin` [ RunTime:0.0040s ]
SQL: SELECT `role_id` FROM `jia_admin` WHERE `id` = 31 LIMIT 1   [ RunTime:0.0000s ]
SQL: SELECT * FROM `jia_admin` WHERE `id` = 31 LIMIT 1   [ RunTime:0.0000s ]
SQL: SHOW COLUMNS FROM `jia_auth` [ RunTime:0.0040s ]
SQL: SELECT * FROM `jia_auth` WHERE ( auth_level=0 ) ORDER BY sorting  [ RunTime:0.0000s ]
SQL: SELECT * FROM `jia_auth` WHERE ( auth_level=1 ) ORDER BY sorting  [ RunTime:0.0000s ]
SQL: SHOW COLUMNS FROM `jia_jcgoods` [ RunTime:0.0030s ]
INFO: [ view_parse ] --START--
INFO: [ template_filter ] --START--
INFO: Run Behavior\ContentReplaceBehavior [ RunTime:0.000000s ]
INFO: [ template_filter ] --END-- [ RunTime:0.000000s ]
INFO: Run Behavior\ParseTemplateBehavior [ RunTime:0.051003s ]
INFO: [ view_parse ] --END-- [ RunTime:0.051003s ]
INFO: [ view_filter ] --START--
INFO: Run Behavior\WriteHtmlCacheBehavior [ RunTime:0.006001s ]
INFO: [ view_filter ] --END-- [ RunTime:0.006001s ]
INFO: [ app_end ] --START--
INFO: Run Behavior\ShowPageTraceBehavior [ RunTime:0.006000s ]
INFO: [ app_end ] --END-- [ RunTime:0.006000s ]

[ 2018-07-30T08:59:55+08:00 ] 127.0.0.1 /index.php/Admin/Material/undefinedthemes/default/css/ueditor.css
INFO: [ app_init ] --START--
INFO: Run Behavior\BuildLiteBehavior [ RunTime:0.000000s ]
INFO: [ app_init ] --END-- [ RunTime:0.002001s ]
INFO: [ app_begin ] --START--
INFO: Run Behavior\ReadHtmlCacheBehavior [ RunTime:0.005000s ]
INFO: [ app_begin ] --END-- [ RunTime:0.005000s ]
SQL: SHOW COLUMNS FROM `jia_admin` [ RunTime:0.0030s ]
SQL: SELECT `role_id` FROM `jia_admin` WHERE `id` = 31 LIMIT 1   [ RunTime:0.0000s ]
SQL: SELECT * FROM `jia_admin` WHERE `id` = 31 LIMIT 1   [ RunTime:0.0000s ]
SQL: SHOW COLUMNS FROM `jia_auth` [ RunTime:0.0030s ]
SQL: SELECT * FROM `jia_auth` WHERE ( auth_level=0 ) ORDER BY sorting  [ RunTime:0.0010s ]
SQL: SELECT * FROM `jia_auth` WHERE ( auth_level=1 ) ORDER BY sorting  [ RunTime:0.0000s ]
ERR: 非法操作:undefinedthemes

[ 2018-07-30T08:59:55+08:00 ] 127.0.0.1 /index.php/Admin/Material/undefinedthemes/iframe.css
INFO: [ app_init ] --START--
INFO: Run Behavior\BuildLiteBehavior [ RunTime:0.000000s ]
INFO: [ app_init ] --END-- [ RunTime:0.002000s ]
INFO: [ app_begin ] --START--
INFO: Run Behavior\ReadHtmlCacheBehavior [ RunTime:0.006000s ]
INFO: [ app_begin ] --END-- [ RunTime:0.006000s ]
SQL: SHOW COLUMNS FROM `jia_admin` [ RunTime:0.0030s ]
SQL: SELECT `role_id` FROM `jia_admin` WHERE `id` = 31 LIMIT 1   [ RunTime:0.0010s ]
SQL: SELECT * FROM `jia_admin` WHERE `id` = 31 LIMIT 1   [ RunTime:0.0000s ]
SQL: SHOW COLUMNS FROM `jia_auth` [ RunTime:0.0030s ]
SQL: SELECT * FROM `jia_auth` WHERE ( auth_level=0 ) ORDER BY sorting  [ RunTime:0.0000s ]
SQL: SELECT * FROM `jia_auth` WHERE ( auth_level=1 ) ORDER BY sorting  [ RunTime:0.0000s ]
ERR: 非法操作:undefinedthemes

[ 2018-07-30T08:59:55+08:00 ] 127.0.0.1 /index.php/Admin/Material/undefinedthird-party/codemirror/codemirror.css
INFO: [ app_init ] --START--
INFO: Run Behavior\BuildLiteBehavior [ RunTime:0.000000s ]
INFO: [ app_init ] --END-- [ RunTime:0.002000s ]
INFO: [ app_begin ] --START--
INFO: Run Behavior\ReadHtmlCacheBehavior [ RunTime:0.006000s ]
INFO: [ app_begin ] --END-- [ RunTime:0.006000s ]
SQL: SHOW COLUMNS FROM `jia_admin` [ RunTime:0.0030s ]
SQL: SELECT `role_id` FROM `jia_admin` WHERE `id` = 31 LIMIT 1   [ RunTime:0.0000s ]
SQL: SELECT * FROM `jia_admin` WHERE `id` = 31 LIMIT 1   [ RunTime:0.0010s ]
SQL: SHOW COLUMNS FROM `jia_auth` [ RunTime:0.0030s ]
SQL: SELECT * FROM `jia_auth` WHERE ( auth_level=0 ) ORDER BY sorting  [ RunTime:0.0000s ]
SQL: SELECT * FROM `jia_auth` WHERE ( auth_level=1 ) ORDER BY sorting  [ RunTime:0.0000s ]
ERR: 非法操作:undefinedthird-party

[ 2018-07-30T08:59:55+08:00 ] 127.0.0.1 /index.php/Admin/Material/undefinedthird-party/codemirror/codemirror.js
INFO: [ app_init ] --START--
INFO: Run Behavior\BuildLiteBehavior [ RunTime:0.000000s ]
INFO: [ app_init ] --END-- [ RunTime:0.002001s ]
INFO: [ app_begin ] --START--
INFO: Run Behavior\ReadHtmlCacheBehavior [ RunTime:0.007000s ]
INFO: [ app_begin ] --END-- [ RunTime:0.007000s ]
SQL: SHOW COLUMNS FROM `jia_admin` [ RunTime:0.0030s ]
SQL: SELECT `role_id` FROM `jia_admin` WHERE `id` = 31 LIMIT 1   [ RunTime:0.0000s ]
SQL: SELECT * FROM `jia_admin` WHERE `id` = 31 LIMIT 1   [ RunTime:0.0000s ]
SQL: SHOW COLUMNS FROM `jia_auth` [ RunTime:0.0030s ]
SQL: SELECT * FROM `jia_auth` WHERE ( auth_level=0 ) ORDER BY sorting  [ RunTime:0.0000s ]
SQL: SELECT * FROM `jia_auth` WHERE ( auth_level=1 ) ORDER BY sorting  [ RunTime:0.0000s ]
ERR: 非法操作:undefinedthird-party

[ 2018-07-30T09:03:51+08:00 ] 127.0.0.1 /index.php/Admin/Material/hdAdd.html
INFO: [ app_init ] --START--
INFO: Run Behavior\BuildLiteBehavior [ RunTime:0.000000s ]
INFO: [ app_init ] --END-- [ RunTime:0.013001s ]
INFO: [ app_begin ] --START--
INFO: Run Behavior\ReadHtmlCacheBehavior [ RunTime:0.018001s ]
INFO: [ app_begin ] --END-- [ RunTime:0.018001s ]
SQL: SHOW COLUMNS FROM `jia_admin` [ RunTime:0.0120s ]
SQL: SELECT `role_id` FROM `jia_admin` WHERE `id` = 31 LIMIT 1   [ RunTime:0.0000s ]
SQL: SELECT * FROM `jia_admin` WHERE `id` = 31 LIMIT 1   [ RunTime:0.0010s ]
SQL: SHOW COLUMNS FROM `jia_auth` [ RunTime:0.0040s ]
SQL: SELECT * FROM `jia_auth` WHERE ( auth_level=0 ) ORDER BY sorting  [ RunTime:0.0000s ]
SQL: SELECT * FROM `jia_auth` WHERE ( auth_level=1 ) ORDER BY sorting  [ RunTime:0.0000s ]
SQL: SHOW COLUMNS FROM `jia_jcgoods` [ RunTime:0.0040s ]
NOTIC: [8] Undefined index: validate D:\UPUPW_NP5.4\htdocs\test\ThinkPHP\Library\Think\Model.class.php 第 1185 行.

[ 2018-07-30T09:35:10+08:00 ] 127.0.0.1 /index.php/Admin/Material/hdAdd.html
INFO: [ app_init ] --START--
INFO: Run Behavior\BuildLiteBehavior [ RunTime:0.001000s ]
INFO: [ app_init ] --END-- [ RunTime:0.016001s ]
INFO: [ app_begin ] --START--
INFO: Run Behavior\ReadHtmlCacheBehavior [ RunTime:0.018001s ]
INFO: [ app_begin ] --END-- [ RunTime:0.018001s ]
SQL: SHOW COLUMNS FROM `jia_admin` [ RunTime:0.0040s ]
SQL: SELECT `role_id` FROM `jia_admin` WHERE `id` = 31 LIMIT 1   [ RunTime:0.0010s ]
SQL: SELECT * FROM `jia_admin` WHERE `id` = 31 LIMIT 1   [ RunTime:0.0010s ]
SQL: SHOW COLUMNS FROM `jia_auth` [ RunTime:0.0040s ]
SQL: SELECT * FROM `jia_auth` WHERE ( auth_level=0 ) ORDER BY sorting  [ RunTime:0.0010s ]
SQL: SELECT * FROM `jia_auth` WHERE ( auth_level=1 ) ORDER BY sorting  [ RunTime:0.0010s ]
SQL: SHOW COLUMNS FROM `jia_jcgoods` [ RunTime:0.0040s ]
INFO: [ view_parse ] --START--
INFO: [ template_filter ] --START--
INFO: Run Behavior\ContentReplaceBehavior [ RunTime:0.000000s ]
INFO: [ template_filter ] --END-- [ RunTime:0.000000s ]
INFO: Run Behavior\ParseTemplateBehavior [ RunTime:0.126007s ]
INFO: [ view_parse ] --END-- [ RunTime:0.127007s ]
INFO: [ view_filter ] --START--
INFO: Run Behavior\WriteHtmlCacheBehavior [ RunTime:0.016001s ]
INFO: [ view_filter ] --END-- [ RunTime:0.016001s ]
INFO: [ app_end ] --START--
INFO: Run Behavior\ShowPageTraceBehavior [ RunTime:0.016001s ]
INFO: [ app_end ] --END-- [ RunTime:0.016001s ]

[ 2018-07-30T09:35:11+08:00 ] 127.0.0.1 /index.php/Admin/Material/undefinedthemes/default/css/ueditor.css
INFO: [ app_init ] --START--
INFO: Run Behavior\BuildLiteBehavior [ RunTime:0.000000s ]
INFO: [ app_init ] --END-- [ RunTime:0.003000s ]
INFO: [ app_begin ] --START--
INFO: Run Behavior\ReadHtmlCacheBehavior [ RunTime:0.005001s ]
INFO: [ app_begin ] --END-- [ RunTime:0.005001s ]
SQL: SHOW COLUMNS FROM `jia_admin` [ RunTime:0.0030s ]
SQL: SELECT `role_id` FROM `jia_admin` WHERE `id` = 31 LIMIT 1   [ RunTime:0.0000s ]
SQL: SELECT * FROM `jia_admin` WHERE `id` = 31 LIMIT 1   [ RunTime:0.0000s ]
SQL: SHOW COLUMNS FROM `jia_auth` [ RunTime:0.0040s ]
SQL: SELECT * FROM `jia_auth` WHERE ( auth_level=0 ) ORDER BY sorting  [ RunTime:0.0010s ]
SQL: SELECT * FROM `jia_auth` WHERE ( auth_level=1 ) ORDER BY sorting  [ RunTime:0.0000s ]
ERR: 非法操作:undefinedthemes

[ 2018-07-30T09:35:11+08:00 ] 127.0.0.1 /index.php/Admin/Material/undefinedthemes/iframe.css
INFO: [ app_init ] --START--
INFO: Run Behavior\BuildLiteBehavior [ RunTime:0.000000s ]
INFO: [ app_init ] --END-- [ RunTime:0.002000s ]
INFO: [ app_begin ] --START--
INFO: Run Behavior\ReadHtmlCacheBehavior [ RunTime:0.005001s ]
INFO: [ app_begin ] --END-- [ RunTime:0.005001s ]
SQL: SHOW COLUMNS FROM `jia_admin` [ RunTime:0.0030s ]
SQL: SELECT `role_id` FROM `jia_admin` WHERE `id` = 31 LIMIT 1   [ RunTime:0.0000s ]
SQL: SELECT * FROM `jia_admin` WHERE `id` = 31 LIMIT 1   [ RunTime:0.0000s ]
SQL: SHOW COLUMNS FROM `jia_auth` [ RunTime:0.0040s ]
SQL: SELECT * FROM `jia_auth` WHERE ( auth_level=0 ) ORDER BY sorting  [ RunTime:0.0000s ]
SQL: SELECT * FROM `jia_auth` WHERE ( auth_level=1 ) ORDER BY sorting  [ RunTime:0.0000s ]
ERR: 非法操作:undefinedthemes

[ 2018-07-30T09:35:11+08:00 ] 127.0.0.1 /index.php/Admin/Material/undefinedthird-party/codemirror/codemirror.js
INFO: [ app_init ] --START--
INFO: Run Behavior\BuildLiteBehavior [ RunTime:0.000000s ]
INFO: [ app_init ] --END-- [ RunTime:0.002000s ]
INFO: [ app_begin ] --START--
INFO: Run Behavior\ReadHtmlCacheBehavior [ RunTime:0.005000s ]
INFO: [ app_begin ] --END-- [ RunTime:0.007000s ]
SQL: SHOW COLUMNS FROM `jia_admin` [ RunTime:0.0030s ]
SQL: SELECT `role_id` FROM `jia_admin` WHERE `id` = 31 LIMIT 1   [ RunTime:0.0000s ]
SQL: SELECT * FROM `jia_admin` WHERE `id` = 31 LIMIT 1   [ RunTime:0.0000s ]
SQL: SHOW COLUMNS FROM `jia_auth` [ RunTime:0.0030s ]
SQL: SELECT * FROM `jia_auth` WHERE ( auth_level=0 ) ORDER BY sorting  [ RunTime:0.0010s ]
SQL: SELECT * FROM `jia_auth` WHERE ( auth_level=1 ) ORDER BY sorting  [ RunTime:0.0000s ]
ERR: 非法操作:undefinedthird-party

[ 2018-07-30T09:35:11+08:00 ] 127.0.0.1 /index.php/Admin/Material/undefinedthird-party/codemirror/codemirror.css
INFO: [ app_init ] --START--
INFO: Run Behavior\BuildLiteBehavior [ RunTime:0.000000s ]
INFO: [ app_init ] --END-- [ RunTime:0.003001s ]
INFO: [ app_begin ] --START--
INFO: Run Behavior\ReadHtmlCacheBehavior [ RunTime:0.006000s ]
INFO: [ app_begin ] --END-- [ RunTime:0.006000s ]
SQL: SHOW COLUMNS FROM `jia_admin` [ RunTime:0.0030s ]
SQL: SELECT `role_id` FROM `jia_admin` WHERE `id` = 31 LIMIT 1   [ RunTime:0.0000s ]
SQL: SELECT * FROM `jia_admin` WHERE `id` = 31 LIMIT 1   [ RunTime:0.0000s ]
SQL: SHOW COLUMNS FROM `jia_auth` [ RunTime:0.0040s ]
SQL: SELECT * FROM `jia_auth` WHERE ( auth_level=0 ) ORDER BY sorting  [ RunTime:0.0010s ]
SQL: SELECT * FROM `jia_auth` WHERE ( auth_level=1 ) ORDER BY sorting  [ RunTime:0.0000s ]
ERR: 非法操作:undefinedthird-party

[ 2018-07-30T09:35:11+08:00 ] 127.0.0.1 /index.php/Admin/Material/hdAdd.html
INFO: [ app_init ] --START--
INFO: Run Behavior\BuildLiteBehavior [ RunTime:0.000000s ]
INFO: [ app_init ] --END-- [ RunTime:0.002000s ]
INFO: [ app_begin ] --START--
INFO: Run Behavior\ReadHtmlCacheBehavior [ RunTime:0.006001s ]
INFO: [ app_begin ] --END-- [ RunTime:0.006001s ]
SQL: SHOW COLUMNS FROM `jia_admin` [ RunTime:0.0030s ]
SQL: SELECT `role_id` FROM `jia_admin` WHERE `id` = 31 LIMIT 1   [ RunTime:0.0000s ]
SQL: SELECT * FROM `jia_admin` WHERE `id` = 31 LIMIT 1   [ RunTime:0.0000s ]
SQL: SHOW COLUMNS FROM `jia_auth` [ RunTime:0.0030s ]
SQL: SELECT * FROM `jia_auth` WHERE ( auth_level=0 ) ORDER BY sorting  [ RunTime:0.0000s ]
SQL: SELECT * FROM `jia_auth` WHERE ( auth_level=1 ) ORDER BY sorting  [ RunTime:0.0010s ]
SQL: SHOW COLUMNS FROM `jia_jcgoods` [ RunTime:0.0030s ]
INFO: [ view_parse ] --START--
INFO: [ template_filter ] --START--
INFO: Run Behavior\ContentReplaceBehavior [ RunTime:0.000000s ]
INFO: [ template_filter ] --END-- [ RunTime:0.000000s ]
INFO: Run Behavior\ParseTemplateBehavior [ RunTime:0.039002s ]
INFO: [ view_parse ] --END-- [ RunTime:0.039002s ]
INFO: [ view_filter ] --START--
INFO: Run Behavior\WriteHtmlCacheBehavior [ RunTime:0.006001s ]
INFO: [ view_filter ] --END-- [ RunTime:0.006001s ]
INFO: [ app_end ] --START--
INFO: Run Behavior\ShowPageTraceBehavior [ RunTime:0.005000s ]
INFO: [ app_end ] --END-- [ RunTime:0.005000s ]

[ 2018-07-30T09:45:17+08:00 ] 127.0.0.1 /index.php/Admin/Material/hdAdd.html
INFO: [ app_init ] --START--
INFO: Run Behavior\BuildLiteBehavior [ RunTime:0.000000s ]
INFO: [ app_init ] --END-- [ RunTime:0.012001s ]
INFO: [ app_begin ] --START--
INFO: Run Behavior\ReadHtmlCacheBehavior [ RunTime:0.017001s ]
INFO: [ app_begin ] --END-- [ RunTime:0.017001s ]
SQL: SHOW COLUMNS FROM `jia_admin` [ RunTime:0.0050s ]
SQL: SELECT `role_id` FROM `jia_admin` WHERE `id` = 31 LIMIT 1   [ RunTime:0.0000s ]
SQL: SELECT * FROM `jia_admin` WHERE `id` = 31 LIMIT 1   [ RunTime:0.0000s ]
SQL: SHOW COLUMNS FROM `jia_auth` [ RunTime:0.0040s ]
SQL: SELECT * FROM `jia_auth` WHERE ( auth_level=0 ) ORDER BY sorting  [ RunTime:0.0010s ]
SQL: SELECT * FROM `jia_auth` WHERE ( auth_level=1 ) ORDER BY sorting  [ RunTime:0.0000s ]
SQL: SHOW COLUMNS FROM `jia_jcgoods` [ RunTime:0.0040s ]
INFO: [ view_parse ] --START--
INFO: [ template_filter ] --START--
INFO: Run Behavior\ContentReplaceBehavior [ RunTime:0.001000s ]
INFO: [ template_filter ] --END-- [ RunTime:0.001000s ]
INFO: Run Behavior\ParseTemplateBehavior [ RunTime:0.122007s ]
INFO: [ view_parse ] --END-- [ RunTime:0.122007s ]
INFO: [ view_filter ] --START--
INFO: Run Behavior\WriteHtmlCacheBehavior [ RunTime:0.014001s ]
INFO: [ view_filter ] --END-- [ RunTime:0.014001s ]
INFO: [ app_end ] --START--
INFO: Run Behavior\ShowPageTraceBehavior [ RunTime:0.015001s ]
INFO: [ app_end ] --END-- [ RunTime:0.015001s ]

[ 2018-07-30T09:45:17+08:00 ] 127.0.0.1 /index.php/Admin/Material/undefinedthemes/default/css/ueditor.css
INFO: [ app_init ] --START--
INFO: Run Behavior\BuildLiteBehavior [ RunTime:0.000000s ]
INFO: [ app_init ] --END-- [ RunTime:0.002000s ]
INFO: [ app_begin ] --START--
INFO: Run Behavior\ReadHtmlCacheBehavior [ RunTime:0.007001s ]
INFO: [ app_begin ] --END-- [ RunTime:0.007001s ]
SQL: SHOW COLUMNS FROM `jia_admin` [ RunTime:0.0030s ]
SQL: SELECT `role_id` FROM `jia_admin` WHERE `id` = 31 LIMIT 1   [ RunTime:0.0000s ]
SQL: SELECT * FROM `jia_admin` WHERE `id` = 31 LIMIT 1   [ RunTime:0.0000s ]
SQL: SHOW COLUMNS FROM `jia_auth` [ RunTime:0.0030s ]
SQL: SELECT * FROM `jia_auth` WHERE ( auth_level=0 ) ORDER BY sorting  [ RunTime:0.0010s ]
SQL: SELECT * FROM `jia_auth` WHERE ( auth_level=1 ) ORDER BY sorting  [ RunTime:0.0000s ]
ERR: 非法操作:undefinedthemes

[ 2018-07-30T09:45:18+08:00 ] 127.0.0.1 /index.php/Admin/Material/undefinedthemes/iframe.css
INFO: [ app_init ] --START--
INFO: Run Behavior\BuildLiteBehavior [ RunTime:0.000000s ]
INFO: [ app_init ] --END-- [ RunTime:0.002000s ]
INFO: [ app_begin ] --START--
INFO: Run Behavior\ReadHtmlCacheBehavior [ RunTime:0.005000s ]
INFO: [ app_begin ] --END-- [ RunTime:0.006000s ]
SQL: SHOW COLUMNS FROM `jia_admin` [ RunTime:0.0040s ]
SQL: SELECT `role_id` FROM `jia_admin` WHERE `id` = 31 LIMIT 1   [ RunTime:0.0000s ]
SQL: SELECT * FROM `jia_admin` WHERE `id` = 31 LIMIT 1   [ RunTime:0.0000s ]
SQL: SHOW COLUMNS FROM `jia_auth` [ RunTime:0.0030s ]
SQL: SELECT * FROM `jia_auth` WHERE ( auth_level=0 ) ORDER BY sorting  [ RunTime:0.0000s ]
SQL: SELECT * FROM `jia_auth` WHERE ( auth_level=1 ) ORDER BY sorting  [ RunTime:0.0000s ]
ERR: 非法操作:undefinedthemes

[ 2018-07-30T09:45:18+08:00 ] 127.0.0.1 /index.php/Admin/Material/hdAdd.html
INFO: [ app_init ] --START--
INFO: Run Behavior\BuildLiteBehavior [ RunTime:0.000000s ]
INFO: [ app_init ] --END-- [ RunTime:0.002000s ]
INFO: [ app_begin ] --START--
INFO: Run Behavior\ReadHtmlCacheBehavior [ RunTime:0.004000s ]
INFO: [ app_begin ] --END-- [ RunTime:0.005000s ]
SQL: SHOW COLUMNS FROM `jia_admin` [ RunTime:0.0030s ]
SQL: SELECT `role_id` FROM `jia_admin` WHERE `id` = 31 LIMIT 1   [ RunTime:0.0000s ]
SQL: SELECT * FROM `jia_admin` WHERE `id` = 31 LIMIT 1   [ RunTime:0.0010s ]
SQL: SHOW COLUMNS FROM `jia_auth` [ RunTime:0.0030s ]
SQL: SELECT * FROM `jia_auth` WHERE ( auth_level=0 ) ORDER BY sorting  [ RunTime:0.0010s ]
SQL: SELECT * FROM `jia_auth` WHERE ( auth_level=1 ) ORDER BY sorting  [ RunTime:0.0010s ]
SQL: SHOW COLUMNS FROM `jia_jcgoods` [ RunTime:0.0030s ]
INFO: [ view_parse ] --START--
INFO: [ template_filter ] --START--
INFO: Run Behavior\ContentReplaceBehavior [ RunTime:0.000000s ]
INFO: [ template_filter ] --END-- [ RunTime:0.000000s ]
INFO: Run Behavior\ParseTemplateBehavior [ RunTime:0.031002s ]
INFO: [ view_parse ] --END-- [ RunTime:0.032002s ]
INFO: [ view_filter ] --START--
INFO: Run Behavior\WriteHtmlCacheBehavior [ RunTime:0.004000s ]
INFO: [ view_filter ] --END-- [ RunTime:0.004000s ]
INFO: [ app_end ] --START--
INFO: Run Behavior\ShowPageTraceBehavior [ RunTime:0.004000s ]
INFO: [ app_end ] --END-- [ RunTime:0.005000s ]

[ 2018-07-30T09:45:18+08:00 ] 127.0.0.1 /index.php/Admin/Material/undefinedthird-party/codemirror/codemirror.css
INFO: [ app_init ] --START--
INFO: Run Behavior\BuildLiteBehavior [ RunTime:0.000000s ]
INFO: [ app_init ] --END-- [ RunTime:0.002000s ]
INFO: [ app_begin ] --START--
INFO: Run Behavior\ReadHtmlCacheBehavior [ RunTime:0.006000s ]
INFO: [ app_begin ] --END-- [ RunTime:0.006000s ]
SQL: SHOW COLUMNS FROM `jia_admin` [ RunTime:0.0030s ]
SQL: SELECT `role_id` FROM `jia_admin` WHERE `id` = 31 LIMIT 1   [ RunTime:0.0000s ]
SQL: SELECT * FROM `jia_admin` WHERE `id` = 31 LIMIT 1   [ RunTime:0.0000s ]
SQL: SHOW COLUMNS FROM `jia_auth` [ RunTime:0.0030s ]
SQL: SELECT * FROM `jia_auth` WHERE ( auth_level=0 ) ORDER BY sorting  [ RunTime:0.0000s ]
SQL: SELECT * FROM `jia_auth` WHERE ( auth_level=1 ) ORDER BY sorting  [ RunTime:0.0010s ]
ERR: 非法操作:undefinedthird-party

[ 2018-07-30T09:45:18+08:00 ] 127.0.0.1 /index.php/Admin/Material/undefinedthird-party/codemirror/codemirror.js
INFO: [ app_init ] --START--
INFO: Run Behavior\BuildLiteBehavior [ RunTime:0.000000s ]
INFO: [ app_init ] --END-- [ RunTime:0.002000s ]
INFO: [ app_begin ] --START--
INFO: Run Behavior\ReadHtmlCacheBehavior [ RunTime:0.006000s ]
INFO: [ app_begin ] --END-- [ RunTime:0.006000s ]
SQL: SHOW COLUMNS FROM `jia_admin` [ RunTime:0.0030s ]
SQL: SELECT `role_id` FROM `jia_admin` WHERE `id` = 31 LIMIT 1   [ RunTime:0.0000s ]
SQL: SELECT * FROM `jia_admin` WHERE `id` = 31 LIMIT 1   [ RunTime:0.0000s ]
SQL: SHOW COLUMNS FROM `jia_auth` [ RunTime:0.0040s ]
SQL: SELECT * FROM `jia_auth` WHERE ( auth_level=0 ) ORDER BY sorting  [ RunTime:0.0000s ]
SQL: SELECT * FROM `jia_auth` WHERE ( auth_level=1 ) ORDER BY sorting  [ RunTime:0.0010s ]
ERR: 非法操作:undefinedthird-party

[ 2018-07-30T09:45:26+08:00 ] 127.0.0.1 /index.php/Admin/Material/hdAdd.html
INFO: [ app_init ] --START--
INFO: Run Behavior\BuildLiteBehavior [ RunTime:0.000000s ]
INFO: [ app_init ] --END-- [ RunTime:0.002000s ]
INFO: [ app_begin ] --START--
INFO: Run Behavior\ReadHtmlCacheBehavior [ RunTime:0.005000s ]
INFO: [ app_begin ] --END-- [ RunTime:0.006000s ]
SQL: SHOW COLUMNS FROM `jia_admin` [ RunTime:0.0030s ]
SQL: SELECT `role_id` FROM `jia_admin` WHERE `id` = 31 LIMIT 1   [ RunTime:0.0000s ]
SQL: SELECT * FROM `jia_admin` WHERE `id` = 31 LIMIT 1   [ RunTime:0.0010s ]
SQL: SHOW COLUMNS FROM `jia_auth` [ RunTime:0.0030s ]
SQL: SELECT * FROM `jia_auth` WHERE ( auth_level=0 ) ORDER BY sorting  [ RunTime:0.0000s ]
SQL: SELECT * FROM `jia_auth` WHERE ( auth_level=1 ) ORDER BY sorting  [ RunTime:0.0000s ]
SQL: SHOW COLUMNS FROM `jia_jcgoods` [ RunTime:0.0030s ]
NOTIC: [8] Undefined index: validate D:\UPUPW_NP5.4\htdocs\test\ThinkPHP\Library\Think\Model.class.php 第 1185 行.

[ 2018-07-30T09:45:28+08:00 ] 127.0.0.1 /index.php/Admin/Material/undefinedthemes/iframe.css
INFO: [ app_init ] --START--
INFO: Run Behavior\BuildLiteBehavior [ RunTime:0.000000s ]
INFO: [ app_init ] --END-- [ RunTime:0.003000s ]
INFO: [ app_begin ] --START--
INFO: Run Behavior\ReadHtmlCacheBehavior [ RunTime:0.007000s ]
INFO: [ app_begin ] --END-- [ RunTime:0.007000s ]
SQL: SHOW COLUMNS FROM `jia_admin` [ RunTime:0.0040s ]
SQL: SELECT `role_id` FROM `jia_admin` WHERE `id` = 31 LIMIT 1   [ RunTime:0.0000s ]
SQL: SELECT * FROM `jia_admin` WHERE `id` = 31 LIMIT 1   [ RunTime:0.0000s ]
SQL: SHOW COLUMNS FROM `jia_auth` [ RunTime:0.0030s ]
SQL: SELECT * FROM `jia_auth` WHERE ( auth_level=0 ) ORDER BY sorting  [ RunTime:0.0000s ]
SQL: SELECT * FROM `jia_auth` WHERE ( auth_level=1 ) ORDER BY sorting  [ RunTime:0.0000s ]
ERR: 非法操作:undefinedthemes

[ 2018-07-30T09:45:28+08:00 ] 127.0.0.1 /index.php/Admin/Material/undefinedthemes/default/css/ueditor.css
INFO: [ app_init ] --START--
INFO: Run Behavior\BuildLiteBehavior [ RunTime:0.000000s ]
INFO: [ app_init ] --END-- [ RunTime:0.003000s ]
INFO: [ app_begin ] --START--
INFO: Run Behavior\ReadHtmlCacheBehavior [ RunTime:0.014000s ]
INFO: [ app_begin ] --END-- [ RunTime:0.014000s ]
SQL: SHOW COLUMNS FROM `jia_admin` [ RunTime:0.0040s ]
SQL: SELECT `role_id` FROM `jia_admin` WHERE `id` = 31 LIMIT 1   [ RunTime:0.0010s ]
SQL: SELECT * FROM `jia_admin` WHERE `id` = 31 LIMIT 1   [ RunTime:0.0000s ]
SQL: SHOW COLUMNS FROM `jia_auth` [ RunTime:0.0030s ]
SQL: SELECT * FROM `jia_auth` WHERE ( auth_level=0 ) ORDER BY sorting  [ RunTime:0.0000s ]
SQL: SELECT * FROM `jia_auth` WHERE ( auth_level=1 ) ORDER BY sorting  [ RunTime:0.0010s ]
ERR: 非法操作:undefinedthemes

[ 2018-07-30T09:45:28+08:00 ] 127.0.0.1 /index.php/Admin/Material/undefinedthird-party/codemirror/codemirror.css
INFO: [ app_init ] --START--
INFO: Run Behavior\BuildLiteBehavior [ RunTime:0.000000s ]
INFO: [ app_init ] --END-- [ RunTime:0.002001s ]
INFO: [ app_begin ] --START--
INFO: Run Behavior\ReadHtmlCacheBehavior [ RunTime:0.009000s ]
INFO: [ app_begin ] --END-- [ RunTime:0.009000s ]
SQL: SHOW COLUMNS FROM `jia_admin` [ RunTime:0.0040s ]
SQL: SELECT `role_id` FROM `jia_admin` WHERE `id` = 31 LIMIT 1   [ RunTime:0.0000s ]
SQL: SELECT * FROM `jia_admin` WHERE `id` = 31 LIMIT 1   [ RunTime:0.0010s ]
SQL: SHOW COLUMNS FROM `jia_auth` [ RunTime:0.0030s ]
SQL: SELECT * FROM `jia_auth` WHERE ( auth_level=0 ) ORDER BY sorting  [ RunTime:0.0000s ]
SQL: SELECT * FROM `jia_auth` WHERE ( auth_level=1 ) ORDER BY sorting  [ RunTime:0.0010s ]
ERR: 非法操作:undefinedthird-party

[ 2018-07-30T09:45:55+08:00 ] 127.0.0.1 /index.php/Admin/Material/hdAdd.html
INFO: [ app_init ] --START--
INFO: Run Behavior\BuildLiteBehavior [ RunTime:0.000000s ]
INFO: [ app_init ] --END-- [ RunTime:0.002001s ]
INFO: [ app_begin ] --START--
INFO: Run Behavior\ReadHtmlCacheBehavior [ RunTime:0.004001s ]
INFO: [ app_begin ] --END-- [ RunTime:0.004001s ]
SQL: SHOW COLUMNS FROM `jia_admin` [ RunTime:0.0030s ]
SQL: SELECT `role_id` FROM `jia_admin` WHERE `id` = 31 LIMIT 1   [ RunTime:0.0000s ]
SQL: SELECT * FROM `jia_admin` WHERE `id` = 31 LIMIT 1   [ RunTime:0.0010s ]
SQL: SHOW COLUMNS FROM `jia_auth` [ RunTime:0.0030s ]
SQL: SELECT * FROM `jia_auth` WHERE ( auth_level=0 ) ORDER BY sorting  [ RunTime:0.0000s ]
SQL: SELECT * FROM `jia_auth` WHERE ( auth_level=1 ) ORDER BY sorting  [ RunTime:0.0000s ]
SQL: SHOW COLUMNS FROM `jia_jcgoods` [ RunTime:0.0040s ]
NOTIC: [8] Undefined index: validate D:\UPUPW_NP5.4\htdocs\test\ThinkPHP\Library\Think\Model.class.php 第 1185 行.
NOTIC: [8] Undefined index: auto D:\UPUPW_NP5.4\htdocs\test\ThinkPHP\Library\Think\Model.class.php 第 1128 行.
NOTIC: [8] Undefined index: brandimg D:\UPUPW_NP5.4\htdocs\test\Application\Common\Common\function.php 第 6 行.
NOTIC: [8] Undefined index: brandimg D:\UPUPW_NP5.4\htdocs\test\Application\Common\Common\function.php 第 18 行.
NOTIC: [8] Undefined index: tmp_name D:\UPUPW_NP5.4\htdocs\test\ThinkPHP\Library\Think\Upload.class.php 第 152 行.
NOTIC: [2] finfo_file(): Empty filename or path D:\UPUPW_NP5.4\htdocs\test\ThinkPHP\Library\Think\Upload.class.php 第 152 行.
NOTIC: [8] Undefined index: error D:\UPUPW_NP5.4\htdocs\test\ThinkPHP\Library\Think\Upload.class.php 第 269 行.
NOTIC: [8] Undefined index: tmp_name D:\UPUPW_NP5.4\htdocs\test\ThinkPHP\Library\Think\Upload.class.php 第 280 行.
NOTIC: [8] Use of undefined constant info - assumed 'info' D:\UPUPW_NP5.4\htdocs\test\Application\Common\Common\function.php 第 19 行.

