[ 2018-05-28T09:08:56+08:00 ] 127.0.0.1 /admin
INFO: [ app_init ] --START--
INFO: Run Behavior\BuildLiteBehavior [ RunTime:0.000000s ]
INFO: [ app_init ] --END-- [ RunTime:0.003001s ]
INFO: [ app_begin ] --START--
INFO: Run Behavior\ReadHtmlCacheBehavior [ RunTime:0.005001s ]
INFO: [ app_begin ] --END-- [ RunTime:0.005001s ]

[ 2018-05-28T09:08:56+08:00 ] 127.0.0.1 /index.php/Admin/Login/login.html
INFO: [ app_init ] --START--
INFO: Run Behavior\BuildLiteBehavior [ RunTime:0.000000s ]
INFO: [ app_init ] --END-- [ RunTime:0.003000s ]
INFO: [ app_begin ] --START--
INFO: Run Behavior\ReadHtmlCacheBehavior [ RunTime:0.006000s ]
INFO: [ app_begin ] --END-- [ RunTime:0.006000s ]
INFO: [ view_parse ] --START--
INFO: [ template_filter ] --START--
INFO: Run Behavior\ContentReplaceBehavior [ RunTime:0.001000s ]
INFO: [ template_filter ] --END-- [ RunTime:0.001000s ]
INFO: Run Behavior\ParseTemplateBehavior [ RunTime:0.123007s ]
INFO: [ view_parse ] --END-- [ RunTime:0.123007s ]
INFO: [ view_filter ] --START--
INFO: Run Behavior\WriteHtmlCacheBehavior [ RunTime:0.011001s ]
INFO: [ view_filter ] --END-- [ RunTime:0.012001s ]
INFO: [ app_end ] --START--
INFO: Run Behavior\ShowPageTraceBehavior [ RunTime:0.011001s ]
INFO: [ app_end ] --END-- [ RunTime:0.011001s ]

[ 2018-05-28T09:08:57+08:00 ] 127.0.0.1 /index.php/Admin/Login/code.html
INFO: [ app_init ] --START--
INFO: Run Behavior\BuildLiteBehavior [ RunTime:0.000000s ]
INFO: [ app_init ] --END-- [ RunTime:0.003000s ]
INFO: [ app_begin ] --START--
INFO: Run Behavior\ReadHtmlCacheBehavior [ RunTime:0.006000s ]
INFO: [ app_begin ] --END-- [ RunTime:0.006000s ]
INFO: [ app_end ] --START--
INFO: Run Behavior\ShowPageTraceBehavior [ RunTime:0.006000s ]
INFO: [ app_end ] --END-- [ RunTime:0.007001s ]

[ 2018-05-28T09:08:57+08:00 ] 127.0.0.1 /index.php/Admin/Login/login.html
INFO: [ app_init ] --START--
INFO: Run Behavior\BuildLiteBehavior [ RunTime:0.000000s ]
INFO: [ app_init ] --END-- [ RunTime:0.000000s ]
INFO: [ app_begin ] --START--
INFO: Run Behavior\ReadHtmlCacheBehavior [ RunTime:0.002001s ]
INFO: [ app_begin ] --END-- [ RunTime:0.003001s ]
INFO: [ view_parse ] --START--
INFO: [ template_filter ] --START--
INFO: Run Behavior\ContentReplaceBehavior [ RunTime:0.000000s ]
INFO: [ template_filter ] --END-- [ RunTime:0.000000s ]
INFO: Run Behavior\ParseTemplateBehavior [ RunTime:0.032002s ]
INFO: [ view_parse ] --END-- [ RunTime:0.032002s ]
INFO: [ view_filter ] --START--
INFO: Run Behavior\WriteHtmlCacheBehavior [ RunTime:0.002000s ]
INFO: [ view_filter ] --END-- [ RunTime:0.002000s ]
INFO: [ app_end ] --START--
INFO: Run Behavior\ShowPageTraceBehavior [ RunTime:0.002000s ]
INFO: [ app_end ] --END-- [ RunTime:0.002000s ]

[ 2018-05-28T09:09:03+08:00 ] 127.0.0.1 /index.php/Admin/Login/code/0.6741829100891175
INFO: [ app_init ] --START--
INFO: Run Behavior\BuildLiteBehavior [ RunTime:0.000000s ]
INFO: [ app_init ] --END-- [ RunTime:0.000000s ]
INFO: [ app_begin ] --START--
INFO: Run Behavior\ReadHtmlCacheBehavior [ RunTime:0.010000s ]
INFO: [ app_begin ] --END-- [ RunTime:0.010000s ]
INFO: [ app_end ] --START--
INFO: Run Behavior\ShowPageTraceBehavior [ RunTime:0.010000s ]
INFO: [ app_end ] --END-- [ RunTime:0.010000s ]

[ 2018-05-28T09:09:11+08:00 ] 127.0.0.1 /index.php/Admin/Login/ajaxLogin.html
INFO: [ app_init ] --START--
INFO: Run Behavior\BuildLiteBehavior [ RunTime:0.000000s ]
INFO: [ app_init ] --END-- [ RunTime:0.003000s ]
INFO: [ app_begin ] --START--
INFO: Run Behavior\ReadHtmlCacheBehavior [ RunTime:0.006000s ]
INFO: [ app_begin ] --END-- [ RunTime:0.006000s ]
SQL: SHOW COLUMNS FROM `jia_admin` [ RunTime:0.0600s ]
INFO: [ app_end ] --START--
INFO: Run Behavior\ShowPageTraceBehavior [ RunTime:0.000000s ]
INFO: [ app_end ] --END-- [ RunTime:0.000000s ]

[ 2018-05-28T09:09:14+08:00 ] 127.0.0.1 /index.php/Admin/Login/code/0.31713984651080995
INFO: [ app_init ] --START--
INFO: Run Behavior\BuildLiteBehavior [ RunTime:0.000000s ]
INFO: [ app_init ] --END-- [ RunTime:0.003000s ]
INFO: [ app_begin ] --START--
INFO: Run Behavior\ReadHtmlCacheBehavior [ RunTime:0.006000s ]
INFO: [ app_begin ] --END-- [ RunTime:0.006000s ]
INFO: [ app_end ] --START--
INFO: Run Behavior\ShowPageTraceBehavior [ RunTime:0.005000s ]
INFO: [ app_end ] --END-- [ RunTime:0.005000s ]

[ 2018-05-28T09:09:15+08:00 ] 127.0.0.1 /index.php/Admin/Login/code/0.8816590617905478
INFO: [ app_init ] --START--
INFO: Run Behavior\BuildLiteBehavior [ RunTime:0.000000s ]
INFO: [ app_init ] --END-- [ RunTime:0.003001s ]
INFO: [ app_begin ] --START--
INFO: Run Behavior\ReadHtmlCacheBehavior [ RunTime:0.006001s ]
INFO: [ app_begin ] --END-- [ RunTime:0.006001s ]
INFO: [ app_end ] --START--
INFO: Run Behavior\ShowPageTraceBehavior [ RunTime:0.006000s ]
INFO: [ app_end ] --END-- [ RunTime:0.006000s ]

[ 2018-05-28T09:09:16+08:00 ] 127.0.0.1 /index.php/Admin/Login/code/0.7387826529284485
INFO: [ app_init ] --START--
INFO: Run Behavior\BuildLiteBehavior [ RunTime:0.000000s ]
INFO: [ app_init ] --END-- [ RunTime:0.000000s ]
INFO: [ app_begin ] --START--
INFO: Run Behavior\ReadHtmlCacheBehavior [ RunTime:0.003000s ]
INFO: [ app_begin ] --END-- [ RunTime:0.003000s ]
INFO: [ app_end ] --START--
INFO: Run Behavior\ShowPageTraceBehavior [ RunTime:0.006001s ]
INFO: [ app_end ] --END-- [ RunTime:0.006001s ]

[ 2018-05-28T09:09:23+08:00 ] 127.0.0.1 /index.php/Admin/Login/ajaxLogin.html
INFO: [ app_init ] --START--
INFO: Run Behavior\BuildLiteBehavior [ RunTime:0.000000s ]
INFO: [ app_init ] --END-- [ RunTime:0.001000s ]
INFO: [ app_begin ] --START--
INFO: Run Behavior\ReadHtmlCacheBehavior [ RunTime:0.002000s ]
INFO: [ app_begin ] --END-- [ RunTime:0.003000s ]
SQL: SHOW COLUMNS FROM `jia_admin` [ RunTime:0.0030s ]
NOTIC: [8] Undefined index: auto D:\UPUPW_NP5.4\htdocs\test\ThinkPHP\Library\Think\Model.class.php 第 1128 行.
SQL: SELECT * FROM `jia_admin` WHERE `username` = 'root' LIMIT 1   [ RunTime:0.0010s ]
INFO: [ app_end ] --START--
INFO: Run Behavior\ShowPageTraceBehavior [ RunTime:0.002001s ]
INFO: [ app_end ] --END-- [ RunTime:0.002001s ]

[ 2018-05-28T09:09:29+08:00 ] 127.0.0.1 /index.php/Admin/Login/code/0.5376419784356457
INFO: [ app_init ] --START--
INFO: Run Behavior\BuildLiteBehavior [ RunTime:0.000000s ]
INFO: [ app_init ] --END-- [ RunTime:0.001000s ]
INFO: [ app_begin ] --START--
INFO: Run Behavior\ReadHtmlCacheBehavior [ RunTime:0.002000s ]
INFO: [ app_begin ] --END-- [ RunTime:0.002000s ]
INFO: [ app_end ] --START--
INFO: Run Behavior\ShowPageTraceBehavior [ RunTime:0.002000s ]
INFO: [ app_end ] --END-- [ RunTime:0.002000s ]

[ 2018-05-28T09:09:34+08:00 ] 127.0.0.1 /index.php/Admin/Login/ajaxLogin.html
INFO: [ app_init ] --START--
INFO: Run Behavior\BuildLiteBehavior [ RunTime:0.000000s ]
INFO: [ app_init ] --END-- [ RunTime:0.000000s ]
INFO: [ app_begin ] --START--
INFO: Run Behavior\ReadHtmlCacheBehavior [ RunTime:0.002000s ]
INFO: [ app_begin ] --END-- [ RunTime:0.002000s ]
SQL: SHOW COLUMNS FROM `jia_admin` [ RunTime:0.0030s ]
NOTIC: [8] Undefined index: auto D:\UPUPW_NP5.4\htdocs\test\ThinkPHP\Library\Think\Model.class.php 第 1128 行.
SQL: SELECT * FROM `jia_admin` WHERE `username` = 'root' LIMIT 1   [ RunTime:0.0010s ]
SQL: UPDATE `jia_admin` SET `lastdate`='1527469774',`lastip`='127.0.0.1' WHERE `username` = 'root' [ RunTime:0.0010s ]
SQL: UPDATE `jia_admin` SET `count`=count+1 WHERE `username` = 'root' [ RunTime:0.0000s ]

[ 2018-05-28T09:09:35+08:00 ] 127.0.0.1 /index.php/Admin/Index/index.html
INFO: [ app_init ] --START--
INFO: Run Behavior\BuildLiteBehavior [ RunTime:0.000000s ]
INFO: [ app_init ] --END-- [ RunTime:0.000000s ]
INFO: [ app_begin ] --START--
INFO: Run Behavior\ReadHtmlCacheBehavior [ RunTime:0.002000s ]
INFO: [ app_begin ] --END-- [ RunTime:0.002000s ]
SQL: SHOW COLUMNS FROM `jia_admin` [ RunTime:0.0030s ]
SQL: SELECT * FROM `jia_admin` WHERE `id` = 31 LIMIT 1   [ RunTime:0.0010s ]
SQL: SHOW COLUMNS FROM `jia_auth` [ RunTime:0.0280s ]
SQL: SELECT * FROM `jia_auth` WHERE ( auth_level=0 ) ORDER BY sorting  [ RunTime:0.0010s ]
SQL: SELECT * FROM `jia_auth` WHERE ( auth_level=1 ) ORDER BY sorting  [ RunTime:0.0010s ]
INFO: [ view_parse ] --START--
INFO: [ template_filter ] --START--
INFO: Run Behavior\ContentReplaceBehavior [ RunTime:0.000000s ]
INFO: [ template_filter ] --END-- [ RunTime:0.000000s ]
INFO: Run Behavior\ParseTemplateBehavior [ RunTime:0.060004s ]
INFO: [ view_parse ] --END-- [ RunTime:0.060004s ]
INFO: [ view_filter ] --START--
INFO: Run Behavior\WriteHtmlCacheBehavior [ RunTime:0.006000s ]
INFO: [ view_filter ] --END-- [ RunTime:0.006000s ]
INFO: [ app_end ] --START--
INFO: Run Behavior\ShowPageTraceBehavior [ RunTime:0.002000s ]
INFO: [ app_end ] --END-- [ RunTime:0.003000s ]

[ 2018-05-28T09:09:36+08:00 ] 127.0.0.1 /index.php/Admin/Index/index.html
INFO: [ app_init ] --START--
INFO: Run Behavior\BuildLiteBehavior [ RunTime:0.000000s ]
INFO: [ app_init ] --END-- [ RunTime:0.001000s ]
INFO: [ app_begin ] --START--
INFO: Run Behavior\ReadHtmlCacheBehavior [ RunTime:0.002000s ]
INFO: [ app_begin ] --END-- [ RunTime:0.002000s ]
SQL: SHOW COLUMNS FROM `jia_admin` [ RunTime:0.0030s ]
SQL: SELECT * FROM `jia_admin` WHERE `id` = 31 LIMIT 1   [ RunTime:0.0000s ]
SQL: SHOW COLUMNS FROM `jia_auth` [ RunTime:0.0020s ]
SQL: SELECT * FROM `jia_auth` WHERE ( auth_level=0 ) ORDER BY sorting  [ RunTime:0.0010s ]
SQL: SELECT * FROM `jia_auth` WHERE ( auth_level=1 ) ORDER BY sorting  [ RunTime:0.0000s ]
INFO: [ view_parse ] --START--
INFO: [ template_filter ] --START--
INFO: Run Behavior\ContentReplaceBehavior [ RunTime:0.000000s ]
INFO: [ template_filter ] --END-- [ RunTime:0.000000s ]
INFO: Run Behavior\ParseTemplateBehavior [ RunTime:0.038002s ]
INFO: [ view_parse ] --END-- [ RunTime:0.038002s ]
INFO: [ view_filter ] --START--
INFO: Run Behavior\WriteHtmlCacheBehavior [ RunTime:0.005000s ]
INFO: [ view_filter ] --END-- [ RunTime:0.005000s ]
INFO: [ app_end ] --START--
INFO: Run Behavior\ShowPageTraceBehavior [ RunTime:0.002000s ]
INFO: [ app_end ] --END-- [ RunTime:0.002000s ]

[ 2018-05-28T09:09:39+08:00 ] 127.0.0.1 /index.php/Admin/Category/cateList
INFO: [ app_init ] --START--
INFO: Run Behavior\BuildLiteBehavior [ RunTime:0.000000s ]
INFO: [ app_init ] --END-- [ RunTime:0.000000s ]
INFO: [ app_begin ] --START--
INFO: Run Behavior\ReadHtmlCacheBehavior [ RunTime:0.002000s ]
INFO: [ app_begin ] --END-- [ RunTime:0.002000s ]
SQL: SHOW COLUMNS FROM `jia_admin` [ RunTime:0.0030s ]
SQL: SELECT `role_id` FROM `jia_admin` WHERE `id` = 31 LIMIT 1   [ RunTime:0.0130s ]
SQL: SELECT * FROM `jia_admin` WHERE `id` = 31 LIMIT 1   [ RunTime:0.0000s ]
SQL: SHOW COLUMNS FROM `jia_auth` [ RunTime:0.0030s ]
SQL: SELECT * FROM `jia_auth` WHERE ( auth_level=0 ) ORDER BY sorting  [ RunTime:0.0010s ]
SQL: SELECT * FROM `jia_auth` WHERE ( auth_level=1 ) ORDER BY sorting  [ RunTime:0.0000s ]
SQL: SHOW COLUMNS FROM `jia_category` [ RunTime:0.0360s ]
SQL: SELECT COUNT(*) AS tp_count FROM `jia_category` LIMIT 1   [ RunTime:0.0220s ]
SQL: SELECT * FROM `jia_category`  [ RunTime:0.0090s ]
INFO: [ view_parse ] --START--
INFO: [ template_filter ] --START--
INFO: Run Behavior\ContentReplaceBehavior [ RunTime:0.000000s ]
INFO: [ template_filter ] --END-- [ RunTime:0.000000s ]
NOTIC: [8] Undefined index: category_id D:\UPUPW_NP5.4\htdocs\test\Application\Runtime\Cache\Admin\2fd35acb806049b5e181282c611b8c37.php 第 350 行.
NOTIC: [8] Undefined index: category_id D:\UPUPW_NP5.4\htdocs\test\Application\Runtime\Cache\Admin\2fd35acb806049b5e181282c611b8c37.php 第 350 行.
NOTIC: [8] Undefined index: category_id D:\UPUPW_NP5.4\htdocs\test\Application\Runtime\Cache\Admin\2fd35acb806049b5e181282c611b8c37.php 第 350 行.
NOTIC: [8] Undefined index: category_id D:\UPUPW_NP5.4\htdocs\test\Application\Runtime\Cache\Admin\2fd35acb806049b5e181282c611b8c37.php 第 350 行.
NOTIC: [8] Undefined index: category_id D:\UPUPW_NP5.4\htdocs\test\Application\Runtime\Cache\Admin\2fd35acb806049b5e181282c611b8c37.php 第 350 行.
NOTIC: [8] Undefined index: category_id D:\UPUPW_NP5.4\htdocs\test\Application\Runtime\Cache\Admin\2fd35acb806049b5e181282c611b8c37.php 第 350 行.
NOTIC: [8] Undefined index: category_id D:\UPUPW_NP5.4\htdocs\test\Application\Runtime\Cache\Admin\2fd35acb806049b5e181282c611b8c37.php 第 350 行.
NOTIC: [8] Undefined index: category_id D:\UPUPW_NP5.4\htdocs\test\Application\Runtime\Cache\Admin\2fd35acb806049b5e181282c611b8c37.php 第 350 行.
NOTIC: [8] Undefined index: category_id D:\UPUPW_NP5.4\htdocs\test\Application\Runtime\Cache\Admin\2fd35acb806049b5e181282c611b8c37.php 第 350 行.
NOTIC: [8] Undefined index: category_id D:\UPUPW_NP5.4\htdocs\test\Application\Runtime\Cache\Admin\2fd35acb806049b5e181282c611b8c37.php 第 350 行.
NOTIC: [8] Undefined index: category_id D:\UPUPW_NP5.4\htdocs\test\Application\Runtime\Cache\Admin\2fd35acb806049b5e181282c611b8c37.php 第 350 行.
NOTIC: [8] Undefined index: category_id D:\UPUPW_NP5.4\htdocs\test\Application\Runtime\Cache\Admin\2fd35acb806049b5e181282c611b8c37.php 第 350 行.
NOTIC: [8] Undefined index: category_id D:\UPUPW_NP5.4\htdocs\test\Application\Runtime\Cache\Admin\2fd35acb806049b5e181282c611b8c37.php 第 350 行.
NOTIC: [8] Undefined index: category_id D:\UPUPW_NP5.4\htdocs\test\Application\Runtime\Cache\Admin\2fd35acb806049b5e181282c611b8c37.php 第 350 行.
NOTIC: [8] Undefined index: category_id D:\UPUPW_NP5.4\htdocs\test\Application\Runtime\Cache\Admin\2fd35acb806049b5e181282c611b8c37.php 第 350 行.
NOTIC: [8] Undefined index: category_id D:\UPUPW_NP5.4\htdocs\test\Application\Runtime\Cache\Admin\2fd35acb806049b5e181282c611b8c37.php 第 350 行.
NOTIC: [8] Undefined variable: page D:\UPUPW_NP5.4\htdocs\test\Application\Runtime\Cache\Admin\2fd35acb806049b5e181282c611b8c37.php 第 361 行.
INFO: Run Behavior\ParseTemplateBehavior [ RunTime:0.057003s ]
INFO: [ view_parse ] --END-- [ RunTime:0.057003s ]
INFO: [ view_filter ] --START--
INFO: Run Behavior\WriteHtmlCacheBehavior [ RunTime:0.006000s ]
INFO: [ view_filter ] --END-- [ RunTime:0.006000s ]
INFO: [ app_end ] --START--
INFO: Run Behavior\ShowPageTraceBehavior [ RunTime:0.003000s ]
INFO: [ app_end ] --END-- [ RunTime:0.003000s ]

[ 2018-05-28T09:09:40+08:00 ] 127.0.0.1 /index.php/Admin/Category/cateList
INFO: [ app_init ] --START--
INFO: Run Behavior\BuildLiteBehavior [ RunTime:0.000000s ]
INFO: [ app_init ] --END-- [ RunTime:0.000000s ]
INFO: [ app_begin ] --START--
INFO: Run Behavior\ReadHtmlCacheBehavior [ RunTime:0.002000s ]
INFO: [ app_begin ] --END-- [ RunTime:0.002000s ]
SQL: SHOW COLUMNS FROM `jia_admin` [ RunTime:0.0030s ]
SQL: SELECT `role_id` FROM `jia_admin` WHERE `id` = 31 LIMIT 1   [ RunTime:0.0010s ]
SQL: SELECT * FROM `jia_admin` WHERE `id` = 31 LIMIT 1   [ RunTime:0.0000s ]
SQL: SHOW COLUMNS FROM `jia_auth` [ RunTime:0.0000s ]
SQL: SELECT * FROM `jia_auth` WHERE ( auth_level=0 ) ORDER BY sorting  [ RunTime:0.0000s ]
SQL: SELECT * FROM `jia_auth` WHERE ( auth_level=1 ) ORDER BY sorting  [ RunTime:0.0000s ]
SQL: SHOW COLUMNS FROM `jia_category` [ RunTime:0.0000s ]
SQL: SELECT COUNT(*) AS tp_count FROM `jia_category` LIMIT 1   [ RunTime:0.0000s ]
SQL: SELECT * FROM `jia_category`  [ RunTime:0.0000s ]
INFO: [ view_parse ] --START--
INFO: [ template_filter ] --START--
INFO: Run Behavior\ContentReplaceBehavior [ RunTime:0.000000s ]
INFO: [ template_filter ] --END-- [ RunTime:0.000000s ]
NOTIC: [8] Undefined index: category_id D:\UPUPW_NP5.4\htdocs\test\Application\Runtime\Cache\Admin\2fd35acb806049b5e181282c611b8c37.php 第 350 行.
NOTIC: [8] Undefined index: category_id D:\UPUPW_NP5.4\htdocs\test\Application\Runtime\Cache\Admin\2fd35acb806049b5e181282c611b8c37.php 第 350 行.
NOTIC: [8] Undefined index: category_id D:\UPUPW_NP5.4\htdocs\test\Application\Runtime\Cache\Admin\2fd35acb806049b5e181282c611b8c37.php 第 350 行.
NOTIC: [8] Undefined index: category_id D:\UPUPW_NP5.4\htdocs\test\Application\Runtime\Cache\Admin\2fd35acb806049b5e181282c611b8c37.php 第 350 行.
NOTIC: [8] Undefined index: category_id D:\UPUPW_NP5.4\htdocs\test\Application\Runtime\Cache\Admin\2fd35acb806049b5e181282c611b8c37.php 第 350 行.
NOTIC: [8] Undefined index: category_id D:\UPUPW_NP5.4\htdocs\test\Application\Runtime\Cache\Admin\2fd35acb806049b5e181282c611b8c37.php 第 350 行.
NOTIC: [8] Undefined index: category_id D:\UPUPW_NP5.4\htdocs\test\Application\Runtime\Cache\Admin\2fd35acb806049b5e181282c611b8c37.php 第 350 行.
NOTIC: [8] Undefined index: category_id D:\UPUPW_NP5.4\htdocs\test\Application\Runtime\Cache\Admin\2fd35acb806049b5e181282c611b8c37.php 第 350 行.
NOTIC: [8] Undefined index: category_id D:\UPUPW_NP5.4\htdocs\test\Application\Runtime\Cache\Admin\2fd35acb806049b5e181282c611b8c37.php 第 350 行.
NOTIC: [8] Undefined index: category_id D:\UPUPW_NP5.4\htdocs\test\Application\Runtime\Cache\Admin\2fd35acb806049b5e181282c611b8c37.php 第 350 行.
NOTIC: [8] Undefined index: category_id D:\UPUPW_NP5.4\htdocs\test\Application\Runtime\Cache\Admin\2fd35acb806049b5e181282c611b8c37.php 第 350 行.
NOTIC: [8] Undefined index: category_id D:\UPUPW_NP5.4\htdocs\test\Application\Runtime\Cache\Admin\2fd35acb806049b5e181282c611b8c37.php 第 350 行.
NOTIC: [8] Undefined index: category_id D:\UPUPW_NP5.4\htdocs\test\Application\Runtime\Cache\Admin\2fd35acb806049b5e181282c611b8c37.php 第 350 行.
NOTIC: [8] Undefined index: category_id D:\UPUPW_NP5.4\htdocs\test\Application\Runtime\Cache\Admin\2fd35acb806049b5e181282c611b8c37.php 第 350 行.
NOTIC: [8] Undefined index: category_id D:\UPUPW_NP5.4\htdocs\test\Application\Runtime\Cache\Admin\2fd35acb806049b5e181282c611b8c37.php 第 350 行.
NOTIC: [8] Undefined index: category_id D:\UPUPW_NP5.4\htdocs\test\Application\Runtime\Cache\Admin\2fd35acb806049b5e181282c611b8c37.php 第 350 行.
NOTIC: [8] Undefined variable: page D:\UPUPW_NP5.4\htdocs\test\Application\Runtime\Cache\Admin\2fd35acb806049b5e181282c611b8c37.php 第 361 行.
INFO: Run Behavior\ParseTemplateBehavior [ RunTime:0.039001s ]
INFO: [ view_parse ] --END-- [ RunTime:0.039001s ]
INFO: [ view_filter ] --START--
INFO: Run Behavior\WriteHtmlCacheBehavior [ RunTime:0.010000s ]
INFO: [ view_filter ] --END-- [ RunTime:0.010000s ]
INFO: [ app_end ] --START--
INFO: Run Behavior\ShowPageTraceBehavior [ RunTime:0.000000s ]
INFO: [ app_end ] --END-- [ RunTime:0.000000s ]

[ 2018-05-28T09:09:46+08:00 ] 127.0.0.1 /index.php/Admin/Category/add.html
INFO: [ app_init ] --START--
INFO: Run Behavior\BuildLiteBehavior [ RunTime:0.000000s ]
INFO: [ app_init ] --END-- [ RunTime:0.000000s ]
INFO: [ app_begin ] --START--
INFO: Run Behavior\ReadHtmlCacheBehavior [ RunTime:0.002000s ]
INFO: [ app_begin ] --END-- [ RunTime:0.002000s ]
SQL: SHOW COLUMNS FROM `jia_admin` [ RunTime:0.0030s ]
SQL: SELECT `role_id` FROM `jia_admin` WHERE `id` = 31 LIMIT 1   [ RunTime:0.0000s ]
SQL: SELECT * FROM `jia_admin` WHERE `id` = 31 LIMIT 1   [ RunTime:0.0000s ]
SQL: SHOW COLUMNS FROM `jia_auth` [ RunTime:0.0030s ]
SQL: SELECT * FROM `jia_auth` WHERE ( auth_level=0 ) ORDER BY sorting  [ RunTime:0.0000s ]
SQL: SELECT * FROM `jia_auth` WHERE ( auth_level=1 ) ORDER BY sorting  [ RunTime:0.0000s ]
SQL: SHOW COLUMNS FROM `jia_category` [ RunTime:0.0030s ]
SQL: SELECT * FROM `jia_category` WHERE ( pid=0 )  [ RunTime:0.0000s ]
INFO: [ view_parse ] --START--
INFO: [ template_filter ] --START--
INFO: Run Behavior\ContentReplaceBehavior [ RunTime:0.000000s ]
INFO: [ template_filter ] --END-- [ RunTime:0.000000s ]
INFO: Run Behavior\ParseTemplateBehavior [ RunTime:0.048003s ]
INFO: [ view_parse ] --END-- [ RunTime:0.049003s ]
INFO: [ view_filter ] --START--
INFO: Run Behavior\WriteHtmlCacheBehavior [ RunTime:0.003000s ]
INFO: [ view_filter ] --END-- [ RunTime:0.003000s ]
INFO: [ app_end ] --START--
INFO: Run Behavior\ShowPageTraceBehavior [ RunTime:0.002000s ]
INFO: [ app_end ] --END-- [ RunTime:0.002000s ]

[ 2018-05-28T09:09:46+08:00 ] 127.0.0.1 /index.php/Admin/Category/add.html
INFO: [ app_init ] --START--
INFO: Run Behavior\BuildLiteBehavior [ RunTime:0.000000s ]
INFO: [ app_init ] --END-- [ RunTime:0.000000s ]
INFO: [ app_begin ] --START--
INFO: Run Behavior\ReadHtmlCacheBehavior [ RunTime:0.002000s ]
INFO: [ app_begin ] --END-- [ RunTime:0.002000s ]
SQL: SHOW COLUMNS FROM `jia_admin` [ RunTime:0.0030s ]
SQL: SELECT `role_id` FROM `jia_admin` WHERE `id` = 31 LIMIT 1   [ RunTime:0.0000s ]
SQL: SELECT * FROM `jia_admin` WHERE `id` = 31 LIMIT 1   [ RunTime:0.0000s ]
SQL: SHOW COLUMNS FROM `jia_auth` [ RunTime:0.0030s ]
SQL: SELECT * FROM `jia_auth` WHERE ( auth_level=0 ) ORDER BY sorting  [ RunTime:0.0000s ]
SQL: SELECT * FROM `jia_auth` WHERE ( auth_level=1 ) ORDER BY sorting  [ RunTime:0.0000s ]
SQL: SHOW COLUMNS FROM `jia_category` [ RunTime:0.0030s ]
SQL: SELECT * FROM `jia_category` WHERE ( pid=0 )  [ RunTime:0.0010s ]
INFO: [ view_parse ] --START--
INFO: [ template_filter ] --START--
INFO: Run Behavior\ContentReplaceBehavior [ RunTime:0.000000s ]
INFO: [ template_filter ] --END-- [ RunTime:0.000000s ]
INFO: Run Behavior\ParseTemplateBehavior [ RunTime:0.040002s ]
INFO: [ view_parse ] --END-- [ RunTime:0.040002s ]
INFO: [ view_filter ] --START--
INFO: Run Behavior\WriteHtmlCacheBehavior [ RunTime:0.006001s ]
INFO: [ view_filter ] --END-- [ RunTime:0.006001s ]
INFO: [ app_end ] --START--
INFO: Run Behavior\ShowPageTraceBehavior [ RunTime:0.003000s ]
INFO: [ app_end ] --END-- [ RunTime:0.003000s ]

[ 2018-05-28T09:09:53+08:00 ] 127.0.0.1 /index.php/Admin/Category/cateList
INFO: [ app_init ] --START--
INFO: Run Behavior\BuildLiteBehavior [ RunTime:0.000000s ]
INFO: [ app_init ] --END-- [ RunTime:0.000000s ]
INFO: [ app_begin ] --START--
INFO: Run Behavior\ReadHtmlCacheBehavior [ RunTime:0.003000s ]
INFO: [ app_begin ] --END-- [ RunTime:0.003000s ]
SQL: SHOW COLUMNS FROM `jia_admin` [ RunTime:0.0040s ]
SQL: SELECT `role_id` FROM `jia_admin` WHERE `id` = 31 LIMIT 1   [ RunTime:0.0000s ]
SQL: SELECT * FROM `jia_admin` WHERE `id` = 31 LIMIT 1   [ RunTime:0.0000s ]
SQL: SHOW COLUMNS FROM `jia_auth` [ RunTime:0.0030s ]
SQL: SELECT * FROM `jia_auth` WHERE ( auth_level=0 ) ORDER BY sorting  [ RunTime:0.0000s ]
SQL: SELECT * FROM `jia_auth` WHERE ( auth_level=1 ) ORDER BY sorting  [ RunTime:0.0000s ]
SQL: SHOW COLUMNS FROM `jia_category` [ RunTime:0.0030s ]
SQL: SELECT COUNT(*) AS tp_count FROM `jia_category` LIMIT 1   [ RunTime:0.0000s ]
SQL: SELECT * FROM `jia_category`  [ RunTime:0.0010s ]
INFO: [ view_parse ] --START--
INFO: [ template_filter ] --START--
INFO: Run Behavior\ContentReplaceBehavior [ RunTime:0.000000s ]
INFO: [ template_filter ] --END-- [ RunTime:0.000000s ]
NOTIC: [8] Undefined index: category_id D:\UPUPW_NP5.4\htdocs\test\Application\Runtime\Cache\Admin\2fd35acb806049b5e181282c611b8c37.php 第 350 行.
NOTIC: [8] Undefined index: category_id D:\UPUPW_NP5.4\htdocs\test\Application\Runtime\Cache\Admin\2fd35acb806049b5e181282c611b8c37.php 第 350 行.
NOTIC: [8] Undefined index: category_id D:\UPUPW_NP5.4\htdocs\test\Application\Runtime\Cache\Admin\2fd35acb806049b5e181282c611b8c37.php 第 350 行.
NOTIC: [8] Undefined index: category_id D:\UPUPW_NP5.4\htdocs\test\Application\Runtime\Cache\Admin\2fd35acb806049b5e181282c611b8c37.php 第 350 行.
NOTIC: [8] Undefined index: category_id D:\UPUPW_NP5.4\htdocs\test\Application\Runtime\Cache\Admin\2fd35acb806049b5e181282c611b8c37.php 第 350 行.
NOTIC: [8] Undefined index: category_id D:\UPUPW_NP5.4\htdocs\test\Application\Runtime\Cache\Admin\2fd35acb806049b5e181282c611b8c37.php 第 350 行.
NOTIC: [8] Undefined index: category_id D:\UPUPW_NP5.4\htdocs\test\Application\Runtime\Cache\Admin\2fd35acb806049b5e181282c611b8c37.php 第 350 行.
NOTIC: [8] Undefined index: category_id D:\UPUPW_NP5.4\htdocs\test\Application\Runtime\Cache\Admin\2fd35acb806049b5e181282c611b8c37.php 第 350 行.
NOTIC: [8] Undefined index: category_id D:\UPUPW_NP5.4\htdocs\test\Application\Runtime\Cache\Admin\2fd35acb806049b5e181282c611b8c37.php 第 350 行.
NOTIC: [8] Undefined index: category_id D:\UPUPW_NP5.4\htdocs\test\Application\Runtime\Cache\Admin\2fd35acb806049b5e181282c611b8c37.php 第 350 行.
NOTIC: [8] Undefined index: category_id D:\UPUPW_NP5.4\htdocs\test\Application\Runtime\Cache\Admin\2fd35acb806049b5e181282c611b8c37.php 第 350 行.
NOTIC: [8] Undefined index: category_id D:\UPUPW_NP5.4\htdocs\test\Application\Runtime\Cache\Admin\2fd35acb806049b5e181282c611b8c37.php 第 350 行.
NOTIC: [8] Undefined index: category_id D:\UPUPW_NP5.4\htdocs\test\Application\Runtime\Cache\Admin\2fd35acb806049b5e181282c611b8c37.php 第 350 行.
NOTIC: [8] Undefined index: category_id D:\UPUPW_NP5.4\htdocs\test\Application\Runtime\Cache\Admin\2fd35acb806049b5e181282c611b8c37.php 第 350 行.
NOTIC: [8] Undefined index: category_id D:\UPUPW_NP5.4\htdocs\test\Application\Runtime\Cache\Admin\2fd35acb806049b5e181282c611b8c37.php 第 350 行.
NOTIC: [8] Undefined index: category_id D:\UPUPW_NP5.4\htdocs\test\Application\Runtime\Cache\Admin\2fd35acb806049b5e181282c611b8c37.php 第 350 行.
NOTIC: [8] Undefined variable: page D:\UPUPW_NP5.4\htdocs\test\Application\Runtime\Cache\Admin\2fd35acb806049b5e181282c611b8c37.php 第 361 行.
INFO: Run Behavior\ParseTemplateBehavior [ RunTime:0.020001s ]
INFO: [ view_parse ] --END-- [ RunTime:0.020001s ]
INFO: [ view_filter ] --START--
INFO: Run Behavior\WriteHtmlCacheBehavior [ RunTime:0.003001s ]
INFO: [ view_filter ] --END-- [ RunTime:0.003001s ]
INFO: [ app_end ] --START--
INFO: Run Behavior\ShowPageTraceBehavior [ RunTime:0.002000s ]
INFO: [ app_end ] --END-- [ RunTime:0.002000s ]

[ 2018-05-28T09:09:54+08:00 ] 127.0.0.1 /index.php/Admin/Category/cateList
INFO: [ app_init ] --START--
INFO: Run Behavior\BuildLiteBehavior [ RunTime:0.000000s ]
INFO: [ app_init ] --END-- [ RunTime:0.001000s ]
INFO: [ app_begin ] --START--
INFO: Run Behavior\ReadHtmlCacheBehavior [ RunTime:0.002000s ]
INFO: [ app_begin ] --END-- [ RunTime:0.002000s ]
SQL: SHOW COLUMNS FROM `jia_admin` [ RunTime:0.0030s ]
SQL: SELECT `role_id` FROM `jia_admin` WHERE `id` = 31 LIMIT 1   [ RunTime:0.0000s ]
SQL: SELECT * FROM `jia_admin` WHERE `id` = 31 LIMIT 1   [ RunTime:0.0000s ]
SQL: SHOW COLUMNS FROM `jia_auth` [ RunTime:0.0030s ]
SQL: SELECT * FROM `jia_auth` WHERE ( auth_level=0 ) ORDER BY sorting  [ RunTime:0.0000s ]
SQL: SELECT * FROM `jia_auth` WHERE ( auth_level=1 ) ORDER BY sorting  [ RunTime:0.0000s ]
SQL: SHOW COLUMNS FROM `jia_category` [ RunTime:0.0030s ]
SQL: SELECT COUNT(*) AS tp_count FROM `jia_category` LIMIT 1   [ RunTime:0.0000s ]
SQL: SELECT * FROM `jia_category`  [ RunTime:0.0010s ]
INFO: [ view_parse ] --START--
INFO: [ template_filter ] --START--
INFO: Run Behavior\ContentReplaceBehavior [ RunTime:0.000000s ]
INFO: [ template_filter ] --END-- [ RunTime:0.000000s ]
NOTIC: [8] Undefined index: category_id D:\UPUPW_NP5.4\htdocs\test\Application\Runtime\Cache\Admin\2fd35acb806049b5e181282c611b8c37.php 第 350 行.
NOTIC: [8] Undefined index: category_id D:\UPUPW_NP5.4\htdocs\test\Application\Runtime\Cache\Admin\2fd35acb806049b5e181282c611b8c37.php 第 350 行.
NOTIC: [8] Undefined index: category_id D:\UPUPW_NP5.4\htdocs\test\Application\Runtime\Cache\Admin\2fd35acb806049b5e181282c611b8c37.php 第 350 行.
NOTIC: [8] Undefined index: category_id D:\UPUPW_NP5.4\htdocs\test\Application\Runtime\Cache\Admin\2fd35acb806049b5e181282c611b8c37.php 第 350 行.
NOTIC: [8] Undefined index: category_id D:\UPUPW_NP5.4\htdocs\test\Application\Runtime\Cache\Admin\2fd35acb806049b5e181282c611b8c37.php 第 350 行.
NOTIC: [8] Undefined index: category_id D:\UPUPW_NP5.4\htdocs\test\Application\Runtime\Cache\Admin\2fd35acb806049b5e181282c611b8c37.php 第 350 行.
NOTIC: [8] Undefined index: category_id D:\UPUPW_NP5.4\htdocs\test\Application\Runtime\Cache\Admin\2fd35acb806049b5e181282c611b8c37.php 第 350 行.
NOTIC: [8] Undefined index: category_id D:\UPUPW_NP5.4\htdocs\test\Application\Runtime\Cache\Admin\2fd35acb806049b5e181282c611b8c37.php 第 350 行.
NOTIC: [8] Undefined index: category_id D:\UPUPW_NP5.4\htdocs\test\Application\Runtime\Cache\Admin\2fd35acb806049b5e181282c611b8c37.php 第 350 行.
NOTIC: [8] Undefined index: category_id D:\UPUPW_NP5.4\htdocs\test\Application\Runtime\Cache\Admin\2fd35acb806049b5e181282c611b8c37.php 第 350 行.
NOTIC: [8] Undefined index: category_id D:\UPUPW_NP5.4\htdocs\test\Application\Runtime\Cache\Admin\2fd35acb806049b5e181282c611b8c37.php 第 350 行.
NOTIC: [8] Undefined index: category_id D:\UPUPW_NP5.4\htdocs\test\Application\Runtime\Cache\Admin\2fd35acb806049b5e181282c611b8c37.php 第 350 行.
NOTIC: [8] Undefined index: category_id D:\UPUPW_NP5.4\htdocs\test\Application\Runtime\Cache\Admin\2fd35acb806049b5e181282c611b8c37.php 第 350 行.
NOTIC: [8] Undefined index: category_id D:\UPUPW_NP5.4\htdocs\test\Application\Runtime\Cache\Admin\2fd35acb806049b5e181282c611b8c37.php 第 350 行.
NOTIC: [8] Undefined index: category_id D:\UPUPW_NP5.4\htdocs\test\Application\Runtime\Cache\Admin\2fd35acb806049b5e181282c611b8c37.php 第 350 行.
NOTIC: [8] Undefined index: category_id D:\UPUPW_NP5.4\htdocs\test\Application\Runtime\Cache\Admin\2fd35acb806049b5e181282c611b8c37.php 第 350 行.
NOTIC: [8] Undefined variable: page D:\UPUPW_NP5.4\htdocs\test\Application\Runtime\Cache\Admin\2fd35acb806049b5e181282c611b8c37.php 第 361 行.
INFO: Run Behavior\ParseTemplateBehavior [ RunTime:0.046002s ]
INFO: [ view_parse ] --END-- [ RunTime:0.046002s ]
INFO: [ view_filter ] --START--
INFO: Run Behavior\WriteHtmlCacheBehavior [ RunTime:0.006001s ]
INFO: [ view_filter ] --END-- [ RunTime:0.006001s ]
INFO: [ app_end ] --START--
INFO: Run Behavior\ShowPageTraceBehavior [ RunTime:0.002000s ]
INFO: [ app_end ] --END-- [ RunTime:0.002000s ]

[ 2018-05-28T09:09:56+08:00 ] 127.0.0.1 /index.php/Admin/Category/edit/cat_id//id/1
INFO: [ app_init ] --START--
INFO: Run Behavior\BuildLiteBehavior [ RunTime:0.000000s ]
INFO: [ app_init ] --END-- [ RunTime:0.001000s ]
INFO: [ app_begin ] --START--
INFO: Run Behavior\ReadHtmlCacheBehavior [ RunTime:0.002001s ]
INFO: [ app_begin ] --END-- [ RunTime:0.002001s ]
SQL: SHOW COLUMNS FROM `jia_admin` [ RunTime:0.0030s ]
SQL: SELECT `role_id` FROM `jia_admin` WHERE `id` = 31 LIMIT 1   [ RunTime:0.0000s ]
SQL: SELECT * FROM `jia_admin` WHERE `id` = 31 LIMIT 1   [ RunTime:0.0010s ]
SQL: SHOW COLUMNS FROM `jia_auth` [ RunTime:0.0020s ]
SQL: SELECT * FROM `jia_auth` WHERE ( auth_level=0 ) ORDER BY sorting  [ RunTime:0.0000s ]
SQL: SELECT * FROM `jia_auth` WHERE ( auth_level=1 ) ORDER BY sorting  [ RunTime:0.0000s ]
ERR: 非法操作:edit

[ 2018-05-28T09:09:58+08:00 ] 127.0.0.1 /index.php/Admin/Category/cateList
INFO: [ app_init ] --START--
INFO: Run Behavior\BuildLiteBehavior [ RunTime:0.000000s ]
INFO: [ app_init ] --END-- [ RunTime:0.001000s ]
INFO: [ app_begin ] --START--
INFO: Run Behavior\ReadHtmlCacheBehavior [ RunTime:0.002000s ]
INFO: [ app_begin ] --END-- [ RunTime:0.002000s ]
SQL: SHOW COLUMNS FROM `jia_admin` [ RunTime:0.0030s ]
SQL: SELECT `role_id` FROM `jia_admin` WHERE `id` = 31 LIMIT 1   [ RunTime:0.0000s ]
SQL: SELECT * FROM `jia_admin` WHERE `id` = 31 LIMIT 1   [ RunTime:0.0010s ]
SQL: SHOW COLUMNS FROM `jia_auth` [ RunTime:0.0030s ]
SQL: SELECT * FROM `jia_auth` WHERE ( auth_level=0 ) ORDER BY sorting  [ RunTime:0.0000s ]
SQL: SELECT * FROM `jia_auth` WHERE ( auth_level=1 ) ORDER BY sorting  [ RunTime:0.0010s ]
SQL: SHOW COLUMNS FROM `jia_category` [ RunTime:0.0030s ]
SQL: SELECT COUNT(*) AS tp_count FROM `jia_category` LIMIT 1   [ RunTime:0.0010s ]
SQL: SELECT * FROM `jia_category`  [ RunTime:0.0000s ]
INFO: [ view_parse ] --START--
INFO: [ template_filter ] --START--
INFO: Run Behavior\ContentReplaceBehavior [ RunTime:0.001000s ]
INFO: [ template_filter ] --END-- [ RunTime:0.001000s ]
NOTIC: [8] Undefined index: category_id D:\UPUPW_NP5.4\htdocs\test\Application\Runtime\Cache\Admin\2fd35acb806049b5e181282c611b8c37.php 第 350 行.
NOTIC: [8] Undefined index: category_id D:\UPUPW_NP5.4\htdocs\test\Application\Runtime\Cache\Admin\2fd35acb806049b5e181282c611b8c37.php 第 350 行.
NOTIC: [8] Undefined index: category_id D:\UPUPW_NP5.4\htdocs\test\Application\Runtime\Cache\Admin\2fd35acb806049b5e181282c611b8c37.php 第 350 行.
NOTIC: [8] Undefined index: category_id D:\UPUPW_NP5.4\htdocs\test\Application\Runtime\Cache\Admin\2fd35acb806049b5e181282c611b8c37.php 第 350 行.
NOTIC: [8] Undefined index: category_id D:\UPUPW_NP5.4\htdocs\test\Application\Runtime\Cache\Admin\2fd35acb806049b5e181282c611b8c37.php 第 350 行.
NOTIC: [8] Undefined index: category_id D:\UPUPW_NP5.4\htdocs\test\Application\Runtime\Cache\Admin\2fd35acb806049b5e181282c611b8c37.php 第 350 行.
NOTIC: [8] Undefined index: category_id D:\UPUPW_NP5.4\htdocs\test\Application\Runtime\Cache\Admin\2fd35acb806049b5e181282c611b8c37.php 第 350 行.
NOTIC: [8] Undefined index: category_id D:\UPUPW_NP5.4\htdocs\test\Application\Runtime\Cache\Admin\2fd35acb806049b5e181282c611b8c37.php 第 350 行.
NOTIC: [8] Undefined index: category_id D:\UPUPW_NP5.4\htdocs\test\Application\Runtime\Cache\Admin\2fd35acb806049b5e181282c611b8c37.php 第 350 行.
NOTIC: [8] Undefined index: category_id D:\UPUPW_NP5.4\htdocs\test\Application\Runtime\Cache\Admin\2fd35acb806049b5e181282c611b8c37.php 第 350 行.
NOTIC: [8] Undefined index: category_id D:\UPUPW_NP5.4\htdocs\test\Application\Runtime\Cache\Admin\2fd35acb806049b5e181282c611b8c37.php 第 350 行.
NOTIC: [8] Undefined index: category_id D:\UPUPW_NP5.4\htdocs\test\Application\Runtime\Cache\Admin\2fd35acb806049b5e181282c611b8c37.php 第 350 行.
NOTIC: [8] Undefined index: category_id D:\UPUPW_NP5.4\htdocs\test\Application\Runtime\Cache\Admin\2fd35acb806049b5e181282c611b8c37.php 第 350 行.
NOTIC: [8] Undefined index: category_id D:\UPUPW_NP5.4\htdocs\test\Application\Runtime\Cache\Admin\2fd35acb806049b5e181282c611b8c37.php 第 350 行.
NOTIC: [8] Undefined index: category_id D:\UPUPW_NP5.4\htdocs\test\Application\Runtime\Cache\Admin\2fd35acb806049b5e181282c611b8c37.php 第 350 行.
NOTIC: [8] Undefined index: category_id D:\UPUPW_NP5.4\htdocs\test\Application\Runtime\Cache\Admin\2fd35acb806049b5e181282c611b8c37.php 第 350 行.
NOTIC: [8] Undefined variable: page D:\UPUPW_NP5.4\htdocs\test\Application\Runtime\Cache\Admin\2fd35acb806049b5e181282c611b8c37.php 第 361 行.
INFO: Run Behavior\ParseTemplateBehavior [ RunTime:0.020001s ]
INFO: [ view_parse ] --END-- [ RunTime:0.020001s ]
INFO: [ view_filter ] --START--
INFO: Run Behavior\WriteHtmlCacheBehavior [ RunTime:0.002000s ]
INFO: [ view_filter ] --END-- [ RunTime:0.002000s ]
INFO: [ app_end ] --START--
INFO: Run Behavior\ShowPageTraceBehavior [ RunTime:0.002000s ]
INFO: [ app_end ] --END-- [ RunTime:0.002000s ]

[ 2018-05-28T09:10:14+08:00 ] 127.0.0.1 /index.php/Admin/Category/cateList
INFO: [ app_init ] --START--
INFO: Run Behavior\BuildLiteBehavior [ RunTime:0.001000s ]
INFO: [ app_init ] --END-- [ RunTime:0.001000s ]
INFO: [ app_begin ] --START--
INFO: Run Behavior\ReadHtmlCacheBehavior [ RunTime:0.003000s ]
INFO: [ app_begin ] --END-- [ RunTime:0.003000s ]
SQL: SHOW COLUMNS FROM `jia_admin` [ RunTime:0.0030s ]
SQL: SELECT `role_id` FROM `jia_admin` WHERE `id` = 31 LIMIT 1   [ RunTime:0.0000s ]
SQL: SELECT * FROM `jia_admin` WHERE `id` = 31 LIMIT 1   [ RunTime:0.0000s ]
SQL: SHOW COLUMNS FROM `jia_auth` [ RunTime:0.0030s ]
SQL: SELECT * FROM `jia_auth` WHERE ( auth_level=0 ) ORDER BY sorting  [ RunTime:0.0010s ]
SQL: SELECT * FROM `jia_auth` WHERE ( auth_level=1 ) ORDER BY sorting  [ RunTime:0.0000s ]
SQL: SHOW COLUMNS FROM `jia_category` [ RunTime:0.0030s ]
SQL: SELECT COUNT(*) AS tp_count FROM `jia_category` LIMIT 1   [ RunTime:0.0000s ]
SQL: SELECT * FROM `jia_category`  [ RunTime:0.0000s ]
INFO: [ view_parse ] --START--
INFO: [ template_filter ] --START--
INFO: Run Behavior\ContentReplaceBehavior [ RunTime:0.000000s ]
INFO: [ template_filter ] --END-- [ RunTime:0.000000s ]
NOTIC: [8] Undefined index: category_id D:\UPUPW_NP5.4\htdocs\test\Application\Runtime\Cache\Admin\2fd35acb806049b5e181282c611b8c37.php 第 350 行.
NOTIC: [8] Undefined index: category_id D:\UPUPW_NP5.4\htdocs\test\Application\Runtime\Cache\Admin\2fd35acb806049b5e181282c611b8c37.php 第 350 行.
NOTIC: [8] Undefined index: category_id D:\UPUPW_NP5.4\htdocs\test\Application\Runtime\Cache\Admin\2fd35acb806049b5e181282c611b8c37.php 第 350 行.
NOTIC: [8] Undefined index: category_id D:\UPUPW_NP5.4\htdocs\test\Application\Runtime\Cache\Admin\2fd35acb806049b5e181282c611b8c37.php 第 350 行.
NOTIC: [8] Undefined index: category_id D:\UPUPW_NP5.4\htdocs\test\Application\Runtime\Cache\Admin\2fd35acb806049b5e181282c611b8c37.php 第 350 行.
NOTIC: [8] Undefined index: category_id D:\UPUPW_NP5.4\htdocs\test\Application\Runtime\Cache\Admin\2fd35acb806049b5e181282c611b8c37.php 第 350 行.
NOTIC: [8] Undefined index: category_id D:\UPUPW_NP5.4\htdocs\test\Application\Runtime\Cache\Admin\2fd35acb806049b5e181282c611b8c37.php 第 350 行.
NOTIC: [8] Undefined index: category_id D:\UPUPW_NP5.4\htdocs\test\Application\Runtime\Cache\Admin\2fd35acb806049b5e181282c611b8c37.php 第 350 行.
NOTIC: [8] Undefined index: category_id D:\UPUPW_NP5.4\htdocs\test\Application\Runtime\Cache\Admin\2fd35acb806049b5e181282c611b8c37.php 第 350 行.
NOTIC: [8] Undefined index: category_id D:\UPUPW_NP5.4\htdocs\test\Application\Runtime\Cache\Admin\2fd35acb806049b5e181282c611b8c37.php 第 350 行.
NOTIC: [8] Undefined index: category_id D:\UPUPW_NP5.4\htdocs\test\Application\Runtime\Cache\Admin\2fd35acb806049b5e181282c611b8c37.php 第 350 行.
NOTIC: [8] Undefined index: category_id D:\UPUPW_NP5.4\htdocs\test\Application\Runtime\Cache\Admin\2fd35acb806049b5e181282c611b8c37.php 第 350 行.
NOTIC: [8] Undefined index: category_id D:\UPUPW_NP5.4\htdocs\test\Application\Runtime\Cache\Admin\2fd35acb806049b5e181282c611b8c37.php 第 350 行.
NOTIC: [8] Undefined index: category_id D:\UPUPW_NP5.4\htdocs\test\Application\Runtime\Cache\Admin\2fd35acb806049b5e181282c611b8c37.php 第 350 行.
NOTIC: [8] Undefined index: category_id D:\UPUPW_NP5.4\htdocs\test\Application\Runtime\Cache\Admin\2fd35acb806049b5e181282c611b8c37.php 第 350 行.
NOTIC: [8] Undefined index: category_id D:\UPUPW_NP5.4\htdocs\test\Application\Runtime\Cache\Admin\2fd35acb806049b5e181282c611b8c37.php 第 350 行.
NOTIC: [8] Undefined variable: page D:\UPUPW_NP5.4\htdocs\test\Application\Runtime\Cache\Admin\2fd35acb806049b5e181282c611b8c37.php 第 361 行.
INFO: Run Behavior\ParseTemplateBehavior [ RunTime:0.019001s ]
INFO: [ view_parse ] --END-- [ RunTime:0.019001s ]
INFO: [ view_filter ] --START--
INFO: Run Behavior\WriteHtmlCacheBehavior [ RunTime:0.002000s ]
INFO: [ view_filter ] --END-- [ RunTime:0.002000s ]
INFO: [ app_end ] --START--
INFO: Run Behavior\ShowPageTraceBehavior [ RunTime:0.002000s ]
INFO: [ app_end ] --END-- [ RunTime:0.002000s ]

[ 2018-05-28T09:10:14+08:00 ] 127.0.0.1 /index.php/Admin/Category/cateList
INFO: [ app_init ] --START--
INFO: Run Behavior\BuildLiteBehavior [ RunTime:0.000000s ]
INFO: [ app_init ] --END-- [ RunTime:0.001000s ]
INFO: [ app_begin ] --START--
INFO: Run Behavior\ReadHtmlCacheBehavior [ RunTime:0.002000s ]
INFO: [ app_begin ] --END-- [ RunTime:0.002000s ]
SQL: SHOW COLUMNS FROM `jia_admin` [ RunTime:0.0000s ]
SQL: SELECT `role_id` FROM `jia_admin` WHERE `id` = 31 LIMIT 1   [ RunTime:0.0000s ]
SQL: SELECT * FROM `jia_admin` WHERE `id` = 31 LIMIT 1   [ RunTime:0.0000s ]
SQL: SHOW COLUMNS FROM `jia_auth` [ RunTime:0.0000s ]
SQL: SELECT * FROM `jia_auth` WHERE ( auth_level=0 ) ORDER BY sorting  [ RunTime:0.0000s ]
SQL: SELECT * FROM `jia_auth` WHERE ( auth_level=1 ) ORDER BY sorting  [ RunTime:0.0000s ]
SQL: SHOW COLUMNS FROM `jia_category` [ RunTime:0.0000s ]
SQL: SELECT COUNT(*) AS tp_count FROM `jia_category` LIMIT 1   [ RunTime:0.0000s ]
SQL: SELECT * FROM `jia_category`  [ RunTime:0.0000s ]
INFO: [ view_parse ] --START--
INFO: [ template_filter ] --START--
INFO: Run Behavior\ContentReplaceBehavior [ RunTime:0.000000s ]
INFO: [ template_filter ] --END-- [ RunTime:0.000000s ]
NOTIC: [8] Undefined index: category_id D:\UPUPW_NP5.4\htdocs\test\Application\Runtime\Cache\Admin\2fd35acb806049b5e181282c611b8c37.php 第 350 行.
NOTIC: [8] Undefined index: category_id D:\UPUPW_NP5.4\htdocs\test\Application\Runtime\Cache\Admin\2fd35acb806049b5e181282c611b8c37.php 第 350 行.
NOTIC: [8] Undefined index: category_id D:\UPUPW_NP5.4\htdocs\test\Application\Runtime\Cache\Admin\2fd35acb806049b5e181282c611b8c37.php 第 350 行.
NOTIC: [8] Undefined index: category_id D:\UPUPW_NP5.4\htdocs\test\Application\Runtime\Cache\Admin\2fd35acb806049b5e181282c611b8c37.php 第 350 行.
NOTIC: [8] Undefined index: category_id D:\UPUPW_NP5.4\htdocs\test\Application\Runtime\Cache\Admin\2fd35acb806049b5e181282c611b8c37.php 第 350 行.
NOTIC: [8] Undefined index: category_id D:\UPUPW_NP5.4\htdocs\test\Application\Runtime\Cache\Admin\2fd35acb806049b5e181282c611b8c37.php 第 350 行.
NOTIC: [8] Undefined index: category_id D:\UPUPW_NP5.4\htdocs\test\Application\Runtime\Cache\Admin\2fd35acb806049b5e181282c611b8c37.php 第 350 行.
NOTIC: [8] Undefined index: category_id D:\UPUPW_NP5.4\htdocs\test\Application\Runtime\Cache\Admin\2fd35acb806049b5e181282c611b8c37.php 第 350 行.
NOTIC: [8] Undefined index: category_id D:\UPUPW_NP5.4\htdocs\test\Application\Runtime\Cache\Admin\2fd35acb806049b5e181282c611b8c37.php 第 350 行.
NOTIC: [8] Undefined index: category_id D:\UPUPW_NP5.4\htdocs\test\Application\Runtime\Cache\Admin\2fd35acb806049b5e181282c611b8c37.php 第 350 行.
NOTIC: [8] Undefined index: category_id D:\UPUPW_NP5.4\htdocs\test\Application\Runtime\Cache\Admin\2fd35acb806049b5e181282c611b8c37.php 第 350 行.
NOTIC: [8] Undefined index: category_id D:\UPUPW_NP5.4\htdocs\test\Application\Runtime\Cache\Admin\2fd35acb806049b5e181282c611b8c37.php 第 350 行.
NOTIC: [8] Undefined index: category_id D:\UPUPW_NP5.4\htdocs\test\Application\Runtime\Cache\Admin\2fd35acb806049b5e181282c611b8c37.php 第 350 行.
NOTIC: [8] Undefined index: category_id D:\UPUPW_NP5.4\htdocs\test\Application\Runtime\Cache\Admin\2fd35acb806049b5e181282c611b8c37.php 第 350 行.
NOTIC: [8] Undefined index: category_id D:\UPUPW_NP5.4\htdocs\test\Application\Runtime\Cache\Admin\2fd35acb806049b5e181282c611b8c37.php 第 350 行.
NOTIC: [8] Undefined index: category_id D:\UPUPW_NP5.4\htdocs\test\Application\Runtime\Cache\Admin\2fd35acb806049b5e181282c611b8c37.php 第 350 行.
NOTIC: [8] Undefined variable: page D:\UPUPW_NP5.4\htdocs\test\Application\Runtime\Cache\Admin\2fd35acb806049b5e181282c611b8c37.php 第 361 行.
INFO: Run Behavior\ParseTemplateBehavior [ RunTime:0.020000s ]
INFO: [ view_parse ] --END-- [ RunTime:0.020000s ]
INFO: [ view_filter ] --START--
INFO: Run Behavior\WriteHtmlCacheBehavior [ RunTime:0.000000s ]
INFO: [ view_filter ] --END-- [ RunTime:0.000000s ]
INFO: [ app_end ] --START--
INFO: Run Behavior\ShowPageTraceBehavior [ RunTime:0.000000s ]
INFO: [ app_end ] --END-- [ RunTime:0.000000s ]

[ 2018-05-28T09:10:15+08:00 ] 127.0.0.1 /index.php/Admin/Category/cateList
INFO: [ app_init ] --START--
INFO: Run Behavior\BuildLiteBehavior [ RunTime:0.000000s ]
INFO: [ app_init ] --END-- [ RunTime:0.000000s ]
INFO: [ app_begin ] --START--
INFO: Run Behavior\ReadHtmlCacheBehavior [ RunTime:0.002000s ]
INFO: [ app_begin ] --END-- [ RunTime:0.002000s ]
SQL: SHOW COLUMNS FROM `jia_admin` [ RunTime:0.0030s ]
SQL: SELECT `role_id` FROM `jia_admin` WHERE `id` = 31 LIMIT 1   [ RunTime:0.0000s ]
SQL: SELECT * FROM `jia_admin` WHERE `id` = 31 LIMIT 1   [ RunTime:0.0010s ]
SQL: SHOW COLUMNS FROM `jia_auth` [ RunTime:0.0020s ]
SQL: SELECT * FROM `jia_auth` WHERE ( auth_level=0 ) ORDER BY sorting  [ RunTime:0.0010s ]
SQL: SELECT * FROM `jia_auth` WHERE ( auth_level=1 ) ORDER BY sorting  [ RunTime:0.0000s ]
SQL: SHOW COLUMNS FROM `jia_category` [ RunTime:0.0030s ]
SQL: SELECT COUNT(*) AS tp_count FROM `jia_category` LIMIT 1   [ RunTime:0.0000s ]
SQL: SELECT * FROM `jia_category`  [ RunTime:0.0000s ]
INFO: [ view_parse ] --START--
INFO: [ template_filter ] --START--
INFO: Run Behavior\ContentReplaceBehavior [ RunTime:0.000000s ]
INFO: [ template_filter ] --END-- [ RunTime:0.000000s ]
NOTIC: [8] Undefined index: category_id D:\UPUPW_NP5.4\htdocs\test\Application\Runtime\Cache\Admin\2fd35acb806049b5e181282c611b8c37.php 第 350 行.
NOTIC: [8] Undefined index: category_id D:\UPUPW_NP5.4\htdocs\test\Application\Runtime\Cache\Admin\2fd35acb806049b5e181282c611b8c37.php 第 350 行.
NOTIC: [8] Undefined index: category_id D:\UPUPW_NP5.4\htdocs\test\Application\Runtime\Cache\Admin\2fd35acb806049b5e181282c611b8c37.php 第 350 行.
NOTIC: [8] Undefined index: category_id D:\UPUPW_NP5.4\htdocs\test\Application\Runtime\Cache\Admin\2fd35acb806049b5e181282c611b8c37.php 第 350 行.
NOTIC: [8] Undefined index: category_id D:\UPUPW_NP5.4\htdocs\test\Application\Runtime\Cache\Admin\2fd35acb806049b5e181282c611b8c37.php 第 350 行.
NOTIC: [8] Undefined index: category_id D:\UPUPW_NP5.4\htdocs\test\Application\Runtime\Cache\Admin\2fd35acb806049b5e181282c611b8c37.php 第 350 行.
NOTIC: [8] Undefined index: category_id D:\UPUPW_NP5.4\htdocs\test\Application\Runtime\Cache\Admin\2fd35acb806049b5e181282c611b8c37.php 第 350 行.
NOTIC: [8] Undefined index: category_id D:\UPUPW_NP5.4\htdocs\test\Application\Runtime\Cache\Admin\2fd35acb806049b5e181282c611b8c37.php 第 350 行.
NOTIC: [8] Undefined index: category_id D:\UPUPW_NP5.4\htdocs\test\Application\Runtime\Cache\Admin\2fd35acb806049b5e181282c611b8c37.php 第 350 行.
NOTIC: [8] Undefined index: category_id D:\UPUPW_NP5.4\htdocs\test\Application\Runtime\Cache\Admin\2fd35acb806049b5e181282c611b8c37.php 第 350 行.
NOTIC: [8] Undefined index: category_id D:\UPUPW_NP5.4\htdocs\test\Application\Runtime\Cache\Admin\2fd35acb806049b5e181282c611b8c37.php 第 350 行.
NOTIC: [8] Undefined index: category_id D:\UPUPW_NP5.4\htdocs\test\Application\Runtime\Cache\Admin\2fd35acb806049b5e181282c611b8c37.php 第 350 行.
NOTIC: [8] Undefined index: category_id D:\UPUPW_NP5.4\htdocs\test\Application\Runtime\Cache\Admin\2fd35acb806049b5e181282c611b8c37.php 第 350 行.
NOTIC: [8] Undefined index: category_id D:\UPUPW_NP5.4\htdocs\test\Application\Runtime\Cache\Admin\2fd35acb806049b5e181282c611b8c37.php 第 350 行.
NOTIC: [8] Undefined index: category_id D:\UPUPW_NP5.4\htdocs\test\Application\Runtime\Cache\Admin\2fd35acb806049b5e181282c611b8c37.php 第 350 行.
NOTIC: [8] Undefined index: category_id D:\UPUPW_NP5.4\htdocs\test\Application\Runtime\Cache\Admin\2fd35acb806049b5e181282c611b8c37.php 第 350 行.
NOTIC: [8] Undefined variable: page D:\UPUPW_NP5.4\htdocs\test\Application\Runtime\Cache\Admin\2fd35acb806049b5e181282c611b8c37.php 第 361 行.
INFO: Run Behavior\ParseTemplateBehavior [ RunTime:0.019001s ]
INFO: [ view_parse ] --END-- [ RunTime:0.019001s ]
INFO: [ view_filter ] --START--
INFO: Run Behavior\WriteHtmlCacheBehavior [ RunTime:0.002000s ]
INFO: [ view_filter ] --END-- [ RunTime:0.002000s ]
INFO: [ app_end ] --START--
INFO: Run Behavior\ShowPageTraceBehavior [ RunTime:0.002001s ]
INFO: [ app_end ] --END-- [ RunTime:0.002001s ]

[ 2018-05-28T09:10:15+08:00 ] 127.0.0.1 /index.php/Admin/Category/cateList
INFO: [ app_init ] --START--
INFO: Run Behavior\BuildLiteBehavior [ RunTime:0.000000s ]
INFO: [ app_init ] --END-- [ RunTime:0.000000s ]
INFO: [ app_begin ] --START--
INFO: Run Behavior\ReadHtmlCacheBehavior [ RunTime:0.002000s ]
INFO: [ app_begin ] --END-- [ RunTime:0.002000s ]
SQL: SHOW COLUMNS FROM `jia_admin` [ RunTime:0.0020s ]
SQL: SELECT `role_id` FROM `jia_admin` WHERE `id` = 31 LIMIT 1   [ RunTime:0.0000s ]
SQL: SELECT * FROM `jia_admin` WHERE `id` = 31 LIMIT 1   [ RunTime:0.0000s ]
SQL: SHOW COLUMNS FROM `jia_auth` [ RunTime:0.0000s ]
SQL: SELECT * FROM `jia_auth` WHERE ( auth_level=0 ) ORDER BY sorting  [ RunTime:0.0000s ]
SQL: SELECT * FROM `jia_auth` WHERE ( auth_level=1 ) ORDER BY sorting  [ RunTime:0.0000s ]
SQL: SHOW COLUMNS FROM `jia_category` [ RunTime:0.0100s ]
SQL: SELECT COUNT(*) AS tp_count FROM `jia_category` LIMIT 1   [ RunTime:0.0000s ]
SQL: SELECT * FROM `jia_category`  [ RunTime:0.0000s ]
INFO: [ view_parse ] --START--
INFO: [ template_filter ] --START--
INFO: Run Behavior\ContentReplaceBehavior [ RunTime:0.000000s ]
INFO: [ template_filter ] --END-- [ RunTime:0.000000s ]
NOTIC: [8] Undefined index: category_id D:\UPUPW_NP5.4\htdocs\test\Application\Runtime\Cache\Admin\2fd35acb806049b5e181282c611b8c37.php 第 350 行.
NOTIC: [8] Undefined index: category_id D:\UPUPW_NP5.4\htdocs\test\Application\Runtime\Cache\Admin\2fd35acb806049b5e181282c611b8c37.php 第 350 行.
NOTIC: [8] Undefined index: category_id D:\UPUPW_NP5.4\htdocs\test\Application\Runtime\Cache\Admin\2fd35acb806049b5e181282c611b8c37.php 第 350 行.
NOTIC: [8] Undefined index: category_id D:\UPUPW_NP5.4\htdocs\test\Application\Runtime\Cache\Admin\2fd35acb806049b5e181282c611b8c37.php 第 350 行.
NOTIC: [8] Undefined index: category_id D:\UPUPW_NP5.4\htdocs\test\Application\Runtime\Cache\Admin\2fd35acb806049b5e181282c611b8c37.php 第 350 行.
NOTIC: [8] Undefined index: category_id D:\UPUPW_NP5.4\htdocs\test\Application\Runtime\Cache\Admin\2fd35acb806049b5e181282c611b8c37.php 第 350 行.
NOTIC: [8] Undefined index: category_id D:\UPUPW_NP5.4\htdocs\test\Application\Runtime\Cache\Admin\2fd35acb806049b5e181282c611b8c37.php 第 350 行.
NOTIC: [8] Undefined index: category_id D:\UPUPW_NP5.4\htdocs\test\Application\Runtime\Cache\Admin\2fd35acb806049b5e181282c611b8c37.php 第 350 行.
NOTIC: [8] Undefined index: category_id D:\UPUPW_NP5.4\htdocs\test\Application\Runtime\Cache\Admin\2fd35acb806049b5e181282c611b8c37.php 第 350 行.
NOTIC: [8] Undefined index: category_id D:\UPUPW_NP5.4\htdocs\test\Application\Runtime\Cache\Admin\2fd35acb806049b5e181282c611b8c37.php 第 350 行.
NOTIC: [8] Undefined index: category_id D:\UPUPW_NP5.4\htdocs\test\Application\Runtime\Cache\Admin\2fd35acb806049b5e181282c611b8c37.php 第 350 行.
NOTIC: [8] Undefined index: category_id D:\UPUPW_NP5.4\htdocs\test\Application\Runtime\Cache\Admin\2fd35acb806049b5e181282c611b8c37.php 第 350 行.
NOTIC: [8] Undefined index: category_id D:\UPUPW_NP5.4\htdocs\test\Application\Runtime\Cache\Admin\2fd35acb806049b5e181282c611b8c37.php 第 350 行.
NOTIC: [8] Undefined index: category_id D:\UPUPW_NP5.4\htdocs\test\Application\Runtime\Cache\Admin\2fd35acb806049b5e181282c611b8c37.php 第 350 行.
NOTIC: [8] Undefined index: category_id D:\UPUPW_NP5.4\htdocs\test\Application\Runtime\Cache\Admin\2fd35acb806049b5e181282c611b8c37.php 第 350 行.
NOTIC: [8] Undefined index: category_id D:\UPUPW_NP5.4\htdocs\test\Application\Runtime\Cache\Admin\2fd35acb806049b5e181282c611b8c37.php 第 350 行.
NOTIC: [8] Undefined variable: page D:\UPUPW_NP5.4\htdocs\test\Application\Runtime\Cache\Admin\2fd35acb806049b5e181282c611b8c37.php 第 361 行.
INFO: Run Behavior\ParseTemplateBehavior [ RunTime:0.020000s ]
INFO: [ view_parse ] --END-- [ RunTime:0.020000s ]
INFO: [ view_filter ] --START--
INFO: Run Behavior\WriteHtmlCacheBehavior [ RunTime:0.000000s ]
INFO: [ view_filter ] --END-- [ RunTime:0.000000s ]
INFO: [ app_end ] --START--
INFO: Run Behavior\ShowPageTraceBehavior [ RunTime:0.000000s ]
INFO: [ app_end ] --END-- [ RunTime:0.000000s ]

[ 2018-05-28T09:10:17+08:00 ] 127.0.0.1 /index.php/Admin/Category/cateList
INFO: [ app_init ] --START--
INFO: Run Behavior\BuildLiteBehavior [ RunTime:0.000000s ]
INFO: [ app_init ] --END-- [ RunTime:0.001000s ]
INFO: [ app_begin ] --START--
INFO: Run Behavior\ReadHtmlCacheBehavior [ RunTime:0.003000s ]
INFO: [ app_begin ] --END-- [ RunTime:0.003000s ]
SQL: SHOW COLUMNS FROM `jia_admin` [ RunTime:0.0030s ]
SQL: SELECT `role_id` FROM `jia_admin` WHERE `id` = 31 LIMIT 1   [ RunTime:0.0000s ]
SQL: SELECT * FROM `jia_admin` WHERE `id` = 31 LIMIT 1   [ RunTime:0.0010s ]
SQL: SHOW COLUMNS FROM `jia_auth` [ RunTime:0.0030s ]
SQL: SELECT * FROM `jia_auth` WHERE ( auth_level=0 ) ORDER BY sorting  [ RunTime:0.0000s ]
SQL: SELECT * FROM `jia_auth` WHERE ( auth_level=1 ) ORDER BY sorting  [ RunTime:0.0000s ]
SQL: SHOW COLUMNS FROM `jia_category` [ RunTime:0.0030s ]
SQL: SELECT COUNT(*) AS tp_count FROM `jia_category` LIMIT 1   [ RunTime:0.0000s ]
SQL: SELECT * FROM `jia_category`  [ RunTime:0.0010s ]
INFO: [ view_parse ] --START--
INFO: [ template_filter ] --START--
INFO: Run Behavior\ContentReplaceBehavior [ RunTime:0.000000s ]
INFO: [ template_filter ] --END-- [ RunTime:0.000000s ]
NOTIC: [8] Undefined index: category_id D:\UPUPW_NP5.4\htdocs\test\Application\Runtime\Cache\Admin\2fd35acb806049b5e181282c611b8c37.php 第 350 行.
NOTIC: [8] Undefined index: category_id D:\UPUPW_NP5.4\htdocs\test\Application\Runtime\Cache\Admin\2fd35acb806049b5e181282c611b8c37.php 第 350 行.
NOTIC: [8] Undefined index: category_id D:\UPUPW_NP5.4\htdocs\test\Application\Runtime\Cache\Admin\2fd35acb806049b5e181282c611b8c37.php 第 350 行.
NOTIC: [8] Undefined index: category_id D:\UPUPW_NP5.4\htdocs\test\Application\Runtime\Cache\Admin\2fd35acb806049b5e181282c611b8c37.php 第 350 行.
NOTIC: [8] Undefined index: category_id D:\UPUPW_NP5.4\htdocs\test\Application\Runtime\Cache\Admin\2fd35acb806049b5e181282c611b8c37.php 第 350 行.
NOTIC: [8] Undefined index: category_id D:\UPUPW_NP5.4\htdocs\test\Application\Runtime\Cache\Admin\2fd35acb806049b5e181282c611b8c37.php 第 350 行.
NOTIC: [8] Undefined index: category_id D:\UPUPW_NP5.4\htdocs\test\Application\Runtime\Cache\Admin\2fd35acb806049b5e181282c611b8c37.php 第 350 行.
NOTIC: [8] Undefined index: category_id D:\UPUPW_NP5.4\htdocs\test\Application\Runtime\Cache\Admin\2fd35acb806049b5e181282c611b8c37.php 第 350 行.
NOTIC: [8] Undefined index: category_id D:\UPUPW_NP5.4\htdocs\test\Application\Runtime\Cache\Admin\2fd35acb806049b5e181282c611b8c37.php 第 350 行.
NOTIC: [8] Undefined index: category_id D:\UPUPW_NP5.4\htdocs\test\Application\Runtime\Cache\Admin\2fd35acb806049b5e181282c611b8c37.php 第 350 行.
NOTIC: [8] Undefined index: category_id D:\UPUPW_NP5.4\htdocs\test\Application\Runtime\Cache\Admin\2fd35acb806049b5e181282c611b8c37.php 第 350 行.
NOTIC: [8] Undefined index: category_id D:\UPUPW_NP5.4\htdocs\test\Application\Runtime\Cache\Admin\2fd35acb806049b5e181282c611b8c37.php 第 350 行.
NOTIC: [8] Undefined index: category_id D:\UPUPW_NP5.4\htdocs\test\Application\Runtime\Cache\Admin\2fd35acb806049b5e181282c611b8c37.php 第 350 行.
NOTIC: [8] Undefined index: category_id D:\UPUPW_NP5.4\htdocs\test\Application\Runtime\Cache\Admin\2fd35acb806049b5e181282c611b8c37.php 第 350 行.
NOTIC: [8] Undefined index: category_id D:\UPUPW_NP5.4\htdocs\test\Application\Runtime\Cache\Admin\2fd35acb806049b5e181282c611b8c37.php 第 350 行.
NOTIC: [8] Undefined index: category_id D:\UPUPW_NP5.4\htdocs\test\Application\Runtime\Cache\Admin\2fd35acb806049b5e181282c611b8c37.php 第 350 行.
NOTIC: [8] Undefined variable: page D:\UPUPW_NP5.4\htdocs\test\Application\Runtime\Cache\Admin\2fd35acb806049b5e181282c611b8c37.php 第 361 行.
INFO: Run Behavior\ParseTemplateBehavior [ RunTime:0.020001s ]
INFO: [ view_parse ] --END-- [ RunTime:0.020001s ]
INFO: [ view_filter ] --START--
INFO: Run Behavior\WriteHtmlCacheBehavior [ RunTime:0.002000s ]
INFO: [ view_filter ] --END-- [ RunTime:0.002000s ]
INFO: [ app_end ] --START--
INFO: Run Behavior\ShowPageTraceBehavior [ RunTime:0.002000s ]
INFO: [ app_end ] --END-- [ RunTime:0.002000s ]

[ 2018-05-28T09:10:17+08:00 ] 127.0.0.1 /index.php/Admin/Category/cateList
INFO: [ app_init ] --START--
INFO: Run Behavior\BuildLiteBehavior [ RunTime:0.000000s ]
INFO: [ app_init ] --END-- [ RunTime:0.000000s ]
INFO: [ app_begin ] --START--
INFO: Run Behavior\ReadHtmlCacheBehavior [ RunTime:0.003000s ]
INFO: [ app_begin ] --END-- [ RunTime:0.003000s ]
SQL: SHOW COLUMNS FROM `jia_admin` [ RunTime:0.0000s ]
SQL: SELECT `role_id` FROM `jia_admin` WHERE `id` = 31 LIMIT 1   [ RunTime:0.0000s ]
SQL: SELECT * FROM `jia_admin` WHERE `id` = 31 LIMIT 1   [ RunTime:0.0000s ]
SQL: SHOW COLUMNS FROM `jia_auth` [ RunTime:0.0000s ]
SQL: SELECT * FROM `jia_auth` WHERE ( auth_level=0 ) ORDER BY sorting  [ RunTime:0.0000s ]
SQL: SELECT * FROM `jia_auth` WHERE ( auth_level=1 ) ORDER BY sorting  [ RunTime:0.0000s ]
SQL: SHOW COLUMNS FROM `jia_category` [ RunTime:0.0000s ]
SQL: SELECT COUNT(*) AS tp_count FROM `jia_category` LIMIT 1   [ RunTime:0.0000s ]
SQL: SELECT * FROM `jia_category`  [ RunTime:0.0000s ]
INFO: [ view_parse ] --START--
INFO: [ template_filter ] --START--
INFO: Run Behavior\ContentReplaceBehavior [ RunTime:0.000000s ]
INFO: [ template_filter ] --END-- [ RunTime:0.000000s ]
NOTIC: [8] Undefined index: category_id D:\UPUPW_NP5.4\htdocs\test\Application\Runtime\Cache\Admin\2fd35acb806049b5e181282c611b8c37.php 第 350 行.
NOTIC: [8] Undefined index: category_id D:\UPUPW_NP5.4\htdocs\test\Application\Runtime\Cache\Admin\2fd35acb806049b5e181282c611b8c37.php 第 350 行.
NOTIC: [8] Undefined index: category_id D:\UPUPW_NP5.4\htdocs\test\Application\Runtime\Cache\Admin\2fd35acb806049b5e181282c611b8c37.php 第 350 行.
NOTIC: [8] Undefined index: category_id D:\UPUPW_NP5.4\htdocs\test\Application\Runtime\Cache\Admin\2fd35acb806049b5e181282c611b8c37.php 第 350 行.
NOTIC: [8] Undefined index: category_id D:\UPUPW_NP5.4\htdocs\test\Application\Runtime\Cache\Admin\2fd35acb806049b5e181282c611b8c37.php 第 350 行.
NOTIC: [8] Undefined index: category_id D:\UPUPW_NP5.4\htdocs\test\Application\Runtime\Cache\Admin\2fd35acb806049b5e181282c611b8c37.php 第 350 行.
NOTIC: [8] Undefined index: category_id D:\UPUPW_NP5.4\htdocs\test\Application\Runtime\Cache\Admin\2fd35acb806049b5e181282c611b8c37.php 第 350 行.
NOTIC: [8] Undefined index: category_id D:\UPUPW_NP5.4\htdocs\test\Application\Runtime\Cache\Admin\2fd35acb806049b5e181282c611b8c37.php 第 350 行.
NOTIC: [8] Undefined index: category_id D:\UPUPW_NP5.4\htdocs\test\Application\Runtime\Cache\Admin\2fd35acb806049b5e181282c611b8c37.php 第 350 行.
NOTIC: [8] Undefined index: category_id D:\UPUPW_NP5.4\htdocs\test\Application\Runtime\Cache\Admin\2fd35acb806049b5e181282c611b8c37.php 第 350 行.
NOTIC: [8] Undefined index: category_id D:\UPUPW_NP5.4\htdocs\test\Application\Runtime\Cache\Admin\2fd35acb806049b5e181282c611b8c37.php 第 350 行.
NOTIC: [8] Undefined index: category_id D:\UPUPW_NP5.4\htdocs\test\Application\Runtime\Cache\Admin\2fd35acb806049b5e181282c611b8c37.php 第 350 行.
NOTIC: [8] Undefined index: category_id D:\UPUPW_NP5.4\htdocs\test\Application\Runtime\Cache\Admin\2fd35acb806049b5e181282c611b8c37.php 第 350 行.
NOTIC: [8] Undefined index: category_id D:\UPUPW_NP5.4\htdocs\test\Application\Runtime\Cache\Admin\2fd35acb806049b5e181282c611b8c37.php 第 350 行.
NOTIC: [8] Undefined index: category_id D:\UPUPW_NP5.4\htdocs\test\Application\Runtime\Cache\Admin\2fd35acb806049b5e181282c611b8c37.php 第 350 行.
NOTIC: [8] Undefined index: category_id D:\UPUPW_NP5.4\htdocs\test\Application\Runtime\Cache\Admin\2fd35acb806049b5e181282c611b8c37.php 第 350 行.
NOTIC: [8] Undefined variable: page D:\UPUPW_NP5.4\htdocs\test\Application\Runtime\Cache\Admin\2fd35acb806049b5e181282c611b8c37.php 第 361 行.
INFO: Run Behavior\ParseTemplateBehavior [ RunTime:0.020000s ]
INFO: [ view_parse ] --END-- [ RunTime:0.020000s ]
INFO: [ view_filter ] --START--
INFO: Run Behavior\WriteHtmlCacheBehavior [ RunTime:0.010000s ]
INFO: [ view_filter ] --END-- [ RunTime:0.010000s ]
INFO: [ app_end ] --START--
INFO: Run Behavior\ShowPageTraceBehavior [ RunTime:0.000000s ]
INFO: [ app_end ] --END-- [ RunTime:0.000000s ]

[ 2018-05-28T09:10:19+08:00 ] 127.0.0.1 /index.php/Admin/Category/cateList
INFO: [ app_init ] --START--
INFO: Run Behavior\BuildLiteBehavior [ RunTime:0.000000s ]
INFO: [ app_init ] --END-- [ RunTime:0.000000s ]
INFO: [ app_begin ] --START--
INFO: Run Behavior\ReadHtmlCacheBehavior [ RunTime:0.002000s ]
INFO: [ app_begin ] --END-- [ RunTime:0.003000s ]
SQL: SHOW COLUMNS FROM `jia_admin` [ RunTime:0.0030s ]
SQL: SELECT `role_id` FROM `jia_admin` WHERE `id` = 31 LIMIT 1   [ RunTime:0.0000s ]
SQL: SELECT * FROM `jia_admin` WHERE `id` = 31 LIMIT 1   [ RunTime:0.0010s ]
SQL: SHOW COLUMNS FROM `jia_auth` [ RunTime:0.0030s ]
SQL: SELECT * FROM `jia_auth` WHERE ( auth_level=0 ) ORDER BY sorting  [ RunTime:0.0000s ]
SQL: SELECT * FROM `jia_auth` WHERE ( auth_level=1 ) ORDER BY sorting  [ RunTime:0.0010s ]
SQL: SHOW COLUMNS FROM `jia_category` [ RunTime:0.0030s ]
SQL: SELECT COUNT(*) AS tp_count FROM `jia_category` LIMIT 1   [ RunTime:0.0000s ]
SQL: SELECT * FROM `jia_category`  [ RunTime:0.0000s ]
INFO: [ view_parse ] --START--
INFO: [ template_filter ] --START--
INFO: Run Behavior\ContentReplaceBehavior [ RunTime:0.000000s ]
INFO: [ template_filter ] --END-- [ RunTime:0.000000s ]
NOTIC: [8] Undefined index: category_id D:\UPUPW_NP5.4\htdocs\test\Application\Runtime\Cache\Admin\2fd35acb806049b5e181282c611b8c37.php 第 350 行.
NOTIC: [8] Undefined index: category_id D:\UPUPW_NP5.4\htdocs\test\Application\Runtime\Cache\Admin\2fd35acb806049b5e181282c611b8c37.php 第 350 行.
NOTIC: [8] Undefined index: category_id D:\UPUPW_NP5.4\htdocs\test\Application\Runtime\Cache\Admin\2fd35acb806049b5e181282c611b8c37.php 第 350 行.
NOTIC: [8] Undefined index: category_id D:\UPUPW_NP5.4\htdocs\test\Application\Runtime\Cache\Admin\2fd35acb806049b5e181282c611b8c37.php 第 350 行.
NOTIC: [8] Undefined index: category_id D:\UPUPW_NP5.4\htdocs\test\Application\Runtime\Cache\Admin\2fd35acb806049b5e181282c611b8c37.php 第 350 行.
NOTIC: [8] Undefined index: category_id D:\UPUPW_NP5.4\htdocs\test\Application\Runtime\Cache\Admin\2fd35acb806049b5e181282c611b8c37.php 第 350 行.
NOTIC: [8] Undefined index: category_id D:\UPUPW_NP5.4\htdocs\test\Application\Runtime\Cache\Admin\2fd35acb806049b5e181282c611b8c37.php 第 350 行.
NOTIC: [8] Undefined index: category_id D:\UPUPW_NP5.4\htdocs\test\Application\Runtime\Cache\Admin\2fd35acb806049b5e181282c611b8c37.php 第 350 行.
NOTIC: [8] Undefined index: category_id D:\UPUPW_NP5.4\htdocs\test\Application\Runtime\Cache\Admin\2fd35acb806049b5e181282c611b8c37.php 第 350 行.
NOTIC: [8] Undefined index: category_id D:\UPUPW_NP5.4\htdocs\test\Application\Runtime\Cache\Admin\2fd35acb806049b5e181282c611b8c37.php 第 350 行.
NOTIC: [8] Undefined index: category_id D:\UPUPW_NP5.4\htdocs\test\Application\Runtime\Cache\Admin\2fd35acb806049b5e181282c611b8c37.php 第 350 行.
NOTIC: [8] Undefined index: category_id D:\UPUPW_NP5.4\htdocs\test\Application\Runtime\Cache\Admin\2fd35acb806049b5e181282c611b8c37.php 第 350 行.
NOTIC: [8] Undefined index: category_id D:\UPUPW_NP5.4\htdocs\test\Application\Runtime\Cache\Admin\2fd35acb806049b5e181282c611b8c37.php 第 350 行.
NOTIC: [8] Undefined index: category_id D:\UPUPW_NP5.4\htdocs\test\Application\Runtime\Cache\Admin\2fd35acb806049b5e181282c611b8c37.php 第 350 行.
NOTIC: [8] Undefined index: category_id D:\UPUPW_NP5.4\htdocs\test\Application\Runtime\Cache\Admin\2fd35acb806049b5e181282c611b8c37.php 第 350 行.
NOTIC: [8] Undefined index: category_id D:\UPUPW_NP5.4\htdocs\test\Application\Runtime\Cache\Admin\2fd35acb806049b5e181282c611b8c37.php 第 350 行.
NOTIC: [8] Undefined variable: page D:\UPUPW_NP5.4\htdocs\test\Application\Runtime\Cache\Admin\2fd35acb806049b5e181282c611b8c37.php 第 361 行.
INFO: Run Behavior\ParseTemplateBehavior [ RunTime:0.020001s ]
INFO: [ view_parse ] --END-- [ RunTime:0.020001s ]
INFO: [ view_filter ] --START--
INFO: Run Behavior\WriteHtmlCacheBehavior [ RunTime:0.003000s ]
INFO: [ view_filter ] --END-- [ RunTime:0.003000s ]
INFO: [ app_end ] --START--
INFO: Run Behavior\ShowPageTraceBehavior [ RunTime:0.002000s ]
INFO: [ app_end ] --END-- [ RunTime:0.002000s ]

[ 2018-05-28T09:10:19+08:00 ] 127.0.0.1 /index.php/Admin/Category/cateList
INFO: [ app_init ] --START--
INFO: Run Behavior\BuildLiteBehavior [ RunTime:0.000000s ]
INFO: [ app_init ] --END-- [ RunTime:0.000000s ]
INFO: [ app_begin ] --START--
INFO: Run Behavior\ReadHtmlCacheBehavior [ RunTime:0.002000s ]
INFO: [ app_begin ] --END-- [ RunTime:0.002000s ]
SQL: SHOW COLUMNS FROM `jia_admin` [ RunTime:0.0030s ]
SQL: SELECT `role_id` FROM `jia_admin` WHERE `id` = 31 LIMIT 1   [ RunTime:0.0000s ]
SQL: SELECT * FROM `jia_admin` WHERE `id` = 31 LIMIT 1   [ RunTime:0.0010s ]
SQL: SHOW COLUMNS FROM `jia_auth` [ RunTime:0.0020s ]
SQL: SELECT * FROM `jia_auth` WHERE ( auth_level=0 ) ORDER BY sorting  [ RunTime:0.0000s ]
SQL: SELECT * FROM `jia_auth` WHERE ( auth_level=1 ) ORDER BY sorting  [ RunTime:0.0000s ]
SQL: SHOW COLUMNS FROM `jia_category` [ RunTime:0.0030s ]
SQL: SELECT COUNT(*) AS tp_count FROM `jia_category` LIMIT 1   [ RunTime:0.0000s ]
SQL: SELECT * FROM `jia_category`  [ RunTime:0.0010s ]
INFO: [ view_parse ] --START--
INFO: [ template_filter ] --START--
INFO: Run Behavior\ContentReplaceBehavior [ RunTime:0.000000s ]
INFO: [ template_filter ] --END-- [ RunTime:0.000000s ]
NOTIC: [8] Undefined index: category_id D:\UPUPW_NP5.4\htdocs\test\Application\Runtime\Cache\Admin\2fd35acb806049b5e181282c611b8c37.php 第 350 行.
NOTIC: [8] Undefined index: category_id D:\UPUPW_NP5.4\htdocs\test\Application\Runtime\Cache\Admin\2fd35acb806049b5e181282c611b8c37.php 第 350 行.
NOTIC: [8] Undefined index: category_id D:\UPUPW_NP5.4\htdocs\test\Application\Runtime\Cache\Admin\2fd35acb806049b5e181282c611b8c37.php 第 350 行.
NOTIC: [8] Undefined index: category_id D:\UPUPW_NP5.4\htdocs\test\Application\Runtime\Cache\Admin\2fd35acb806049b5e181282c611b8c37.php 第 350 行.
NOTIC: [8] Undefined index: category_id D:\UPUPW_NP5.4\htdocs\test\Application\Runtime\Cache\Admin\2fd35acb806049b5e181282c611b8c37.php 第 350 行.
NOTIC: [8] Undefined index: category_id D:\UPUPW_NP5.4\htdocs\test\Application\Runtime\Cache\Admin\2fd35acb806049b5e181282c611b8c37.php 第 350 行.
NOTIC: [8] Undefined index: category_id D:\UPUPW_NP5.4\htdocs\test\Application\Runtime\Cache\Admin\2fd35acb806049b5e181282c611b8c37.php 第 350 行.
NOTIC: [8] Undefined index: category_id D:\UPUPW_NP5.4\htdocs\test\Application\Runtime\Cache\Admin\2fd35acb806049b5e181282c611b8c37.php 第 350 行.
NOTIC: [8] Undefined index: category_id D:\UPUPW_NP5.4\htdocs\test\Application\Runtime\Cache\Admin\2fd35acb806049b5e181282c611b8c37.php 第 350 行.
NOTIC: [8] Undefined index: category_id D:\UPUPW_NP5.4\htdocs\test\Application\Runtime\Cache\Admin\2fd35acb806049b5e181282c611b8c37.php 第 350 行.
NOTIC: [8] Undefined index: category_id D:\UPUPW_NP5.4\htdocs\test\Application\Runtime\Cache\Admin\2fd35acb806049b5e181282c611b8c37.php 第 350 行.
NOTIC: [8] Undefined index: category_id D:\UPUPW_NP5.4\htdocs\test\Application\Runtime\Cache\Admin\2fd35acb806049b5e181282c611b8c37.php 第 350 行.
NOTIC: [8] Undefined index: category_id D:\UPUPW_NP5.4\htdocs\test\Application\Runtime\Cache\Admin\2fd35acb806049b5e181282c611b8c37.php 第 350 行.
NOTIC: [8] Undefined index: category_id D:\UPUPW_NP5.4\htdocs\test\Application\Runtime\Cache\Admin\2fd35acb806049b5e181282c611b8c37.php 第 350 行.
NOTIC: [8] Undefined index: category_id D:\UPUPW_NP5.4\htdocs\test\Application\Runtime\Cache\Admin\2fd35acb806049b5e181282c611b8c37.php 第 350 行.
NOTIC: [8] Undefined index: category_id D:\UPUPW_NP5.4\htdocs\test\Application\Runtime\Cache\Admin\2fd35acb806049b5e181282c611b8c37.php 第 350 行.
NOTIC: [8] Undefined variable: page D:\UPUPW_NP5.4\htdocs\test\Application\Runtime\Cache\Admin\2fd35acb806049b5e181282c611b8c37.php 第 361 行.
INFO: Run Behavior\ParseTemplateBehavior [ RunTime:0.019001s ]
INFO: [ view_parse ] --END-- [ RunTime:0.019001s ]
INFO: [ view_filter ] --START--
INFO: Run Behavior\WriteHtmlCacheBehavior [ RunTime:0.002000s ]
INFO: [ view_filter ] --END-- [ RunTime:0.002000s ]
INFO: [ app_end ] --START--
INFO: Run Behavior\ShowPageTraceBehavior [ RunTime:0.002000s ]
INFO: [ app_end ] --END-- [ RunTime:0.002000s ]

[ 2018-05-28T09:10:21+08:00 ] 127.0.0.1 /index.php/Admin/Category/cateList
INFO: [ app_init ] --START--
INFO: Run Behavior\BuildLiteBehavior [ RunTime:0.000000s ]
INFO: [ app_init ] --END-- [ RunTime:0.000000s ]
INFO: [ app_begin ] --START--
INFO: Run Behavior\ReadHtmlCacheBehavior [ RunTime:0.002000s ]
INFO: [ app_begin ] --END-- [ RunTime:0.002000s ]
SQL: SHOW COLUMNS FROM `jia_admin` [ RunTime:0.0030s ]
SQL: SELECT `role_id` FROM `jia_admin` WHERE `id` = 31 LIMIT 1   [ RunTime:0.0000s ]
SQL: SELECT * FROM `jia_admin` WHERE `id` = 31 LIMIT 1   [ RunTime:0.0000s ]
SQL: SHOW COLUMNS FROM `jia_auth` [ RunTime:0.0030s ]
SQL: SELECT * FROM `jia_auth` WHERE ( auth_level=0 ) ORDER BY sorting  [ RunTime:0.0010s ]
SQL: SELECT * FROM `jia_auth` WHERE ( auth_level=1 ) ORDER BY sorting  [ RunTime:0.0000s ]
SQL: SHOW COLUMNS FROM `jia_category` [ RunTime:0.0060s ]
SQL: SELECT COUNT(*) AS tp_count FROM `jia_category` LIMIT 1   [ RunTime:0.0010s ]
SQL: SELECT * FROM `jia_category`  [ RunTime:0.0000s ]
INFO: [ view_parse ] --START--
INFO: [ template_filter ] --START--
INFO: Run Behavior\ContentReplaceBehavior [ RunTime:0.000000s ]
INFO: [ template_filter ] --END-- [ RunTime:0.000000s ]
NOTIC: [8] Undefined index: category_id D:\UPUPW_NP5.4\htdocs\test\Application\Runtime\Cache\Admin\2fd35acb806049b5e181282c611b8c37.php 第 350 行.
NOTIC: [8] Undefined index: category_id D:\UPUPW_NP5.4\htdocs\test\Application\Runtime\Cache\Admin\2fd35acb806049b5e181282c611b8c37.php 第 350 行.
NOTIC: [8] Undefined index: category_id D:\UPUPW_NP5.4\htdocs\test\Application\Runtime\Cache\Admin\2fd35acb806049b5e181282c611b8c37.php 第 350 行.
NOTIC: [8] Undefined index: category_id D:\UPUPW_NP5.4\htdocs\test\Application\Runtime\Cache\Admin\2fd35acb806049b5e181282c611b8c37.php 第 350 行.
NOTIC: [8] Undefined index: category_id D:\UPUPW_NP5.4\htdocs\test\Application\Runtime\Cache\Admin\2fd35acb806049b5e181282c611b8c37.php 第 350 行.
NOTIC: [8] Undefined index: category_id D:\UPUPW_NP5.4\htdocs\test\Application\Runtime\Cache\Admin\2fd35acb806049b5e181282c611b8c37.php 第 350 行.
NOTIC: [8] Undefined index: category_id D:\UPUPW_NP5.4\htdocs\test\Application\Runtime\Cache\Admin\2fd35acb806049b5e181282c611b8c37.php 第 350 行.
NOTIC: [8] Undefined index: category_id D:\UPUPW_NP5.4\htdocs\test\Application\Runtime\Cache\Admin\2fd35acb806049b5e181282c611b8c37.php 第 350 行.
NOTIC: [8] Undefined index: category_id D:\UPUPW_NP5.4\htdocs\test\Application\Runtime\Cache\Admin\2fd35acb806049b5e181282c611b8c37.php 第 350 行.
NOTIC: [8] Undefined index: category_id D:\UPUPW_NP5.4\htdocs\test\Application\Runtime\Cache\Admin\2fd35acb806049b5e181282c611b8c37.php 第 350 行.
NOTIC: [8] Undefined index: category_id D:\UPUPW_NP5.4\htdocs\test\Application\Runtime\Cache\Admin\2fd35acb806049b5e181282c611b8c37.php 第 350 行.
NOTIC: [8] Undefined index: category_id D:\UPUPW_NP5.4\htdocs\test\Application\Runtime\Cache\Admin\2fd35acb806049b5e181282c611b8c37.php 第 350 行.
NOTIC: [8] Undefined index: category_id D:\UPUPW_NP5.4\htdocs\test\Application\Runtime\Cache\Admin\2fd35acb806049b5e181282c611b8c37.php 第 350 行.
NOTIC: [8] Undefined index: category_id D:\UPUPW_NP5.4\htdocs\test\Application\Runtime\Cache\Admin\2fd35acb806049b5e181282c611b8c37.php 第 350 行.
NOTIC: [8] Undefined index: category_id D:\UPUPW_NP5.4\htdocs\test\Application\Runtime\Cache\Admin\2fd35acb806049b5e181282c611b8c37.php 第 350 行.
NOTIC: [8] Undefined index: category_id D:\UPUPW_NP5.4\htdocs\test\Application\Runtime\Cache\Admin\2fd35acb806049b5e181282c611b8c37.php 第 350 行.
NOTIC: [8] Undefined variable: page D:\UPUPW_NP5.4\htdocs\test\Application\Runtime\Cache\Admin\2fd35acb806049b5e181282c611b8c37.php 第 361 行.
INFO: Run Behavior\ParseTemplateBehavior [ RunTime:0.020001s ]
INFO: [ view_parse ] --END-- [ RunTime:0.020001s ]
INFO: [ view_filter ] --START--
INFO: Run Behavior\WriteHtmlCacheBehavior [ RunTime:0.002001s ]
INFO: [ view_filter ] --END-- [ RunTime:0.002001s ]
INFO: [ app_end ] --START--
INFO: Run Behavior\ShowPageTraceBehavior [ RunTime:0.002000s ]
INFO: [ app_end ] --END-- [ RunTime:0.002000s ]

[ 2018-05-28T09:10:24+08:00 ] 127.0.0.1 /index.php/Admin/Article/myDocumentLst
INFO: [ app_init ] --START--
INFO: Run Behavior\BuildLiteBehavior [ RunTime:0.000000s ]
INFO: [ app_init ] --END-- [ RunTime:0.000000s ]
INFO: [ app_begin ] --START--
INFO: Run Behavior\ReadHtmlCacheBehavior [ RunTime:0.002000s ]
INFO: [ app_begin ] --END-- [ RunTime:0.002000s ]
SQL: SHOW COLUMNS FROM `jia_admin` [ RunTime:0.0040s ]
SQL: SELECT `role_id` FROM `jia_admin` WHERE `id` = 31 LIMIT 1   [ RunTime:0.0000s ]
SQL: SELECT * FROM `jia_admin` WHERE `id` = 31 LIMIT 1   [ RunTime:0.0010s ]
SQL: SHOW COLUMNS FROM `jia_auth` [ RunTime:0.0030s ]
SQL: SELECT * FROM `jia_auth` WHERE ( auth_level=0 ) ORDER BY sorting  [ RunTime:0.0000s ]
SQL: SELECT * FROM `jia_auth` WHERE ( auth_level=1 ) ORDER BY sorting  [ RunTime:0.0010s ]
SQL: SHOW COLUMNS FROM `jia_document` [ RunTime:0.1330s ]
SQL: SELECT COUNT(*) AS tp_count FROM `jia_document` LIMIT 1   [ RunTime:0.0000s ]
SQL: SELECT a.*,b.title as act_title FROM jia_document a LEFT JOIN jia_category as b on a.category_id=b.id  ORDER BY a.create_time desc LIMIT 0,10   [ RunTime:0.0230s ]
INFO: [ view_parse ] --START--
INFO: [ template_filter ] --START--
INFO: Run Behavior\ContentReplaceBehavior [ RunTime:0.000000s ]
INFO: [ template_filter ] --END-- [ RunTime:0.000000s ]
INFO: Run Behavior\ParseTemplateBehavior [ RunTime:0.036003s ]
INFO: [ view_parse ] --END-- [ RunTime:0.036003s ]
INFO: [ view_filter ] --START--
INFO: Run Behavior\WriteHtmlCacheBehavior [ RunTime:0.002000s ]
INFO: [ view_filter ] --END-- [ RunTime:0.002000s ]
INFO: [ app_end ] --START--
INFO: Run Behavior\ShowPageTraceBehavior [ RunTime:0.002000s ]
INFO: [ app_end ] --END-- [ RunTime:0.002000s ]

[ 2018-05-28T09:10:25+08:00 ] 127.0.0.1 /index.php/Admin/Article/myDocumentLst
INFO: [ app_init ] --START--
INFO: Run Behavior\BuildLiteBehavior [ RunTime:0.000000s ]
INFO: [ app_init ] --END-- [ RunTime:0.001001s ]
INFO: [ app_begin ] --START--
INFO: Run Behavior\ReadHtmlCacheBehavior [ RunTime:0.000000s ]
INFO: [ app_begin ] --END-- [ RunTime:0.000000s ]
SQL: SHOW COLUMNS FROM `jia_admin` [ RunTime:0.0000s ]
SQL: SELECT `role_id` FROM `jia_admin` WHERE `id` = 31 LIMIT 1   [ RunTime:0.0000s ]
SQL: SELECT * FROM `jia_admin` WHERE `id` = 31 LIMIT 1   [ RunTime:0.0000s ]
SQL: SHOW COLUMNS FROM `jia_auth` [ RunTime:0.0100s ]
SQL: SELECT * FROM `jia_auth` WHERE ( auth_level=0 ) ORDER BY sorting  [ RunTime:0.0000s ]
SQL: SELECT * FROM `jia_auth` WHERE ( auth_level=1 ) ORDER BY sorting  [ RunTime:0.0000s ]
SQL: SHOW COLUMNS FROM `jia_document` [ RunTime:0.0000s ]
SQL: SELECT COUNT(*) AS tp_count FROM `jia_document` LIMIT 1   [ RunTime:0.0000s ]
SQL: SELECT a.*,b.title as act_title FROM jia_document a LEFT JOIN jia_category as b on a.category_id=b.id  ORDER BY a.create_time desc LIMIT 0,10   [ RunTime:0.0000s ]
INFO: [ view_parse ] --START--
INFO: [ template_filter ] --START--
INFO: Run Behavior\ContentReplaceBehavior [ RunTime:0.000000s ]
INFO: [ template_filter ] --END-- [ RunTime:0.000000s ]
INFO: Run Behavior\ParseTemplateBehavior [ RunTime:0.020000s ]
INFO: [ view_parse ] --END-- [ RunTime:0.020000s ]
INFO: [ view_filter ] --START--
INFO: Run Behavior\WriteHtmlCacheBehavior [ RunTime:0.010000s ]
INFO: [ view_filter ] --END-- [ RunTime:0.010000s ]
INFO: [ app_end ] --START--
INFO: Run Behavior\ShowPageTraceBehavior [ RunTime:0.002000s ]
INFO: [ app_end ] --END-- [ RunTime:0.002000s ]

[ 2018-05-28T09:10:27+08:00 ] 127.0.0.1 /index.php/Admin/Article/edit/cat_id/2/id/770
INFO: [ app_init ] --START--
INFO: Run Behavior\BuildLiteBehavior [ RunTime:0.000000s ]
INFO: [ app_init ] --END-- [ RunTime:0.000000s ]
INFO: [ app_begin ] --START--
INFO: Run Behavior\ReadHtmlCacheBehavior [ RunTime:0.002000s ]
INFO: [ app_begin ] --END-- [ RunTime:0.002000s ]
SQL: SHOW COLUMNS FROM `jia_admin` [ RunTime:0.0040s ]
SQL: SELECT `role_id` FROM `jia_admin` WHERE `id` = 31 LIMIT 1   [ RunTime:0.0000s ]
SQL: SELECT * FROM `jia_admin` WHERE `id` = 31 LIMIT 1   [ RunTime:0.0000s ]
SQL: SHOW COLUMNS FROM `jia_auth` [ RunTime:0.0030s ]
SQL: SELECT * FROM `jia_auth` WHERE ( auth_level=0 ) ORDER BY sorting  [ RunTime:0.0010s ]
SQL: SELECT * FROM `jia_auth` WHERE ( auth_level=1 ) ORDER BY sorting  [ RunTime:0.0000s ]
SQL: SELECT `auth_name` FROM `jia_auth` WHERE `auth_a` = 'index/cat_id/2' LIMIT 1   [ RunTime:0.0010s ]
NOTIC: [2048] Declaration of Admin\Model\DocumentModel::_after_insert() should be compatible with Think\Model::_after_insert($data, $options) D:\UPUPW_NP5.4\htdocs\test\Application\Admin\Model\DocumentModel.class.php 第 7 行.
NOTIC: [2048] Declaration of Admin\Model\DocumentModel::_after_update() should be compatible with Think\Model::_after_update($data, $options) D:\UPUPW_NP5.4\htdocs\test\Application\Admin\Model\DocumentModel.class.php 第 7 行.
NOTIC: [2048] Declaration of Admin\Model\DocumentModel::_after_delete() should be compatible with Think\Model::_after_delete($data, $options) D:\UPUPW_NP5.4\htdocs\test\Application\Admin\Model\DocumentModel.class.php 第 7 行.
SQL: SHOW COLUMNS FROM `jia_document` [ RunTime:0.0030s ]
SQL: SELECT * FROM `jia_document` WHERE `id` = 770 LIMIT 1   [ RunTime:0.0010s ]
SQL: SHOW COLUMNS FROM `jia_document_cimg` [ RunTime:0.0740s ]
SQL: SELECT `imgurl` FROM `jia_document_cimg` WHERE `id` = 1002 LIMIT 1   [ RunTime:0.0010s ]
SQL: SHOW COLUMNS FROM `jia_document_article` [ RunTime:0.0650s ]
SQL: SELECT `content` FROM `jia_document_article` WHERE `id` = 770 LIMIT 1   [ RunTime:0.0080s ]
INFO: [ view_parse ] --START--
INFO: [ template_filter ] --START--
INFO: Run Behavior\ContentReplaceBehavior [ RunTime:0.000000s ]
INFO: [ template_filter ] --END-- [ RunTime:0.001000s ]
INFO: Run Behavior\ParseTemplateBehavior [ RunTime:0.062003s ]
INFO: [ view_parse ] --END-- [ RunTime:0.062003s ]
INFO: [ view_filter ] --START--
INFO: Run Behavior\WriteHtmlCacheBehavior [ RunTime:0.005001s ]
INFO: [ view_filter ] --END-- [ RunTime:0.005001s ]
INFO: [ app_end ] --START--
INFO: Run Behavior\ShowPageTraceBehavior [ RunTime:0.005000s ]
INFO: [ app_end ] --END-- [ RunTime:0.005000s ]

[ 2018-05-28T09:10:27+08:00 ] 127.0.0.1 /index.php/Admin/Article/edit/cat_id/2/id/770
INFO: [ app_init ] --START--
INFO: Run Behavior\BuildLiteBehavior [ RunTime:0.000000s ]
INFO: [ app_init ] --END-- [ RunTime:0.000000s ]
INFO: [ app_begin ] --START--
INFO: Run Behavior\ReadHtmlCacheBehavior [ RunTime:0.000000s ]
INFO: [ app_begin ] --END-- [ RunTime:0.000000s ]
SQL: SHOW COLUMNS FROM `jia_admin` [ RunTime:0.0000s ]
SQL: SELECT `role_id` FROM `jia_admin` WHERE `id` = 31 LIMIT 1   [ RunTime:0.0000s ]
SQL: SELECT * FROM `jia_admin` WHERE `id` = 31 LIMIT 1   [ RunTime:0.0000s ]
SQL: SHOW COLUMNS FROM `jia_auth` [ RunTime:0.0000s ]
SQL: SELECT * FROM `jia_auth` WHERE ( auth_level=0 ) ORDER BY sorting  [ RunTime:0.0000s ]
SQL: SELECT * FROM `jia_auth` WHERE ( auth_level=1 ) ORDER BY sorting  [ RunTime:0.0000s ]
SQL: SELECT `auth_name` FROM `jia_auth` WHERE `auth_a` = 'index/cat_id/2' LIMIT 1   [ RunTime:0.0000s ]
NOTIC: [2048] Declaration of Admin\Model\DocumentModel::_after_insert() should be compatible with Think\Model::_after_insert($data, $options) D:\UPUPW_NP5.4\htdocs\test\Application\Admin\Model\DocumentModel.class.php 第 7 行.
NOTIC: [2048] Declaration of Admin\Model\DocumentModel::_after_update() should be compatible with Think\Model::_after_update($data, $options) D:\UPUPW_NP5.4\htdocs\test\Application\Admin\Model\DocumentModel.class.php 第 7 行.
NOTIC: [2048] Declaration of Admin\Model\DocumentModel::_after_delete() should be compatible with Think\Model::_after_delete($data, $options) D:\UPUPW_NP5.4\htdocs\test\Application\Admin\Model\DocumentModel.class.php 第 7 行.
SQL: SHOW COLUMNS FROM `jia_document` [ RunTime:0.0000s ]
SQL: SELECT * FROM `jia_document` WHERE `id` = 770 LIMIT 1   [ RunTime:0.0100s ]
SQL: SHOW COLUMNS FROM `jia_document_cimg` [ RunTime:0.0030s ]
SQL: SELECT `imgurl` FROM `jia_document_cimg` WHERE `id` = 1002 LIMIT 1   [ RunTime:0.0000s ]
SQL: SHOW COLUMNS FROM `jia_document_article` [ RunTime:0.0030s ]
SQL: SELECT `content` FROM `jia_document_article` WHERE `id` = 770 LIMIT 1   [ RunTime:0.0000s ]
INFO: [ view_parse ] --START--
INFO: [ template_filter ] --START--
INFO: Run Behavior\ContentReplaceBehavior [ RunTime:0.000000s ]
INFO: [ template_filter ] --END-- [ RunTime:0.000000s ]
INFO: Run Behavior\ParseTemplateBehavior [ RunTime:0.018001s ]
INFO: [ view_parse ] --END-- [ RunTime:0.018001s ]
INFO: [ view_filter ] --START--
INFO: Run Behavior\WriteHtmlCacheBehavior [ RunTime:0.002000s ]
INFO: [ view_filter ] --END-- [ RunTime:0.002000s ]
INFO: [ app_end ] --START--
INFO: Run Behavior\ShowPageTraceBehavior [ RunTime:0.002001s ]
INFO: [ app_end ] --END-- [ RunTime:0.002001s ]

[ 2018-05-28T09:10:34+08:00 ] 127.0.0.1 /index.php/Admin/Article/myDocumentLst
INFO: [ app_init ] --START--
INFO: Run Behavior\BuildLiteBehavior [ RunTime:0.000000s ]
INFO: [ app_init ] --END-- [ RunTime:0.001000s ]
INFO: [ app_begin ] --START--
INFO: Run Behavior\ReadHtmlCacheBehavior [ RunTime:0.002000s ]
INFO: [ app_begin ] --END-- [ RunTime:0.003000s ]
SQL: SHOW COLUMNS FROM `jia_admin` [ RunTime:0.0040s ]
SQL: SELECT `role_id` FROM `jia_admin` WHERE `id` = 31 LIMIT 1   [ RunTime:0.0000s ]
SQL: SELECT * FROM `jia_admin` WHERE `id` = 31 LIMIT 1   [ RunTime:0.0000s ]
SQL: SHOW COLUMNS FROM `jia_auth` [ RunTime:0.0030s ]
SQL: SELECT * FROM `jia_auth` WHERE ( auth_level=0 ) ORDER BY sorting  [ RunTime:0.0000s ]
SQL: SELECT * FROM `jia_auth` WHERE ( auth_level=1 ) ORDER BY sorting  [ RunTime:0.0010s ]
SQL: SHOW COLUMNS FROM `jia_document` [ RunTime:0.0040s ]
SQL: SELECT COUNT(*) AS tp_count FROM `jia_document` LIMIT 1   [ RunTime:0.0000s ]
SQL: SELECT a.*,b.title as act_title FROM jia_document a LEFT JOIN jia_category as b on a.category_id=b.id  ORDER BY a.create_time desc LIMIT 0,10   [ RunTime:0.0010s ]
INFO: [ view_parse ] --START--
INFO: [ template_filter ] --START--
INFO: Run Behavior\ContentReplaceBehavior [ RunTime:0.000000s ]
INFO: [ template_filter ] --END-- [ RunTime:0.000000s ]
INFO: Run Behavior\ParseTemplateBehavior [ RunTime:0.019001s ]
INFO: [ view_parse ] --END-- [ RunTime:0.019001s ]
INFO: [ view_filter ] --START--
INFO: Run Behavior\WriteHtmlCacheBehavior [ RunTime:0.003001s ]
INFO: [ view_filter ] --END-- [ RunTime:0.003001s ]
INFO: [ app_end ] --START--
INFO: Run Behavior\ShowPageTraceBehavior [ RunTime:0.002000s ]
INFO: [ app_end ] --END-- [ RunTime:0.002000s ]

[ 2018-05-28T09:31:46+08:00 ] 127.0.0.1 /index.php/Admin/Article/myDocumentLst
INFO: [ app_init ] --START--
INFO: Run Behavior\BuildLiteBehavior [ RunTime:0.000000s ]
INFO: [ app_init ] --END-- [ RunTime:0.001000s ]
INFO: [ app_begin ] --START--
INFO: Run Behavior\ReadHtmlCacheBehavior [ RunTime:0.002000s ]
INFO: [ app_begin ] --END-- [ RunTime:0.002000s ]
SQL: SHOW COLUMNS FROM `jia_admin` [ RunTime:0.0040s ]
SQL: SELECT `role_id` FROM `jia_admin` WHERE `id` = 31 LIMIT 1   [ RunTime:0.0000s ]
SQL: SELECT * FROM `jia_admin` WHERE `id` = 31 LIMIT 1   [ RunTime:0.0000s ]
SQL: SHOW COLUMNS FROM `jia_auth` [ RunTime:0.0030s ]
SQL: SELECT * FROM `jia_auth` WHERE ( auth_level=0 ) ORDER BY sorting  [ RunTime:0.0000s ]
SQL: SELECT * FROM `jia_auth` WHERE ( auth_level=1 ) ORDER BY sorting  [ RunTime:0.0000s ]
SQL: SHOW COLUMNS FROM `jia_document` [ RunTime:0.0030s ]
SQL: SELECT COUNT(*) AS tp_count FROM `jia_document` LIMIT 1   [ RunTime:0.0000s ]
SQL: SELECT a.*,b.title as act_title FROM jia_document a LEFT JOIN jia_category as b on a.category_id=b.id  ORDER BY a.create_time desc LIMIT 0,10   [ RunTime:0.0010s ]
INFO: [ view_parse ] --START--
INFO: [ template_filter ] --START--
INFO: Run Behavior\ContentReplaceBehavior [ RunTime:0.000000s ]
INFO: [ template_filter ] --END-- [ RunTime:0.000000s ]
INFO: Run Behavior\ParseTemplateBehavior [ RunTime:0.043002s ]
INFO: [ view_parse ] --END-- [ RunTime:0.043002s ]
INFO: [ view_filter ] --START--
INFO: Run Behavior\WriteHtmlCacheBehavior [ RunTime:0.002000s ]
INFO: [ view_filter ] --END-- [ RunTime:0.002000s ]
INFO: [ app_end ] --START--
INFO: Run Behavior\ShowPageTraceBehavior [ RunTime:0.002000s ]
INFO: [ app_end ] --END-- [ RunTime:0.002000s ]

[ 2018-05-28T10:40:25+08:00 ] 127.0.0.1 /index.php/Admin/Article/myDocumentLst/p/2.html
INFO: [ app_init ] --START--
INFO: Run Behavior\BuildLiteBehavior [ RunTime:0.000000s ]
INFO: [ app_init ] --END-- [ RunTime:0.000000s ]
INFO: [ app_begin ] --START--
INFO: Run Behavior\ReadHtmlCacheBehavior [ RunTime:0.002000s ]
INFO: [ app_begin ] --END-- [ RunTime:0.003000s ]
SQL: SHOW COLUMNS FROM `jia_admin` [ RunTime:0.0030s ]
SQL: SELECT `role_id` FROM `jia_admin` WHERE `id` = 31 LIMIT 1   [ RunTime:0.0000s ]
SQL: SELECT * FROM `jia_admin` WHERE `id` = 31 LIMIT 1   [ RunTime:0.0000s ]
SQL: SHOW COLUMNS FROM `jia_auth` [ RunTime:0.0030s ]
SQL: SELECT * FROM `jia_auth` WHERE ( auth_level=0 ) ORDER BY sorting  [ RunTime:0.0000s ]
SQL: SELECT * FROM `jia_auth` WHERE ( auth_level=1 ) ORDER BY sorting  [ RunTime:0.0010s ]
SQL: SHOW COLUMNS FROM `jia_document` [ RunTime:0.0030s ]
SQL: SELECT COUNT(*) AS tp_count FROM `jia_document` LIMIT 1   [ RunTime:0.0000s ]
SQL: SELECT a.*,b.title as act_title FROM jia_document a LEFT JOIN jia_category as b on a.category_id=b.id  ORDER BY a.create_time desc LIMIT 10,10   [ RunTime:0.0010s ]
INFO: [ view_parse ] --START--
INFO: [ template_filter ] --START--
INFO: Run Behavior\ContentReplaceBehavior [ RunTime:0.000000s ]
INFO: [ template_filter ] --END-- [ RunTime:0.000000s ]
INFO: Run Behavior\ParseTemplateBehavior [ RunTime:0.041003s ]
INFO: [ view_parse ] --END-- [ RunTime:0.041003s ]
INFO: [ view_filter ] --START--
INFO: Run Behavior\WriteHtmlCacheBehavior [ RunTime:0.003000s ]
INFO: [ view_filter ] --END-- [ RunTime:0.003000s ]
INFO: [ app_end ] --START--
INFO: Run Behavior\ShowPageTraceBehavior [ RunTime:0.002000s ]
INFO: [ app_end ] --END-- [ RunTime:0.002000s ]

[ 2018-05-28T10:40:25+08:00 ] 127.0.0.1 /index.php/Admin/Article/myDocumentLst/p/2.html
INFO: [ app_init ] --START--
INFO: Run Behavior\BuildLiteBehavior [ RunTime:0.000000s ]
INFO: [ app_init ] --END-- [ RunTime:0.002000s ]
INFO: [ app_begin ] --START--
INFO: Run Behavior\ReadHtmlCacheBehavior [ RunTime:0.003000s ]
INFO: [ app_begin ] --END-- [ RunTime:0.003000s ]
SQL: SHOW COLUMNS FROM `jia_admin` [ RunTime:0.0040s ]
SQL: SELECT `role_id` FROM `jia_admin` WHERE `id` = 31 LIMIT 1   [ RunTime:0.0010s ]
SQL: SELECT * FROM `jia_admin` WHERE `id` = 31 LIMIT 1   [ RunTime:0.0010s ]
SQL: SHOW COLUMNS FROM `jia_auth` [ RunTime:0.0040s ]
SQL: SELECT * FROM `jia_auth` WHERE ( auth_level=0 ) ORDER BY sorting  [ RunTime:0.0010s ]
SQL: SELECT * FROM `jia_auth` WHERE ( auth_level=1 ) ORDER BY sorting  [ RunTime:0.0010s ]
SQL: SHOW COLUMNS FROM `jia_document` [ RunTime:0.0040s ]
SQL: SELECT COUNT(*) AS tp_count FROM `jia_document` LIMIT 1   [ RunTime:0.0000s ]
SQL: SELECT a.*,b.title as act_title FROM jia_document a LEFT JOIN jia_category as b on a.category_id=b.id  ORDER BY a.create_time desc LIMIT 10,10   [ RunTime:0.0020s ]
INFO: [ view_parse ] --START--
INFO: [ template_filter ] --START--
INFO: Run Behavior\ContentReplaceBehavior [ RunTime:0.000000s ]
INFO: [ template_filter ] --END-- [ RunTime:0.000000s ]
INFO: Run Behavior\ParseTemplateBehavior [ RunTime:0.020000s ]
INFO: [ view_parse ] --END-- [ RunTime:0.020000s ]
INFO: [ view_filter ] --START--
INFO: Run Behavior\WriteHtmlCacheBehavior [ RunTime:0.000000s ]
INFO: [ view_filter ] --END-- [ RunTime:0.000000s ]
INFO: [ app_end ] --START--
INFO: Run Behavior\ShowPageTraceBehavior [ RunTime:0.003001s ]
INFO: [ app_end ] --END-- [ RunTime:0.003001s ]

