[ 2018-08-15T09:34:22+08:00 ] 127.0.0.1 /admin
INFO: [ app_init ] --START--
INFO: Run Behavior\BuildLiteBehavior [ RunTime:0.000016s ]
INFO: [ app_init ] --END-- [ RunTime:0.002990s ]
INFO: [ app_begin ] --START--
INFO: Run Behavior\ReadHtmlCacheBehavior [ RunTime:0.004126s ]
INFO: [ app_begin ] --END-- [ RunTime:0.004170s ]

[ 2018-08-15T09:34:22+08:00 ] 127.0.0.1 /index.php/Admin/Login/login.html
INFO: [ app_init ] --START--
INFO: Run Behavior\BuildLiteBehavior [ RunTime:0.000019s ]
INFO: [ app_init ] --END-- [ RunTime:0.003408s ]
INFO: [ app_begin ] --START--
INFO: Run Behavior\ReadHtmlCacheBehavior [ RunTime:0.004366s ]
INFO: [ app_begin ] --END-- [ RunTime:0.004412s ]
INFO: [ view_parse ] --START--
INFO: [ template_filter ] --START--
INFO: Run Behavior\ContentReplaceBehavior [ RunTime:0.000072s ]
INFO: [ template_filter ] --END-- [ RunTime:0.000114s ]
INFO: Run Behavior\ParseTemplateBehavior [ RunTime:0.031037s ]
INFO: [ view_parse ] --END-- [ RunTime:0.031074s ]
INFO: [ view_filter ] --START--
INFO: Run Behavior\WriteHtmlCacheBehavior [ RunTime:0.004114s ]
INFO: [ view_filter ] --END-- [ RunTime:0.004155s ]
INFO: [ app_end ] --START--
INFO: Run Behavior\ShowPageTraceBehavior [ RunTime:0.004979s ]
INFO: [ app_end ] --END-- [ RunTime:0.005020s ]

[ 2018-08-15T09:34:22+08:00 ] 127.0.0.1 /index.php/Admin/Login/code.html
INFO: [ app_init ] --START--
INFO: Run Behavior\BuildLiteBehavior [ RunTime:0.000016s ]
INFO: [ app_init ] --END-- [ RunTime:0.003301s ]
INFO: [ app_begin ] --START--
INFO: Run Behavior\ReadHtmlCacheBehavior [ RunTime:0.004304s ]
INFO: [ app_begin ] --END-- [ RunTime:0.004349s ]
INFO: [ app_end ] --START--
INFO: Run Behavior\ShowPageTraceBehavior [ RunTime:0.004302s ]
INFO: [ app_end ] --END-- [ RunTime:0.004346s ]

[ 2018-08-15T09:34:22+08:00 ] 127.0.0.1 /index.php/Admin/Login/login.html
INFO: [ app_init ] --START--
INFO: Run Behavior\BuildLiteBehavior [ RunTime:0.000019s ]
INFO: [ app_init ] --END-- [ RunTime:0.003343s ]
INFO: [ app_begin ] --START--
INFO: Run Behavior\ReadHtmlCacheBehavior [ RunTime:0.004366s ]
INFO: [ app_begin ] --END-- [ RunTime:0.004417s ]
INFO: [ view_parse ] --START--
INFO: [ template_filter ] --START--
INFO: Run Behavior\ContentReplaceBehavior [ RunTime:0.000054s ]
INFO: [ template_filter ] --END-- [ RunTime:0.000099s ]
INFO: Run Behavior\ParseTemplateBehavior [ RunTime:0.029158s ]
INFO: [ view_parse ] --END-- [ RunTime:0.029197s ]
INFO: [ view_filter ] --START--
INFO: Run Behavior\WriteHtmlCacheBehavior [ RunTime:0.004420s ]
INFO: [ view_filter ] --END-- [ RunTime:0.004459s ]
INFO: [ app_end ] --START--
INFO: Run Behavior\ShowPageTraceBehavior [ RunTime:0.005377s ]
INFO: [ app_end ] --END-- [ RunTime:0.005421s ]

[ 2018-08-15T09:34:35+08:00 ] 127.0.0.1 /index.php/Admin/Login/ajaxLogin.html
INFO: [ app_init ] --START--
INFO: Run Behavior\BuildLiteBehavior [ RunTime:0.000016s ]
INFO: [ app_init ] --END-- [ RunTime:0.003042s ]
INFO: [ app_begin ] --START--
INFO: Run Behavior\ReadHtmlCacheBehavior [ RunTime:0.004283s ]
INFO: [ app_begin ] --END-- [ RunTime:0.004328s ]
ERR: 1146:Table 'jia.jia_admin' doesn't exist
 [ SQL语句 ] : SHOW COLUMNS FROM `jia_admin`
ERR: 1146:Table 'jia.jia_admin' doesn't exist
 [ SQL语句 ] : SHOW COLUMNS FROM `jia_admin`

[ 2018-08-15T09:34:42+08:00 ] 127.0.0.1 /index.php/Admin/Login/ajaxLogin.html
INFO: [ app_init ] --START--
INFO: Run Behavior\BuildLiteBehavior [ RunTime:0.000015s ]
INFO: [ app_init ] --END-- [ RunTime:0.002992s ]
INFO: [ app_begin ] --START--
INFO: Run Behavior\ReadHtmlCacheBehavior [ RunTime:0.004078s ]
INFO: [ app_begin ] --END-- [ RunTime:0.004120s ]
ERR: 1146:Table 'jia.jia_admin' doesn't exist
 [ SQL语句 ] : SHOW COLUMNS FROM `jia_admin`
ERR: 1146:Table 'jia.jia_admin' doesn't exist
 [ SQL语句 ] : SHOW COLUMNS FROM `jia_admin`

[ 2018-08-15T09:34:43+08:00 ] 127.0.0.1 /index.php/Admin/Login/ajaxLogin.html
INFO: [ app_init ] --START--
INFO: Run Behavior\BuildLiteBehavior [ RunTime:0.000015s ]
INFO: [ app_init ] --END-- [ RunTime:0.003041s ]
INFO: [ app_begin ] --START--
INFO: Run Behavior\ReadHtmlCacheBehavior [ RunTime:0.004973s ]
INFO: [ app_begin ] --END-- [ RunTime:0.005023s ]
ERR: 1146:Table 'jia.jia_admin' doesn't exist
 [ SQL语句 ] : SHOW COLUMNS FROM `jia_admin`
ERR: 1146:Table 'jia.jia_admin' doesn't exist
 [ SQL语句 ] : SHOW COLUMNS FROM `jia_admin`

[ 2018-08-15T09:34:44+08:00 ] 127.0.0.1 /index.php/Admin/Login/ajaxLogin.html
INFO: [ app_init ] --START--
INFO: Run Behavior\BuildLiteBehavior [ RunTime:0.000016s ]
INFO: [ app_init ] --END-- [ RunTime:0.003670s ]
INFO: [ app_begin ] --START--
INFO: Run Behavior\ReadHtmlCacheBehavior [ RunTime:0.004391s ]
INFO: [ app_begin ] --END-- [ RunTime:0.004434s ]
ERR: 1146:Table 'jia.jia_admin' doesn't exist
 [ SQL语句 ] : SHOW COLUMNS FROM `jia_admin`
ERR: 1146:Table 'jia.jia_admin' doesn't exist
 [ SQL语句 ] : SHOW COLUMNS FROM `jia_admin`

[ 2018-08-15T09:34:46+08:00 ] 127.0.0.1 /index.php/Admin/Login/login.html
INFO: [ app_init ] --START--
INFO: Run Behavior\BuildLiteBehavior [ RunTime:0.000013s ]
INFO: [ app_init ] --END-- [ RunTime:0.000259s ]
INFO: [ app_begin ] --START--
INFO: Run Behavior\ReadHtmlCacheBehavior [ RunTime:0.001290s ]
INFO: [ app_begin ] --END-- [ RunTime:0.001325s ]
INFO: [ view_parse ] --START--
INFO: [ template_filter ] --START--
INFO: Run Behavior\ContentReplaceBehavior [ RunTime:0.000055s ]
INFO: [ template_filter ] --END-- [ RunTime:0.000096s ]
INFO: Run Behavior\ParseTemplateBehavior [ RunTime:0.027225s ]
INFO: [ view_parse ] --END-- [ RunTime:0.027261s ]
INFO: [ view_filter ] --START--
INFO: Run Behavior\WriteHtmlCacheBehavior [ RunTime:0.004092s ]
INFO: [ view_filter ] --END-- [ RunTime:0.004121s ]
INFO: [ app_end ] --START--
INFO: Run Behavior\ShowPageTraceBehavior [ RunTime:0.004624s ]
INFO: [ app_end ] --END-- [ RunTime:0.004670s ]

[ 2018-08-15T09:34:46+08:00 ] 127.0.0.1 /index.php/Admin/Login/code.html
INFO: [ app_init ] --START--
INFO: Run Behavior\BuildLiteBehavior [ RunTime:0.000013s ]
INFO: [ app_init ] --END-- [ RunTime:0.000358s ]
INFO: [ app_begin ] --START--
INFO: Run Behavior\ReadHtmlCacheBehavior [ RunTime:0.001291s ]
INFO: [ app_begin ] --END-- [ RunTime:0.001334s ]
INFO: [ app_end ] --START--
INFO: Run Behavior\ShowPageTraceBehavior [ RunTime:0.001350s ]
INFO: [ app_end ] --END-- [ RunTime:0.001395s ]

[ 2018-08-15T09:34:46+08:00 ] 127.0.0.1 /index.php/Admin/Login/login.html
INFO: [ app_init ] --START--
INFO: Run Behavior\BuildLiteBehavior [ RunTime:0.000012s ]
INFO: [ app_init ] --END-- [ RunTime:0.000248s ]
INFO: [ app_begin ] --START--
INFO: Run Behavior\ReadHtmlCacheBehavior [ RunTime:0.001439s ]
INFO: [ app_begin ] --END-- [ RunTime:0.001502s ]
INFO: [ view_parse ] --START--
INFO: [ template_filter ] --START--
INFO: Run Behavior\ContentReplaceBehavior [ RunTime:0.000054s ]
INFO: [ template_filter ] --END-- [ RunTime:0.000095s ]
INFO: Run Behavior\ParseTemplateBehavior [ RunTime:0.029378s ]
INFO: [ view_parse ] --END-- [ RunTime:0.029423s ]
INFO: [ view_filter ] --START--
INFO: Run Behavior\WriteHtmlCacheBehavior [ RunTime:0.004386s ]
INFO: [ view_filter ] --END-- [ RunTime:0.004428s ]
INFO: [ app_end ] --START--
INFO: Run Behavior\ShowPageTraceBehavior [ RunTime:0.001292s ]
INFO: [ app_end ] --END-- [ RunTime:0.001319s ]

[ 2018-08-15T09:34:51+08:00 ] 127.0.0.1 /index.php/Admin/Login/ajaxLogin.html
INFO: [ app_init ] --START--
INFO: Run Behavior\BuildLiteBehavior [ RunTime:0.000016s ]
INFO: [ app_init ] --END-- [ RunTime:0.000270s ]
INFO: [ app_begin ] --START--
INFO: Run Behavior\ReadHtmlCacheBehavior [ RunTime:0.001289s ]
INFO: [ app_begin ] --END-- [ RunTime:0.001333s ]
ERR: 1146:Table 'jia.jia_admin' doesn't exist
 [ SQL语句 ] : SHOW COLUMNS FROM `jia_admin`
ERR: 1146:Table 'jia.jia_admin' doesn't exist
 [ SQL语句 ] : SHOW COLUMNS FROM `jia_admin`

[ 2018-08-15T09:35:29+08:00 ] 127.0.0.1 /index.php/Admin/Login/ajaxLogin.html
INFO: [ app_init ] --START--
INFO: Run Behavior\BuildLiteBehavior [ RunTime:0.000012s ]
INFO: [ app_init ] --END-- [ RunTime:0.000244s ]
INFO: [ app_begin ] --START--
INFO: Run Behavior\ReadHtmlCacheBehavior [ RunTime:0.001287s ]
INFO: [ app_begin ] --END-- [ RunTime:0.001320s ]
ERR: 1146:Table 'jia.jia_admin' doesn't exist
 [ SQL语句 ] : SHOW COLUMNS FROM `jia_admin`
ERR: 1146:Table 'jia.jia_admin' doesn't exist
 [ SQL语句 ] : SHOW COLUMNS FROM `jia_admin`

[ 2018-08-15T09:35:34+08:00 ] 127.0.0.1 /index.php/Admin/Login/ajaxLogin.html
INFO: [ app_init ] --START--
INFO: Run Behavior\BuildLiteBehavior [ RunTime:0.000013s ]
INFO: [ app_init ] --END-- [ RunTime:0.000268s ]
INFO: [ app_begin ] --START--
INFO: Run Behavior\ReadHtmlCacheBehavior [ RunTime:0.001338s ]
INFO: [ app_begin ] --END-- [ RunTime:0.001375s ]
ERR: 1146:Table 'jia.jia_admin' doesn't exist
 [ SQL语句 ] : SHOW COLUMNS FROM `jia_admin`
ERR: 1146:Table 'jia.jia_admin' doesn't exist
 [ SQL语句 ] : SHOW COLUMNS FROM `jia_admin`

[ 2018-08-15T10:39:29+08:00 ] 127.0.0.1 /admin
INFO: [ app_init ] --START--
INFO: Run Behavior\BuildLiteBehavior [ RunTime:0.000014s ]
INFO: [ app_init ] --END-- [ RunTime:0.000295s ]
INFO: [ app_begin ] --START--
INFO: Run Behavior\ReadHtmlCacheBehavior [ RunTime:0.001360s ]
INFO: [ app_begin ] --END-- [ RunTime:0.001403s ]

[ 2018-08-15T10:39:29+08:00 ] 127.0.0.1 /index.php/Admin/Login/login.html
INFO: [ app_init ] --START--
INFO: Run Behavior\BuildLiteBehavior [ RunTime:0.000011s ]
INFO: [ app_init ] --END-- [ RunTime:0.000228s ]
INFO: [ app_begin ] --START--
INFO: Run Behavior\ReadHtmlCacheBehavior [ RunTime:0.001272s ]
INFO: [ app_begin ] --END-- [ RunTime:0.001313s ]
INFO: [ view_parse ] --START--
INFO: [ template_filter ] --START--
INFO: Run Behavior\ContentReplaceBehavior [ RunTime:0.000068s ]
INFO: [ template_filter ] --END-- [ RunTime:0.000114s ]
INFO: Run Behavior\ParseTemplateBehavior [ RunTime:0.009312s ]
INFO: [ view_parse ] --END-- [ RunTime:0.009365s ]
INFO: [ view_filter ] --START--
INFO: Run Behavior\WriteHtmlCacheBehavior [ RunTime:0.001376s ]
INFO: [ view_filter ] --END-- [ RunTime:0.001403s ]
INFO: [ app_end ] --START--
INFO: Run Behavior\ShowPageTraceBehavior [ RunTime:0.001289s ]
INFO: [ app_end ] --END-- [ RunTime:0.001316s ]

[ 2018-08-15T10:39:29+08:00 ] 127.0.0.1 /index.php/Admin/Login/code.html
INFO: [ app_init ] --START--
INFO: Run Behavior\BuildLiteBehavior [ RunTime:0.000013s ]
INFO: [ app_init ] --END-- [ RunTime:0.000271s ]
INFO: [ app_begin ] --START--
INFO: Run Behavior\ReadHtmlCacheBehavior [ RunTime:0.002106s ]
INFO: [ app_begin ] --END-- [ RunTime:0.002977s ]
INFO: [ app_end ] --START--
INFO: Run Behavior\ShowPageTraceBehavior [ RunTime:0.004179s ]
INFO: [ app_end ] --END-- [ RunTime:0.004246s ]

[ 2018-08-15T10:39:29+08:00 ] 127.0.0.1 /index.php/Admin/Login/login.html
INFO: [ app_init ] --START--
INFO: Run Behavior\BuildLiteBehavior [ RunTime:0.000014s ]
INFO: [ app_init ] --END-- [ RunTime:0.000311s ]
INFO: [ app_begin ] --START--
INFO: Run Behavior\ReadHtmlCacheBehavior [ RunTime:0.001329s ]
INFO: [ app_begin ] --END-- [ RunTime:0.001383s ]
INFO: [ view_parse ] --START--
INFO: [ template_filter ] --START--
INFO: Run Behavior\ContentReplaceBehavior [ RunTime:0.000049s ]
INFO: [ template_filter ] --END-- [ RunTime:0.000087s ]
INFO: Run Behavior\ParseTemplateBehavior [ RunTime:0.008347s ]
INFO: [ view_parse ] --END-- [ RunTime:0.008386s ]
INFO: [ view_filter ] --START--
INFO: Run Behavior\WriteHtmlCacheBehavior [ RunTime:0.001313s ]
INFO: [ view_filter ] --END-- [ RunTime:0.001340s ]
INFO: [ app_end ] --START--
INFO: Run Behavior\ShowPageTraceBehavior [ RunTime:0.001288s ]
INFO: [ app_end ] --END-- [ RunTime:0.001315s ]

