[ 2018-06-26T17:21:58+08:00 ] 127.0.0.1 /admin
INFO: [ app_init ] --START--
INFO: Run Behavior\BuildLiteBehavior [ RunTime:0.000000s ]
INFO: [ app_init ] --END-- [ RunTime:0.004000s ]
INFO: [ app_begin ] --START--
INFO: Run Behavior\ReadHtmlCacheBehavior [ RunTime:0.009000s ]
INFO: [ app_begin ] --END-- [ RunTime:0.009000s ]

[ 2018-06-26T17:21:58+08:00 ] 127.0.0.1 /index.php/Admin/Login/login.html
INFO: [ app_init ] --START--
INFO: Run Behavior\BuildLiteBehavior [ RunTime:0.000000s ]
INFO: [ app_init ] --END-- [ RunTime:0.005001s ]
INFO: [ app_begin ] --START--
INFO: Run Behavior\ReadHtmlCacheBehavior [ RunTime:0.008001s ]
INFO: [ app_begin ] --END-- [ RunTime:0.008001s ]
INFO: [ view_parse ] --START--
INFO: [ template_filter ] --START--
INFO: Run Behavior\ContentReplaceBehavior [ RunTime:0.000000s ]
INFO: [ template_filter ] --END-- [ RunTime:0.000000s ]
INFO: Run Behavior\ParseTemplateBehavior [ RunTime:0.083005s ]
INFO: [ view_parse ] --END-- [ RunTime:0.083005s ]
INFO: [ view_filter ] --START--
INFO: Run Behavior\WriteHtmlCacheBehavior [ RunTime:0.009000s ]
INFO: [ view_filter ] --END-- [ RunTime:0.009000s ]
INFO: [ app_end ] --START--
INFO: Run Behavior\ShowPageTraceBehavior [ RunTime:0.008001s ]
INFO: [ app_end ] --END-- [ RunTime:0.008001s ]

[ 2018-06-26T17:21:59+08:00 ] 127.0.0.1 /index.php/Admin/Login/code.html
INFO: [ app_init ] --START--
INFO: Run Behavior\BuildLiteBehavior [ RunTime:0.001000s ]
INFO: [ app_init ] --END-- [ RunTime:0.006000s ]
INFO: [ app_begin ] --START--
INFO: Run Behavior\ReadHtmlCacheBehavior [ RunTime:0.010001s ]
INFO: [ app_begin ] --END-- [ RunTime:0.010001s ]
INFO: [ app_end ] --START--
INFO: Run Behavior\ShowPageTraceBehavior [ RunTime:0.009001s ]
INFO: [ app_end ] --END-- [ RunTime:0.009001s ]

[ 2018-06-26T17:21:59+08:00 ] 127.0.0.1 /index.php/Admin/Login/login.html
INFO: [ app_init ] --START--
INFO: Run Behavior\BuildLiteBehavior [ RunTime:0.000000s ]
INFO: [ app_init ] --END-- [ RunTime:0.001000s ]
INFO: [ app_begin ] --START--
INFO: Run Behavior\ReadHtmlCacheBehavior [ RunTime:0.004000s ]
INFO: [ app_begin ] --END-- [ RunTime:0.004000s ]
INFO: [ view_parse ] --START--
INFO: [ template_filter ] --START--
INFO: Run Behavior\ContentReplaceBehavior [ RunTime:0.000000s ]
INFO: [ template_filter ] --END-- [ RunTime:0.000000s ]
INFO: Run Behavior\ParseTemplateBehavior [ RunTime:0.023001s ]
INFO: [ view_parse ] --END-- [ RunTime:0.023001s ]
INFO: [ view_filter ] --START--
INFO: Run Behavior\WriteHtmlCacheBehavior [ RunTime:0.005001s ]
INFO: [ view_filter ] --END-- [ RunTime:0.005001s ]
INFO: [ app_end ] --START--
INFO: Run Behavior\ShowPageTraceBehavior [ RunTime:0.004000s ]
INFO: [ app_end ] --END-- [ RunTime:0.004000s ]

[ 2018-06-26T17:22:07+08:00 ] 127.0.0.1 /index.php/Admin/Login/ajaxLogin.html
INFO: [ app_init ] --START--
INFO: Run Behavior\BuildLiteBehavior [ RunTime:0.000000s ]
INFO: [ app_init ] --END-- [ RunTime:0.005000s ]
INFO: [ app_begin ] --START--
INFO: Run Behavior\ReadHtmlCacheBehavior [ RunTime:0.009000s ]
INFO: [ app_begin ] --END-- [ RunTime:0.009000s ]
SQL: SHOW COLUMNS FROM `jia_admin` [ RunTime:0.0980s ]
NOTIC: [8] Undefined index: auto D:\UPUPW_NP5.4\htdocs\test\ThinkPHP\Library\Think\Model.class.php 第 1128 行.
SQL: SELECT * FROM `jia_admin` WHERE `username` = 'root' LIMIT 1   [ RunTime:0.0100s ]
SQL: UPDATE `jia_admin` SET `lastdate`='1530004927',`lastip`='127.0.0.1' WHERE `username` = 'root' [ RunTime:0.0020s ]
SQL: UPDATE `jia_admin` SET `count`=count+1 WHERE `username` = 'root' [ RunTime:0.0000s ]

[ 2018-06-26T17:22:07+08:00 ] 127.0.0.1 /index.php/Admin/Index/index.html
INFO: [ app_init ] --START--
INFO: Run Behavior\BuildLiteBehavior [ RunTime:0.000000s ]
INFO: [ app_init ] --END-- [ RunTime:0.001000s ]
INFO: [ app_begin ] --START--
INFO: Run Behavior\ReadHtmlCacheBehavior [ RunTime:0.004000s ]
INFO: [ app_begin ] --END-- [ RunTime:0.004000s ]
SQL: SHOW COLUMNS FROM `jia_admin` [ RunTime:0.0040s ]
SQL: SELECT * FROM `jia_admin` WHERE `id` = 31 LIMIT 1   [ RunTime:0.0010s ]
SQL: SHOW COLUMNS FROM `jia_auth` [ RunTime:0.1090s ]
SQL: SELECT * FROM `jia_auth` WHERE ( auth_level=0 ) ORDER BY sorting  [ RunTime:0.0000s ]
SQL: SELECT * FROM `jia_auth` WHERE ( auth_level=1 ) ORDER BY sorting  [ RunTime:0.0010s ]
INFO: [ view_parse ] --START--
INFO: [ template_filter ] --START--
INFO: Run Behavior\ContentReplaceBehavior [ RunTime:0.000000s ]
INFO: [ template_filter ] --END-- [ RunTime:0.000000s ]
INFO: Run Behavior\ParseTemplateBehavior [ RunTime:0.087005s ]
INFO: [ view_parse ] --END-- [ RunTime:0.088005s ]
INFO: [ view_filter ] --START--
INFO: Run Behavior\WriteHtmlCacheBehavior [ RunTime:0.004000s ]
INFO: [ view_filter ] --END-- [ RunTime:0.004000s ]
INFO: [ app_end ] --START--
INFO: Run Behavior\ShowPageTraceBehavior [ RunTime:0.004000s ]
INFO: [ app_end ] --END-- [ RunTime:0.004000s ]

[ 2018-06-26T17:22:08+08:00 ] 127.0.0.1 /index.php/Admin/Index/index.html
INFO: [ app_init ] --START--
INFO: Run Behavior\BuildLiteBehavior [ RunTime:0.000000s ]
INFO: [ app_init ] --END-- [ RunTime:0.005000s ]
INFO: [ app_begin ] --START--
INFO: Run Behavior\ReadHtmlCacheBehavior [ RunTime:0.010000s ]
INFO: [ app_begin ] --END-- [ RunTime:0.010000s ]
SQL: SHOW COLUMNS FROM `jia_admin` [ RunTime:0.0050s ]
SQL: SELECT * FROM `jia_admin` WHERE `id` = 31 LIMIT 1   [ RunTime:0.0000s ]
SQL: SHOW COLUMNS FROM `jia_auth` [ RunTime:0.0040s ]
SQL: SELECT * FROM `jia_auth` WHERE ( auth_level=0 ) ORDER BY sorting  [ RunTime:0.0000s ]
SQL: SELECT * FROM `jia_auth` WHERE ( auth_level=1 ) ORDER BY sorting  [ RunTime:0.0010s ]
INFO: [ view_parse ] --START--
INFO: [ template_filter ] --START--
INFO: Run Behavior\ContentReplaceBehavior [ RunTime:0.000000s ]
INFO: [ template_filter ] --END-- [ RunTime:0.000000s ]
INFO: Run Behavior\ParseTemplateBehavior [ RunTime:0.055003s ]
INFO: [ view_parse ] --END-- [ RunTime:0.055003s ]
INFO: [ view_filter ] --START--
INFO: Run Behavior\WriteHtmlCacheBehavior [ RunTime:0.009001s ]
INFO: [ view_filter ] --END-- [ RunTime:0.009001s ]
INFO: [ app_end ] --START--
INFO: Run Behavior\ShowPageTraceBehavior [ RunTime:0.009001s ]
INFO: [ app_end ] --END-- [ RunTime:0.009001s ]

[ 2018-06-26T17:22:10+08:00 ] 127.0.0.1 /index.php/Admin/Category/cateList
INFO: [ app_init ] --START--
INFO: Run Behavior\BuildLiteBehavior [ RunTime:0.000000s ]
INFO: [ app_init ] --END-- [ RunTime:0.001000s ]
INFO: [ app_begin ] --START--
INFO: Run Behavior\ReadHtmlCacheBehavior [ RunTime:0.009001s ]
INFO: [ app_begin ] --END-- [ RunTime:0.009001s ]
SQL: SHOW COLUMNS FROM `jia_admin` [ RunTime:0.0030s ]
SQL: SELECT `role_id` FROM `jia_admin` WHERE `id` = 31 LIMIT 1   [ RunTime:0.0000s ]
SQL: SELECT * FROM `jia_admin` WHERE `id` = 31 LIMIT 1   [ RunTime:0.0000s ]
SQL: SHOW COLUMNS FROM `jia_auth` [ RunTime:0.0040s ]
SQL: SELECT * FROM `jia_auth` WHERE ( auth_level=0 ) ORDER BY sorting  [ RunTime:0.0000s ]
SQL: SELECT * FROM `jia_auth` WHERE ( auth_level=1 ) ORDER BY sorting  [ RunTime:0.0010s ]
SQL: SHOW COLUMNS FROM `jia_category` [ RunTime:0.0390s ]
SQL: SELECT COUNT(*) AS tp_count FROM `jia_category` LIMIT 1   [ RunTime:0.0000s ]
NOTIC: [8] Undefined variable: cat_title D:\UPUPW_NP5.4\htdocs\test\Application\Admin\Controller\CategoryController.class.php 第 20 行.
SQL: SELECT * FROM `jia_category`  [ RunTime:0.0060s ]
INFO: [ view_parse ] --START--
INFO: [ template_filter ] --START--
INFO: Run Behavior\ContentReplaceBehavior [ RunTime:0.000000s ]
INFO: [ template_filter ] --END-- [ RunTime:0.000000s ]
NOTIC: [8] Undefined variable: page D:\UPUPW_NP5.4\htdocs\test\Application\Runtime\Cache\Admin\2fd35acb806049b5e181282c611b8c37.php 第 362 行.
INFO: Run Behavior\ParseTemplateBehavior [ RunTime:0.075004s ]
INFO: [ view_parse ] --END-- [ RunTime:0.075004s ]
INFO: [ view_filter ] --START--
INFO: Run Behavior\WriteHtmlCacheBehavior [ RunTime:0.009001s ]
INFO: [ view_filter ] --END-- [ RunTime:0.009001s ]
INFO: [ app_end ] --START--
INFO: Run Behavior\ShowPageTraceBehavior [ RunTime:0.011000s ]
INFO: [ app_end ] --END-- [ RunTime:0.011000s ]

[ 2018-06-26T17:22:11+08:00 ] 127.0.0.1 /index.php/Admin/Category/cateList
INFO: [ app_init ] --START--
INFO: Run Behavior\BuildLiteBehavior [ RunTime:0.000000s ]
INFO: [ app_init ] --END-- [ RunTime:0.001000s ]
INFO: [ app_begin ] --START--
INFO: Run Behavior\ReadHtmlCacheBehavior [ RunTime:0.004001s ]
INFO: [ app_begin ] --END-- [ RunTime:0.004001s ]
SQL: SHOW COLUMNS FROM `jia_admin` [ RunTime:0.0030s ]
SQL: SELECT `role_id` FROM `jia_admin` WHERE `id` = 31 LIMIT 1   [ RunTime:0.0000s ]
SQL: SELECT * FROM `jia_admin` WHERE `id` = 31 LIMIT 1   [ RunTime:0.0000s ]
SQL: SHOW COLUMNS FROM `jia_auth` [ RunTime:0.0030s ]
SQL: SELECT * FROM `jia_auth` WHERE ( auth_level=0 ) ORDER BY sorting  [ RunTime:0.0000s ]
SQL: SELECT * FROM `jia_auth` WHERE ( auth_level=1 ) ORDER BY sorting  [ RunTime:0.0000s ]
SQL: SHOW COLUMNS FROM `jia_category` [ RunTime:0.0040s ]
SQL: SELECT COUNT(*) AS tp_count FROM `jia_category` LIMIT 1   [ RunTime:0.0000s ]
NOTIC: [8] Undefined variable: cat_title D:\UPUPW_NP5.4\htdocs\test\Application\Admin\Controller\CategoryController.class.php 第 20 行.
SQL: SELECT * FROM `jia_category`  [ RunTime:0.0000s ]
INFO: [ view_parse ] --START--
INFO: [ template_filter ] --START--
INFO: Run Behavior\ContentReplaceBehavior [ RunTime:0.000000s ]
INFO: [ template_filter ] --END-- [ RunTime:0.000000s ]
NOTIC: [8] Undefined variable: page D:\UPUPW_NP5.4\htdocs\test\Application\Runtime\Cache\Admin\2fd35acb806049b5e181282c611b8c37.php 第 362 行.
INFO: Run Behavior\ParseTemplateBehavior [ RunTime:0.054003s ]
INFO: [ view_parse ] --END-- [ RunTime:0.054003s ]
INFO: [ view_filter ] --START--
INFO: Run Behavior\WriteHtmlCacheBehavior [ RunTime:0.010000s ]
INFO: [ view_filter ] --END-- [ RunTime:0.010000s ]
INFO: [ app_end ] --START--
INFO: Run Behavior\ShowPageTraceBehavior [ RunTime:0.009000s ]
INFO: [ app_end ] --END-- [ RunTime:0.009000s ]

[ 2018-06-26T17:22:16+08:00 ] 127.0.0.1 /index.php/Admin/Category/cateList
INFO: [ app_init ] --START--
INFO: Run Behavior\BuildLiteBehavior [ RunTime:0.000000s ]
INFO: [ app_init ] --END-- [ RunTime:0.001000s ]
INFO: [ app_begin ] --START--
INFO: Run Behavior\ReadHtmlCacheBehavior [ RunTime:0.004000s ]
INFO: [ app_begin ] --END-- [ RunTime:0.004000s ]
SQL: SHOW COLUMNS FROM `jia_admin` [ RunTime:0.0040s ]
SQL: SELECT `role_id` FROM `jia_admin` WHERE `id` = 31 LIMIT 1   [ RunTime:0.0000s ]
SQL: SELECT * FROM `jia_admin` WHERE `id` = 31 LIMIT 1   [ RunTime:0.0010s ]
SQL: SHOW COLUMNS FROM `jia_auth` [ RunTime:0.0030s ]
SQL: SELECT * FROM `jia_auth` WHERE ( auth_level=0 ) ORDER BY sorting  [ RunTime:0.0000s ]
SQL: SELECT * FROM `jia_auth` WHERE ( auth_level=1 ) ORDER BY sorting  [ RunTime:0.0010s ]
SQL: SHOW COLUMNS FROM `jia_category` [ RunTime:0.0040s ]
SQL: SELECT COUNT(*) AS tp_count FROM `jia_category` LIMIT 1   [ RunTime:0.0000s ]
NOTIC: [8] Undefined variable: cat_title D:\UPUPW_NP5.4\htdocs\test\Application\Admin\Controller\CategoryController.class.php 第 20 行.
SQL: SELECT * FROM `jia_category`  [ RunTime:0.0010s ]
INFO: [ view_parse ] --START--
INFO: [ template_filter ] --START--
INFO: Run Behavior\ContentReplaceBehavior [ RunTime:0.000000s ]
INFO: [ template_filter ] --END-- [ RunTime:0.000000s ]
NOTIC: [8] Undefined variable: page D:\UPUPW_NP5.4\htdocs\test\Application\Runtime\Cache\Admin\2fd35acb806049b5e181282c611b8c37.php 第 362 行.
INFO: Run Behavior\ParseTemplateBehavior [ RunTime:0.031002s ]
INFO: [ view_parse ] --END-- [ RunTime:0.031002s ]
INFO: [ view_filter ] --START--
INFO: Run Behavior\WriteHtmlCacheBehavior [ RunTime:0.004000s ]
INFO: [ view_filter ] --END-- [ RunTime:0.004000s ]
INFO: [ app_end ] --START--
INFO: Run Behavior\ShowPageTraceBehavior [ RunTime:0.004000s ]
INFO: [ app_end ] --END-- [ RunTime:0.004000s ]

[ 2018-06-26T17:22:17+08:00 ] 127.0.0.1 /index.php/Admin/Category/cateList
INFO: [ app_init ] --START--
INFO: Run Behavior\BuildLiteBehavior [ RunTime:0.000000s ]
INFO: [ app_init ] --END-- [ RunTime:0.000000s ]
INFO: [ app_begin ] --START--
INFO: Run Behavior\ReadHtmlCacheBehavior [ RunTime:0.004000s ]
INFO: [ app_begin ] --END-- [ RunTime:0.004000s ]
SQL: SHOW COLUMNS FROM `jia_admin` [ RunTime:0.0030s ]
SQL: SELECT `role_id` FROM `jia_admin` WHERE `id` = 31 LIMIT 1   [ RunTime:0.0010s ]
SQL: SELECT * FROM `jia_admin` WHERE `id` = 31 LIMIT 1   [ RunTime:0.0000s ]
SQL: SHOW COLUMNS FROM `jia_auth` [ RunTime:0.0030s ]
SQL: SELECT * FROM `jia_auth` WHERE ( auth_level=0 ) ORDER BY sorting  [ RunTime:0.0010s ]
SQL: SELECT * FROM `jia_auth` WHERE ( auth_level=1 ) ORDER BY sorting  [ RunTime:0.0000s ]
SQL: SHOW COLUMNS FROM `jia_category` [ RunTime:0.0030s ]
SQL: SELECT COUNT(*) AS tp_count FROM `jia_category` LIMIT 1   [ RunTime:0.0000s ]
NOTIC: [8] Undefined variable: cat_title D:\UPUPW_NP5.4\htdocs\test\Application\Admin\Controller\CategoryController.class.php 第 20 行.
SQL: SELECT * FROM `jia_category`  [ RunTime:0.0000s ]
INFO: [ view_parse ] --START--
INFO: [ template_filter ] --START--
INFO: Run Behavior\ContentReplaceBehavior [ RunTime:0.000000s ]
INFO: [ template_filter ] --END-- [ RunTime:0.000000s ]
NOTIC: [8] Undefined variable: page D:\UPUPW_NP5.4\htdocs\test\Application\Runtime\Cache\Admin\2fd35acb806049b5e181282c611b8c37.php 第 362 行.
INFO: Run Behavior\ParseTemplateBehavior [ RunTime:0.054003s ]
INFO: [ view_parse ] --END-- [ RunTime:0.054003s ]
INFO: [ view_filter ] --START--
INFO: Run Behavior\WriteHtmlCacheBehavior [ RunTime:0.008000s ]
INFO: [ view_filter ] --END-- [ RunTime:0.008000s ]
INFO: [ app_end ] --START--
INFO: Run Behavior\ShowPageTraceBehavior [ RunTime:0.004000s ]
INFO: [ app_end ] --END-- [ RunTime:0.004000s ]

[ 2018-06-26T17:22:23+08:00 ] 127.0.0.1 /index.php/Admin/Category/ajaxdel/id/43
INFO: [ app_init ] --START--
INFO: Run Behavior\BuildLiteBehavior [ RunTime:0.000000s ]
INFO: [ app_init ] --END-- [ RunTime:0.000000s ]
INFO: [ app_begin ] --START--
INFO: Run Behavior\ReadHtmlCacheBehavior [ RunTime:0.005000s ]
INFO: [ app_begin ] --END-- [ RunTime:0.005000s ]
SQL: SHOW COLUMNS FROM `jia_admin` [ RunTime:0.0040s ]
SQL: SELECT `role_id` FROM `jia_admin` WHERE `id` = 31 LIMIT 1   [ RunTime:0.0000s ]
SQL: SELECT * FROM `jia_admin` WHERE `id` = 31 LIMIT 1   [ RunTime:0.0000s ]
SQL: SHOW COLUMNS FROM `jia_auth` [ RunTime:0.0030s ]
SQL: SELECT * FROM `jia_auth` WHERE ( auth_level=0 ) ORDER BY sorting  [ RunTime:0.0000s ]
SQL: SELECT * FROM `jia_auth` WHERE ( auth_level=1 ) ORDER BY sorting  [ RunTime:0.0010s ]
SQL: SHOW COLUMNS FROM `jia_category` [ RunTime:0.0030s ]
SQL: DELETE FROM `jia_category` WHERE `id` = 43 [ RunTime:0.0260s ]

[ 2018-06-26T17:22:38+08:00 ] 127.0.0.1 /index.php/Admin/Article/index/cat_id/4
INFO: [ app_init ] --START--
INFO: Run Behavior\BuildLiteBehavior [ RunTime:0.000000s ]
INFO: [ app_init ] --END-- [ RunTime:0.001000s ]
INFO: [ app_begin ] --START--
INFO: Run Behavior\ReadHtmlCacheBehavior [ RunTime:0.004000s ]
INFO: [ app_begin ] --END-- [ RunTime:0.004000s ]
SQL: SHOW COLUMNS FROM `jia_admin` [ RunTime:0.0030s ]
SQL: SELECT `role_id` FROM `jia_admin` WHERE `id` = 31 LIMIT 1   [ RunTime:0.0010s ]
SQL: SELECT * FROM `jia_admin` WHERE `id` = 31 LIMIT 1   [ RunTime:0.0000s ]
SQL: SHOW COLUMNS FROM `jia_auth` [ RunTime:0.0030s ]
SQL: SELECT * FROM `jia_auth` WHERE ( auth_level=0 ) ORDER BY sorting  [ RunTime:0.0000s ]
SQL: SELECT * FROM `jia_auth` WHERE ( auth_level=1 ) ORDER BY sorting  [ RunTime:0.0000s ]
SQL: SELECT `auth_name` FROM `jia_auth` WHERE `auth_a` = 'index/cat_id/4' LIMIT 1   [ RunTime:0.0000s ]
SQL: SHOW COLUMNS FROM `jia_document` [ RunTime:0.0050s ]
SQL: SELECT * FROM `jia_document` WHERE `category_id` = '4'  [ RunTime:0.0450s ]
SQL: SELECT * FROM `jia_document` WHERE `category_id` = '4' ORDER BY create_time desc LIMIT 0,10   [ RunTime:0.0010s ]
INFO: [ view_parse ] --START--
INFO: [ template_filter ] --START--
INFO: Run Behavior\ContentReplaceBehavior [ RunTime:0.000000s ]
INFO: [ template_filter ] --END-- [ RunTime:0.000000s ]
INFO: Run Behavior\ParseTemplateBehavior [ RunTime:0.074004s ]
INFO: [ view_parse ] --END-- [ RunTime:0.074004s ]
INFO: [ view_filter ] --START--
INFO: Run Behavior\WriteHtmlCacheBehavior [ RunTime:0.009001s ]
INFO: [ view_filter ] --END-- [ RunTime:0.009001s ]
INFO: [ app_end ] --START--
INFO: Run Behavior\ShowPageTraceBehavior [ RunTime:0.009000s ]
INFO: [ app_end ] --END-- [ RunTime:0.009000s ]

[ 2018-06-26T17:22:39+08:00 ] 127.0.0.1 /index.php/Admin/Article/index/cat_id/4
INFO: [ app_init ] --START--
INFO: Run Behavior\BuildLiteBehavior [ RunTime:0.000000s ]
INFO: [ app_init ] --END-- [ RunTime:0.001000s ]
INFO: [ app_begin ] --START--
INFO: Run Behavior\ReadHtmlCacheBehavior [ RunTime:0.005000s ]
INFO: [ app_begin ] --END-- [ RunTime:0.005000s ]
SQL: SHOW COLUMNS FROM `jia_admin` [ RunTime:0.0030s ]
SQL: SELECT `role_id` FROM `jia_admin` WHERE `id` = 31 LIMIT 1   [ RunTime:0.0000s ]
SQL: SELECT * FROM `jia_admin` WHERE `id` = 31 LIMIT 1   [ RunTime:0.0000s ]
SQL: SHOW COLUMNS FROM `jia_auth` [ RunTime:0.0040s ]
SQL: SELECT * FROM `jia_auth` WHERE ( auth_level=0 ) ORDER BY sorting  [ RunTime:0.0000s ]
SQL: SELECT * FROM `jia_auth` WHERE ( auth_level=1 ) ORDER BY sorting  [ RunTime:0.0010s ]
SQL: SELECT `auth_name` FROM `jia_auth` WHERE `auth_a` = 'index/cat_id/4' LIMIT 1   [ RunTime:0.0000s ]
SQL: SHOW COLUMNS FROM `jia_document` [ RunTime:0.0040s ]
SQL: SELECT * FROM `jia_document` WHERE `category_id` = '4'  [ RunTime:0.0010s ]
SQL: SELECT * FROM `jia_document` WHERE `category_id` = '4' ORDER BY create_time desc LIMIT 0,10   [ RunTime:0.0010s ]
INFO: [ view_parse ] --START--
INFO: [ template_filter ] --START--
INFO: Run Behavior\ContentReplaceBehavior [ RunTime:0.000000s ]
INFO: [ template_filter ] --END-- [ RunTime:0.001001s ]
INFO: Run Behavior\ParseTemplateBehavior [ RunTime:0.029002s ]
INFO: [ view_parse ] --END-- [ RunTime:0.029002s ]
INFO: [ view_filter ] --START--
INFO: Run Behavior\WriteHtmlCacheBehavior [ RunTime:0.004000s ]
INFO: [ view_filter ] --END-- [ RunTime:0.004000s ]
INFO: [ app_end ] --START--
INFO: Run Behavior\ShowPageTraceBehavior [ RunTime:0.004001s ]
INFO: [ app_end ] --END-- [ RunTime:0.004001s ]

[ 2018-06-26T17:22:42+08:00 ] 127.0.0.1 /index.php/Admin/Article/ajaxdelDoceument/id/652
INFO: [ app_init ] --START--
INFO: Run Behavior\BuildLiteBehavior [ RunTime:0.000000s ]
INFO: [ app_init ] --END-- [ RunTime:0.001000s ]
INFO: [ app_begin ] --START--
INFO: Run Behavior\ReadHtmlCacheBehavior [ RunTime:0.004000s ]
INFO: [ app_begin ] --END-- [ RunTime:0.004000s ]
SQL: SHOW COLUMNS FROM `jia_admin` [ RunTime:0.0030s ]
SQL: SELECT `role_id` FROM `jia_admin` WHERE `id` = 31 LIMIT 1   [ RunTime:0.0000s ]
SQL: SELECT * FROM `jia_admin` WHERE `id` = 31 LIMIT 1   [ RunTime:0.0000s ]
SQL: SHOW COLUMNS FROM `jia_auth` [ RunTime:0.0030s ]
SQL: SELECT * FROM `jia_auth` WHERE ( auth_level=0 ) ORDER BY sorting  [ RunTime:0.0010s ]
SQL: SELECT * FROM `jia_auth` WHERE ( auth_level=1 ) ORDER BY sorting  [ RunTime:0.0000s ]
SQL: SHOW COLUMNS FROM `jia_document` [ RunTime:0.0030s ]
SQL: SELECT `cover_id` FROM `jia_document` WHERE `id` = 652 LIMIT 1   [ RunTime:0.0340s ]
SQL: SHOW COLUMNS FROM `jia_document_cimg` [ RunTime:0.0260s ]
SQL: SELECT `imgurl` FROM `jia_document_cimg` WHERE `id` = 893 LIMIT 1   [ RunTime:0.0000s ]
NOTIC: [2] unlink(./Public/Upload/): Permission denied D:\UPUPW_NP5.4\htdocs\test\Application\Admin\Controller\ArticleController.class.php 第 54 行.
SQL: DELETE FROM `jia_document` WHERE `id` = 652 [ RunTime:0.0210s ]
SQL: SHOW COLUMNS FROM `jia_document_article` [ RunTime:0.0170s ]
SQL: DELETE FROM `jia_document_article` WHERE ( id=652 ) [ RunTime:0.0230s ]
INFO: [ app_end ] --START--
INFO: Run Behavior\ShowPageTraceBehavior [ RunTime:0.004000s ]
INFO: [ app_end ] --END-- [ RunTime:0.004000s ]

